2019-04-27 11:00:08,980 - 2019/4/27 11:00:08  000000000000  01开始
2019-04-27 11:00:09,069 - 2019/4/27 11:00:09000000000000
2019-04-27 11:00:09,128 - 2019/4/27 11:00:09  000000000001  01开始
2019-04-27 11:00:09,140 - 2019/4/27 11:00:09  000000000003  01开始
2019-04-27 11:00:09,151 - 00000000000062.234.134.161
2019-04-27 11:00:09,906 - 2019/4/27 11:00:09  000000000002  01开始
2019-04-27 11:00:10,313 - 检测平台异常或数据异常System.Net.Sockets.SocketException (0x80004005): 由于目标计算机积极拒绝，无法连接。 62.234.134.161:3001
   在 System.Net.Sockets.Socket.DoConnect(EndPoint endPointSnapshot, SocketAddress socketAddress)
   在 System.Net.Sockets.Socket.Connect(EndPoint remoteEP)
   在 System.Net.Sockets.Socket.Connect(IPAddress address, Int32 port)
   在 NewPlat.MyCommand.MyCommand01.ExecuteCommand(MySession session, MyRequestInfo requestInfo) 位置 E:\VS\NewPlat\NewPlat\MyCommand\MyCommand01.cs:行号 115
2019-04-27 11:00:10,892 - 2019/4/27 11:00:10000000000003
2019-04-27 11:00:10,893 - 2019/4/27 11:00:10  000000000000  01结束
2019-04-27 11:00:10,927 - 2019/4/27 11:00:10  000000000004  01开始
2019-04-27 11:00:10,973 - 00000000000362.234.134.161
2019-04-27 11:00:12,089 - 检测平台异常或数据异常System.Net.Sockets.SocketException (0x80004005): 由于目标计算机积极拒绝，无法连接。 62.234.134.161:3001
   在 System.Net.Sockets.Socket.DoConnect(EndPoint endPointSnapshot, SocketAddress socketAddress)
   在 System.Net.Sockets.Socket.Connect(EndPoint remoteEP)
   在 System.Net.Sockets.Socket.Connect(IPAddress address, Int32 port)
   在 NewPlat.MyCommand.MyCommand01.ExecuteCommand(MySession session, MyRequestInfo requestInfo) 位置 E:\VS\NewPlat\NewPlat\MyCommand\MyCommand01.cs:行号 115
2019-04-27 11:00:12,575 - 2019/4/27 11:00:12000000000004
2019-04-27 11:00:12,577 - 2019/4/27 11:00:12  000000000003  01结束
2019-04-27 11:00:12,608 - 2019/4/27 11:00:12  000000000008  01开始
2019-04-27 11:00:12,651 - 00000000000462.234.134.161
2019-04-27 11:00:13,773 - 检测平台异常或数据异常System.Net.Sockets.SocketException (0x80004005): 由于目标计算机积极拒绝，无法连接。 62.234.134.161:3001
   在 System.Net.Sockets.Socket.DoConnect(EndPoint endPointSnapshot, SocketAddress socketAddress)
   在 System.Net.Sockets.Socket.Connect(EndPoint remoteEP)
   在 System.Net.Sockets.Socket.Connect(IPAddress address, Int32 port)
   在 NewPlat.MyCommand.MyCommand01.ExecuteCommand(MySession session, MyRequestInfo requestInfo) 位置 E:\VS\NewPlat\NewPlat\MyCommand\MyCommand01.cs:行号 115
2019-04-27 11:00:14,353 - 2019/4/27 11:00:14000000000008
2019-04-27 11:00:14,353 - 2019/4/27 11:00:14  000000000004  01结束
2019-04-27 11:00:14,438 - 00000000000862.234.134.161
2019-04-27 11:00:14,906 - 2019/4/27 11:00:14  000000000009  01开始
2019-04-27 11:00:15,568 - 检测平台异常或数据异常System.Net.Sockets.SocketException (0x80004005): 由于目标计算机积极拒绝，无法连接。 62.234.134.161:3001
   在 System.Net.Sockets.Socket.DoConnect(EndPoint endPointSnapshot, SocketAddress socketAddress)
   在 System.Net.Sockets.Socket.Connect(EndPoint remoteEP)
   在 System.Net.Sockets.Socket.Connect(IPAddress address, Int32 port)
   在 NewPlat.MyCommand.MyCommand01.ExecuteCommand(MySession session, MyRequestInfo requestInfo) 位置 E:\VS\NewPlat\NewPlat\MyCommand\MyCommand01.cs:行号 115
2019-04-27 11:00:16,037 - 2019/4/27 11:00:16000000000001
2019-04-27 11:00:16,037 - 2019/4/27 11:00:15  000000000008  01结束
2019-04-27 11:00:16,067 - 2019/4/27 11:00:16  000000000010  01开始
2019-04-27 11:00:16,122 - 00000000000162.234.134.161
2019-04-27 11:00:17,236 - 检测平台异常或数据异常System.Net.Sockets.SocketException (0x80004005): 由于目标计算机积极拒绝，无法连接。 62.234.134.161:3001
   在 System.Net.Sockets.Socket.DoConnect(EndPoint endPointSnapshot, SocketAddress socketAddress)
   在 System.Net.Sockets.Socket.Connect(EndPoint remoteEP)
   在 System.Net.Sockets.Socket.Connect(IPAddress address, Int32 port)
   在 NewPlat.MyCommand.MyCommand01.ExecuteCommand(MySession session, MyRequestInfo requestInfo) 位置 E:\VS\NewPlat\NewPlat\MyCommand\MyCommand01.cs:行号 115
2019-04-27 11:00:17,812 - 2019/4/27 11:00:17000000000010
2019-04-27 11:00:17,814 - 2019/4/27 11:00:17  000000000001  01结束
2019-04-27 11:00:17,901 - 00000000001062.234.134.161
2019-04-27 11:00:18,407 - 2019/4/27 11:00:18  000000000011  01开始
2019-04-27 11:00:19,055 - 检测平台异常或数据异常System.Net.Sockets.SocketException (0x80004005): 由于目标计算机积极拒绝，无法连接。 62.234.134.161:3001
   在 System.Net.Sockets.Socket.DoConnect(EndPoint endPointSnapshot, SocketAddress socketAddress)
   在 System.Net.Sockets.Socket.Connect(EndPoint remoteEP)
   在 System.Net.Sockets.Socket.Connect(IPAddress address, Int32 port)
   在 NewPlat.MyCommand.MyCommand01.ExecuteCommand(MySession session, MyRequestInfo requestInfo) 位置 E:\VS\NewPlat\NewPlat\MyCommand\MyCommand01.cs:行号 115
2019-04-27 11:00:19,562 - 2019/4/27 11:00:19  000000000010  01结束
2019-04-27 11:00:19,566 - 2019/4/27 11:00:19000000000002
2019-04-27 11:00:19,589 - 2019/4/27 11:00:19  000000000012  01开始
2019-04-27 11:00:19,656 - 00000000000262.234.134.161
2019-04-27 11:00:20,791 - 检测平台异常或数据异常System.Net.Sockets.SocketException (0x80004005): 由于目标计算机积极拒绝，无法连接。 62.234.134.161:3001
   在 System.Net.Sockets.Socket.DoConnect(EndPoint endPointSnapshot, SocketAddress socketAddress)
   在 System.Net.Sockets.Socket.Connect(EndPoint remoteEP)
   在 System.Net.Sockets.Socket.Connect(IPAddress address, Int32 port)
   在 NewPlat.MyCommand.MyCommand01.ExecuteCommand(MySession session, MyRequestInfo requestInfo) 位置 E:\VS\NewPlat\NewPlat\MyCommand\MyCommand01.cs:行号 115
2019-04-27 11:00:21,362 - 2019/4/27 11:00:21000000000012
2019-04-27 11:00:21,365 - 2019/4/27 11:00:21  000000000002  01结束
2019-04-27 11:00:21,451 - 00000000001262.234.134.161
2019-04-27 11:00:21,905 - 2019/4/27 11:00:21  000000000013  01开始
2019-04-27 11:00:22,577 - 检测平台异常或数据异常System.Net.Sockets.SocketException (0x80004005): 由于目标计算机积极拒绝，无法连接。 62.234.134.161:3001
   在 System.Net.Sockets.Socket.DoConnect(EndPoint endPointSnapshot, SocketAddress socketAddress)
   在 System.Net.Sockets.Socket.Connect(EndPoint remoteEP)
   在 System.Net.Sockets.Socket.Connect(IPAddress address, Int32 port)
   在 NewPlat.MyCommand.MyCommand01.ExecuteCommand(MySession session, MyRequestInfo requestInfo) 位置 E:\VS\NewPlat\NewPlat\MyCommand\MyCommand01.cs:行号 115
2019-04-27 11:00:23,054 - 2019/4/27 11:00:23000000000009
2019-04-27 11:00:23,066 - 2019/4/27 11:00:22  000000000012  01结束
2019-04-27 11:00:23,094 - 2019/4/27 11:00:23  000000000006  01开始
2019-04-27 11:00:23,137 - 00000000000962.234.134.161
2019-04-27 11:00:24,276 - 检测平台异常或数据异常System.Net.Sockets.SocketException (0x80004005): 由于目标计算机积极拒绝，无法连接。 62.234.134.161:3001
   在 System.Net.Sockets.Socket.DoConnect(EndPoint endPointSnapshot, SocketAddress socketAddress)
   在 System.Net.Sockets.Socket.Connect(EndPoint remoteEP)
   在 System.Net.Sockets.Socket.Connect(IPAddress address, Int32 port)
   在 NewPlat.MyCommand.MyCommand01.ExecuteCommand(MySession session, MyRequestInfo requestInfo) 位置 E:\VS\NewPlat\NewPlat\MyCommand\MyCommand01.cs:行号 115
2019-04-27 11:00:24,752 - 2019/4/27 11:00:24  000000000009  01结束
2019-04-27 11:00:24,771 - 2019/4/27 11:00:24000000000006
2019-04-27 11:00:24,784 - 2019/4/27 11:00:24  000000000007  01开始
2019-04-27 11:00:24,851 - 00000000000662.234.134.161
2019-04-27 11:00:26,013 - 检测平台异常或数据异常System.Net.Sockets.SocketException (0x80004005): 由于目标计算机积极拒绝，无法连接。 62.234.134.161:3001
   在 System.Net.Sockets.Socket.DoConnect(EndPoint endPointSnapshot, SocketAddress socketAddress)
   在 System.Net.Sockets.Socket.Connect(EndPoint remoteEP)
   在 System.Net.Sockets.Socket.Connect(IPAddress address, Int32 port)
   在 NewPlat.MyCommand.MyCommand01.ExecuteCommand(MySession session, MyRequestInfo requestInfo) 位置 E:\VS\NewPlat\NewPlat\MyCommand\MyCommand01.cs:行号 115
2019-04-27 11:00:26,471 - 2019/4/27 11:00:26000000000007
2019-04-27 11:00:26,478 - 2019/4/27 11:00:26  000000000014  01开始
2019-04-27 11:00:26,480 - 2019/4/27 11:00:26  000000000006  01结束
2019-04-27 11:00:26,552 - 00000000000762.234.134.161
2019-04-27 11:00:27,406 - 2019/4/27 11:00:27  000000000005  01开始
2019-04-27 11:00:27,696 - 检测平台异常或数据异常System.Net.Sockets.SocketException (0x80004005): 由于目标计算机积极拒绝，无法连接。 62.234.134.161:3001
   在 System.Net.Sockets.Socket.DoConnect(EndPoint endPointSnapshot, SocketAddress socketAddress)
   在 System.Net.Sockets.Socket.Connect(EndPoint remoteEP)
   在 System.Net.Sockets.Socket.Connect(IPAddress address, Int32 port)
   在 NewPlat.MyCommand.MyCommand01.ExecuteCommand(MySession session, MyRequestInfo requestInfo) 位置 E:\VS\NewPlat\NewPlat\MyCommand\MyCommand01.cs:行号 115
2019-04-27 11:00:28,183 - 2019/4/27 11:00:28000000000011
2019-04-27 11:00:28,190 - 2019/4/27 11:00:28  000000000007  01结束
2019-04-27 11:00:28,270 - 00000000001162.234.134.161
2019-04-27 11:00:28,907 - 2019/4/27 11:00:28  000000000015  01开始
2019-04-27 11:00:29,414 - 检测平台异常或数据异常System.Net.Sockets.SocketException (0x80004005): 由于目标计算机积极拒绝，无法连接。 62.234.134.161:3001
   在 System.Net.Sockets.Socket.DoConnect(EndPoint endPointSnapshot, SocketAddress socketAddress)
   在 System.Net.Sockets.Socket.Connect(EndPoint remoteEP)
   在 System.Net.Sockets.Socket.Connect(IPAddress address, Int32 port)
   在 NewPlat.MyCommand.MyCommand01.ExecuteCommand(MySession session, MyRequestInfo requestInfo) 位置 E:\VS\NewPlat\NewPlat\MyCommand\MyCommand01.cs:行号 115
2019-04-27 11:00:29,890 - 2019/4/27 11:00:29  000000000011  01结束
2019-04-27 11:00:29,892 - 2019/4/27 11:00:29000000000013
2019-04-27 11:00:29,982 - 00000000001362.234.134.161
2019-04-27 11:00:30,905 - 2019/4/27 11:00:30  000000000016  01开始
2019-04-27 11:00:31,135 - 检测平台异常或数据异常System.Net.Sockets.SocketException (0x80004005): 由于目标计算机积极拒绝，无法连接。 62.234.134.161:3001
   在 System.Net.Sockets.Socket.DoConnect(EndPoint endPointSnapshot, SocketAddress socketAddress)
   在 System.Net.Sockets.Socket.Connect(EndPoint remoteEP)
   在 System.Net.Sockets.Socket.Connect(IPAddress address, Int32 port)
   在 NewPlat.MyCommand.MyCommand01.ExecuteCommand(MySession session, MyRequestInfo requestInfo) 位置 E:\VS\NewPlat\NewPlat\MyCommand\MyCommand01.cs:行号 115
2019-04-27 11:00:31,591 - 2019/4/27 11:00:31000000000014
2019-04-27 11:00:31,599 - 2019/4/27 11:00:31  000000000013  01结束
2019-04-27 11:00:31,670 - 00000000001462.234.134.161
2019-04-27 11:00:32,405 - 2019/4/27 11:00:32  000000000017  01开始
2019-04-27 11:00:32,792 - 检测平台异常或数据异常System.Net.Sockets.SocketException (0x80004005): 由于目标计算机积极拒绝，无法连接。 62.234.134.161:3001
   在 System.Net.Sockets.Socket.DoConnect(EndPoint endPointSnapshot, SocketAddress socketAddress)
   在 System.Net.Sockets.Socket.Connect(EndPoint remoteEP)
   在 System.Net.Sockets.Socket.Connect(IPAddress address, Int32 port)
   在 NewPlat.MyCommand.MyCommand01.ExecuteCommand(MySession session, MyRequestInfo requestInfo) 位置 E:\VS\NewPlat\NewPlat\MyCommand\MyCommand01.cs:行号 115
2019-04-27 11:00:33,288 - 2019/4/27 11:00:33000000000005
2019-04-27 11:00:33,291 - 2019/4/27 11:00:33  000000000014  01结束
2019-04-27 11:00:33,366 - 00000000000562.234.134.161
2019-04-27 11:00:33,905 - 2019/4/27 11:00:33  000000000018  01开始
2019-04-27 11:00:34,500 - 检测平台异常或数据异常System.Net.Sockets.SocketException (0x80004005): 由于目标计算机积极拒绝，无法连接。 62.234.134.161:3001
   在 System.Net.Sockets.Socket.DoConnect(EndPoint endPointSnapshot, SocketAddress socketAddress)
   在 System.Net.Sockets.Socket.Connect(EndPoint remoteEP)
   在 System.Net.Sockets.Socket.Connect(IPAddress address, Int32 port)
   在 NewPlat.MyCommand.MyCommand01.ExecuteCommand(MySession session, MyRequestInfo requestInfo) 位置 E:\VS\NewPlat\NewPlat\MyCommand\MyCommand01.cs:行号 115
2019-04-27 11:00:34,965 - 2019/4/27 11:00:34  000000000005  01结束
2019-04-27 11:00:34,968 - 2019/4/27 11:00:34000000000015
2019-04-27 11:00:34,967 - 2019/4/27 11:00:34  000000000019  01开始
2019-04-27 11:00:35,053 - 00000000001562.234.134.161
2019-04-27 11:00:36,204 - 检测平台异常或数据异常System.Net.Sockets.SocketException (0x80004005): 由于目标计算机积极拒绝，无法连接。 62.234.134.161:3001
   在 System.Net.Sockets.Socket.DoConnect(EndPoint endPointSnapshot, SocketAddress socketAddress)
   在 System.Net.Sockets.Socket.Connect(EndPoint remoteEP)
   在 System.Net.Sockets.Socket.Connect(IPAddress address, Int32 port)
   在 NewPlat.MyCommand.MyCommand01.ExecuteCommand(MySession session, MyRequestInfo requestInfo) 位置 E:\VS\NewPlat\NewPlat\MyCommand\MyCommand01.cs:行号 115
2019-04-27 11:00:36,654 - 2019/4/27 11:00:36000000000016
2019-04-27 11:00:36,667 - 2019/4/27 11:00:36  000000000015  01结束
2019-04-27 11:00:36,746 - 00000000001662.234.134.161
2019-04-27 11:00:37,877 - 检测平台异常或数据异常System.Net.Sockets.SocketException (0x80004005): 由于目标计算机积极拒绝，无法连接。 62.234.134.161:3001
   在 System.Net.Sockets.Socket.DoConnect(EndPoint endPointSnapshot, SocketAddress socketAddress)
   在 System.Net.Sockets.Socket.Connect(EndPoint remoteEP)
   在 System.Net.Sockets.Socket.Connect(IPAddress address, Int32 port)
   在 NewPlat.MyCommand.MyCommand01.ExecuteCommand(MySession session, MyRequestInfo requestInfo) 位置 E:\VS\NewPlat\NewPlat\MyCommand\MyCommand01.cs:行号 115
2019-04-27 11:00:38,379 - 2019/4/27 11:00:38000000000017
2019-04-27 11:00:38,380 - 2019/4/27 11:00:38  000000000016  01结束
2019-04-27 11:00:38,470 - 00000000001762.234.134.161
2019-04-27 11:00:39,599 - 检测平台异常或数据异常System.Net.Sockets.SocketException (0x80004005): 由于目标计算机积极拒绝，无法连接。 62.234.134.161:3001
   在 System.Net.Sockets.Socket.DoConnect(EndPoint endPointSnapshot, SocketAddress socketAddress)
   在 System.Net.Sockets.Socket.Connect(EndPoint remoteEP)
   在 System.Net.Sockets.Socket.Connect(IPAddress address, Int32 port)
   在 NewPlat.MyCommand.MyCommand01.ExecuteCommand(MySession session, MyRequestInfo requestInfo) 位置 E:\VS\NewPlat\NewPlat\MyCommand\MyCommand01.cs:行号 115
2019-04-27 11:00:40,078 - 2019/4/27 11:00:40000000000018
2019-04-27 11:00:40,084 - 2019/4/27 11:00:40  000000000017  01结束
2019-04-27 11:00:40,158 - 00000000001862.234.134.161
2019-04-27 11:00:41,288 - 检测平台异常或数据异常System.Net.Sockets.SocketException (0x80004005): 由于目标计算机积极拒绝，无法连接。 62.234.134.161:3001
   在 System.Net.Sockets.Socket.DoConnect(EndPoint endPointSnapshot, SocketAddress socketAddress)
   在 System.Net.Sockets.Socket.Connect(EndPoint remoteEP)
   在 System.Net.Sockets.Socket.Connect(IPAddress address, Int32 port)
   在 NewPlat.MyCommand.MyCommand01.ExecuteCommand(MySession session, MyRequestInfo requestInfo) 位置 E:\VS\NewPlat\NewPlat\MyCommand\MyCommand01.cs:行号 115
2019-04-27 11:00:41,774 - 2019/4/27 11:00:41  000000000018  01结束
2019-04-27 11:00:41,776 - 2019/4/27 11:00:41000000000019
2019-04-27 11:00:41,877 - 00000000001962.234.134.161
2019-04-27 11:00:42,999 - 检测平台异常或数据异常System.Net.Sockets.SocketException (0x80004005): 由于目标计算机积极拒绝，无法连接。 62.234.134.161:3001
   在 System.Net.Sockets.Socket.DoConnect(EndPoint endPointSnapshot, SocketAddress socketAddress)
   在 System.Net.Sockets.Socket.Connect(EndPoint remoteEP)
   在 System.Net.Sockets.Socket.Connect(IPAddress address, Int32 port)
   在 NewPlat.MyCommand.MyCommand01.ExecuteCommand(MySession session, MyRequestInfo requestInfo) 位置 E:\VS\NewPlat\NewPlat\MyCommand\MyCommand01.cs:行号 115
2019-04-27 11:00:43,544 - 2019/4/27 11:00:43  000000000019  01结束
2019-04-27 11:08:24,209 - 2019/4/27 11:08:24  000000000002  01获取锁
2019-04-27 11:08:24,305 - 2019/4/27 11:08:24  000000000002  进入分配逻辑
2019-04-27 11:08:24,389 - 00000000000262.234.134.161
2019-04-27 11:08:25,530 - 检测平台异常或数据异常System.Net.Sockets.SocketException (0x80004005): 由于目标计算机积极拒绝，无法连接。 62.234.134.161:3001
   在 System.Net.Sockets.Socket.DoConnect(EndPoint endPointSnapshot, SocketAddress socketAddress)
   在 System.Net.Sockets.Socket.Connect(EndPoint remoteEP)
   在 System.Net.Sockets.Socket.Connect(IPAddress address, Int32 port)
   在 NewPlat.MyCommand.MyCommand01.ExecuteCommand(MySession session, MyRequestInfo requestInfo) 位置 E:\VS\NewPlat\NewPlat\MyCommand\MyCommand01.cs:行号 117
2019-04-27 11:08:25,921 - 2019/4/27 11:08:25  000000000003  01获取锁
2019-04-27 11:08:26,062 - 2019/4/27 11:08:26  000000000003  进入分配逻辑
2019-04-27 11:08:26,156 - 00000000000362.234.134.161
2019-04-27 11:08:27,309 - 检测平台异常或数据异常System.Net.Sockets.SocketException (0x80004005): 由于目标计算机积极拒绝，无法连接。 62.234.134.161:3001
   在 System.Net.Sockets.Socket.DoConnect(EndPoint endPointSnapshot, SocketAddress socketAddress)
   在 System.Net.Sockets.Socket.Connect(EndPoint remoteEP)
   在 System.Net.Sockets.Socket.Connect(IPAddress address, Int32 port)
   在 NewPlat.MyCommand.MyCommand01.ExecuteCommand(MySession session, MyRequestInfo requestInfo) 位置 E:\VS\NewPlat\NewPlat\MyCommand\MyCommand01.cs:行号 117
2019-04-27 11:08:27,548 - 2019/4/27 11:08:27  000000000001  01获取锁
2019-04-27 11:08:27,683 - 2019/4/27 11:08:27  000000000001  进入分配逻辑
2019-04-27 11:08:27,826 - 00000000000162.234.134.161
2019-04-27 11:08:28,964 - 检测平台异常或数据异常System.Net.Sockets.SocketException (0x80004005): 由于目标计算机积极拒绝，无法连接。 62.234.134.161:3001
   在 System.Net.Sockets.Socket.DoConnect(EndPoint endPointSnapshot, SocketAddress socketAddress)
   在 System.Net.Sockets.Socket.Connect(EndPoint remoteEP)
   在 System.Net.Sockets.Socket.Connect(IPAddress address, Int32 port)
   在 NewPlat.MyCommand.MyCommand01.ExecuteCommand(MySession session, MyRequestInfo requestInfo) 位置 E:\VS\NewPlat\NewPlat\MyCommand\MyCommand01.cs:行号 117
2019-04-27 11:08:29,223 - 2019/4/27 11:08:29  000000000007  01获取锁
2019-04-27 11:08:29,366 - 2019/4/27 11:08:29  000000000007  进入分配逻辑
2019-04-27 11:08:29,501 - 00000000000762.234.134.161
2019-04-27 11:08:30,631 - 检测平台异常或数据异常System.Net.Sockets.SocketException (0x80004005): 由于目标计算机积极拒绝，无法连接。 62.234.134.161:3001
   在 System.Net.Sockets.Socket.DoConnect(EndPoint endPointSnapshot, SocketAddress socketAddress)
   在 System.Net.Sockets.Socket.Connect(EndPoint remoteEP)
   在 System.Net.Sockets.Socket.Connect(IPAddress address, Int32 port)
   在 NewPlat.MyCommand.MyCommand01.ExecuteCommand(MySession session, MyRequestInfo requestInfo) 位置 E:\VS\NewPlat\NewPlat\MyCommand\MyCommand01.cs:行号 117
2019-04-27 11:08:30,896 - 2019/4/27 11:08:30  000000000004  01获取锁
2019-04-27 11:08:31,046 - 2019/4/27 11:08:31  000000000004  进入分配逻辑
2019-04-27 11:08:31,198 - 00000000000462.234.134.161
2019-04-27 11:08:32,420 - 检测平台异常或数据异常System.Net.Sockets.SocketException (0x80004005): 由于目标计算机积极拒绝，无法连接。 62.234.134.161:3001
   在 System.Net.Sockets.Socket.DoConnect(EndPoint endPointSnapshot, SocketAddress socketAddress)
   在 System.Net.Sockets.Socket.Connect(EndPoint remoteEP)
   在 System.Net.Sockets.Socket.Connect(IPAddress address, Int32 port)
   在 NewPlat.MyCommand.MyCommand01.ExecuteCommand(MySession session, MyRequestInfo requestInfo) 位置 E:\VS\NewPlat\NewPlat\MyCommand\MyCommand01.cs:行号 117
2019-04-27 11:08:32,671 - 2019/4/27 11:08:32  000000000009  01获取锁
2019-04-27 11:08:32,820 - 2019/4/27 11:08:32  000000000009  进入分配逻辑
2019-04-27 11:08:32,999 - 00000000000962.234.134.161
2019-04-27 11:08:34,134 - 检测平台异常或数据异常System.Net.Sockets.SocketException (0x80004005): 由于目标计算机积极拒绝，无法连接。 62.234.134.161:3001
   在 System.Net.Sockets.Socket.DoConnect(EndPoint endPointSnapshot, SocketAddress socketAddress)
   在 System.Net.Sockets.Socket.Connect(EndPoint remoteEP)
   在 System.Net.Sockets.Socket.Connect(IPAddress address, Int32 port)
   在 NewPlat.MyCommand.MyCommand01.ExecuteCommand(MySession session, MyRequestInfo requestInfo) 位置 E:\VS\NewPlat\NewPlat\MyCommand\MyCommand01.cs:行号 117
2019-04-27 11:08:34,408 - 2019/4/27 11:08:34  000000000000  01获取锁
2019-04-27 11:08:34,564 - 2019/4/27 11:08:34  000000000000  进入分配逻辑
2019-04-27 11:08:34,721 - 00000000000062.234.134.161
2019-04-27 11:08:35,856 - 检测平台异常或数据异常System.Net.Sockets.SocketException (0x80004005): 由于目标计算机积极拒绝，无法连接。 62.234.134.161:3001
   在 System.Net.Sockets.Socket.DoConnect(EndPoint endPointSnapshot, SocketAddress socketAddress)
   在 System.Net.Sockets.Socket.Connect(EndPoint remoteEP)
   在 System.Net.Sockets.Socket.Connect(IPAddress address, Int32 port)
   在 NewPlat.MyCommand.MyCommand01.ExecuteCommand(MySession session, MyRequestInfo requestInfo) 位置 E:\VS\NewPlat\NewPlat\MyCommand\MyCommand01.cs:行号 117
2019-04-27 11:08:36,108 - 2019/4/27 11:08:36  000000000005  01获取锁
2019-04-27 11:08:36,259 - 2019/4/27 11:08:36  000000000005  进入分配逻辑
2019-04-27 11:08:36,404 - 00000000000562.234.134.161
2019-04-27 11:08:37,571 - 检测平台异常或数据异常System.Net.Sockets.SocketException (0x80004005): 由于目标计算机积极拒绝，无法连接。 62.234.134.161:3001
   在 System.Net.Sockets.Socket.DoConnect(EndPoint endPointSnapshot, SocketAddress socketAddress)
   在 System.Net.Sockets.Socket.Connect(EndPoint remoteEP)
   在 System.Net.Sockets.Socket.Connect(IPAddress address, Int32 port)
   在 NewPlat.MyCommand.MyCommand01.ExecuteCommand(MySession session, MyRequestInfo requestInfo) 位置 E:\VS\NewPlat\NewPlat\MyCommand\MyCommand01.cs:行号 117
2019-04-27 11:08:37,834 - 2019/4/27 11:08:37  000000000013  01获取锁
2019-04-27 11:08:37,986 - 2019/4/27 11:08:37  000000000013  进入分配逻辑
2019-04-27 11:08:38,132 - 00000000001362.234.134.161
2019-04-27 11:08:39,281 - 检测平台异常或数据异常System.Net.Sockets.SocketException (0x80004005): 由于目标计算机积极拒绝，无法连接。 62.234.134.161:3001
   在 System.Net.Sockets.Socket.DoConnect(EndPoint endPointSnapshot, SocketAddress socketAddress)
   在 System.Net.Sockets.Socket.Connect(EndPoint remoteEP)
   在 System.Net.Sockets.Socket.Connect(IPAddress address, Int32 port)
   在 NewPlat.MyCommand.MyCommand01.ExecuteCommand(MySession session, MyRequestInfo requestInfo) 位置 E:\VS\NewPlat\NewPlat\MyCommand\MyCommand01.cs:行号 117
2019-04-27 11:08:39,516 - 2019/4/27 11:08:39  000000000014  01获取锁
2019-04-27 11:08:39,674 - 2019/4/27 11:08:39  000000000014  进入分配逻辑
2019-04-27 11:08:39,838 - 00000000001462.234.134.161
2019-04-27 11:08:40,989 - 检测平台异常或数据异常System.Net.Sockets.SocketException (0x80004005): 由于目标计算机积极拒绝，无法连接。 62.234.134.161:3001
   在 System.Net.Sockets.Socket.DoConnect(EndPoint endPointSnapshot, SocketAddress socketAddress)
   在 System.Net.Sockets.Socket.Connect(EndPoint remoteEP)
   在 System.Net.Sockets.Socket.Connect(IPAddress address, Int32 port)
   在 NewPlat.MyCommand.MyCommand01.ExecuteCommand(MySession session, MyRequestInfo requestInfo) 位置 E:\VS\NewPlat\NewPlat\MyCommand\MyCommand01.cs:行号 117
2019-04-27 11:08:41,253 - 2019/4/27 11:08:41  000000000008  01获取锁
2019-04-27 11:08:41,411 - 2019/4/27 11:08:41  000000000008  进入分配逻辑
2019-04-27 11:08:41,567 - 00000000000862.234.134.161
2019-04-27 11:08:42,728 - 检测平台异常或数据异常System.Net.Sockets.SocketException (0x80004005): 由于目标计算机积极拒绝，无法连接。 62.234.134.161:3001
   在 System.Net.Sockets.Socket.DoConnect(EndPoint endPointSnapshot, SocketAddress socketAddress)
   在 System.Net.Sockets.Socket.Connect(EndPoint remoteEP)
   在 System.Net.Sockets.Socket.Connect(IPAddress address, Int32 port)
   在 NewPlat.MyCommand.MyCommand01.ExecuteCommand(MySession session, MyRequestInfo requestInfo) 位置 E:\VS\NewPlat\NewPlat\MyCommand\MyCommand01.cs:行号 117
2019-04-27 11:08:42,996 - 2019/4/27 11:08:42  000000000006  01获取锁
2019-04-27 11:08:43,161 - 2019/4/27 11:08:43  000000000006  进入分配逻辑
2019-04-27 11:08:43,327 - 00000000000662.234.134.161
2019-04-27 11:08:44,449 - 检测平台异常或数据异常System.Net.Sockets.SocketException (0x80004005): 由于目标计算机积极拒绝，无法连接。 62.234.134.161:3001
   在 System.Net.Sockets.Socket.DoConnect(EndPoint endPointSnapshot, SocketAddress socketAddress)
   在 System.Net.Sockets.Socket.Connect(EndPoint remoteEP)
   在 System.Net.Sockets.Socket.Connect(IPAddress address, Int32 port)
   在 NewPlat.MyCommand.MyCommand01.ExecuteCommand(MySession session, MyRequestInfo requestInfo) 位置 E:\VS\NewPlat\NewPlat\MyCommand\MyCommand01.cs:行号 117
2019-04-27 11:08:44,712 - 2019/4/27 11:08:44  000000000011  01获取锁
2019-04-27 11:08:44,871 - 2019/4/27 11:08:44  000000000011  进入分配逻辑
2019-04-27 11:08:45,024 - 00000000001162.234.134.161
2019-04-27 11:08:46,168 - 检测平台异常或数据异常System.Net.Sockets.SocketException (0x80004005): 由于目标计算机积极拒绝，无法连接。 62.234.134.161:3001
   在 System.Net.Sockets.Socket.DoConnect(EndPoint endPointSnapshot, SocketAddress socketAddress)
   在 System.Net.Sockets.Socket.Connect(EndPoint remoteEP)
   在 System.Net.Sockets.Socket.Connect(IPAddress address, Int32 port)
   在 NewPlat.MyCommand.MyCommand01.ExecuteCommand(MySession session, MyRequestInfo requestInfo) 位置 E:\VS\NewPlat\NewPlat\MyCommand\MyCommand01.cs:行号 117
2019-04-27 11:08:46,420 - 2019/4/27 11:08:46  000000000012  01获取锁
2019-04-27 11:08:46,578 - 2019/4/27 11:08:46  000000000012  进入分配逻辑
2019-04-27 11:08:46,708 - 00000000001262.234.134.161
2019-04-27 11:08:47,847 - 检测平台异常或数据异常System.Net.Sockets.SocketException (0x80004005): 由于目标计算机积极拒绝，无法连接。 62.234.134.161:3001
   在 System.Net.Sockets.Socket.DoConnect(EndPoint endPointSnapshot, SocketAddress socketAddress)
   在 System.Net.Sockets.Socket.Connect(EndPoint remoteEP)
   在 System.Net.Sockets.Socket.Connect(IPAddress address, Int32 port)
   在 NewPlat.MyCommand.MyCommand01.ExecuteCommand(MySession session, MyRequestInfo requestInfo) 位置 E:\VS\NewPlat\NewPlat\MyCommand\MyCommand01.cs:行号 117
2019-04-27 11:08:48,086 - 2019/4/27 11:08:48  000000000018  01获取锁
2019-04-27 11:08:48,238 - 2019/4/27 11:08:48  000000000018  进入分配逻辑
2019-04-27 11:08:48,424 - 00000000001862.234.134.161
2019-04-27 11:08:49,562 - 检测平台异常或数据异常System.Net.Sockets.SocketException (0x80004005): 由于目标计算机积极拒绝，无法连接。 62.234.134.161:3001
   在 System.Net.Sockets.Socket.DoConnect(EndPoint endPointSnapshot, SocketAddress socketAddress)
   在 System.Net.Sockets.Socket.Connect(EndPoint remoteEP)
   在 System.Net.Sockets.Socket.Connect(IPAddress address, Int32 port)
   在 NewPlat.MyCommand.MyCommand01.ExecuteCommand(MySession session, MyRequestInfo requestInfo) 位置 E:\VS\NewPlat\NewPlat\MyCommand\MyCommand01.cs:行号 117
2019-04-27 11:08:49,830 - 2019/4/27 11:08:49  000000000010  01获取锁
2019-04-27 11:08:49,979 - 2019/4/27 11:08:49  000000000010  进入分配逻辑
2019-04-27 11:08:50,124 - 00000000001062.234.134.161
2019-04-27 11:08:51,246 - 检测平台异常或数据异常System.Net.Sockets.SocketException (0x80004005): 由于目标计算机积极拒绝，无法连接。 62.234.134.161:3001
   在 System.Net.Sockets.Socket.DoConnect(EndPoint endPointSnapshot, SocketAddress socketAddress)
   在 System.Net.Sockets.Socket.Connect(EndPoint remoteEP)
   在 System.Net.Sockets.Socket.Connect(IPAddress address, Int32 port)
   在 NewPlat.MyCommand.MyCommand01.ExecuteCommand(MySession session, MyRequestInfo requestInfo) 位置 E:\VS\NewPlat\NewPlat\MyCommand\MyCommand01.cs:行号 117
2019-04-27 11:08:51,516 - 2019/4/27 11:08:51  000000000015  01获取锁
2019-04-27 11:08:51,668 - 2019/4/27 11:08:51  000000000015  进入分配逻辑
2019-04-27 11:08:51,815 - 00000000001562.234.134.161
2019-04-27 11:08:52,948 - 检测平台异常或数据异常System.Net.Sockets.SocketException (0x80004005): 由于目标计算机积极拒绝，无法连接。 62.234.134.161:3001
   在 System.Net.Sockets.Socket.DoConnect(EndPoint endPointSnapshot, SocketAddress socketAddress)
   在 System.Net.Sockets.Socket.Connect(EndPoint remoteEP)
   在 System.Net.Sockets.Socket.Connect(IPAddress address, Int32 port)
   在 NewPlat.MyCommand.MyCommand01.ExecuteCommand(MySession session, MyRequestInfo requestInfo) 位置 E:\VS\NewPlat\NewPlat\MyCommand\MyCommand01.cs:行号 117
2019-04-27 11:08:53,203 - 2019/4/27 11:08:53  000000000016  01获取锁
2019-04-27 11:08:53,363 - 2019/4/27 11:08:53  000000000016  进入分配逻辑
2019-04-27 11:08:53,531 - 00000000001662.234.134.161
2019-04-27 11:08:54,661 - 检测平台异常或数据异常System.Net.Sockets.SocketException (0x80004005): 由于目标计算机积极拒绝，无法连接。 62.234.134.161:3001
   在 System.Net.Sockets.Socket.DoConnect(EndPoint endPointSnapshot, SocketAddress socketAddress)
   在 System.Net.Sockets.Socket.Connect(EndPoint remoteEP)
   在 System.Net.Sockets.Socket.Connect(IPAddress address, Int32 port)
   在 NewPlat.MyCommand.MyCommand01.ExecuteCommand(MySession session, MyRequestInfo requestInfo) 位置 E:\VS\NewPlat\NewPlat\MyCommand\MyCommand01.cs:行号 117
2019-04-27 11:08:54,912 - 2019/4/27 11:08:54  000000000017  01获取锁
2019-04-27 11:08:55,075 - 2019/4/27 11:08:55  000000000017  进入分配逻辑
2019-04-27 11:08:55,231 - 00000000001762.234.134.161
2019-04-27 11:08:56,373 - 检测平台异常或数据异常System.Net.Sockets.SocketException (0x80004005): 由于目标计算机积极拒绝，无法连接。 62.234.134.161:3001
   在 System.Net.Sockets.Socket.DoConnect(EndPoint endPointSnapshot, SocketAddress socketAddress)
   在 System.Net.Sockets.Socket.Connect(EndPoint remoteEP)
   在 System.Net.Sockets.Socket.Connect(IPAddress address, Int32 port)
   在 NewPlat.MyCommand.MyCommand01.ExecuteCommand(MySession session, MyRequestInfo requestInfo) 位置 E:\VS\NewPlat\NewPlat\MyCommand\MyCommand01.cs:行号 117
2019-04-27 11:08:56,634 - 2019/4/27 11:08:56  000000000019  01获取锁
2019-04-27 11:08:56,792 - 2019/4/27 11:08:56  000000000019  进入分配逻辑
2019-04-27 11:08:56,966 - 00000000001962.234.134.161
2019-04-27 11:08:58,119 - 检测平台异常或数据异常System.Net.Sockets.SocketException (0x80004005): 由于目标计算机积极拒绝，无法连接。 62.234.134.161:3001
   在 System.Net.Sockets.Socket.DoConnect(EndPoint endPointSnapshot, SocketAddress socketAddress)
   在 System.Net.Sockets.Socket.Connect(EndPoint remoteEP)
   在 System.Net.Sockets.Socket.Connect(IPAddress address, Int32 port)
   在 NewPlat.MyCommand.MyCommand01.ExecuteCommand(MySession session, MyRequestInfo requestInfo) 位置 E:\VS\NewPlat\NewPlat\MyCommand\MyCommand01.cs:行号 117
2019-04-27 12:58:56,654 - 2019/4/27 12:58:56  000000000001  01获取锁
2019-04-27 12:58:56,745 - 2019/4/27 12:58:56  000000000001  进入分配逻辑
2019-04-27 12:58:56,829 - 00000000000162.234.134.161
2019-04-27 12:58:57,052 - 检测平台修改数据库或读取燃气表测试信息异常System.IndexOutOfRangeException: 在位置 0 处没有任何行。
   在 System.Data.RBTree`1.GetNodeByIndex(Int32 userIndex)
   在 System.Data.DataRowCollection.get_Item(Int32 index)
   在 NewPlat.BLL.DownCommond.GenerateCore34_Chu_msb(DataTable dt) 位置 E:\VS\NewPlat\NewPlat\BLL\DownCommond.cs:行号 202
   在 NewPlat.MyCommand.MyCommand01.ExecuteCommand(MySession session, MyRequestInfo requestInfo) 位置 E:\VS\NewPlat\NewPlat\MyCommand\MyCommand01.cs:行号 155
2019-04-27 12:58:57,437 - 2019/4/27 12:58:57  000000000000  01获取锁
2019-04-27 12:58:57,559 - 2019/4/27 12:58:57  000000000000  进入分配逻辑
2019-04-27 12:58:57,650 - 00000000000062.234.134.161
2019-04-27 12:58:57,780 - 检测平台修改数据库或读取燃气表测试信息异常System.IndexOutOfRangeException: 在位置 0 处没有任何行。
   在 System.Data.RBTree`1.GetNodeByIndex(Int32 userIndex)
   在 System.Data.DataRowCollection.get_Item(Int32 index)
   在 NewPlat.BLL.DownCommond.GenerateCore34_Chu_msb(DataTable dt) 位置 E:\VS\NewPlat\NewPlat\BLL\DownCommond.cs:行号 202
   在 NewPlat.MyCommand.MyCommand01.ExecuteCommand(MySession session, MyRequestInfo requestInfo) 位置 E:\VS\NewPlat\NewPlat\MyCommand\MyCommand01.cs:行号 155
2019-04-27 12:58:58,064 - 2019/4/27 12:58:58  000000000002  01获取锁
2019-04-27 12:58:58,208 - 2019/4/27 12:58:58  000000000002  进入分配逻辑
2019-04-27 12:58:58,334 - 00000000000262.234.134.161
2019-04-27 12:58:58,492 - 检测平台修改数据库或读取燃气表测试信息异常System.IndexOutOfRangeException: 在位置 0 处没有任何行。
   在 System.Data.RBTree`1.GetNodeByIndex(Int32 userIndex)
   在 System.Data.DataRowCollection.get_Item(Int32 index)
   在 NewPlat.BLL.DownCommond.GenerateCore34_Chu_msb(DataTable dt) 位置 E:\VS\NewPlat\NewPlat\BLL\DownCommond.cs:行号 202
   在 NewPlat.MyCommand.MyCommand01.ExecuteCommand(MySession session, MyRequestInfo requestInfo) 位置 E:\VS\NewPlat\NewPlat\MyCommand\MyCommand01.cs:行号 155
2019-04-27 12:58:58,751 - 2019/4/27 12:58:58  000000000005  01获取锁
2019-04-27 12:58:58,893 - 2019/4/27 12:58:58  000000000005  进入分配逻辑
2019-04-27 12:58:59,037 - 00000000000562.234.134.161
2019-04-27 12:58:59,185 - 检测平台修改数据库或读取燃气表测试信息异常System.IndexOutOfRangeException: 在位置 0 处没有任何行。
   在 System.Data.RBTree`1.GetNodeByIndex(Int32 userIndex)
   在 System.Data.DataRowCollection.get_Item(Int32 index)
   在 NewPlat.BLL.DownCommond.GenerateCore34_Chu_msb(DataTable dt) 位置 E:\VS\NewPlat\NewPlat\BLL\DownCommond.cs:行号 202
   在 NewPlat.MyCommand.MyCommand01.ExecuteCommand(MySession session, MyRequestInfo requestInfo) 位置 E:\VS\NewPlat\NewPlat\MyCommand\MyCommand01.cs:行号 155
2019-04-27 12:58:59,439 - 2019/4/27 12:58:59  000000000006  01获取锁
2019-04-27 12:58:59,574 - 2019/4/27 12:58:59  000000000006  进入分配逻辑
2019-04-27 12:58:59,718 - 00000000000662.234.134.161
2019-04-27 12:58:59,854 - 检测平台修改数据库或读取燃气表测试信息异常System.IndexOutOfRangeException: 在位置 0 处没有任何行。
   在 System.Data.RBTree`1.GetNodeByIndex(Int32 userIndex)
   在 System.Data.DataRowCollection.get_Item(Int32 index)
   在 NewPlat.BLL.DownCommond.GenerateCore34_Chu_msb(DataTable dt) 位置 E:\VS\NewPlat\NewPlat\BLL\DownCommond.cs:行号 202
   在 NewPlat.MyCommand.MyCommand01.ExecuteCommand(MySession session, MyRequestInfo requestInfo) 位置 E:\VS\NewPlat\NewPlat\MyCommand\MyCommand01.cs:行号 155
2019-04-27 12:59:00,117 - 2019/4/27 12:59:00  000000000004  01获取锁
2019-04-27 12:59:00,256 - 2019/4/27 12:59:00  000000000004  进入分配逻辑
2019-04-27 12:59:00,382 - 00000000000462.234.134.161
2019-04-27 12:59:00,519 - 检测平台修改数据库或读取燃气表测试信息异常System.IndexOutOfRangeException: 在位置 0 处没有任何行。
   在 System.Data.RBTree`1.GetNodeByIndex(Int32 userIndex)
   在 System.Data.DataRowCollection.get_Item(Int32 index)
   在 NewPlat.BLL.DownCommond.GenerateCore34_Chu_msb(DataTable dt) 位置 E:\VS\NewPlat\NewPlat\BLL\DownCommond.cs:行号 202
   在 NewPlat.MyCommand.MyCommand01.ExecuteCommand(MySession session, MyRequestInfo requestInfo) 位置 E:\VS\NewPlat\NewPlat\MyCommand\MyCommand01.cs:行号 155
2019-04-27 12:59:00,800 - 2019/4/27 12:59:00  000000000007  01获取锁
2019-04-27 12:59:00,961 - 2019/4/27 12:59:00  000000000007  进入分配逻辑
2019-04-27 12:59:01,079 - 00000000000762.234.134.161
2019-04-27 12:59:01,219 - 检测平台修改数据库或读取燃气表测试信息异常System.IndexOutOfRangeException: 在位置 0 处没有任何行。
   在 System.Data.RBTree`1.GetNodeByIndex(Int32 userIndex)
   在 System.Data.DataRowCollection.get_Item(Int32 index)
   在 NewPlat.BLL.DownCommond.GenerateCore34_Chu_msb(DataTable dt) 位置 E:\VS\NewPlat\NewPlat\BLL\DownCommond.cs:行号 202
   在 NewPlat.MyCommand.MyCommand01.ExecuteCommand(MySession session, MyRequestInfo requestInfo) 位置 E:\VS\NewPlat\NewPlat\MyCommand\MyCommand01.cs:行号 155
2019-04-27 12:59:01,453 - 2019/4/27 12:59:01  000000000008  01获取锁
2019-04-27 12:59:01,604 - 2019/4/27 12:59:01  000000000008  进入分配逻辑
2019-04-27 12:59:01,741 - 00000000000862.234.134.161
2019-04-27 12:59:01,868 - 检测平台修改数据库或读取燃气表测试信息异常System.IndexOutOfRangeException: 在位置 0 处没有任何行。
   在 System.Data.RBTree`1.GetNodeByIndex(Int32 userIndex)
   在 System.Data.DataRowCollection.get_Item(Int32 index)
   在 NewPlat.BLL.DownCommond.GenerateCore34_Chu_msb(DataTable dt) 位置 E:\VS\NewPlat\NewPlat\BLL\DownCommond.cs:行号 202
   在 NewPlat.MyCommand.MyCommand01.ExecuteCommand(MySession session, MyRequestInfo requestInfo) 位置 E:\VS\NewPlat\NewPlat\MyCommand\MyCommand01.cs:行号 155
2019-04-27 12:59:02,340 - 2019/4/27 12:59:02  000000000009  01获取锁
2019-04-27 12:59:02,420 - 2019/4/27 12:59:02  000000000009  进入分配逻辑
2019-04-27 12:59:02,508 - 00000000000962.234.134.161
2019-04-27 12:59:02,636 - 检测平台修改数据库或读取燃气表测试信息异常System.IndexOutOfRangeException: 在位置 0 处没有任何行。
   在 System.Data.RBTree`1.GetNodeByIndex(Int32 userIndex)
   在 System.Data.DataRowCollection.get_Item(Int32 index)
   在 NewPlat.BLL.DownCommond.GenerateCore34_Chu_msb(DataTable dt) 位置 E:\VS\NewPlat\NewPlat\BLL\DownCommond.cs:行号 202
   在 NewPlat.MyCommand.MyCommand01.ExecuteCommand(MySession session, MyRequestInfo requestInfo) 位置 E:\VS\NewPlat\NewPlat\MyCommand\MyCommand01.cs:行号 155
2019-04-27 12:59:03,125 - 2019/4/27 12:59:03  000000000010  01获取锁
2019-04-27 12:59:03,213 - 2019/4/27 12:59:03  000000000010  进入分配逻辑
2019-04-27 12:59:03,295 - 00000000001062.234.134.161
2019-04-27 12:59:03,433 - 检测平台修改数据库或读取燃气表测试信息异常System.IndexOutOfRangeException: 在位置 0 处没有任何行。
   在 System.Data.RBTree`1.GetNodeByIndex(Int32 userIndex)
   在 System.Data.DataRowCollection.get_Item(Int32 index)
   在 NewPlat.BLL.DownCommond.GenerateCore34_Chu_msb(DataTable dt) 位置 E:\VS\NewPlat\NewPlat\BLL\DownCommond.cs:行号 202
   在 NewPlat.MyCommand.MyCommand01.ExecuteCommand(MySession session, MyRequestInfo requestInfo) 位置 E:\VS\NewPlat\NewPlat\MyCommand\MyCommand01.cs:行号 155
2019-04-27 12:59:04,451 - 2019/4/27 12:59:04  000000000011  01获取锁
2019-04-27 12:59:04,531 - 2019/4/27 12:59:04  000000000011  进入分配逻辑
2019-04-27 12:59:04,621 - 00000000001162.234.134.161
2019-04-27 12:59:04,749 - 检测平台修改数据库或读取燃气表测试信息异常System.IndexOutOfRangeException: 在位置 0 处没有任何行。
   在 System.Data.RBTree`1.GetNodeByIndex(Int32 userIndex)
   在 System.Data.DataRowCollection.get_Item(Int32 index)
   在 NewPlat.BLL.DownCommond.GenerateCore34_Chu_msb(DataTable dt) 位置 E:\VS\NewPlat\NewPlat\BLL\DownCommond.cs:行号 202
   在 NewPlat.MyCommand.MyCommand01.ExecuteCommand(MySession session, MyRequestInfo requestInfo) 位置 E:\VS\NewPlat\NewPlat\MyCommand\MyCommand01.cs:行号 155
2019-04-27 12:59:05,951 - 2019/4/27 12:59:05  000000000012  01获取锁
2019-04-27 12:59:06,041 - 2019/4/27 12:59:06  000000000012  进入分配逻辑
2019-04-27 12:59:06,131 - 00000000001262.234.134.161
2019-04-27 12:59:06,275 - 检测平台修改数据库或读取燃气表测试信息异常System.IndexOutOfRangeException: 在位置 0 处没有任何行。
   在 System.Data.RBTree`1.GetNodeByIndex(Int32 userIndex)
   在 System.Data.DataRowCollection.get_Item(Int32 index)
   在 NewPlat.BLL.DownCommond.GenerateCore34_Chu_msb(DataTable dt) 位置 E:\VS\NewPlat\NewPlat\BLL\DownCommond.cs:行号 202
   在 NewPlat.MyCommand.MyCommand01.ExecuteCommand(MySession session, MyRequestInfo requestInfo) 位置 E:\VS\NewPlat\NewPlat\MyCommand\MyCommand01.cs:行号 155
2019-04-27 12:59:07,468 - 2019/4/27 12:59:07  000000000013  01获取锁
2019-04-27 12:59:07,563 - 2019/4/27 12:59:07  000000000013  进入分配逻辑
2019-04-27 12:59:07,655 - 00000000001362.234.134.161
2019-04-27 12:59:07,784 - 检测平台修改数据库或读取燃气表测试信息异常System.IndexOutOfRangeException: 在位置 0 处没有任何行。
   在 System.Data.RBTree`1.GetNodeByIndex(Int32 userIndex)
   在 System.Data.DataRowCollection.get_Item(Int32 index)
   在 NewPlat.BLL.DownCommond.GenerateCore34_Chu_msb(DataTable dt) 位置 E:\VS\NewPlat\NewPlat\BLL\DownCommond.cs:行号 202
   在 NewPlat.MyCommand.MyCommand01.ExecuteCommand(MySession session, MyRequestInfo requestInfo) 位置 E:\VS\NewPlat\NewPlat\MyCommand\MyCommand01.cs:行号 155
2019-04-27 12:59:08,951 - 2019/4/27 12:59:08  000000000014  01获取锁
2019-04-27 12:59:09,045 - 2019/4/27 12:59:09  000000000014  进入分配逻辑
2019-04-27 12:59:09,127 - 00000000001462.234.134.161
2019-04-27 12:59:09,258 - 检测平台修改数据库或读取燃气表测试信息异常System.IndexOutOfRangeException: 在位置 0 处没有任何行。
   在 System.Data.RBTree`1.GetNodeByIndex(Int32 userIndex)
   在 System.Data.DataRowCollection.get_Item(Int32 index)
   在 NewPlat.BLL.DownCommond.GenerateCore34_Chu_msb(DataTable dt) 位置 E:\VS\NewPlat\NewPlat\BLL\DownCommond.cs:行号 202
   在 NewPlat.MyCommand.MyCommand01.ExecuteCommand(MySession session, MyRequestInfo requestInfo) 位置 E:\VS\NewPlat\NewPlat\MyCommand\MyCommand01.cs:行号 155
2019-04-27 12:59:10,451 - 2019/4/27 12:59:10  000000000015  01获取锁
2019-04-27 12:59:10,534 - 2019/4/27 12:59:10  000000000015  进入分配逻辑
2019-04-27 12:59:10,615 - 00000000001562.234.134.161
2019-04-27 12:59:10,737 - 检测平台修改数据库或读取燃气表测试信息异常System.IndexOutOfRangeException: 在位置 0 处没有任何行。
   在 System.Data.RBTree`1.GetNodeByIndex(Int32 userIndex)
   在 System.Data.DataRowCollection.get_Item(Int32 index)
   在 NewPlat.BLL.DownCommond.GenerateCore34_Chu_msb(DataTable dt) 位置 E:\VS\NewPlat\NewPlat\BLL\DownCommond.cs:行号 202
   在 NewPlat.MyCommand.MyCommand01.ExecuteCommand(MySession session, MyRequestInfo requestInfo) 位置 E:\VS\NewPlat\NewPlat\MyCommand\MyCommand01.cs:行号 155
2019-04-27 12:59:11,950 - 2019/4/27 12:59:11  000000000016  01获取锁
2019-04-27 12:59:12,043 - 2019/4/27 12:59:12  000000000016  进入分配逻辑
2019-04-27 12:59:12,124 - 00000000001662.234.134.161
2019-04-27 12:59:12,260 - 检测平台修改数据库或读取燃气表测试信息异常System.IndexOutOfRangeException: 在位置 0 处没有任何行。
   在 System.Data.RBTree`1.GetNodeByIndex(Int32 userIndex)
   在 System.Data.DataRowCollection.get_Item(Int32 index)
   在 NewPlat.BLL.DownCommond.GenerateCore34_Chu_msb(DataTable dt) 位置 E:\VS\NewPlat\NewPlat\BLL\DownCommond.cs:行号 202
   在 NewPlat.MyCommand.MyCommand01.ExecuteCommand(MySession session, MyRequestInfo requestInfo) 位置 E:\VS\NewPlat\NewPlat\MyCommand\MyCommand01.cs:行号 155
2019-04-27 12:59:13,450 - 2019/4/27 12:59:13  000000000017  01获取锁
2019-04-27 12:59:13,542 - 2019/4/27 12:59:13  000000000017  进入分配逻辑
2019-04-27 12:59:13,625 - 00000000001762.234.134.161
2019-04-27 12:59:13,759 - 检测平台修改数据库或读取燃气表测试信息异常System.IndexOutOfRangeException: 在位置 0 处没有任何行。
   在 System.Data.RBTree`1.GetNodeByIndex(Int32 userIndex)
   在 System.Data.DataRowCollection.get_Item(Int32 index)
   在 NewPlat.BLL.DownCommond.GenerateCore34_Chu_msb(DataTable dt) 位置 E:\VS\NewPlat\NewPlat\BLL\DownCommond.cs:行号 202
   在 NewPlat.MyCommand.MyCommand01.ExecuteCommand(MySession session, MyRequestInfo requestInfo) 位置 E:\VS\NewPlat\NewPlat\MyCommand\MyCommand01.cs:行号 155
2019-04-27 12:59:14,951 - 2019/4/27 12:59:14  000000000018  01获取锁
2019-04-27 12:59:15,045 - 2019/4/27 12:59:15  000000000018  进入分配逻辑
2019-04-27 12:59:15,136 - 00000000001862.234.134.161
2019-04-27 12:59:15,287 - 检测平台修改数据库或读取燃气表测试信息异常System.IndexOutOfRangeException: 在位置 0 处没有任何行。
   在 System.Data.RBTree`1.GetNodeByIndex(Int32 userIndex)
   在 System.Data.DataRowCollection.get_Item(Int32 index)
   在 NewPlat.BLL.DownCommond.GenerateCore34_Chu_msb(DataTable dt) 位置 E:\VS\NewPlat\NewPlat\BLL\DownCommond.cs:行号 202
   在 NewPlat.MyCommand.MyCommand01.ExecuteCommand(MySession session, MyRequestInfo requestInfo) 位置 E:\VS\NewPlat\NewPlat\MyCommand\MyCommand01.cs:行号 155
2019-04-27 12:59:16,451 - 2019/4/27 12:59:16  000000000019  01获取锁
2019-04-27 12:59:16,542 - 2019/4/27 12:59:16  000000000019  进入分配逻辑
2019-04-27 12:59:16,625 - 00000000001962.234.134.161
2019-04-27 12:59:16,757 - 检测平台修改数据库或读取燃气表测试信息异常System.IndexOutOfRangeException: 在位置 0 处没有任何行。
   在 System.Data.RBTree`1.GetNodeByIndex(Int32 userIndex)
   在 System.Data.DataRowCollection.get_Item(Int32 index)
   在 NewPlat.BLL.DownCommond.GenerateCore34_Chu_msb(DataTable dt) 位置 E:\VS\NewPlat\NewPlat\BLL\DownCommond.cs:行号 202
   在 NewPlat.MyCommand.MyCommand01.ExecuteCommand(MySession session, MyRequestInfo requestInfo) 位置 E:\VS\NewPlat\NewPlat\MyCommand\MyCommand01.cs:行号 155
2019-04-27 12:59:18,952 - 2019/4/27 12:59:18  000000000003  01获取锁
2019-04-27 12:59:19,029 - 2019/4/27 12:59:19  000000000003  进入分配逻辑
2019-04-27 12:59:19,117 - 00000000000362.234.134.161
2019-04-27 12:59:19,257 - 检测平台修改数据库或读取燃气表测试信息异常System.IndexOutOfRangeException: 在位置 0 处没有任何行。
   在 System.Data.RBTree`1.GetNodeByIndex(Int32 userIndex)
   在 System.Data.DataRowCollection.get_Item(Int32 index)
   在 NewPlat.BLL.DownCommond.GenerateCore34_Chu_msb(DataTable dt) 位置 E:\VS\NewPlat\NewPlat\BLL\DownCommond.cs:行号 202
   在 NewPlat.MyCommand.MyCommand01.ExecuteCommand(MySession session, MyRequestInfo requestInfo) 位置 E:\VS\NewPlat\NewPlat\MyCommand\MyCommand01.cs:行号 155
2019-04-27 13:00:38,915 - 2019/4/27 13:00:38  000000000001  01获取锁
2019-04-27 13:00:39,014 - 2019/4/27 13:00:39  000000000001  进入分配逻辑
2019-04-27 13:00:39,098 - 00000000000162.234.134.161
2019-04-27 13:02:42,172 - 检测平台修改数据库或读取燃气表测试信息异常System.IndexOutOfRangeException: 在位置 0 处没有任何行。
   在 System.Data.RBTree`1.GetNodeByIndex(Int32 userIndex)
   在 System.Data.DataRowCollection.get_Item(Int32 index)
   在 NewPlat.BLL.DownCommond.GenerateCore34_Chu_msb(DataTable dt) 位置 E:\VS\NewPlat\NewPlat\BLL\DownCommond.cs:行号 202
   在 NewPlat.MyCommand.MyCommand01.ExecuteCommand(MySession session, MyRequestInfo requestInfo) 位置 E:\VS\NewPlat\NewPlat\MyCommand\MyCommand01.cs:行号 155
2019-04-27 13:06:20,360 - 2019/4/27 13:06:20  000000000001  01获取锁
2019-04-27 13:06:20,453 - 2019/4/27 13:06:20  000000000001  进入分配逻辑
2019-04-27 13:06:20,542 - 00000000000162.234.134.161
2019-04-27 13:08:46,400 - 检测平台修改数据库或读取燃气表测试信息异常System.IndexOutOfRangeException: 在位置 0 处没有任何行。
   在 System.Data.RBTree`1.GetNodeByIndex(Int32 userIndex)
   在 System.Data.DataRowCollection.get_Item(Int32 index)
   在 NewPlat.BLL.DownCommond.GenerateCore34_Chu_msb(DataTable dt) 位置 E:\VS\NewPlat\NewPlat\BLL\DownCommond.cs:行号 202
   在 NewPlat.MyCommand.MyCommand01.ExecuteCommand(MySession session, MyRequestInfo requestInfo) 位置 E:\VS\NewPlat\NewPlat\MyCommand\MyCommand01.cs:行号 155
2019-04-27 13:12:39,421 - 2019/4/27 13:12:39  000000000001  01获取锁
2019-04-27 13:12:39,512 - 2019/4/27 13:12:39  000000000001  进入分配逻辑
2019-04-27 13:12:39,599 - 00000000000162.234.134.161
2019-04-27 13:15:04,767 - 检测平台修改数据库或读取燃气表测试信息异常System.IndexOutOfRangeException: 在位置 0 处没有任何行。
   在 System.Data.RBTree`1.GetNodeByIndex(Int32 userIndex)
   在 System.Data.DataRowCollection.get_Item(Int32 index)
   在 NewPlat.BLL.DownCommond.GenerateCore34_Chu_msb(DataTable dt) 位置 E:\VS\NewPlat\NewPlat\BLL\DownCommond.cs:行号 202
   在 NewPlat.MyCommand.MyCommand01.ExecuteCommand(MySession session, MyRequestInfo requestInfo) 位置 E:\VS\NewPlat\NewPlat\MyCommand\MyCommand01.cs:行号 155
2019-04-27 13:24:02,606 - 2019/4/27 13:24:02  000000000001  01获取锁
2019-04-27 13:24:02,706 - 2019/4/27 13:24:02  000000000001  进入分配逻辑
2019-04-27 13:24:02,804 - 00000000000162.234.134.161
2019-04-27 13:30:17,408 - 2019/4/27 13:30:17  000000000002  01获取锁
2019-04-27 13:30:17,502 - 2019/4/27 13:30:17  000000000002  进入分配逻辑
2019-04-27 13:30:17,588 - 00000000000262.234.134.161
2019-04-27 13:30:22,836 - 2019/4/27 13:30:22  000000000000  01获取锁
2019-04-27 13:30:22,978 - 2019/4/27 13:30:22  000000000000  进入分配逻辑
2019-04-27 13:30:23,127 - 00000000000062.234.134.161
2019-04-27 13:30:23,266 - 检测平台修改数据库或读取燃气表测试信息异常System.IndexOutOfRangeException: 在位置 0 处没有任何行。
   在 System.Data.RBTree`1.GetNodeByIndex(Int32 userIndex)
   在 System.Data.DataRowCollection.get_Item(Int32 index)
   在 NewPlat.BLL.DownCommond.GenerateCore34_Chu_msb(DataTable dt) 位置 E:\VS\NewPlat\NewPlat\BLL\DownCommond.cs:行号 202
   在 NewPlat.MyCommand.MyCommand01.ExecuteCommand(MySession session, MyRequestInfo requestInfo) 位置 E:\VS\NewPlat\NewPlat\MyCommand\MyCommand01.cs:行号 154
2019-04-27 13:30:23,548 - 2019/4/27 13:30:23  000000000004  01获取锁
2019-04-27 13:30:23,698 - 2019/4/27 13:30:23  000000000004  进入分配逻辑
2019-04-27 13:30:23,943 - 00000000000462.234.134.161
2019-04-27 13:30:24,660 - 2019/4/27 13:30:24  000000000003  01获取锁
2019-04-27 13:30:24,806 - 2019/4/27 13:30:24  000000000003  进入分配逻辑
2019-04-27 13:30:25,123 - 00000000000362.234.134.161
2019-04-27 13:30:25,888 - 2019/4/27 13:30:25  000000000006  01获取锁
2019-04-27 13:30:26,028 - 2019/4/27 13:30:26  000000000006  进入分配逻辑
2019-04-27 13:30:26,386 - 00000000000662.234.134.161
2019-04-27 13:30:27,078 - 2019/4/27 13:30:27  000000000007  01获取锁
2019-04-27 13:30:27,223 - 2019/4/27 13:30:27  000000000007  进入分配逻辑
2019-04-27 13:30:27,634 - 00000000000762.234.134.161
2019-04-27 13:30:28,353 - 2019/4/27 13:30:28  000000000008  01获取锁
2019-04-27 13:30:28,499 - 2019/4/27 13:30:28  000000000008  进入分配逻辑
2019-04-27 13:30:28,996 - 00000000000862.234.134.161
2019-04-27 13:30:29,731 - 2019/4/27 13:30:29  000000000009  01获取锁
2019-04-27 13:30:29,879 - 2019/4/27 13:30:29  000000000009  进入分配逻辑
2019-04-27 13:30:30,427 - 000000000009空
2019-04-27 13:30:30,680 - 2019/4/27 13:30:30  000000000010  01获取锁
2019-04-27 13:30:30,828 - 2019/4/27 13:30:30  000000000010  进入分配逻辑
2019-04-27 13:30:31,366 - 000000000010空
2019-04-27 13:30:31,639 - 2019/4/27 13:30:31  000000000005  01获取锁
2019-04-27 13:30:31,791 - 2019/4/27 13:30:31  000000000005  进入分配逻辑
2019-04-27 13:30:32,351 - 000000000005空
2019-04-27 13:30:32,597 - 2019/4/27 13:30:32  000000000011  01获取锁
2019-04-27 13:30:32,747 - 2019/4/27 13:30:32  000000000011  进入分配逻辑
2019-04-27 13:30:33,292 - 000000000011空
2019-04-27 13:30:33,547 - 2019/4/27 13:30:33  000000000012  01获取锁
2019-04-27 13:30:33,694 - 2019/4/27 13:30:33  000000000012  进入分配逻辑
2019-04-27 13:30:34,231 - 000000000012空
2019-04-27 13:30:34,506 - 2019/4/27 13:30:34  000000000013  01获取锁
2019-04-27 13:30:34,661 - 2019/4/27 13:30:34  000000000013  进入分配逻辑
2019-04-27 13:30:35,185 - 000000000013空
2019-04-27 13:30:35,451 - 2019/4/27 13:30:35  000000000014  01获取锁
2019-04-27 13:30:35,605 - 2019/4/27 13:30:35  000000000014  进入分配逻辑
2019-04-27 13:30:36,137 - 000000000014空
2019-04-27 13:30:36,405 - 2019/4/27 13:30:36  000000000015  01获取锁
2019-04-27 13:30:36,551 - 2019/4/27 13:30:36  000000000015  进入分配逻辑
2019-04-27 13:30:37,104 - 000000000015空
2019-04-27 13:30:37,376 - 2019/4/27 13:30:37  000000000016  01获取锁
2019-04-27 13:30:37,530 - 2019/4/27 13:30:37  000000000016  进入分配逻辑
2019-04-27 13:30:38,038 - 000000000016空
2019-04-27 13:30:38,301 - 2019/4/27 13:30:38  000000000017  01获取锁
2019-04-27 13:30:38,461 - 2019/4/27 13:30:38  000000000017  进入分配逻辑
2019-04-27 13:30:38,991 - 000000000017空
2019-04-27 13:30:39,246 - 2019/4/27 13:30:39  000000000018  01获取锁
2019-04-27 13:30:39,408 - 2019/4/27 13:30:39  000000000018  进入分配逻辑
2019-04-27 13:30:39,971 - 000000000018空
2019-04-27 13:30:40,236 - 2019/4/27 13:30:40  000000000019  01获取锁
2019-04-27 13:30:40,392 - 2019/4/27 13:30:40  000000000019  进入分配逻辑
2019-04-27 13:30:40,924 - 000000000019空
2019-04-27 13:30:41,172 - 2019/4/27 13:30:41  000000000001  01获取锁
2019-04-27 13:30:41,318 - 2019/4/27 13:30:41  000000000001  进入分配逻辑
2019-04-27 13:30:41,855 - 000000000001空
2019-04-27 13:37:48,910 - 2019/4/27 13:37:48  000000000003  01获取锁
2019-04-27 13:37:48,999 - 2019/4/27 13:37:48  000000000003  进入分配逻辑
2019-04-27 13:37:49,082 - 00000000000362.234.134.161
2019-04-27 13:37:50,164 - 2019/4/27 13:37:50  000000000002  01获取锁
2019-04-27 13:37:50,310 - 2019/4/27 13:37:50  000000000002  进入分配逻辑
2019-04-27 13:37:50,461 - 00000000000262.234.134.161
2019-04-27 13:37:51,223 - 2019/4/27 13:37:51  000000000001  01获取锁
2019-04-27 13:37:51,377 - 2019/4/27 13:37:51  000000000001  进入分配逻辑
2019-04-27 13:37:51,672 - 00000000000162.234.134.161
2019-04-27 13:37:52,355 - 2019/4/27 13:37:52  000000000000  01获取锁
2019-04-27 13:37:52,510 - 2019/4/27 13:37:52  000000000000  进入分配逻辑
2019-04-27 13:37:52,904 - 00000000000062.234.134.161
2019-04-27 13:37:53,066 - 检测平台修改数据库或读取燃气表测试信息异常System.IndexOutOfRangeException: 在位置 0 处没有任何行。
   在 System.Data.RBTree`1.GetNodeByIndex(Int32 userIndex)
   在 System.Data.DataRowCollection.get_Item(Int32 index)
   在 NewPlat.BLL.DownCommond.GenerateCore34_Chu_msb(DataTable dt) 位置 E:\VS\NewPlat\NewPlat\BLL\DownCommond.cs:行号 202
   在 NewPlat.MyCommand.MyCommand01.ExecuteCommand(MySession session, MyRequestInfo requestInfo) 位置 E:\VS\NewPlat\NewPlat\MyCommand\MyCommand01.cs:行号 154
2019-04-27 13:37:53,322 - 2019/4/27 13:37:53  000000000004  01获取锁
2019-04-27 13:37:53,469 - 2019/4/27 13:37:53  000000000004  进入分配逻辑
2019-04-27 13:37:53,858 - 00000000000462.234.134.161
2019-04-27 13:37:54,491 - 2019/4/27 13:37:54  000000000005  01获取锁
2019-04-27 13:37:54,625 - 2019/4/27 13:37:54  000000000005  进入分配逻辑
2019-04-27 13:37:55,132 - 00000000000562.234.134.161
2019-04-27 13:37:55,831 - 2019/4/27 13:37:55  000000000006  01获取锁
2019-04-27 13:37:55,992 - 2019/4/27 13:37:55  000000000006  进入分配逻辑
2019-04-27 13:37:56,511 - 00000000000662.234.134.161
2019-04-27 13:37:57,274 - 2019/4/27 13:37:57  000000000007  01获取锁
2019-04-27 13:37:57,420 - 2019/4/27 13:37:57  000000000007  进入分配逻辑
2019-04-27 13:37:57,953 - 000000000007空
2019-04-27 13:37:58,212 - 2019/4/27 13:37:58  000000000008  01获取锁
2019-04-27 13:37:58,368 - 2019/4/27 13:37:58  000000000008  进入分配逻辑
2019-04-27 13:37:58,917 - 000000000008空
2019-04-27 13:37:59,177 - 2019/4/27 13:37:59  000000000009  01获取锁
2019-04-27 13:37:59,335 - 2019/4/27 13:37:59  000000000009  进入分配逻辑
2019-04-27 13:37:59,860 - 000000000009空
2019-04-27 13:38:00,108 - 2019/4/27 13:38:00  000000000010  01获取锁
2019-04-27 13:38:00,259 - 2019/4/27 13:38:00  000000000010  进入分配逻辑
2019-04-27 13:38:00,772 - 000000000010空
2019-04-27 13:38:01,027 - 2019/4/27 13:38:01  000000000011  01获取锁
2019-04-27 13:38:01,187 - 2019/4/27 13:38:01  000000000011  进入分配逻辑
2019-04-27 13:38:01,730 - 000000000011空
2019-04-27 13:38:01,986 - 2019/4/27 13:38:01  000000000012  01获取锁
2019-04-27 13:38:02,148 - 2019/4/27 13:38:02  000000000012  进入分配逻辑
2019-04-27 13:38:02,651 - 000000000012空
2019-04-27 13:38:02,910 - 2019/4/27 13:38:02  000000000013  01获取锁
2019-04-27 13:38:03,063 - 2019/4/27 13:38:03  000000000013  进入分配逻辑
2019-04-27 13:38:03,539 - 000000000013空
2019-04-27 13:38:03,801 - 2019/4/27 13:38:03  000000000014  01获取锁
2019-04-27 13:38:03,954 - 2019/4/27 13:38:03  000000000014  进入分配逻辑
2019-04-27 13:38:04,492 - 000000000014空
2019-04-27 13:38:04,750 - 2019/4/27 13:38:04  000000000017  01获取锁
2019-04-27 13:38:04,893 - 2019/4/27 13:38:04  000000000017  进入分配逻辑
2019-04-27 13:38:05,430 - 000000000017空
2019-04-27 13:38:05,687 - 2019/4/27 13:38:05  000000000016  01获取锁
2019-04-27 13:38:05,843 - 2019/4/27 13:38:05  000000000016  进入分配逻辑
2019-04-27 13:38:06,324 - 000000000016空
2019-04-27 13:38:06,602 - 2019/4/27 13:38:06  000000000019  01获取锁
2019-04-27 13:38:06,742 - 2019/4/27 13:38:06  000000000019  进入分配逻辑
2019-04-27 13:38:07,265 - 000000000019空
2019-04-27 13:38:07,530 - 2019/4/27 13:38:07  000000000015  01获取锁
2019-04-27 13:38:07,694 - 2019/4/27 13:38:07  000000000015  进入分配逻辑
2019-04-27 13:38:08,185 - 000000000015空
2019-04-27 13:38:08,430 - 2019/4/27 13:38:08  000000000018  01获取锁
2019-04-27 13:38:08,566 - 2019/4/27 13:38:08  000000000018  进入分配逻辑
2019-04-27 13:38:09,093 - 000000000018空
2019-04-27 15:43:09,278 - 2019/4/27 15:43:09  000000000003  01获取锁
2019-04-27 15:43:09,278 - 2019/4/27 15:43:09  000000000000  01获取锁
2019-04-27 15:43:09,279 - 2019/4/27 15:43:09  000000000001  01获取锁
2019-04-27 15:43:26,604 - System.InvalidOperationException: 连接未关闭。 连接的当前状态为正在连接。
   在 System.Data.ProviderBase.DbConnectionClosedConnecting.TryOpenConnection(DbConnection outerConnection, DbConnectionFactory connectionFactory, TaskCompletionSource`1 retry, DbConnectionOptions userOptions)
   在 System.Data.ProviderBase.DbConnectionInternal.OpenConnection(DbConnection outerConnection, DbConnectionFactory connectionFactory)
   在 System.Data.Odbc.OdbcConnection.Open()
   在 NewPlat.MyDataSetTableAdapters.Dt_MeterInfoTableAdapter.UpdateRand_num(String MeterRand_num, String Original_MeterId) 位置 E:\VS\NewPlat\NewPlat\MyDataSet.Designer.cs:行号 12202
   在 NewPlat.MyCommand.MyCommand01.ExecuteCommand(MySession session, MyRequestInfo requestInfo) 位置 E:\VS\NewPlat\NewPlat\MyCommand\MyCommand01.cs:行号 86
   在 SuperSocket.SocketBase.AppServerBase`2.ExecuteCommand(TAppSession session, TRequestInfo requestInfo)
2019-04-27 15:43:26,731 - 2019/4/27 15:43:26  000000000004  01获取锁
2019-04-27 15:43:26,840 - 2019/4/27 15:43:26  000000000005  01获取锁
2019-04-27 15:43:28,664 - System.InvalidOperationException: 连接未关闭。 连接的当前状态为正在连接。
   在 System.Data.ProviderBase.DbConnectionClosedConnecting.TryOpenConnection(DbConnection outerConnection, DbConnectionFactory connectionFactory, TaskCompletionSource`1 retry, DbConnectionOptions userOptions)
   在 System.Data.ProviderBase.DbConnectionInternal.OpenConnection(DbConnection outerConnection, DbConnectionFactory connectionFactory)
   在 System.Data.Odbc.OdbcConnection.Open()
   在 NewPlat.MyDataSetTableAdapters.Dt_MeterInfoTableAdapter.UpdateRand_num(String MeterRand_num, String Original_MeterId) 位置 E:\VS\NewPlat\NewPlat\MyDataSet.Designer.cs:行号 12202
   在 NewPlat.MyCommand.MyCommand01.ExecuteCommand(MySession session, MyRequestInfo requestInfo) 位置 E:\VS\NewPlat\NewPlat\MyCommand\MyCommand01.cs:行号 86
   在 SuperSocket.SocketBase.AppServerBase`2.ExecuteCommand(TAppSession session, TRequestInfo requestInfo)
2019-04-27 15:43:28,686 - 2019/4/27 15:43:28  000000000006  01获取锁
2019-04-27 15:43:29,721 - System.InvalidOperationException: 连接未关闭。 连接的当前状态为正在连接。
   在 System.Data.ProviderBase.DbConnectionClosedConnecting.TryOpenConnection(DbConnection outerConnection, DbConnectionFactory connectionFactory, TaskCompletionSource`1 retry, DbConnectionOptions userOptions)
   在 System.Data.ProviderBase.DbConnectionInternal.OpenConnection(DbConnection outerConnection, DbConnectionFactory connectionFactory)
   在 System.Data.Odbc.OdbcConnection.Open()
   在 NewPlat.MyDataSetTableAdapters.Dt_MeterInfoTableAdapter.UpdateRand_num(String MeterRand_num, String Original_MeterId) 位置 E:\VS\NewPlat\NewPlat\MyDataSet.Designer.cs:行号 12202
   在 NewPlat.MyCommand.MyCommand01.ExecuteCommand(MySession session, MyRequestInfo requestInfo) 位置 E:\VS\NewPlat\NewPlat\MyCommand\MyCommand01.cs:行号 86
   在 SuperSocket.SocketBase.AppServerBase`2.ExecuteCommand(TAppSession session, TRequestInfo requestInfo)
2019-04-27 15:43:29,927 - 2019/4/27 15:43:29  000000000007  01获取锁
2019-04-27 15:43:30,023 - 2019/4/27 15:43:30  000000000007  进入分配逻辑
2019-04-27 15:43:30,124 - 00000000000762.234.134.161
2019-04-27 15:43:30,604 - 2019/4/27 15:43:30  000000000008  01获取锁
2019-04-27 15:43:30,730 - 2019/4/27 15:43:30  000000000007  进入分配逻辑
2019-04-27 15:43:30,953 - 00000000000762.234.134.161
2019-04-27 15:43:31,756 - 2019/4/27 15:43:31  000000000009  01获取锁
2019-04-27 15:43:31,881 - 2019/4/27 15:43:31  000000000009  进入分配逻辑
2019-04-27 15:43:32,121 - 00000000000962.234.134.161
2019-04-27 15:43:32,653 - 2019/4/27 15:43:32  000000000010  01获取锁
2019-04-27 15:43:38,943 - 2019/4/27 15:43:38  000000000010  进入分配逻辑
2019-04-27 15:43:38,957 - System.InvalidOperationException: 连接未关闭。 连接的当前状态为正在连接。
   在 System.Data.ProviderBase.DbConnectionClosedConnecting.TryOpenConnection(DbConnection outerConnection, DbConnectionFactory connectionFactory, TaskCompletionSource`1 retry, DbConnectionOptions userOptions)
   在 System.Data.ProviderBase.DbConnectionInternal.OpenConnection(DbConnection outerConnection, DbConnectionFactory connectionFactory)
   在 System.Data.Odbc.OdbcConnection.Open()
   在 NewPlat.MyDataSetTableAdapters.Dt_MeterInfoTableAdapter.UpdateMeterTest(String MeterRand_num, String Meteriport, Nullable`1 MeterTime, String MeterTest, String Original_MeterId) 位置 E:\VS\NewPlat\NewPlat\MyDataSet.Designer.cs:行号 12079
   在 NewPlat.MyCommand.MyCommand01.ExecuteCommand(MySession session, MyRequestInfo requestInfo) 位置 E:\VS\NewPlat\NewPlat\MyCommand\MyCommand01.cs:行号 238
   在 SuperSocket.SocketBase.AppServerBase`2.ExecuteCommand(TAppSession session, TRequestInfo requestInfo)
2019-04-27 15:43:39,250 - 00000000001062.234.134.161
2019-04-27 15:43:39,607 - 2019/4/27 15:43:39  000000000011  01获取锁
2019-04-27 15:43:39,697 - 2019/4/27 15:43:39  000000000011  进入分配逻辑
2019-04-27 15:43:39,746 - 分配时出错System.NullReferenceException: 未将对象引用设置到对象的实例。
   在 System.Data.Odbc.OdbcCommand.ExecuteReaderObject(CommandBehavior behavior, String method, Boolean needReader, Object[] methodArguments, SQL_API odbcApiMethod)
   在 System.Data.Odbc.OdbcCommand.ExecuteReaderObject(CommandBehavior behavior, String method, Boolean needReader)
   在 System.Data.Odbc.OdbcCommand.ExecuteReader(CommandBehavior behavior)
   在 System.Data.Odbc.OdbcCommand.ExecuteDbDataReader(CommandBehavior behavior)
   在 System.Data.Common.DbCommand.System.Data.IDbCommand.ExecuteReader(CommandBehavior behavior)
   在 System.Data.Common.DbDataAdapter.FillInternal(DataSet dataset, DataTable[] datatables, Int32 startRecord, Int32 maxRecords, String srcTable, IDbCommand command, CommandBehavior behavior)
   在 System.Data.Common.DbDataAdapter.Fill(DataTable[] dataTables, Int32 startRecord, Int32 maxRecords, IDbCommand command, CommandBehavior behavior)
   在 System.Data.Common.DbDataAdapter.Fill(DataTable dataTable)
   在 NewPlat.MyDataSetTableAdapters.Dt_PlateInfoTableAdapter.GetDataBy1(Int32 id) 位置 E:\VS\NewPlat\NewPlat\MyDataSet.Designer.cs:行号 12503
   在 NewPlat.BLL.Logical.Plat_AnPai(Int32 number, String type) 位置 E:\VS\NewPlat\NewPlat\BLL\Logical.cs:行号 172
2019-04-27 15:43:39,780 - 000000000011空
2019-04-27 15:43:41,383 - System.InvalidOperationException: 连接未关闭。 连接的当前状态为正在连接。
   在 System.Data.ProviderBase.DbConnectionClosedConnecting.TryOpenConnection(DbConnection outerConnection, DbConnectionFactory connectionFactory, TaskCompletionSource`1 retry, DbConnectionOptions userOptions)
   在 System.Data.ProviderBase.DbConnectionInternal.OpenConnection(DbConnection outerConnection, DbConnectionFactory connectionFactory)
   在 System.Data.Odbc.OdbcConnection.Open()
   在 NewPlat.MyDataSetTableAdapters.Dt_MeterInfoTableAdapter.UpdateRand_num(String MeterRand_num, String Original_MeterId) 位置 E:\VS\NewPlat\NewPlat\MyDataSet.Designer.cs:行号 12202
   在 NewPlat.MyCommand.MyCommand01.ExecuteCommand(MySession session, MyRequestInfo requestInfo) 位置 E:\VS\NewPlat\NewPlat\MyCommand\MyCommand01.cs:行号 248
   在 SuperSocket.SocketBase.AppServerBase`2.ExecuteCommand(TAppSession session, TRequestInfo requestInfo)
2019-04-27 15:43:41,873 - 2019/4/27 15:43:41  000000000012  01获取锁
2019-04-27 15:43:41,961 - 2019/4/27 15:43:41  000000000012  进入分配逻辑
2019-04-27 15:43:42,352 - 00000000001262.234.134.161
2019-04-27 15:43:43,223 - 2019/4/27 15:43:43  000000000013  01获取锁
2019-04-27 15:43:43,301 - 2019/4/27 15:43:43  000000000013  进入分配逻辑
2019-04-27 15:43:43,721 - 00000000001362.234.134.161
2019-04-27 15:43:44,585 - 2019/4/27 15:43:44  000000000014  01获取锁
2019-04-27 15:43:44,664 - 2019/4/27 15:43:44  000000000014  进入分配逻辑
2019-04-27 15:43:45,086 - 000000000014空
2019-04-27 15:43:45,530 - 2019/4/27 15:43:45  000000000015  01获取锁
2019-04-27 15:43:45,620 - 2019/4/27 15:43:45  000000000015  进入分配逻辑
2019-04-27 15:43:46,081 - 000000000015空
2019-04-27 15:43:46,537 - 2019/4/27 15:43:46  000000000016  01获取锁
2019-04-27 15:43:46,625 - 2019/4/27 15:43:46  000000000016  进入分配逻辑
2019-04-27 15:43:47,108 - 000000000016空
2019-04-27 15:43:47,449 - 2019/4/27 15:43:47  000000000017  01获取锁
2019-04-27 15:43:47,652 - 2019/4/27 15:43:47  000000000017  进入分配逻辑
2019-04-27 15:43:48,097 - 000000000017空
2019-04-27 15:43:48,103 - 2019/4/27 15:43:48  000000000018  01获取锁
2019-04-27 15:43:50,601 - 2019/4/27 15:43:50  000000000018  进入分配逻辑
2019-04-27 15:43:50,625 - System.InvalidOperationException: 连接未关闭。 连接的当前状态为正在连接。
   在 System.Data.ProviderBase.DbConnectionClosedConnecting.TryOpenConnection(DbConnection outerConnection, DbConnectionFactory connectionFactory, TaskCompletionSource`1 retry, DbConnectionOptions userOptions)
   在 System.Data.ProviderBase.DbConnectionInternal.OpenConnection(DbConnection outerConnection, DbConnectionFactory connectionFactory)
   在 System.Data.Odbc.OdbcConnection.Open()
   在 NewPlat.MyDataSetTableAdapters.Dt_MeterInfoTableAdapter.UpdateRand_num(String MeterRand_num, String Original_MeterId) 位置 E:\VS\NewPlat\NewPlat\MyDataSet.Designer.cs:行号 12202
   在 NewPlat.MyCommand.MyCommand01.ExecuteCommand(MySession session, MyRequestInfo requestInfo) 位置 E:\VS\NewPlat\NewPlat\MyCommand\MyCommand01.cs:行号 248
   在 SuperSocket.SocketBase.AppServerBase`2.ExecuteCommand(TAppSession session, TRequestInfo requestInfo)
2019-04-27 15:43:51,068 - 000000000018空
2019-04-27 15:43:51,477 - 2019/4/27 15:43:51  000000000002  01获取锁
2019-04-27 15:43:52,100 - 2019/4/27 15:43:52  000000000019  01获取锁
2019-04-27 15:43:52,177 - 2019/4/27 15:43:52  000000000019  进入分配逻辑
2019-04-27 15:43:52,638 - 000000000019空
2019-04-27 15:50:15,770 - 2019/4/27 15:50:15  000000000000  01获取锁
2019-04-27 15:50:15,873 - 2019/4/27 15:50:15  000000000000  进入分配逻辑
2019-04-27 15:50:15,966 - 00000000000062.234.134.161
2019-04-27 15:50:16,137 - 检测平台修改数据库或读取燃气表测试信息异常System.IndexOutOfRangeException: 在位置 0 处没有任何行。
   在 System.Data.RBTree`1.GetNodeByIndex(Int32 userIndex)
   在 System.Data.DataRowCollection.get_Item(Int32 index)
   在 NewPlat.BLL.DownCommond.GenerateCore34_Chu_msb(DataTable dt) 位置 E:\VS\NewPlat\NewPlat\BLL\DownCommond.cs:行号 202
   在 NewPlat.MyCommand.MyCommand01.ExecuteCommand(MySession session, MyRequestInfo requestInfo) 位置 E:\VS\NewPlat\NewPlat\MyCommand\MyCommand01.cs:行号 154
2019-04-27 15:50:16,490 - 2019/4/27 15:50:16  000000000001  01获取锁
2019-04-27 15:50:16,608 - 2019/4/27 15:50:16  000000000001  进入分配逻辑
2019-04-27 15:50:16,685 - 00000000000162.234.134.161
2019-04-27 15:50:17,455 - 2019/4/27 15:50:17  000000000003  01获取锁
2019-04-27 15:50:17,567 - 2019/4/27 15:50:17  000000000003  进入分配逻辑
2019-04-27 15:50:17,711 - 00000000000362.234.134.161
2019-04-27 15:50:18,477 - 2019/4/27 15:50:18  000000000004  01获取锁
2019-04-27 15:50:18,612 - 2019/4/27 15:50:18  000000000004  进入分配逻辑
2019-04-27 15:50:18,877 - 00000000000462.234.134.161
2019-04-27 15:50:19,513 - 2019/4/27 15:50:19  000000000008  01获取锁
2019-04-27 15:50:19,654 - 2019/4/27 15:50:19  000000000008  进入分配逻辑
2019-04-27 15:50:20,045 - 00000000000862.234.134.161
2019-04-27 15:50:20,720 - 2019/4/27 15:50:20  000000000002  01获取锁
2019-04-27 15:50:20,863 - 2019/4/27 15:50:20  000000000002  进入分配逻辑
2019-04-27 15:50:21,292 - 00000000000262.234.134.161
2019-04-27 15:50:21,946 - 2019/4/27 15:50:21  000000000009  01获取锁
2019-04-27 15:50:22,081 - 2019/4/27 15:50:22  000000000009  进入分配逻辑
2019-04-27 15:50:22,610 - 00000000000962.234.134.161
2019-04-27 15:50:26,307 - 2019/4/27 15:50:26  000000000010  01获取锁
2019-04-27 15:50:26,451 - 2019/4/27 15:50:26  000000000010  进入分配逻辑
2019-04-27 15:50:27,000 - 000000000010空
2019-04-27 15:50:27,248 - 2019/4/27 15:50:27  000000000011  01获取锁
2019-04-27 15:50:27,393 - 2019/4/27 15:50:27  000000000011  进入分配逻辑
2019-04-27 15:50:27,904 - 000000000011空
2019-04-27 15:50:28,160 - 2019/4/27 15:50:28  000000000005  01获取锁
2019-04-27 15:50:28,311 - 2019/4/27 15:50:28  000000000005  进入分配逻辑
2019-04-27 15:50:28,825 - 000000000005空
2019-04-27 15:50:29,096 - 2019/4/27 15:50:29  000000000006  01获取锁
2019-04-27 15:50:29,236 - 2019/4/27 15:50:29  000000000006  进入分配逻辑
2019-04-27 15:50:29,792 - 000000000006空
2019-04-27 15:50:30,056 - 2019/4/27 15:50:30  000000000012  01获取锁
2019-04-27 15:50:30,204 - 2019/4/27 15:50:30  000000000012  进入分配逻辑
2019-04-27 15:50:30,743 - 000000000012空
2019-04-27 15:50:30,997 - 2019/4/27 15:50:30  000000000013  01获取锁
2019-04-27 15:50:31,148 - 2019/4/27 15:50:31  000000000013  进入分配逻辑
2019-04-27 15:50:31,677 - 000000000013空
2019-04-27 15:50:31,936 - 2019/4/27 15:50:31  000000000014  01获取锁
2019-04-27 15:50:32,076 - 2019/4/27 15:50:32  000000000014  进入分配逻辑
2019-04-27 15:50:32,640 - 000000000014空
2019-04-27 15:50:32,878 - 2019/4/27 15:50:32  000000000015  01获取锁
2019-04-27 15:50:32,991 - 2019/4/27 15:50:32  000000000015  进入分配逻辑
2019-04-27 15:50:33,435 - 000000000015空
2019-04-27 15:50:33,676 - 2019/4/27 15:50:33  000000000007  01获取锁
2019-04-27 15:50:33,796 - 2019/4/27 15:50:33  000000000007  进入分配逻辑
2019-04-27 15:50:34,264 - 000000000007空
2019-04-27 15:50:34,499 - 2019/4/27 15:50:34  000000000016  01获取锁
2019-04-27 15:50:34,612 - 2019/4/27 15:50:34  000000000016  进入分配逻辑
2019-04-27 15:50:35,064 - 000000000016空
2019-04-27 15:50:35,490 - 2019/4/27 15:50:35  000000000017  01获取锁
2019-04-27 15:50:35,568 - 2019/4/27 15:50:35  000000000017  进入分配逻辑
2019-04-27 15:50:36,027 - 000000000017空
2019-04-27 15:50:36,476 - 2019/4/27 15:50:36  000000000018  01获取锁
2019-04-27 15:50:36,558 - 2019/4/27 15:50:36  000000000018  进入分配逻辑
2019-04-27 15:50:37,010 - 000000000018空
2019-04-27 15:50:37,454 - 2019/4/27 15:50:37  000000000019  01获取锁
2019-04-27 15:50:37,547 - 2019/4/27 15:50:37  000000000019  进入分配逻辑
2019-04-27 15:50:37,989 - 000000000019空
