2019-04-26 20:09:54,179 - 


Server开启成功
2019-04-26 20:09:57,189 - ID为： ea231d0f-58e0-4a32-ad52-28bedeaa828c 接入时间为2019/4/26 20:09:57

2019-04-26 20:09:57,189 - ID为： a3f5c9dd-c458-46a8-83aa-45f1de31f788 接入时间为2019/4/26 20:09:57

2019-04-26 20:09:57,189 - ID为： ff89d7f0-4baa-449b-8085-e3ade41f95c3 接入时间为2019/4/26 20:09:57

2019-04-26 20:09:57,208 - ID为： c812071f-8735-42a5-a3f5-381a8108102f 接入时间为2019/4/26 20:09:57

2019-04-26 20:09:57,211 - ID为： b104802e-d8f5-4668-a0f6-7abd608fd372 接入时间为2019/4/26 20:09:57

2019-04-26 20:09:57,209 - ID为： d1acc717-59f2-4eec-9125-13ada0652b84 接入时间为2019/4/26 20:09:57

2019-04-26 20:09:57,219 - ID为： ffe28f31-8cfa-4f34-be0e-4e193727b3c1 接入时间为2019/4/26 20:09:57

2019-04-26 20:09:57,228 - ID为： 2f2f2e11-3b90-4217-afe9-0a6df0cbf21d 接入时间为2019/4/26 20:09:57

2019-04-26 20:09:57,224 - ID为： a703bc84-f0a6-4ae0-a5a1-62628945ec67 接入时间为2019/4/26 20:09:57

2019-04-26 20:09:57,259 - ID为： 99cedbda-170f-4324-ae42-1d6b6e06893c 接入时间为2019/4/26 20:09:57

2019-04-26 20:09:57,263 - ID为： 602af668-7ee0-4698-b254-d21e186fa37e 接入时间为2019/4/26 20:09:57

2019-04-26 20:09:57,270 - ID为： a79653ec-92a7-4f9b-9c18-93615f883193 接入时间为2019/4/26 20:09:57

2019-04-26 20:09:57,276 - ID为： 6900b810-f950-4cd8-83e9-9ad8fd4f320c 接入时间为2019/4/26 20:09:57

2019-04-26 20:09:57,281 - ID为： 5ca9cefa-1d66-4665-b303-472f09816502 接入时间为2019/4/26 20:09:57

2019-04-26 20:09:57,290 - ID为： d62819da-5021-4cd5-8798-e68393007c4c 接入时间为2019/4/26 20:09:57

2019-04-26 20:09:57,298 - ID为： 683da316-5c7a-454b-a0dc-78aa601c7907 接入时间为2019/4/26 20:09:57

2019-04-26 20:09:57,312 - ID为： c6a8f9b3-a936-4a83-9cfc-7886d0d41241 接入时间为2019/4/26 20:09:57

2019-04-26 20:09:57,307 - ID为： 5bd4c03b-56b5-4632-9b76-eecc22d0bc9b 接入时间为2019/4/26 20:09:57

2019-04-26 20:09:57,323 - ID为： d99c8743-c095-4761-9f5c-2bfc6185ce5d 接入时间为2019/4/26 20:09:57

2019-04-26 20:09:57,328 - ID为： 9fa6d42e-a55d-4f60-becd-c12e3491d245 接入时间为2019/4/26 20:09:57

2019-04-26 20:09:57,346 - receive from: 192.168.1.100:64423
接收到数据：1500000000000000C000000000200100000000000000000000000000000000000000000000000000000000000000F614
设备类型:00
设备号:000000000000
控制码:11000000000000000000000000000000
2019-04-26 20:09:57,346 - receive from: 192.168.1.100:64424
接收到数据：1500000000000001C000000000200100000000000100000000000000000000000000000000000000000000000000F814
设备类型:00
设备号:000000000001
控制码:11000000000000000000000000000000
2019-04-26 20:09:57,346 - receive from: 192.168.1.100:64425
接收到数据：1500000000000002C000000000200100000000000200000000000000000000000000000000000000000000000000FA14
设备类型:00
设备号:000000000002
控制码:11000000000000000000000000000000
2019-04-26 20:09:57,403 - 数据库连接异常90
2019-04-26 20:09:57,412 - 数据库连接异常90
2019-04-26 20:09:57,418 - 表不在检测列表中
2019-04-26 20:09:57,423 - 表不在检测列表中
2019-04-26 20:09:57,434 - 命令 01 执行完时间为：2019/4/26 20:09:57

2019-04-26 20:09:57,435 - 命令 01 执行完时间为：2019/4/26 20:09:57

2019-04-26 20:09:57,452 - receive from: 192.168.1.100:64426
接收到数据：1500000000000003C000000000200100000000000300000000000000000000000000000000000000000000000000FC14
设备类型:00
设备号:000000000003
控制码:11000000000000000000000000000000
2019-04-26 20:09:57,673 - 发送命令8F15000000000000008000000000058F000000002914
2019-04-26 20:09:57,694 - 发送命令811500000000000000100000000040094877A64AA5CB84A5D11767ACD85B374B159E0316855C179E35121EA8CAD4514B159E0316855C179E35121EA8CAD451CDAFA0EE1D27AAE38F0F7442C6DEA36C4F14
2019-04-26 20:09:57,681 - ID为： ff89d7f0-4baa-449b-8085-e3ade41f95c3 接入时间为2019/4/26 20:09:57
ID为： ff89d7f0-4baa-449b-8085-e3ade41f95c3接入时间为：2019/4/26 20:09:57关闭时间为：2019/4/26 20:09:57


2019-04-26 20:09:57,843 - 检测平台异常或数据异常
2019-04-26 20:09:57,903 - 发送命令8F15000000000000038000000000058F000000002C14
2019-04-26 20:09:57,903 - ID为： c812071f-8735-42a5-a3f5-381a8108102f 接入时间为2019/4/26 20:09:57
ID为： c812071f-8735-42a5-a3f5-381a8108102f接入时间为：2019/4/26 20:09:57关闭时间为：2019/4/26 20:09:57


2019-04-26 20:09:57,928 - 发送命令811500000000000003100000000040847805DB7499AA3567C8F3D9399B92AE9361CA31CC8F9ABA5832586EE50FC8129361CA31CC8F9ABA5832586EE50FC812AD53797DAF5C18F497181AAB089E9152C114
2019-04-26 20:09:58,004 - 命令 01 执行完时间为：2019/4/26 20:09:58

2019-04-26 20:09:58,126 - 检测平台异常或数据异常
2019-04-26 20:09:58,557 - 命令 01 执行完时间为：2019/4/26 20:09:58

2019-04-26 20:09:58,630 - receive from: 192.168.1.100:64427
接收到数据：1500000000000004C000000000200100000000000400000000000000000000000000000000000000000000000000FE14
设备类型:00
设备号:000000000004
控制码:11000000000000000000000000000000
2019-04-26 20:09:59,110 - 发送命令8F15000000000000048000000000058F000000002D14
2019-04-26 20:09:59,113 - ID为： d1acc717-59f2-4eec-9125-13ada0652b84 接入时间为2019/4/26 20:09:57
ID为： d1acc717-59f2-4eec-9125-13ada0652b84接入时间为：2019/4/26 20:09:57关闭时间为：2019/4/26 20:09:59


2019-04-26 20:09:59,124 - 发送命令81150000000000000410000000004067B5AC22421E0F3D88F5AA4F5436C95343E342EE80A7AD379E6AF8F55F3128A643E342EE80A7AD379E6AF8F55F3128A6B183BD41618C0DAB4AB8B07A9194C249B614
2019-04-26 20:09:59,155 - receive from: 192.168.1.100:64428
接收到数据：1500000000000005C0000000002001000000000005000000000000000000000000000000000000000000000000000014
设备类型:00
设备号:000000000005
控制码:11000000000000000000000000000000
2019-04-26 20:09:59,252 - 检测平台异常或数据异常
2019-04-26 20:09:59,560 - 命令 01 执行完时间为：2019/4/26 20:09:59

2019-04-26 20:09:59,677 - 发送命令8F15000000000000058000000000058F000000002E14
2019-04-26 20:09:59,678 - ID为： b104802e-d8f5-4668-a0f6-7abd608fd372 接入时间为2019/4/26 20:09:57
ID为： b104802e-d8f5-4668-a0f6-7abd608fd372接入时间为：2019/4/26 20:09:57关闭时间为：2019/4/26 20:09:59


2019-04-26 20:09:59,693 - 发送命令81150000000000000510000000004074E04687C5571DD0B01644758A7753BA75789F08C46C5234C4444D41627E4B6175789F08C46C5234C4444D41627E4B61D659186F4D013B8AB3A3FC2EFE7AD45AE814
2019-04-26 20:09:59,888 - 检测平台异常或数据异常
2019-04-26 20:10:00,159 - receive from: 192.168.1.100:64429
接收到数据：1500000000000006C0000000002001000000000006000000000000000000000000000000000000000000000000000214
设备类型:00
设备号:000000000006
控制码:11000000000000000000000000000000
2019-04-26 20:10:00,231 - 命令 01 执行完时间为：2019/4/26 20:10:00

2019-04-26 20:10:00,804 - 发送命令8F15000000000000068000000000058F000000002F14
2019-04-26 20:10:00,809 - ID为： ffe28f31-8cfa-4f34-be0e-4e193727b3c1 接入时间为2019/4/26 20:09:57
ID为： ffe28f31-8cfa-4f34-be0e-4e193727b3c1接入时间为：2019/4/26 20:09:57关闭时间为：2019/4/26 20:10:00


2019-04-26 20:10:00,816 - 发送命令811500000000000006100000000040FB90E47B37AB34B11D00C55E2E48D43CD6E4D450899A0F15B25A68E81086978ED6E4D450899A0F15B25A68E81086978E5D35D4E4ED247AD4144D32B2D174AC3A7314
2019-04-26 20:10:00,968 - 检测平台异常或数据异常
2019-04-26 20:10:01,156 - receive from: 192.168.1.100:64430
接收到数据：1500000000000007C0000000002001000000000007000000000000000000000000000000000000000000000000000414
设备类型:00
设备号:000000000007
控制码:11000000000000000000000000000000
2019-04-26 20:10:01,285 - 命令 01 执行完时间为：2019/4/26 20:10:01

2019-04-26 20:10:01,920 - 发送命令8F15000000000000078000000000058F000000003014
2019-04-26 20:10:01,920 - ID为： a703bc84-f0a6-4ae0-a5a1-62628945ec67 接入时间为2019/4/26 20:09:57
ID为： a703bc84-f0a6-4ae0-a5a1-62628945ec67接入时间为：2019/4/26 20:09:57关闭时间为：2019/4/26 20:10:01


2019-04-26 20:10:01,932 - 发送命令8115000000000000071000000000402E9D76312FE3D657A7F9941359B06D1A3387F8EA6558877A4725F9D41D39867D3387F8EA6558877A4725F9D41D39867DE40C05A3CCA2C03C5AB71E1FE58A29CB7F14
2019-04-26 20:10:02,049 - 检测平台异常或数据异常
2019-04-26 20:10:02,156 - receive from: 192.168.1.100:64431
接收到数据：1500000000000008C0000000002001000000000008000000000000000000000000000000000000000000000000000614
设备类型:00
设备号:000000000008
控制码:11000000000000000000000000000000
2019-04-26 20:10:02,374 - 命令 01 执行完时间为：2019/4/26 20:10:02

2019-04-26 20:10:02,891 - 发送命令15000000000000088000000000058F000000003114
2019-04-26 20:10:02,892 - ID为： 2f2f2e11-3b90-4217-afe9-0a6df0cbf21d 接入时间为2019/4/26 20:09:57
ID为： 2f2f2e11-3b90-4217-afe9-0a6df0cbf21d接入时间为：2019/4/26 20:09:57关闭时间为：2019/4/26 20:10:02


2019-04-26 20:10:02,907 - 发送命令15000000000000080000000000058E00000000B014
2019-04-26 20:10:03,157 - receive from: 192.168.1.100:64432
接收到数据：1500000000000009C0000000002001000000000009000000000000000000000000000000000000000000000000000814
设备类型:00
设备号:000000000009
控制码:11000000000000000000000000000000
2019-04-26 20:10:03,178 - 数据库连接异常90
2019-04-26 20:10:03,608 - 发送命令15000000000000098000000000058F000000003214
2019-04-26 20:10:03,608 - ID为： 99cedbda-170f-4324-ae42-1d6b6e06893c 接入时间为2019/4/26 20:09:57
ID为： 99cedbda-170f-4324-ae42-1d6b6e06893c接入时间为：2019/4/26 20:09:57关闭时间为：2019/4/26 20:10:03


2019-04-26 20:10:03,655 - 命令 01 执行完时间为：2019/4/26 20:10:03

2019-04-26 20:10:03,657 - 发送命令15000000000000090000000000058E00000000B114
2019-04-26 20:10:35,141 - 命令 01 执行完时间为：2019/4/26 20:10:35

2019-04-26 20:10:35,158 - receive from: 192.168.1.100:64433
接收到数据：1500000000000010C0000000002001000000000010000000000000000000000000000000000000000000000000001614
设备类型:00
设备号:000000000010
控制码:11000000000000000000000000000000
2019-04-26 20:10:35,718 - 发送命令15000000000000108000000000058F000000003914
2019-04-26 20:10:35,718 - ID为： 602af668-7ee0-4698-b254-d21e186fa37e 接入时间为2019/4/26 20:09:57
ID为： 602af668-7ee0-4698-b254-d21e186fa37e接入时间为：2019/4/26 20:09:57关闭时间为：2019/4/26 20:10:35


2019-04-26 20:10:35,731 - 发送命令15000000000000100000000000058E00000000B814
2019-04-26 20:10:36,156 - receive from: 192.168.1.100:64434
接收到数据：1500000000000011C0000000002001000000000011000000000000000000000000000000000000000000000000001814
设备类型:00
设备号:000000000011
控制码:11000000000000000000000000000000
2019-04-26 20:10:36,211 - 命令 01 执行完时间为：2019/4/26 20:10:36

2019-04-26 20:10:36,858 - 发送命令15000000000000118000000000058F000000003A14
2019-04-26 20:10:36,858 - ID为： a79653ec-92a7-4f9b-9c18-93615f883193 接入时间为2019/4/26 20:09:57
ID为： a79653ec-92a7-4f9b-9c18-93615f883193接入时间为：2019/4/26 20:09:57关闭时间为：2019/4/26 20:10:36


2019-04-26 20:10:36,872 - 发送命令15000000000000110000000000058E00000000B914
2019-04-26 20:10:37,162 - receive from: 192.168.1.100:64435
接收到数据：1500000000000012C0000000002001000000000012000000000000000000000000000000000000000000000000001A14
设备类型:00
设备号:000000000012
控制码:11000000000000000000000000000000
2019-04-26 20:10:37,193 - 数据库连接异常90
2019-04-26 20:10:37,459 - 命令 01 执行完时间为：2019/4/26 20:10:37

2019-04-26 20:10:37,620 - 发送命令15000000000000128000000000058F000000003B14
2019-04-26 20:10:37,620 - ID为： 6900b810-f950-4cd8-83e9-9ad8fd4f320c 接入时间为2019/4/26 20:09:57
ID为： 6900b810-f950-4cd8-83e9-9ad8fd4f320c接入时间为：2019/4/26 20:09:57关闭时间为：2019/4/26 20:10:37


2019-04-26 20:10:37,665 - 发送命令15000000000000120000000000058E00000000BA14
2019-04-26 20:10:39,740 - 命令 01 执行完时间为：2019/4/26 20:10:39

2019-04-26 20:10:39,759 - receive from: 192.168.1.100:64436
接收到数据：1500000000000013C0000000002001000000000013000000000000000000000000000000000000000000000000001C14
设备类型:00
设备号:000000000013
控制码:11000000000000000000000000000000
2019-04-26 20:10:40,283 - 发送命令15000000000000138000000000058F000000003C14
2019-04-26 20:10:40,283 - ID为： 5ca9cefa-1d66-4665-b303-472f09816502 接入时间为2019/4/26 20:09:57
ID为： 5ca9cefa-1d66-4665-b303-472f09816502接入时间为：2019/4/26 20:09:57关闭时间为：2019/4/26 20:10:40


2019-04-26 20:10:40,301 - 发送命令15000000000000130000000000058E00000000BB14
2019-04-26 20:10:40,839 - 命令 01 执行完时间为：2019/4/26 20:10:40

2019-04-26 20:10:40,915 - receive from: 192.168.1.100:64437
接收到数据：1500000000000014C0000000002001000000000014000000000000000000000000000000000000000000000000001E14
设备类型:00
设备号:000000000014
控制码:11000000000000000000000000000000
2019-04-26 20:10:41,603 - 发送命令15000000000000148000000000058F000000003D14
2019-04-26 20:10:41,603 - ID为： d62819da-5021-4cd5-8798-e68393007c4c 接入时间为2019/4/26 20:09:57
ID为： d62819da-5021-4cd5-8798-e68393007c4c接入时间为：2019/4/26 20:09:57关闭时间为：2019/4/26 20:10:41


2019-04-26 20:10:41,615 - 发送命令15000000000000140000000000058E00000000BC14
2019-04-26 20:10:42,177 - 命令 01 执行完时间为：2019/4/26 20:10:42

2019-04-26 20:10:42,193 - receive from: 192.168.1.100:64438
接收到数据：1500000000000015C0000000002001000000000015000000000000000000000000000000000000000000000000002014
设备类型:00
设备号:000000000015
控制码:11000000000000000000000000000000
2019-04-26 20:10:42,836 - 发送命令15000000000000158000000000058F000000003E14
2019-04-26 20:10:42,836 - ID为： 683da316-5c7a-454b-a0dc-78aa601c7907 接入时间为2019/4/26 20:09:57
ID为： 683da316-5c7a-454b-a0dc-78aa601c7907接入时间为：2019/4/26 20:09:57关闭时间为：2019/4/26 20:10:42


2019-04-26 20:10:42,852 - 发送命令15000000000000150000000000058E00000000BD14
2019-04-26 20:10:43,302 - 命令 01 执行完时间为：2019/4/26 20:10:43

2019-04-26 20:10:43,319 - receive from: 192.168.1.100:64439
接收到数据：1500000000000016C0000000002001000000000016000000000000000000000000000000000000000000000000002214
设备类型:00
设备号:000000000016
控制码:11000000000000000000000000000000
2019-04-26 20:10:44,009 - 发送命令15000000000000168000000000058F000000003F14
2019-04-26 20:10:44,009 - ID为： 5bd4c03b-56b5-4632-9b76-eecc22d0bc9b 接入时间为2019/4/26 20:09:57
ID为： 5bd4c03b-56b5-4632-9b76-eecc22d0bc9b接入时间为：2019/4/26 20:09:57关闭时间为：2019/4/26 20:10:44


2019-04-26 20:10:44,019 - 发送命令15000000000000160000000000058E00000000BE14
2019-04-26 20:10:44,460 - 命令 01 执行完时间为：2019/4/26 20:10:44

2019-04-26 20:10:44,477 - receive from: 192.168.1.100:64440
接收到数据：1500000000000017C0000000002001000000000017000000000000000000000000000000000000000000000000002414
设备类型:00
设备号:000000000017
控制码:11000000000000000000000000000000
2019-04-26 20:10:45,091 - 发送命令15000000000000178000000000058F000000004014
2019-04-26 20:10:45,091 - ID为： c6a8f9b3-a936-4a83-9cfc-7886d0d41241 接入时间为2019/4/26 20:09:57
ID为： c6a8f9b3-a936-4a83-9cfc-7886d0d41241接入时间为：2019/4/26 20:09:57关闭时间为：2019/4/26 20:10:45


2019-04-26 20:10:45,104 - 发送命令15000000000000170000000000058E00000000BF14
2019-04-26 20:10:45,600 - 命令 01 执行完时间为：2019/4/26 20:10:45

2019-04-26 20:10:45,612 - receive from: 192.168.1.100:64441
接收到数据：1500000000000018C0000000002001000000000018000000000000000000000000000000000000000000000000002614
设备类型:00
设备号:000000000018
控制码:11000000000000000000000000000000
2019-04-26 20:10:46,216 - 发送命令15000000000000188000000000058F000000004114
2019-04-26 20:10:46,216 - ID为： d99c8743-c095-4761-9f5c-2bfc6185ce5d 接入时间为2019/4/26 20:09:57
ID为： d99c8743-c095-4761-9f5c-2bfc6185ce5d接入时间为：2019/4/26 20:09:57关闭时间为：2019/4/26 20:10:46


2019-04-26 20:10:46,227 - 发送命令15000000000000180000000000058E00000000C014
2019-04-26 20:10:46,671 - 命令 01 执行完时间为：2019/4/26 20:10:46

2019-04-26 20:10:46,688 - receive from: 192.168.1.100:64442
接收到数据：1500000000000019C0000000002001000000000019000000000000000000000000000000000000000000000000002814
设备类型:00
设备号:000000000019
控制码:11000000000000000000000000000000
2019-04-26 20:10:47,282 - 发送命令15000000000000198000000000058F000000004214
2019-04-26 20:10:47,282 - ID为： 9fa6d42e-a55d-4f60-becd-c12e3491d245 接入时间为2019/4/26 20:09:57
ID为： 9fa6d42e-a55d-4f60-becd-c12e3491d245接入时间为：2019/4/26 20:09:57关闭时间为：2019/4/26 20:10:47


2019-04-26 20:10:47,293 - 发送命令15000000000000190000000000058E00000000C114
2019-04-26 20:10:47,754 - 命令 01 执行完时间为：2019/4/26 20:10:47

2019-04-26 20:10:56,159 - ID为： a3f5c9dd-c458-46a8-83aa-45f1de31f788 接入时间为2019/4/26 20:09:57
ID为： a3f5c9dd-c458-46a8-83aa-45f1de31f788接入时间为：2019/4/26 20:09:57关闭时间为：2019/4/26 20:10:56


2019-04-26 20:10:56,160 - ID为： ea231d0f-58e0-4a32-ad52-28bedeaa828c 接入时间为2019/4/26 20:09:57
ID为： ea231d0f-58e0-4a32-ad52-28bedeaa828c接入时间为：2019/4/26 20:09:57关闭时间为：2019/4/26 20:10:56


2019-04-26 20:30:18,880 - 2019/4/26 20:30:18000000000001
2019-04-26 20:30:18,903 - 2019/4/26 20:30:18000000000001
2019-04-26 20:30:18,908 - 2019/4/26 20:30:18000000000001
2019-04-26 20:30:18,924 - 分配时出错
2019-04-26 20:30:18,934 - 分配时出错
2019-04-26 20:31:08,668 - System.InvalidOperationException: 连接未关闭。 连接的当前状态为正在连接。
   在 System.Data.ProviderBase.DbConnectionClosedConnecting.TryOpenConnection(DbConnection outerConnection, DbConnectionFactory connectionFactory, TaskCompletionSource`1 retry, DbConnectionOptions userOptions)
   在 System.Data.ProviderBase.DbConnectionInternal.OpenConnection(DbConnection outerConnection, DbConnectionFactory connectionFactory)
   在 System.Data.Odbc.OdbcConnection.Open()
   在 NewPlat.MyDataSetTableAdapters.Dt_failTableAdapter.InsertMeterFail(String MeterId, String MeterType, String MeterComState, String MeterIcState, String MeterChuState, String MeterZhongState, String MeterState, String MeterTest, String MeterRand_num, String Meteriport, Nullable`1 MeterTime) 位置 E:\VS\NewPlat\NewPlat\MyDataSet.Designer.cs:行号 13658
   在 NewPlat.MyCommand.MyCommand01.xiugaifai(MeterInfo tempmeter, MySession session, MyRequestInfo info) 位置 E:\VS\NewPlat\NewPlat\MyCommand\MyCommand01.cs:行号 285
   在 NewPlat.MyCommand.MyCommand01.ExecuteCommand(MySession session, MyRequestInfo requestInfo) 位置 E:\VS\NewPlat\NewPlat\MyCommand\MyCommand01.cs:行号 91
   在 SuperSocket.SocketBase.AppServerBase`2.ExecuteCommand(TAppSession session, TRequestInfo requestInfo)
2019-04-26 20:31:10,885 - System.InvalidOperationException: 连接未关闭。 连接的当前状态为正在连接。
   在 System.Data.ProviderBase.DbConnectionClosedConnecting.TryOpenConnection(DbConnection outerConnection, DbConnectionFactory connectionFactory, TaskCompletionSource`1 retry, DbConnectionOptions userOptions)
   在 System.Data.ProviderBase.DbConnectionInternal.OpenConnection(DbConnection outerConnection, DbConnectionFactory connectionFactory)
   在 System.Data.Odbc.OdbcConnection.Open()
   在 NewPlat.MyDataSetTableAdapters.Dt_MeterInfoTableAdapter.DeleteMeter(String MeterId) 位置 E:\VS\NewPlat\NewPlat\MyDataSet.Designer.cs:行号 11885
   在 NewPlat.MyCommand.MyCommand01.xiugaifai(MeterInfo tempmeter, MySession session, MyRequestInfo info) 位置 E:\VS\NewPlat\NewPlat\MyCommand\MyCommand01.cs:行号 296
   在 NewPlat.MyCommand.MyCommand01.ExecuteCommand(MySession session, MyRequestInfo requestInfo) 位置 E:\VS\NewPlat\NewPlat\MyCommand\MyCommand01.cs:行号 91
   在 SuperSocket.SocketBase.AppServerBase`2.ExecuteCommand(TAppSession session, TRequestInfo requestInfo)
2019-04-26 20:31:10,874 - 2019/4/26 20:31:10000000000002
2019-04-26 20:31:11,511 - 2019/4/26 20:31:11000000000004
2019-04-26 20:31:12,558 - 2019/4/26 20:31:12000000000006
2019-04-26 20:31:13,602 - 2019/4/26 20:31:13000000000007
2019-04-26 20:32:48,486 - System.NullReferenceException: 未将对象引用设置到对象的实例。
   在 NewPlat.MyCommand.MyCommand01.ExecuteCommand(MySession session, MyRequestInfo requestInfo) 位置 E:\VS\NewPlat\NewPlat\MyCommand\MyCommand01.cs:行号 228
   在 SuperSocket.SocketBase.AppServerBase`2.ExecuteCommand(TAppSession session, TRequestInfo requestInfo)
2019-04-26 20:32:48,548 - 2019/4/26 20:32:48000000000009
2019-04-26 20:32:52,400 - System.NullReferenceException: 未将对象引用设置到对象的实例。
   在 NewPlat.MyCommand.MyCommand01.ExecuteCommand(MySession session, MyRequestInfo requestInfo) 位置 E:\VS\NewPlat\NewPlat\MyCommand\MyCommand01.cs:行号 101
   在 SuperSocket.SocketBase.AppServerBase`2.ExecuteCommand(TAppSession session, TRequestInfo requestInfo)
2019-04-26 20:32:52,405 - System.NullReferenceException: 未将对象引用设置到对象的实例。
   在 NewPlat.MyCommand.MyCommand01.ExecuteCommand(MySession session, MyRequestInfo requestInfo) 位置 E:\VS\NewPlat\NewPlat\MyCommand\MyCommand01.cs:行号 228
   在 SuperSocket.SocketBase.AppServerBase`2.ExecuteCommand(TAppSession session, TRequestInfo requestInfo)
2019-04-26 20:32:52,497 - 2019/4/26 20:32:52000000000011
2019-04-26 20:32:53,759 - 2019/4/26 20:32:53000000000012
2019-04-26 20:32:55,048 - 2019/4/26 20:32:55000000000013
2019-04-26 20:32:56,310 - 2019/4/26 20:32:56000000000014
2019-04-26 20:32:57,470 - 2019/4/26 20:32:57000000000015
2019-04-26 20:32:58,699 - 2019/4/26 20:32:58000000000016
2019-04-26 20:32:59,866 - 2019/4/26 20:32:59000000000017
2019-04-26 20:33:01,048 - 2019/4/26 20:33:01000000000018
2019-04-26 20:33:02,262 - 2019/4/26 20:33:02000000000019
2019-04-26 20:33:03,395 - 2019/4/26 20:33:03000000000003
2019-04-26 20:48:46,534 - System.NullReferenceException: 未将对象引用设置到对象的实例。
   在 NewPlat.MyCommand.MyCommand01.ExecuteCommand(MySession session, MyRequestInfo requestInfo) 位置 E:\VS\NewPlat\NewPlat\MyCommand\MyCommand01.cs:行号 228
   在 SuperSocket.SocketBase.AppServerBase`2.ExecuteCommand(TAppSession session, TRequestInfo requestInfo)
2019-04-26 20:48:47,345 - System.NullReferenceException: 未将对象引用设置到对象的实例。
   在 NewPlat.MyCommand.MyCommand01.ExecuteCommand(MySession session, MyRequestInfo requestInfo) 位置 E:\VS\NewPlat\NewPlat\MyCommand\MyCommand01.cs:行号 228
   在 SuperSocket.SocketBase.AppServerBase`2.ExecuteCommand(TAppSession session, TRequestInfo requestInfo)
2019-04-26 20:48:47,354 - System.NullReferenceException: 未将对象引用设置到对象的实例。
   在 NewPlat.MyCommand.MyCommand01.ExecuteCommand(MySession session, MyRequestInfo requestInfo) 位置 E:\VS\NewPlat\NewPlat\MyCommand\MyCommand01.cs:行号 228
   在 SuperSocket.SocketBase.AppServerBase`2.ExecuteCommand(TAppSession session, TRequestInfo requestInfo)
2019-04-26 20:48:47,458 - 2019/4/26 20:48:47000000000001
2019-04-26 20:48:48,067 - 2019/4/26 20:48:48000000000004
2019-04-26 20:48:54,972 - System.NullReferenceException: 未将对象引用设置到对象的实例。
   在 NewPlat.MyCommand.MyCommand01.ExecuteCommand(MySession session, MyRequestInfo requestInfo) 位置 E:\VS\NewPlat\NewPlat\MyCommand\MyCommand01.cs:行号 228
   在 SuperSocket.SocketBase.AppServerBase`2.ExecuteCommand(TAppSession session, TRequestInfo requestInfo)
2019-04-26 20:48:54,979 - System.NullReferenceException: 未将对象引用设置到对象的实例。
   在 NewPlat.MyCommand.MyCommand01.ExecuteCommand(MySession session, MyRequestInfo requestInfo) 位置 E:\VS\NewPlat\NewPlat\MyCommand\MyCommand01.cs:行号 101
   在 SuperSocket.SocketBase.AppServerBase`2.ExecuteCommand(TAppSession session, TRequestInfo requestInfo)
2019-04-26 20:48:56,001 - 2019/4/26 20:48:56000000000009
2019-04-26 20:48:58,977 - System.NullReferenceException: 未将对象引用设置到对象的实例。
   在 NewPlat.MyCommand.MyCommand01.ExecuteCommand(MySession session, MyRequestInfo requestInfo) 位置 E:\VS\NewPlat\NewPlat\MyCommand\MyCommand01.cs:行号 228
   在 SuperSocket.SocketBase.AppServerBase`2.ExecuteCommand(TAppSession session, TRequestInfo requestInfo)
2019-04-26 20:49:00,021 - 2019/4/26 20:49:00000000000011
2019-04-26 20:49:01,061 - 2019/4/26 20:49:01000000000012
2019-04-26 20:49:04,036 - 2019/4/26 20:49:04000000000005
2019-04-26 20:49:05,215 - 2019/4/26 20:49:05000000000006
2019-04-26 20:49:06,033 - 2019/4/26 20:49:06000000000006
2019-04-26 20:49:07,046 - 2019/4/26 20:49:07000000000013
2019-04-26 20:49:08,011 - 2019/4/26 20:49:08000000000014
2019-04-26 20:49:09,013 - 2019/4/26 20:49:09000000000015
2019-04-26 20:49:10,058 - 2019/4/26 20:49:10000000000016
2019-04-26 20:49:11,018 - 2019/4/26 20:49:11000000000017
2019-04-26 20:49:12,055 - 2019/4/26 20:49:12000000000018
2019-04-26 20:49:13,024 - 2019/4/26 20:49:13000000000019
2019-04-26 20:56:41,682 - 2019/4/26 20:56:41  000000000001  01开始
2019-04-26 20:56:41,689 - 2019/4/26 20:56:41  000000000000  01开始
2019-04-26 20:56:41,705 - 2019/4/26 20:56:41  000000000002  01开始
2019-04-26 20:56:41,778 - 2019/4/26 20:56:41000000000002
2019-04-26 20:56:41,995 - 2019/4/26 20:56:41  000000000002  01结束
2019-04-26 20:56:42,116 - 2019/4/26 20:56:42  000000000003  01开始
2019-04-26 20:56:42,116 - 2019/4/26 20:56:42  000000000000  01结束
2019-04-26 20:56:44,502 - 2019/4/26 20:56:44  000000000003  01结束
2019-04-26 20:56:44,675 - System.NullReferenceException: 未将对象引用设置到对象的实例。
   在 NewPlat.MyCommand.MyCommand01.ExecuteCommand(MySession session, MyRequestInfo requestInfo) 位置 E:\VS\NewPlat\NewPlat\MyCommand\MyCommand01.cs:行号 228
   在 SuperSocket.SocketBase.AppServerBase`2.ExecuteCommand(TAppSession session, TRequestInfo requestInfo)
2019-04-26 20:56:44,754 - 2019/4/26 20:56:44  000000000001  01结束
2019-04-26 20:56:44,758 - 2019/4/26 20:56:44  000000000005  01开始
2019-04-26 20:56:44,891 - 2019/4/26 20:56:44  000000000004  01开始
2019-04-26 20:56:45,743 - 2019/4/26 20:56:45000000000004
2019-04-26 20:56:45,756 - 2019/4/26 20:56:45  000000000004  01结束
2019-04-26 20:56:45,777 - System.NullReferenceException: 未将对象引用设置到对象的实例。
   在 NewPlat.MyCommand.MyCommand01.ExecuteCommand(MySession session, MyRequestInfo requestInfo) 位置 E:\VS\NewPlat\NewPlat\MyCommand\MyCommand01.cs:行号 228
   在 SuperSocket.SocketBase.AppServerBase`2.ExecuteCommand(TAppSession session, TRequestInfo requestInfo)
2019-04-26 20:56:46,528 - 2019/4/26 20:56:46  000000000005  01结束
2019-04-26 20:56:46,545 - 2019/4/26 20:56:46  000000000006  01开始
2019-04-26 20:56:47,288 - 2019/4/26 20:56:47  000000000006  01结束
2019-04-26 20:56:47,305 - System.NullReferenceException: 未将对象引用设置到对象的实例。
   在 NewPlat.MyCommand.MyCommand01.ExecuteCommand(MySession session, MyRequestInfo requestInfo) 位置 E:\VS\NewPlat\NewPlat\MyCommand\MyCommand01.cs:行号 228
   在 SuperSocket.SocketBase.AppServerBase`2.ExecuteCommand(TAppSession session, TRequestInfo requestInfo)
2019-04-26 20:56:48,229 - 2019/4/26 20:56:48  000000000007  01开始
2019-04-26 20:56:48,321 - 2019/4/26 20:56:48000000000007
2019-04-26 20:56:49,151 - 2019/4/26 20:56:49  000000000007  01结束
2019-04-26 20:56:49,729 - 2019/4/26 20:56:49  000000000008  01开始
2019-04-26 20:56:50,702 - 2019/4/26 20:56:50  000000000008  01结束
2019-04-26 20:56:50,721 - System.NullReferenceException: 未将对象引用设置到对象的实例。
   在 NewPlat.MyCommand.MyCommand01.ExecuteCommand(MySession session, MyRequestInfo requestInfo) 位置 E:\VS\NewPlat\NewPlat\MyCommand\MyCommand01.cs:行号 228
   在 SuperSocket.SocketBase.AppServerBase`2.ExecuteCommand(TAppSession session, TRequestInfo requestInfo)
2019-04-26 20:56:50,740 - 2019/4/26 20:56:50  000000000009  01开始
2019-04-26 20:56:50,826 - 2019/4/26 20:56:50000000000009
2019-04-26 20:56:51,793 - 2019/4/26 20:56:51  000000000009  01结束
2019-04-26 20:56:51,811 - 2019/4/26 20:56:51  000000000010  01开始
2019-04-26 20:56:52,833 - 2019/4/26 20:56:52  000000000010  01结束
2019-04-26 20:56:52,850 - System.NullReferenceException: 未将对象引用设置到对象的实例。
   在 NewPlat.MyCommand.MyCommand01.ExecuteCommand(MySession session, MyRequestInfo requestInfo) 位置 E:\VS\NewPlat\NewPlat\MyCommand\MyCommand01.cs:行号 228
   在 SuperSocket.SocketBase.AppServerBase`2.ExecuteCommand(TAppSession session, TRequestInfo requestInfo)
2019-04-26 20:56:53,728 - 2019/4/26 20:56:53  000000000011  01开始
2019-04-26 20:56:53,812 - 2019/4/26 20:56:53000000000011
2019-04-26 20:56:54,822 - 2019/4/26 20:56:54  000000000011  01结束
2019-04-26 20:56:54,863 - 2019/4/26 20:56:54  000000000012  01开始
2019-04-26 20:56:54,942 - 2019/4/26 20:56:54000000000012
2019-04-26 20:56:56,015 - 2019/4/26 20:56:55  000000000012  01结束
2019-04-26 20:56:56,031 - 2019/4/26 20:56:56  000000000013  01开始
2019-04-26 20:56:56,116 - 2019/4/26 20:56:56000000000013
2019-04-26 20:56:57,263 - 2019/4/26 20:56:57  000000000013  01结束
2019-04-26 20:56:57,278 - 2019/4/26 20:56:57  000000000014  01开始
2019-04-26 20:56:59,140 - 2019/4/26 20:56:59  000000000014  01结束
2019-04-26 20:56:59,157 - System.NullReferenceException: 未将对象引用设置到对象的实例。
   在 NewPlat.MyCommand.MyCommand01.ExecuteCommand(MySession session, MyRequestInfo requestInfo) 位置 E:\VS\NewPlat\NewPlat\MyCommand\MyCommand01.cs:行号 228
   在 SuperSocket.SocketBase.AppServerBase`2.ExecuteCommand(TAppSession session, TRequestInfo requestInfo)
2019-04-26 20:56:59,728 - 2019/4/26 20:56:59  000000000015  01开始
2019-04-26 20:56:59,814 - 2019/4/26 20:56:59000000000015
2019-04-26 20:57:00,959 - 2019/4/26 20:57:00  000000000015  01结束
2019-04-26 20:57:00,975 - 2019/4/26 20:57:00  000000000016  01开始
2019-04-26 20:57:01,062 - 2019/4/26 20:57:01000000000016
2019-04-26 20:57:02,168 - 2019/4/26 20:57:02  000000000016  01结束
2019-04-26 20:57:02,183 - 2019/4/26 20:57:02  000000000017  01开始
2019-04-26 20:57:02,261 - 2019/4/26 20:57:02000000000017
2019-04-26 20:57:03,405 - 2019/4/26 20:57:03  000000000017  01结束
2019-04-26 20:57:03,421 - 2019/4/26 20:57:03  000000000018  01开始
2019-04-26 20:57:03,506 - 2019/4/26 20:57:03000000000018
2019-04-26 20:57:04,629 - 2019/4/26 20:57:04  000000000018  01结束
2019-04-26 20:57:04,645 - 2019/4/26 20:57:04  000000000019  01开始
2019-04-26 20:57:04,732 - 2019/4/26 20:57:04000000000019
2019-04-26 20:57:05,807 - 2019/4/26 20:57:05  000000000019  01结束
2019-04-26 21:02:22,492 - 2019/4/26 21:02:22  000000000003  01开始
2019-04-26 21:02:22,490 - 2019/4/26 21:02:22  000000000000  01开始
2019-04-26 21:02:22,499 - 2019/4/26 21:02:22  000000000001  01开始
2019-04-26 21:02:22,683 - 2019/4/26 21:02:22000000000001
2019-04-26 21:02:22,701 - 2019/4/26 21:02:22000000000001
2019-04-26 21:02:22,704 - 2019/4/26 21:02:22000000000001
2019-04-26 21:02:22,764 - 分配时出错
2019-04-26 21:02:22,781 - 分配时出错
2019-04-26 21:02:23,223 - 2019/4/26 21:02:23  000000000000  01结束
2019-04-26 21:02:23,587 - 2019/4/26 21:02:23  000000000001  01结束
2019-04-26 21:02:23,798 - 2019/4/26 21:02:23  000000000003  01结束
2019-04-26 21:02:23,802 - 2019/4/26 21:02:23  000000000005  01开始
2019-04-26 21:02:23,912 - 2019/4/26 21:02:23  000000000006  01开始
2019-04-26 21:02:23,944 - 2019/4/26 21:02:23000000000001
2019-04-26 21:02:24,008 - 2019/4/26 21:02:23  000000000005  01结束
2019-04-26 21:02:32,962 - 2019/4/26 21:02:32  000000000006  01结束
2019-04-26 21:02:32,979 - System.NullReferenceException: 未将对象引用设置到对象的实例。
   在 NewPlat.MyCommand.MyCommand01.ExecuteCommand(MySession session, MyRequestInfo requestInfo) 位置 E:\VS\NewPlat\NewPlat\MyCommand\MyCommand01.cs:行号 101
   在 SuperSocket.SocketBase.AppServerBase`2.ExecuteCommand(TAppSession session, TRequestInfo requestInfo)
2019-04-26 21:02:33,001 - 2019/4/26 21:02:32  000000000007  01开始
2019-04-26 21:02:33,092 - 2019/4/26 21:02:33000000000007
2019-04-26 21:02:34,062 - 2019/4/26 21:02:33  000000000007  01结束
2019-04-26 21:02:34,080 - 2019/4/26 21:02:34  000000000008  01开始
2019-04-26 21:02:34,190 - 2019/4/26 21:02:34  000000000008  01结束
2019-04-26 21:02:34,812 - 2019/4/26 21:02:34  000000000009  01开始
2019-04-26 21:02:34,885 - 2019/4/26 21:02:34000000000009
2019-04-26 21:02:35,833 - 2019/4/26 21:02:35  000000000009  01结束
2019-04-26 21:02:35,851 - 2019/4/26 21:02:35  000000000010  01开始
2019-04-26 21:02:35,949 - 2019/4/26 21:02:35  000000000010  01结束
2019-04-26 21:02:36,809 - 2019/4/26 21:02:36  000000000011  01开始
2019-04-26 21:02:36,894 - 2019/4/26 21:02:36000000000011
2019-04-26 21:02:37,993 - 2019/4/26 21:02:37  000000000011  01结束
2019-04-26 21:02:38,008 - 2019/4/26 21:02:38  000000000012  01开始
2019-04-26 21:02:38,083 - 2019/4/26 21:02:38000000000012
2019-04-26 21:02:39,137 - 2019/4/26 21:02:39  000000000012  01结束
2019-04-26 21:02:39,157 - 2019/4/26 21:02:39  000000000013  01开始
2019-04-26 21:02:39,238 - 2019/4/26 21:02:39000000000013
2019-04-26 21:02:40,339 - 2019/4/26 21:02:40  000000000013  01结束
2019-04-26 21:02:40,355 - 2019/4/26 21:02:40  000000000014  01开始
2019-04-26 21:02:40,433 - 2019/4/26 21:02:40000000000014
2019-04-26 21:02:41,526 - 2019/4/26 21:02:41  000000000014  01结束
2019-04-26 21:02:41,541 - 2019/4/26 21:02:41  000000000015  01开始
2019-04-26 21:02:41,615 - 2019/4/26 21:02:41000000000015
2019-04-26 21:02:42,708 - 2019/4/26 21:02:42  000000000015  01结束
2019-04-26 21:02:42,724 - 2019/4/26 21:02:42  000000000016  01开始
2019-04-26 21:02:42,807 - 2019/4/26 21:02:42000000000016
2019-04-26 21:02:43,946 - 2019/4/26 21:02:43  000000000016  01结束
2019-04-26 21:02:43,961 - 2019/4/26 21:02:43  000000000017  01开始
2019-04-26 21:02:44,044 - 2019/4/26 21:02:44000000000017
2019-04-26 21:02:45,229 - 2019/4/26 21:02:45  000000000017  01结束
2019-04-26 21:02:45,244 - 2019/4/26 21:02:45  000000000018  01开始
2019-04-26 21:02:45,328 - 2019/4/26 21:02:45000000000018
2019-04-26 21:02:46,540 - 2019/4/26 21:02:46  000000000018  01结束
2019-04-26 21:02:46,558 - 2019/4/26 21:02:46  000000000019  01开始
2019-04-26 21:02:46,642 - 2019/4/26 21:02:46000000000019
2019-04-26 21:02:47,749 - 2019/4/26 21:02:47  000000000019  01结束
2019-04-26 21:02:47,766 - 2019/4/26 21:02:47  000000000004  01开始
2019-04-26 21:02:47,851 - 2019/4/26 21:02:47000000000004
2019-04-26 21:02:49,024 - 2019/4/26 21:02:48  000000000004  01结束
2019-04-26 21:02:49,809 - 2019/4/26 21:02:49  000000000002  01开始
2019-04-26 21:02:49,894 - 2019/4/26 21:02:49000000000002
2019-04-26 21:02:50,890 - 2019/4/26 21:02:50  000000000002  01结束
2019-04-26 21:11:12,267 - 2019/4/26 21:11:12  000000000000  01开始
2019-04-26 21:11:12,468 - 2019/4/26 21:11:12  000000000003  01开始
2019-04-26 21:11:12,491 - 2019/4/26 21:11:12  000000000000  01结束
2019-04-26 21:11:12,485 - 2019/4/26 21:11:12  000000000001  01开始
2019-04-26 21:11:12,527 - 2019/4/26 21:11:12  000000000002  01开始
2019-04-26 21:11:12,556 - 2019/4/26 21:11:12000000000002
2019-04-26 21:11:12,556 - 2019/4/26 21:11:12000000000002
2019-04-26 21:11:12,564 - 2019/4/26 21:11:12000000000002
2019-04-26 21:11:12,589 - 分配时出错
2019-04-26 21:11:12,600 - 分配时出错
2019-04-26 21:11:12,601 - 000000000002失败
2019-04-26 21:11:12,608 - 000000000002失败
2019-04-26 21:11:12,821 - 00000000000262.234.134.161
2019-04-26 21:11:12,917 - 2019/4/26 21:11:12  000000000001  01结束
2019-04-26 21:11:13,325 - 2019/4/26 21:11:13  000000000003  01结束
2019-04-26 21:11:13,451 - 2019/4/26 21:11:13  000000000002  01结束
2019-04-26 21:11:13,452 - 2019/4/26 21:11:13  000000000004  01开始
2019-04-26 21:11:13,625 - 2019/4/26 21:11:13000000000004
2019-04-26 21:11:13,887 - 00000000000462.234.134.161
2019-04-26 21:11:14,316 - 2019/4/26 21:11:14  000000000005  01开始
2019-04-26 21:11:14,368 - 2019/4/26 21:11:14  000000000004  01结束
2019-04-26 21:11:14,438 - 2019/4/26 21:11:14000000000005
2019-04-26 21:11:14,862 - 00000000000562.234.134.161
2019-04-26 21:11:15,362 - 2019/4/26 21:11:15  000000000006  01开始
2019-04-26 21:11:15,420 - 2019/4/26 21:11:15  000000000005  01结束
2019-04-26 21:11:15,492 - 2019/4/26 21:11:15000000000006
2019-04-26 21:11:15,943 - 00000000000662.234.134.161
2019-04-26 21:11:16,482 - 2019/4/26 21:11:16  000000000006  01结束
2019-04-26 21:11:16,498 - 2019/4/26 21:11:16  000000000007  01开始
2019-04-26 21:11:16,581 - 2019/4/26 21:11:16000000000007
2019-04-26 21:11:17,087 - 00000000000762.234.134.161
2019-04-26 21:11:17,498 - 2019/4/26 21:11:17  000000000007  01结束
2019-04-26 21:11:17,639 - 2019/4/26 21:11:17  000000000008  01开始
2019-04-26 21:11:17,725 - 2019/4/26 21:11:17000000000008
2019-04-26 21:11:18,426 - 00000000000862.234.134.161
2019-04-26 21:11:18,805 - 2019/4/26 21:11:18  000000000008  01结束
2019-04-26 21:11:18,974 - 2019/4/26 21:11:18  000000000010  01开始
2019-04-26 21:11:19,059 - 2019/4/26 21:11:19000000000010
2019-04-26 21:11:19,519 - 000000000010失败
2019-04-26 21:11:19,992 - 2019/4/26 21:11:19  000000000010  01结束
2019-04-26 21:11:20,688 - 2019/4/26 21:11:20  000000000011  01开始
2019-04-26 21:11:20,772 - 2019/4/26 21:11:20000000000011
2019-04-26 21:11:21,231 - 000000000011失败
2019-04-26 21:11:21,807 - 2019/4/26 21:11:21  000000000011  01结束
2019-04-26 21:11:22,021 - 2019/4/26 21:11:21  000000000012  01开始
2019-04-26 21:11:22,104 - 2019/4/26 21:11:22000000000012
2019-04-26 21:11:22,575 - 000000000012失败
2019-04-26 21:11:23,069 - 2019/4/26 21:11:23  000000000012  01结束
2019-04-26 21:11:23,688 - 2019/4/26 21:11:23  000000000009  01开始
2019-04-26 21:11:23,773 - 2019/4/26 21:11:23000000000009
2019-04-26 21:11:24,251 - 000000000009失败
2019-04-26 21:11:24,890 - 2019/4/26 21:11:24  000000000009  01结束
2019-04-26 21:11:25,101 - 2019/4/26 21:11:24  000000000013  01开始
2019-04-26 21:11:25,186 - 2019/4/26 21:11:25000000000013
2019-04-26 21:11:25,626 - 000000000013失败
2019-04-26 21:11:26,122 - 2019/4/26 21:11:26  000000000013  01结束
2019-04-26 21:11:26,331 - 2019/4/26 21:11:26  000000000014  01开始
2019-04-26 21:11:26,422 - 2019/4/26 21:11:26000000000014
2019-04-26 21:11:26,875 - 000000000014失败
2019-04-26 21:11:27,367 - 2019/4/26 21:11:27  000000000014  01结束
2019-04-26 21:11:27,591 - 2019/4/26 21:11:27  000000000015  01开始
2019-04-26 21:11:27,665 - 2019/4/26 21:11:27000000000015
2019-04-26 21:11:28,085 - 000000000015失败
2019-04-26 21:11:28,538 - 2019/4/26 21:11:28  000000000015  01结束
2019-04-26 21:11:28,737 - 2019/4/26 21:11:28  000000000016  01开始
2019-04-26 21:11:28,822 - 2019/4/26 21:11:28000000000016
2019-04-26 21:11:29,262 - 000000000016失败
2019-04-26 21:11:29,742 - 2019/4/26 21:11:29  000000000016  01结束
2019-04-26 21:11:29,915 - 2019/4/26 21:11:29  000000000017  01开始
2019-04-26 21:11:30,001 - 2019/4/26 21:11:30000000000017
2019-04-26 21:11:30,452 - 000000000017失败
2019-04-26 21:11:31,030 - 2019/4/26 21:11:31  000000000017  01结束
2019-04-26 21:11:31,228 - 2019/4/26 21:11:31  000000000018  01开始
2019-04-26 21:11:31,302 - 2019/4/26 21:11:31000000000018
2019-04-26 21:11:31,689 - 2019/4/26 21:11:31  000000000019  01开始
2019-04-26 21:11:31,746 - 000000000018失败
2019-04-26 21:11:31,775 - 2019/4/26 21:11:31000000000019
2019-04-26 21:11:32,193 - 000000000019失败
2019-04-26 21:11:32,208 - 2019/4/26 21:11:32  000000000018  01结束
2019-04-26 21:11:32,884 - 2019/4/26 21:11:32  000000000019  01结束
2019-04-26 22:02:07,937 - 2019/4/26 22:02:07  000000000002  01开始
2019-04-26 22:02:07,944 - 2019/4/26 22:02:07  000000000001  01开始
2019-04-26 22:02:07,989 - 2019/4/26 22:02:07  000000000000  01开始
2019-04-26 22:02:08,030 - 2019/4/26 22:02:08000000000002
2019-04-26 22:02:08,314 - 00000000000262.234.134.161
2019-04-26 22:02:08,793 - 2019/4/26 22:02:08  000000000003  01开始
2019-04-26 22:02:08,861 - 2019/4/26 22:02:08000000000001
2019-04-26 22:02:08,869 - 2019/4/26 22:02:08  000000000002  01结束
2019-04-26 22:02:08,940 - 2019/4/26 22:02:08000000000003
2019-04-26 22:02:08,970 - 分配时出错System.InvalidOperationException: ExecuteReader 要求已打开且可用的 Connection。连接的当前状态为正在连接。
   在 System.Data.Odbc.OdbcConnection.SetStateExecuting(String method, OdbcTransaction transaction)
   在 System.Data.Odbc.OdbcCommand.ValidateConnectionAndTransaction(String method)
   在 System.Data.Odbc.OdbcCommand.ExecuteReaderObject(CommandBehavior behavior, String method, Boolean needReader, Object[] methodArguments, SQL_API odbcApiMethod)
   在 System.Data.Odbc.OdbcCommand.ExecuteReaderObject(CommandBehavior behavior, String method, Boolean needReader)
   在 System.Data.Odbc.OdbcCommand.ExecuteReader(CommandBehavior behavior)
   在 System.Data.Odbc.OdbcCommand.ExecuteDbDataReader(CommandBehavior behavior)
   在 System.Data.Common.DbCommand.System.Data.IDbCommand.ExecuteReader(CommandBehavior behavior)
   在 System.Data.Common.DbDataAdapter.FillInternal(DataSet dataset, DataTable[] datatables, Int32 startRecord, Int32 maxRecords, String srcTable, IDbCommand command, CommandBehavior behavior)
   在 System.Data.Common.DbDataAdapter.Fill(DataTable[] dataTables, Int32 startRecord, Int32 maxRecords, IDbCommand command, CommandBehavior behavior)
   在 System.Data.Common.DbDataAdapter.Fill(DataTable dataTable)
   在 NewPlat.MyDataSetTableAdapters.Dt_PlateInfoTableAdapter.GetDataBy1(Int32 id) 位置 E:\VS\NewPlat\NewPlat\MyDataSet.Designer.cs:行号 12503
   在 NewPlat.BLL.Logical.Plat_AnPai(Int32 number, String type) 位置 E:\VS\NewPlat\NewPlat\BLL\Logical.cs:行号 168
2019-04-26 22:02:08,981 - 000000000003失败
2019-04-26 22:02:09,189 - 00000000000362.234.134.161
2019-04-26 22:02:09,555 - 2019/4/26 22:02:09  000000000003  01结束
2019-04-26 22:02:09,731 - 2019/4/26 22:02:09  000000000001  01结束
2019-04-26 22:02:09,733 - 2019/4/26 22:02:09  000000000004  01开始
2019-04-26 22:02:09,873 - 2019/4/26 22:02:09  000000000000  01结束
2019-04-26 22:02:30,667 - 2019/4/26 22:02:30  000000000004  01结束
2019-04-26 22:02:30,674 - 2019/4/26 22:02:30  000000000005  01开始
2019-04-26 22:02:33,524 - System.ArgumentNullException: 值不能为 null。
   在 System.Threading.Monitor.ReliableEnter(Object obj, Boolean& lockTaken)
   在 System.Threading.Monitor.Enter(Object obj, Boolean& lockTaken)
   在 NewPlat.MyCommand.MyCommand01.ExecuteCommand(MySession session, MyRequestInfo requestInfo) 位置 E:\VS\NewPlat\NewPlat\MyCommand\MyCommand01.cs:行号 40
   在 SuperSocket.SocketBase.AppServerBase`2.ExecuteCommand(TAppSession session, TRequestInfo requestInfo)
2019-04-26 22:02:33,532 - 2019/4/26 22:02:33  000000000005  01结束
2019-04-26 22:02:33,557 - 2019/4/26 22:02:33  000000000006  01开始
2019-04-26 22:02:33,566 - System.ArgumentNullException: 值不能为 null。
   在 System.Threading.Monitor.ReliableEnter(Object obj, Boolean& lockTaken)
   在 System.Threading.Monitor.Enter(Object obj, Boolean& lockTaken)
   在 NewPlat.MyCommand.MyCommand01.ExecuteCommand(MySession session, MyRequestInfo requestInfo) 位置 E:\VS\NewPlat\NewPlat\MyCommand\MyCommand01.cs:行号 40
   在 SuperSocket.SocketBase.AppServerBase`2.ExecuteCommand(TAppSession session, TRequestInfo requestInfo)
2019-04-26 22:02:34,993 - 2019/4/26 22:02:34  000000000006  01结束
2019-04-26 22:02:35,020 - System.ArgumentNullException: 值不能为 null。
   在 System.Threading.Monitor.ReliableEnter(Object obj, Boolean& lockTaken)
   在 System.Threading.Monitor.Enter(Object obj, Boolean& lockTaken)
   在 NewPlat.MyCommand.MyCommand01.ExecuteCommand(MySession session, MyRequestInfo requestInfo) 位置 E:\VS\NewPlat\NewPlat\MyCommand\MyCommand01.cs:行号 40
   在 SuperSocket.SocketBase.AppServerBase`2.ExecuteCommand(TAppSession session, TRequestInfo requestInfo)
2019-04-26 22:02:35,040 - 2019/4/26 22:02:35  000000000007  01开始
2019-04-26 22:02:35,935 - 2019/4/26 22:02:35  000000000007  01结束
2019-04-26 22:02:35,952 - System.ArgumentNullException: 值不能为 null。
   在 System.Threading.Monitor.ReliableEnter(Object obj, Boolean& lockTaken)
   在 System.Threading.Monitor.Enter(Object obj, Boolean& lockTaken)
   在 NewPlat.MyCommand.MyCommand01.ExecuteCommand(MySession session, MyRequestInfo requestInfo) 位置 E:\VS\NewPlat\NewPlat\MyCommand\MyCommand01.cs:行号 40
   在 SuperSocket.SocketBase.AppServerBase`2.ExecuteCommand(TAppSession session, TRequestInfo requestInfo)
2019-04-26 22:02:36,681 - 2019/4/26 22:02:36  000000000008  01开始
2019-04-26 22:02:38,082 - 2019/4/26 22:02:38  000000000008  01结束
2019-04-26 22:02:38,101 - System.ArgumentNullException: 值不能为 null。
   在 System.Threading.Monitor.ReliableEnter(Object obj, Boolean& lockTaken)
   在 System.Threading.Monitor.Enter(Object obj, Boolean& lockTaken)
   在 NewPlat.MyCommand.MyCommand01.ExecuteCommand(MySession session, MyRequestInfo requestInfo) 位置 E:\VS\NewPlat\NewPlat\MyCommand\MyCommand01.cs:行号 40
   在 SuperSocket.SocketBase.AppServerBase`2.ExecuteCommand(TAppSession session, TRequestInfo requestInfo)
2019-04-26 22:02:38,680 - 2019/4/26 22:02:38  000000000009  01开始
2019-04-26 22:02:40,359 - 2019/4/26 22:02:40  000000000009  01结束
2019-04-26 22:02:40,374 - System.ArgumentNullException: 值不能为 null。
   在 System.Threading.Monitor.ReliableEnter(Object obj, Boolean& lockTaken)
   在 System.Threading.Monitor.Enter(Object obj, Boolean& lockTaken)
   在 NewPlat.MyCommand.MyCommand01.ExecuteCommand(MySession session, MyRequestInfo requestInfo) 位置 E:\VS\NewPlat\NewPlat\MyCommand\MyCommand01.cs:行号 40
   在 SuperSocket.SocketBase.AppServerBase`2.ExecuteCommand(TAppSession session, TRequestInfo requestInfo)
2019-04-26 22:02:41,182 - 2019/4/26 22:02:41  000000000010  01开始
2019-04-26 22:02:41,877 - 2019/4/26 22:02:41  000000000010  01结束
2019-04-26 22:02:41,895 - System.ArgumentNullException: 值不能为 null。
   在 System.Threading.Monitor.ReliableEnter(Object obj, Boolean& lockTaken)
   在 System.Threading.Monitor.Enter(Object obj, Boolean& lockTaken)
   在 NewPlat.MyCommand.MyCommand01.ExecuteCommand(MySession session, MyRequestInfo requestInfo) 位置 E:\VS\NewPlat\NewPlat\MyCommand\MyCommand01.cs:行号 40
   在 SuperSocket.SocketBase.AppServerBase`2.ExecuteCommand(TAppSession session, TRequestInfo requestInfo)
2019-04-26 22:02:42,687 - 2019/4/26 22:02:42  000000000011  01开始
2019-04-26 22:02:43,393 - 2019/4/26 22:02:43  000000000011  01结束
2019-04-26 22:02:43,410 - System.ArgumentNullException: 值不能为 null。
   在 System.Threading.Monitor.ReliableEnter(Object obj, Boolean& lockTaken)
   在 System.Threading.Monitor.Enter(Object obj, Boolean& lockTaken)
   在 NewPlat.MyCommand.MyCommand01.ExecuteCommand(MySession session, MyRequestInfo requestInfo) 位置 E:\VS\NewPlat\NewPlat\MyCommand\MyCommand01.cs:行号 40
   在 SuperSocket.SocketBase.AppServerBase`2.ExecuteCommand(TAppSession session, TRequestInfo requestInfo)
2019-04-26 22:02:44,182 - 2019/4/26 22:02:44  000000000012  01开始
2019-04-26 22:02:44,809 - 2019/4/26 22:02:44  000000000012  01结束
2019-04-26 22:02:44,826 - System.ArgumentNullException: 值不能为 null。
   在 System.Threading.Monitor.ReliableEnter(Object obj, Boolean& lockTaken)
   在 System.Threading.Monitor.Enter(Object obj, Boolean& lockTaken)
   在 NewPlat.MyCommand.MyCommand01.ExecuteCommand(MySession session, MyRequestInfo requestInfo) 位置 E:\VS\NewPlat\NewPlat\MyCommand\MyCommand01.cs:行号 40
   在 SuperSocket.SocketBase.AppServerBase`2.ExecuteCommand(TAppSession session, TRequestInfo requestInfo)
2019-04-26 22:02:45,681 - 2019/4/26 22:02:45  000000000013  01开始
2019-04-26 22:02:46,364 - 2019/4/26 22:02:46  000000000013  01结束
2019-04-26 22:02:46,382 - System.ArgumentNullException: 值不能为 null。
   在 System.Threading.Monitor.ReliableEnter(Object obj, Boolean& lockTaken)
   在 System.Threading.Monitor.Enter(Object obj, Boolean& lockTaken)
   在 NewPlat.MyCommand.MyCommand01.ExecuteCommand(MySession session, MyRequestInfo requestInfo) 位置 E:\VS\NewPlat\NewPlat\MyCommand\MyCommand01.cs:行号 40
   在 SuperSocket.SocketBase.AppServerBase`2.ExecuteCommand(TAppSession session, TRequestInfo requestInfo)
2019-04-26 22:02:47,182 - 2019/4/26 22:02:47  000000000014  01开始
2019-04-26 22:02:51,374 - 2019/4/26 22:02:51  000000000014  01结束
2019-04-26 22:02:51,392 - System.ArgumentNullException: 值不能为 null。
   在 System.Threading.Monitor.ReliableEnter(Object obj, Boolean& lockTaken)
   在 System.Threading.Monitor.Enter(Object obj, Boolean& lockTaken)
   在 NewPlat.MyCommand.MyCommand01.ExecuteCommand(MySession session, MyRequestInfo requestInfo) 位置 E:\VS\NewPlat\NewPlat\MyCommand\MyCommand01.cs:行号 40
   在 SuperSocket.SocketBase.AppServerBase`2.ExecuteCommand(TAppSession session, TRequestInfo requestInfo)
2019-04-26 22:02:51,670 - 2019/4/26 22:02:51  000000000015  01开始
2019-04-26 22:02:53,010 - 2019/4/26 22:02:53  000000000015  01结束
2019-04-26 22:02:53,027 - System.ArgumentNullException: 值不能为 null。
   在 System.Threading.Monitor.ReliableEnter(Object obj, Boolean& lockTaken)
   在 System.Threading.Monitor.Enter(Object obj, Boolean& lockTaken)
   在 NewPlat.MyCommand.MyCommand01.ExecuteCommand(MySession session, MyRequestInfo requestInfo) 位置 E:\VS\NewPlat\NewPlat\MyCommand\MyCommand01.cs:行号 40
   在 SuperSocket.SocketBase.AppServerBase`2.ExecuteCommand(TAppSession session, TRequestInfo requestInfo)
2019-04-26 22:02:53,046 - 2019/4/26 22:02:53  000000000016  01开始
2019-04-26 22:02:53,956 - 2019/4/26 22:02:53  000000000016  01结束
2019-04-26 22:02:53,974 - System.ArgumentNullException: 值不能为 null。
   在 System.Threading.Monitor.ReliableEnter(Object obj, Boolean& lockTaken)
   在 System.Threading.Monitor.Enter(Object obj, Boolean& lockTaken)
   在 NewPlat.MyCommand.MyCommand01.ExecuteCommand(MySession session, MyRequestInfo requestInfo) 位置 E:\VS\NewPlat\NewPlat\MyCommand\MyCommand01.cs:行号 40
   在 SuperSocket.SocketBase.AppServerBase`2.ExecuteCommand(TAppSession session, TRequestInfo requestInfo)
2019-04-26 22:02:54,534 - 2019/4/26 22:02:54  000000000017  01开始
2019-04-26 22:02:55,227 - 2019/4/26 22:02:55  000000000017  01结束
2019-04-26 22:02:55,270 - System.ArgumentNullException: 值不能为 null。
   在 System.Threading.Monitor.ReliableEnter(Object obj, Boolean& lockTaken)
   在 System.Threading.Monitor.Enter(Object obj, Boolean& lockTaken)
   在 NewPlat.MyCommand.MyCommand01.ExecuteCommand(MySession session, MyRequestInfo requestInfo) 位置 E:\VS\NewPlat\NewPlat\MyCommand\MyCommand01.cs:行号 40
   在 SuperSocket.SocketBase.AppServerBase`2.ExecuteCommand(TAppSession session, TRequestInfo requestInfo)
2019-04-26 22:02:56,181 - 2019/4/26 22:02:56  000000000018  01开始
2019-04-26 22:02:56,889 - 2019/4/26 22:02:56  000000000018  01结束
2019-04-26 22:02:56,906 - System.ArgumentNullException: 值不能为 null。
   在 System.Threading.Monitor.ReliableEnter(Object obj, Boolean& lockTaken)
   在 System.Threading.Monitor.Enter(Object obj, Boolean& lockTaken)
   在 NewPlat.MyCommand.MyCommand01.ExecuteCommand(MySession session, MyRequestInfo requestInfo) 位置 E:\VS\NewPlat\NewPlat\MyCommand\MyCommand01.cs:行号 40
   在 SuperSocket.SocketBase.AppServerBase`2.ExecuteCommand(TAppSession session, TRequestInfo requestInfo)
2019-04-26 22:02:57,686 - 2019/4/26 22:02:57  000000000019  01开始
2019-04-26 22:02:58,082 - 2019/4/26 22:02:58  000000000019  01结束
2019-04-26 22:02:58,103 - System.ArgumentNullException: 值不能为 null。
   在 System.Threading.Monitor.ReliableEnter(Object obj, Boolean& lockTaken)
   在 System.Threading.Monitor.Enter(Object obj, Boolean& lockTaken)
   在 NewPlat.MyCommand.MyCommand01.ExecuteCommand(MySession session, MyRequestInfo requestInfo) 位置 E:\VS\NewPlat\NewPlat\MyCommand\MyCommand01.cs:行号 40
   在 SuperSocket.SocketBase.AppServerBase`2.ExecuteCommand(TAppSession session, TRequestInfo requestInfo)
2019-04-26 22:24:05,432 - 2019/4/26 22:24:05  000000000001  01开始
2019-04-26 22:24:05,439 - 2019/4/26 22:24:05  000000000003  01开始
2019-04-26 22:24:05,455 - 2019/4/26 22:24:05  000000000002  01开始
2019-04-26 22:24:05,523 - 2019/4/26 22:24:05000000000001
2019-04-26 22:24:05,738 - 00000000000162.234.134.161
2019-04-26 22:24:06,257 - 2019/4/26 22:24:06  000000000000  01开始
2019-04-26 22:24:06,348 - 2019/4/26 22:24:06  000000000001  01结束
2019-04-26 22:24:06,369 - 2019/4/26 22:24:06  000000000003  01结束
2019-04-26 22:24:06,391 - 2019/4/26 22:24:06  000000000004  01开始
2019-04-26 22:24:06,424 - 2019/4/26 22:24:06000000000002
2019-04-26 22:24:06,704 - 00000000000262.234.134.161
2019-04-26 22:24:07,275 - 2019/4/26 22:24:07000000000004
2019-04-26 22:24:07,282 - 2019/4/26 22:24:07  000000000002  01结束
2019-04-26 22:24:07,300 - 2019/4/26 22:24:07  000000000005  01开始
2019-04-26 22:24:07,630 - 00000000000462.234.134.161
2019-04-26 22:24:08,187 - 2019/4/26 22:24:08000000000005
2019-04-26 22:24:08,204 - 2019/4/26 22:24:08  000000000004  01结束
2019-04-26 22:24:08,226 - 2019/4/26 22:24:08  000000000007  01开始
2019-04-26 22:24:08,654 - 00000000000562.234.134.161
2019-04-26 22:24:09,199 - 2019/4/26 22:24:09000000000007
2019-04-26 22:24:09,216 - 2019/4/26 22:24:09  000000000005  01结束
2019-04-26 22:24:09,239 - 2019/4/26 22:24:09  000000000008  01开始
2019-04-26 22:24:09,692 - 00000000000762.234.134.161
2019-04-26 22:24:10,304 - 2019/4/26 22:24:10000000000008
2019-04-26 22:24:10,336 - 2019/4/26 22:24:10  000000000007  01结束
2019-04-26 22:24:10,359 - 2019/4/26 22:24:10  000000000009  01开始
2019-04-26 22:24:10,980 - 00000000000862.234.134.161
2019-04-26 22:24:11,384 - 2019/4/26 22:24:11000000000009
2019-04-26 22:24:11,391 - 2019/4/26 22:24:11  000000000008  01结束
2019-04-26 22:24:11,568 - 2019/4/26 22:24:11  000000000010  01开始
2019-04-26 22:24:11,880 - 000000000009失败
2019-04-26 22:24:12,486 - 2019/4/26 22:24:12  000000000009  01结束
2019-04-26 22:24:12,565 - 2019/4/26 22:24:12000000000010
2019-04-26 22:24:12,640 - 2019/4/26 22:24:12  000000000000  01结束
2019-04-26 22:24:12,650 - 2019/4/26 22:24:12  000000000006  01开始
2019-04-26 22:24:13,129 - 000000000010失败
2019-04-26 22:24:13,626 - 2019/4/26 22:24:13  000000000011  01开始
2019-04-26 22:24:13,637 - 2019/4/26 22:24:13  000000000010  01结束
2019-04-26 22:24:13,697 - 2019/4/26 22:24:13000000000006
2019-04-26 22:24:14,155 - 000000000006失败
2019-04-26 22:24:14,589 - 2019/4/26 22:24:14  000000000012  01开始
2019-04-26 22:24:14,684 - 2019/4/26 22:24:14  000000000006  01结束
2019-04-26 22:24:14,742 - 2019/4/26 22:24:14000000000011
2019-04-26 22:24:15,242 - 000000000011失败
2019-04-26 22:24:15,675 - 2019/4/26 22:24:15  000000000013  01开始
2019-04-26 22:24:15,763 - 2019/4/26 22:24:15  000000000011  01结束
2019-04-26 22:24:15,823 - 2019/4/26 22:24:15000000000012
2019-04-26 22:24:16,296 - 000000000012失败
2019-04-26 22:24:16,603 - 2019/4/26 22:24:16  000000000014  01开始
2019-04-26 22:24:16,779 - 2019/4/26 22:24:16  000000000012  01结束
2019-04-26 22:24:16,837 - 2019/4/26 22:24:16000000000013
2019-04-26 22:24:17,289 - 000000000013失败
2019-04-26 22:24:17,541 - 2019/4/26 22:24:17  000000000015  01开始
2019-04-26 22:24:17,820 - 2019/4/26 22:24:17  000000000013  01结束
2019-04-26 22:24:17,857 - 2019/4/26 22:24:17000000000014
2019-04-26 22:24:18,352 - 000000000014失败
2019-04-26 22:24:18,544 - 2019/4/26 22:24:18  000000000016  01开始
2019-04-26 22:24:18,924 - 2019/4/26 22:24:18  000000000014  01结束
2019-04-26 22:24:18,929 - 2019/4/26 22:24:18000000000015
2019-04-26 22:24:19,538 - 000000000015失败
2019-04-26 22:24:20,016 - 2019/4/26 22:24:19  000000000015  01结束
2019-04-26 22:24:20,066 - 2019/4/26 22:24:20000000000016
2019-04-26 22:24:20,108 - 2019/4/26 22:24:20  000000000017  01开始
2019-04-26 22:24:20,544 - 000000000016失败
2019-04-26 22:24:21,074 - 2019/4/26 22:24:21  000000000018  01开始
2019-04-26 22:24:21,173 - 2019/4/26 22:24:21  000000000016  01结束
2019-04-26 22:24:21,219 - 2019/4/26 22:24:21000000000017
2019-04-26 22:24:21,707 - 000000000017失败
2019-04-26 22:24:22,053 - 2019/4/26 22:24:22  000000000019  01开始
2019-04-26 22:24:22,236 - 2019/4/26 22:24:22  000000000017  01结束
2019-04-26 22:24:22,283 - 2019/4/26 22:24:22000000000018
2019-04-26 22:24:22,763 - 000000000018失败
2019-04-26 22:24:23,269 - 2019/4/26 22:24:23  000000000018  01结束
2019-04-26 22:24:23,313 - 2019/4/26 22:24:23000000000019
2019-04-26 22:24:23,803 - 000000000019失败
2019-04-26 22:24:24,300 - 2019/4/26 22:24:24  000000000019  01结束
2019-04-26 22:35:51,343 - 2019/4/26 22:35:51  000000000003  01开始
2019-04-26 22:35:51,425 - 2019/4/26 22:35:51  000000000000  01开始
2019-04-26 22:35:51,457 - 2019/4/26 22:35:51  000000000002  01开始
2019-04-26 22:35:51,474 - 2019/4/26 22:35:51  000000000003  01结束
2019-04-26 22:35:51,490 - 2019/4/26 22:35:51  000000000001  01开始
2019-04-26 22:35:51,555 - 2019/4/26 22:35:51  000000000000  01结束
2019-04-26 22:35:51,627 - 2019/4/26 22:35:51000000000001
2019-04-26 22:35:52,125 - 000000000001失败
2019-04-26 22:35:52,235 - 2019/4/26 22:35:52  000000000005  01开始
2019-04-26 22:35:52,847 - 2019/4/26 22:35:52  000000000001  01结束
2019-04-26 22:35:52,856 - 2019/4/26 22:35:52000000000002
2019-04-26 22:35:53,329 - 000000000002失败
2019-04-26 22:35:53,752 - 2019/4/26 22:35:53  000000000007  01开始
2019-04-26 22:35:53,926 - 2019/4/26 22:35:53  000000000002  01结束
2019-04-26 22:35:53,975 - 2019/4/26 22:35:53000000000005
2019-04-26 22:35:54,458 - 000000000005失败
2019-04-26 22:35:54,764 - 2019/4/26 22:35:54  000000000006  01开始
2019-04-26 22:35:54,936 - 2019/4/26 22:35:54  000000000005  01结束
2019-04-26 22:35:54,980 - 2019/4/26 22:35:54000000000007
2019-04-26 22:35:55,435 - 000000000007失败
2019-04-26 22:35:55,753 - 2019/4/26 22:35:55  000000000004  01开始
2019-04-26 22:35:55,930 - 2019/4/26 22:35:55  000000000007  01结束
2019-04-26 22:35:56,053 - 2019/4/26 22:35:56  000000000006  01结束
2019-04-26 22:35:56,068 - 2019/4/26 22:35:56  000000000011  01开始
2019-04-26 22:35:56,080 - 2019/4/26 22:35:56000000000004
2019-04-26 22:35:56,515 - 000000000004失败
2019-04-26 22:35:57,095 - 2019/4/26 22:35:57  000000000004  01结束
2019-04-26 22:35:57,155 - 2019/4/26 22:35:57  000000000011  01结束
2019-04-26 22:35:57,171 - 2019/4/26 22:35:57  000000000012  01开始
2019-04-26 22:35:57,279 - 2019/4/26 22:35:57  000000000012  01结束
2019-04-26 22:35:58,235 - 2019/4/26 22:35:58  000000000013  01开始
2019-04-26 22:35:58,343 - 2019/4/26 22:35:58  000000000013  01结束
2019-04-26 22:35:59,234 - 2019/4/26 22:35:59  000000000014  01开始
2019-04-26 22:35:59,342 - 2019/4/26 22:35:59  000000000014  01结束
2019-04-26 22:36:00,237 - 2019/4/26 22:36:00  000000000015  01开始
2019-04-26 22:36:00,342 - 2019/4/26 22:36:00  000000000015  01结束
2019-04-26 22:36:02,233 - 2019/4/26 22:36:02  000000000008  01开始
2019-04-26 22:36:02,319 - 2019/4/26 22:36:02000000000008
2019-04-26 22:36:02,760 - 000000000008失败
2019-04-26 22:36:03,385 - 2019/4/26 22:36:03  000000000008  01结束
2019-04-26 22:36:04,232 - 2019/4/26 22:36:04  000000000016  01开始
2019-04-26 22:36:04,332 - 2019/4/26 22:36:04  000000000016  01结束
2019-04-26 22:36:05,233 - 2019/4/26 22:36:05  000000000009  01开始
2019-04-26 22:36:05,341 - 2019/4/26 22:36:05  000000000009  01结束
2019-04-26 22:36:06,234 - 2019/4/26 22:36:06  000000000010  01开始
2019-04-26 22:36:06,341 - 2019/4/26 22:36:06  000000000010  01结束
2019-04-26 22:36:07,235 - 2019/4/26 22:36:07  000000000017  01开始
2019-04-26 22:36:07,345 - 2019/4/26 22:36:07  000000000017  01结束
2019-04-26 22:36:08,233 - 2019/4/26 22:36:08  000000000018  01开始
2019-04-26 22:36:08,341 - 2019/4/26 22:36:08  000000000018  01结束
2019-04-26 22:36:09,238 - 2019/4/26 22:36:09  000000000019  01开始
2019-04-26 22:36:09,351 - 2019/4/26 22:36:09  000000000019  01结束
2019-04-26 23:07:33,979 - 2019/4/26 23:07:33  000000000000  01开始
2019-04-26 23:07:34,121 - 2019/4/26 23:07:34  000000000003  01开始
2019-04-26 23:07:34,104 - 2019/4/26 23:07:34000000000000
2019-04-26 23:07:34,113 - 2019/4/26 23:07:34  000000000002  01开始
2019-04-26 23:07:34,496 - 00000000000062.234.134.161
2019-04-26 23:07:34,984 - 2019/4/26 23:07:34  000000000001  01开始
2019-04-26 23:07:35,052 - 2019/4/26 23:07:34  000000000000  01结束
2019-04-26 23:07:35,057 - 2019/4/26 23:07:35000000000003
2019-04-26 23:07:35,410 - 00000000000362.234.134.161
2019-04-26 23:07:35,923 - 2019/4/26 23:07:35000000000002
2019-04-26 23:07:35,938 - 2019/4/26 23:07:35  000000000003  01结束
2019-04-26 23:07:35,940 - 2019/4/26 23:07:35  000000000004  01开始
2019-04-26 23:07:36,412 - 00000000000262.234.134.161
2019-04-26 23:07:36,891 - 2019/4/26 23:07:36  000000000008  01开始
2019-04-26 23:07:36,964 - 2019/4/26 23:07:36000000000001
2019-04-26 23:07:36,965 - 2019/4/26 23:07:36  000000000002  01结束
2019-04-26 23:07:37,455 - 00000000000162.234.134.161
2019-04-26 23:07:37,897 - 2019/4/26 23:07:37000000000004
2019-04-26 23:07:37,905 - 2019/4/26 23:07:37  000000000001  01结束
2019-04-26 23:07:38,091 - 2019/4/26 23:07:38  000000000009  01开始
2019-04-26 23:07:38,496 - 00000000000462.234.134.161
2019-04-26 23:07:38,883 - 2019/4/26 23:07:38000000000009
2019-04-26 23:07:38,902 - 2019/4/26 23:07:38  000000000004  01结束
2019-04-26 23:07:39,098 - 2019/4/26 23:07:39  000000000005  01开始
2019-04-26 23:07:39,354 - 000000000009空
2019-04-26 23:07:39,883 - 2019/4/26 23:07:39000000000008
2019-04-26 23:07:39,886 - 2019/4/26 23:07:39  000000000009  01结束
2019-04-26 23:07:40,350 - 000000000008空
2019-04-26 23:07:40,903 - 2019/4/26 23:07:40  000000000008  01结束
2019-04-26 23:07:40,905 - 2019/4/26 23:07:40  000000000010  01开始
2019-04-26 23:07:40,910 - 2019/4/26 23:07:40000000000005
2019-04-26 23:07:41,357 - 000000000005空
2019-04-26 23:07:41,884 - 2019/4/26 23:07:41  000000000006  01开始
2019-04-26 23:07:41,952 - 2019/4/26 23:07:41000000000010
2019-04-26 23:07:41,971 - 2019/4/26 23:07:41  000000000005  01结束
2019-04-26 23:07:42,421 - 000000000010空
2019-04-26 23:07:42,938 - 2019/4/26 23:07:42  000000000011  01开始
2019-04-26 23:07:43,007 - 2019/4/26 23:07:43000000000006
2019-04-26 23:07:43,019 - 2019/4/26 23:07:42  000000000010  01结束
2019-04-26 23:07:43,459 - 000000000006空
2019-04-26 23:07:44,017 - 2019/4/26 23:07:43  000000000013  01开始
2019-04-26 23:07:44,089 - 2019/4/26 23:07:44000000000011
2019-04-26 23:07:44,091 - 2019/4/26 23:07:44  000000000006  01结束
2019-04-26 23:07:44,549 - 000000000011空
2019-04-26 23:07:44,915 - 2019/4/26 23:07:44000000000013
2019-04-26 23:07:44,937 - 2019/4/26 23:07:44  000000000011  01结束
2019-04-26 23:07:45,291 - 2019/4/26 23:07:45  000000000014  01开始
2019-04-26 23:07:45,384 - 000000000013空
2019-04-26 23:07:45,746 - 2019/4/26 23:07:45000000000014
2019-04-26 23:07:45,761 - 2019/4/26 23:07:45  000000000013  01结束
2019-04-26 23:07:45,958 - 2019/4/26 23:07:45  000000000015  01开始
2019-04-26 23:07:46,223 - 000000000014空
2019-04-26 23:07:46,592 - 2019/4/26 23:07:46000000000015
2019-04-26 23:07:46,601 - 2019/4/26 23:07:46  000000000014  01结束
2019-04-26 23:07:47,040 - 000000000015空
2019-04-26 23:07:47,382 - 2019/4/26 23:07:47  000000000016  01开始
2019-04-26 23:07:47,697 - 2019/4/26 23:07:47000000000016
2019-04-26 23:07:47,705 - 2019/4/26 23:07:47  000000000015  01结束
2019-04-26 23:07:48,286 - 000000000016空
2019-04-26 23:07:48,382 - 2019/4/26 23:07:48  000000000017  01开始
2019-04-26 23:07:48,667 - 2019/4/26 23:07:48000000000017
2019-04-26 23:07:48,686 - 2019/4/26 23:07:48  000000000016  01结束
2019-04-26 23:07:49,114 - 000000000017空
2019-04-26 23:07:49,437 - 2019/4/26 23:07:49  000000000018  01开始
2019-04-26 23:07:49,509 - 2019/4/26 23:07:49  000000000017  01结束
2019-04-26 23:07:49,583 - 2019/4/26 23:07:49000000000018
2019-04-26 23:07:50,097 - 000000000018空
2019-04-26 23:07:50,398 - 2019/4/26 23:07:50  000000000019  01开始
2019-04-26 23:07:50,474 - 2019/4/26 23:07:50  000000000018  01结束
2019-04-26 23:07:50,548 - 2019/4/26 23:07:50000000000019
2019-04-26 23:07:50,798 - 2019/4/26 23:07:50  000000000012  01开始
2019-04-26 23:07:51,047 - 000000000019空
2019-04-26 23:07:51,442 - 2019/4/26 23:07:51000000000012
2019-04-26 23:07:51,452 - 2019/4/26 23:07:51  000000000019  01结束
2019-04-26 23:07:51,917 - 000000000012空
2019-04-26 23:07:51,952 - 2019/4/26 23:07:51  000000000007  01开始
2019-04-26 23:07:52,320 - 2019/4/26 23:07:52  000000000012  01结束
2019-04-26 23:07:52,322 - 2019/4/26 23:07:52000000000007
2019-04-26 23:07:52,919 - 000000000007空
2019-04-26 23:07:53,303 - 2019/4/26 23:07:53  000000000007  01结束
