2019-05-17 22:05:25,997 - 2019/5/17 22:05:25  000000000001  01获取锁
2019-05-17 22:05:26,087 - 2019/5/17 22:05:26  000000000001  进入分配逻辑
2019-05-17 22:05:26,175 - 00000000000162.234.134.161
2019-05-17 22:05:39,313 - 检测平台异常或数据异常System.Net.Sockets.SocketException (0x80004005): 由于连接方在一段时间后没有正确答复或连接的主机没有反应，连接尝试失败。 62.234.134.161:3001
   在 System.Net.Sockets.Socket.DoConnect(EndPoint endPointSnapshot, SocketAddress socketAddress)
   在 System.Net.Sockets.Socket.Connect(EndPoint remoteEP)
   在 System.Net.Sockets.Socket.Connect(IPAddress address, Int32 port)
   在 NewPlat.MyCommand.MyCommand01.ExecuteCommand(MySession session, MyRequestInfo requestInfo) 位置 E:\VS\NewPlat\NewPlat\MyCommand\MyCommand01.cs:行号 117
2019-05-17 22:08:01,271 - 2019/5/17 22:08:01  000000000001  01获取锁
2019-05-17 22:08:01,418 - 2019/5/17 22:08:01  000000000001  进入分配逻辑
2019-05-17 22:08:01,517 - 00000000000162.234.134.161
2019-05-17 22:13:54,287 - 2019/5/17 22:13:54  000000000002  01获取锁
2019-05-17 22:13:54,376 - 2019/5/17 22:13:54  000000000002  进入分配逻辑
2019-05-17 22:13:54,528 - 000000000002192.168.3.163
2019-05-17 22:21:32,138 - 2019/5/17 22:21:32  000000000004  01获取锁
2019-05-17 22:21:32,233 - 2019/5/17 22:21:32  000000000004  进入分配逻辑
2019-05-17 22:21:32,310 - 000000000004192.168.3.163
2019-05-17 22:26:19,275 - 2019/5/17 22:26:19  000000000005  01获取锁
2019-05-17 22:26:19,366 - 2019/5/17 22:26:19  000000000005  进入分配逻辑
2019-05-17 22:26:19,453 - 000000000005192.168.3.163
