2019-07-03 14:34:40,204 - System.Net.Sockets.SocketException (0x80004005): 由于目标计算机积极拒绝，无法连接。 192.168.3.103:3009
   在 System.Net.Sockets.Socket.DoConnect(EndPoint endPointSnapshot, SocketAddress socketAddress)
   在 System.Net.Sockets.Socket.Connect(EndPoint remoteEP)
   在 System.Net.Sockets.Socket.Connect(IPAddress address, Int32 port)
   在 NewPlat.MyCommand.MyCommand66.ExecuteCommand(MySession session, MyRequestInfo requestInfo) 位置 E:\VS\NewPlat_new\NewPlat\MyCommand\MyCommand66.cs:行号 283
   在 SuperSocket.SocketBase.AppServerBase`2.ExecuteCommand(TAppSession session, TRequestInfo requestInfo)
2019-07-03 14:37:44,553 - System.Net.Sockets.SocketException (0x80004005): 由于目标计算机积极拒绝，无法连接。 192.168.3.103:3009
   在 System.Net.Sockets.Socket.DoConnect(EndPoint endPointSnapshot, SocketAddress socketAddress)
   在 System.Net.Sockets.Socket.Connect(EndPoint remoteEP)
   在 System.Net.Sockets.Socket.Connect(IPAddress address, Int32 port)
   在 NewPlat.MyCommand.MyCommand66.ExecuteCommand(MySession session, MyRequestInfo requestInfo) 位置 E:\VS\NewPlat_new\NewPlat\MyCommand\MyCommand66.cs:行号 283
   在 SuperSocket.SocketBase.AppServerBase`2.ExecuteCommand(TAppSession session, TRequestInfo requestInfo)
2019-07-03 14:40:32,035 - System.Net.Sockets.SocketException (0x80004005): 由于目标计算机积极拒绝，无法连接。 192.168.3.103:3009
   在 System.Net.Sockets.Socket.DoConnect(EndPoint endPointSnapshot, SocketAddress socketAddress)
   在 System.Net.Sockets.Socket.Connect(EndPoint remoteEP)
   在 System.Net.Sockets.Socket.Connect(IPAddress address, Int32 port)
   在 NewPlat.MyCommand.MyCommand66.ExecuteCommand(MySession session, MyRequestInfo requestInfo) 位置 E:\VS\NewPlat_new\NewPlat\MyCommand\MyCommand66.cs:行号 283
   在 SuperSocket.SocketBase.AppServerBase`2.ExecuteCommand(TAppSession session, TRequestInfo requestInfo)
2019-07-03 14:43:39,182 - System.Net.Sockets.SocketException (0x80004005): 由于目标计算机积极拒绝，无法连接。 192.168.3.103:3009
   在 System.Net.Sockets.Socket.DoConnect(EndPoint endPointSnapshot, SocketAddress socketAddress)
   在 System.Net.Sockets.Socket.Connect(EndPoint remoteEP)
   在 System.Net.Sockets.Socket.Connect(IPAddress address, Int32 port)
   在 NewPlat.MyCommand.MyCommand66.ExecuteCommand(MySession session, MyRequestInfo requestInfo) 位置 E:\VS\NewPlat_new\NewPlat\MyCommand\MyCommand66.cs:行号 283
   在 SuperSocket.SocketBase.AppServerBase`2.ExecuteCommand(TAppSession session, TRequestInfo requestInfo)
2019-07-03 14:45:04,001 - System.Net.Sockets.SocketException (0x80004005): 由于目标计算机积极拒绝，无法连接。 192.168.3.103:3009
   在 System.Net.Sockets.Socket.DoConnect(EndPoint endPointSnapshot, SocketAddress socketAddress)
   在 System.Net.Sockets.Socket.Connect(EndPoint remoteEP)
   在 System.Net.Sockets.Socket.Connect(IPAddress address, Int32 port)
   在 NewPlat.MyCommand.MyCommand66.ExecuteCommand(MySession session, MyRequestInfo requestInfo) 位置 E:\VS\NewPlat_new\NewPlat\MyCommand\MyCommand66.cs:行号 283
   在 SuperSocket.SocketBase.AppServerBase`2.ExecuteCommand(TAppSession session, TRequestInfo requestInfo)
2019-07-03 14:45:15,499 - System.Net.Sockets.SocketException (0x80004005): 由于目标计算机积极拒绝，无法连接。 192.168.3.103:3009
   在 System.Net.Sockets.Socket.DoConnect(EndPoint endPointSnapshot, SocketAddress socketAddress)
   在 System.Net.Sockets.Socket.Connect(EndPoint remoteEP)
   在 System.Net.Sockets.Socket.Connect(IPAddress address, Int32 port)
   在 NewPlat.MyCommand.MyCommand66.ExecuteCommand(MySession session, MyRequestInfo requestInfo) 位置 E:\VS\NewPlat_new\NewPlat\MyCommand\MyCommand66.cs:行号 283
   在 SuperSocket.SocketBase.AppServerBase`2.ExecuteCommand(TAppSession session, TRequestInfo requestInfo)
2019-07-03 14:48:43,756 - System.Net.Sockets.SocketException (0x80004005): 由于目标计算机积极拒绝，无法连接。 192.168.3.103:3009
   在 System.Net.Sockets.Socket.DoConnect(EndPoint endPointSnapshot, SocketAddress socketAddress)
   在 System.Net.Sockets.Socket.Connect(EndPoint remoteEP)
   在 System.Net.Sockets.Socket.Connect(IPAddress address, Int32 port)
   在 NewPlat.MyCommand.MyCommand66.ExecuteCommand(MySession session, MyRequestInfo requestInfo) 位置 E:\VS\NewPlat_new\NewPlat\MyCommand\MyCommand66.cs:行号 283
   在 SuperSocket.SocketBase.AppServerBase`2.ExecuteCommand(TAppSession session, TRequestInfo requestInfo)
2019-07-03 14:53:32,842 - System.Net.Sockets.SocketException (0x80004005): 由于目标计算机积极拒绝，无法连接。 192.168.3.103:3009
   在 System.Net.Sockets.Socket.DoConnect(EndPoint endPointSnapshot, SocketAddress socketAddress)
   在 System.Net.Sockets.Socket.Connect(EndPoint remoteEP)
   在 System.Net.Sockets.Socket.Connect(IPAddress address, Int32 port)
   在 NewPlat.MyCommand.MyCommand66.ExecuteCommand(MySession session, MyRequestInfo requestInfo) 位置 E:\VS\NewPlat_new\NewPlat\MyCommand\MyCommand66.cs:行号 283
   在 SuperSocket.SocketBase.AppServerBase`2.ExecuteCommand(TAppSession session, TRequestInfo requestInfo)
2019-07-03 14:57:58,303 - System.Net.Sockets.SocketException (0x80004005): 由于目标计算机积极拒绝，无法连接。 192.168.3.103:3009
   在 System.Net.Sockets.Socket.DoConnect(EndPoint endPointSnapshot, SocketAddress socketAddress)
   在 System.Net.Sockets.Socket.Connect(EndPoint remoteEP)
   在 System.Net.Sockets.Socket.Connect(IPAddress address, Int32 port)
   在 NewPlat.MyCommand.MyCommand66.ExecuteCommand(MySession session, MyRequestInfo requestInfo) 位置 E:\VS\NewPlat_new\NewPlat\MyCommand\MyCommand66.cs:行号 283
   在 SuperSocket.SocketBase.AppServerBase`2.ExecuteCommand(TAppSession session, TRequestInfo requestInfo)
2019-07-03 15:09:38,621 - System.Net.Sockets.SocketException (0x80004005): 由于目标计算机积极拒绝，无法连接。 192.168.3.103:3009
   在 System.Net.Sockets.Socket.DoConnect(EndPoint endPointSnapshot, SocketAddress socketAddress)
   在 System.Net.Sockets.Socket.Connect(EndPoint remoteEP)
   在 System.Net.Sockets.Socket.Connect(IPAddress address, Int32 port)
   在 NewPlat.MyCommand.MyCommand66.ExecuteCommand(MySession session, MyRequestInfo requestInfo) 位置 E:\VS\NewPlat_new\NewPlat\MyCommand\MyCommand66.cs:行号 283
   在 SuperSocket.SocketBase.AppServerBase`2.ExecuteCommand(TAppSession session, TRequestInfo requestInfo)
2019-07-03 15:10:41,649 - System.Net.Sockets.SocketException (0x80004005): 由于目标计算机积极拒绝，无法连接。 192.168.3.103:3009
   在 System.Net.Sockets.Socket.DoConnect(EndPoint endPointSnapshot, SocketAddress socketAddress)
   在 System.Net.Sockets.Socket.Connect(EndPoint remoteEP)
   在 System.Net.Sockets.Socket.Connect(IPAddress address, Int32 port)
   在 NewPlat.MyCommand.MyCommand66.ExecuteCommand(MySession session, MyRequestInfo requestInfo) 位置 E:\VS\NewPlat_new\NewPlat\MyCommand\MyCommand66.cs:行号 283
   在 SuperSocket.SocketBase.AppServerBase`2.ExecuteCommand(TAppSession session, TRequestInfo requestInfo)
2019-07-03 16:07:57,320 - System.Net.Sockets.SocketException (0x80004005): 由于目标计算机积极拒绝，无法连接。 192.168.3.103:3009
   在 System.Net.Sockets.Socket.DoConnect(EndPoint endPointSnapshot, SocketAddress socketAddress)
   在 System.Net.Sockets.Socket.Connect(EndPoint remoteEP)
   在 System.Net.Sockets.Socket.Connect(IPAddress address, Int32 port)
   在 NewPlat.MyCommand.MyCommand66.ExecuteCommand(MySession session, MyRequestInfo requestInfo) 位置 E:\VS\NewPlat_new\NewPlat\MyCommand\MyCommand66.cs:行号 283
   在 SuperSocket.SocketBase.AppServerBase`2.ExecuteCommand(TAppSession session, TRequestInfo requestInfo)
2019-07-03 18:30:06,376 - System.Net.Sockets.SocketException (0x80004005): 由于目标计算机积极拒绝，无法连接。 192.168.3.103:3009
   在 System.Net.Sockets.Socket.DoConnect(EndPoint endPointSnapshot, SocketAddress socketAddress)
   在 System.Net.Sockets.Socket.Connect(EndPoint remoteEP)
   在 System.Net.Sockets.Socket.Connect(IPAddress address, Int32 port)
   在 NewPlat.MyCommand.MyCommand66.ExecuteCommand(MySession session, MyRequestInfo requestInfo) 位置 E:\VS\NewPlat_new\NewPlat\MyCommand\MyCommand66.cs:行号 283
   在 SuperSocket.SocketBase.AppServerBase`2.ExecuteCommand(TAppSession session, TRequestInfo requestInfo)
2019-07-03 18:36:10,876 - System.Net.Sockets.SocketException (0x80004005): 由于目标计算机积极拒绝，无法连接。 192.168.3.103:3009
   在 System.Net.Sockets.Socket.DoConnect(EndPoint endPointSnapshot, SocketAddress socketAddress)
   在 System.Net.Sockets.Socket.Connect(EndPoint remoteEP)
   在 System.Net.Sockets.Socket.Connect(IPAddress address, Int32 port)
   在 NewPlat.MyCommand.MyCommand66.ExecuteCommand(MySession session, MyRequestInfo requestInfo) 位置 E:\VS\NewPlat_new\NewPlat\MyCommand\MyCommand66.cs:行号 283
   在 SuperSocket.SocketBase.AppServerBase`2.ExecuteCommand(TAppSession session, TRequestInfo requestInfo)
2019-07-03 18:54:11,739 - System.Net.Sockets.SocketException (0x80004005): 由于目标计算机积极拒绝，无法连接。 192.168.3.103:3009
   在 System.Net.Sockets.Socket.DoConnect(EndPoint endPointSnapshot, SocketAddress socketAddress)
   在 System.Net.Sockets.Socket.Connect(EndPoint remoteEP)
   在 System.Net.Sockets.Socket.Connect(IPAddress address, Int32 port)
   在 NewPlat.MyCommand.MyCommand66.ExecuteCommand(MySession session, MyRequestInfo requestInfo) 位置 E:\VS\NewPlat_new\NewPlat\MyCommand\MyCommand66.cs:行号 283
   在 SuperSocket.SocketBase.AppServerBase`2.ExecuteCommand(TAppSession session, TRequestInfo requestInfo)
2019-07-03 18:59:38,492 - System.Net.Sockets.SocketException (0x80004005): 由于目标计算机积极拒绝，无法连接。 192.168.3.103:3009
   在 System.Net.Sockets.Socket.DoConnect(EndPoint endPointSnapshot, SocketAddress socketAddress)
   在 System.Net.Sockets.Socket.Connect(EndPoint remoteEP)
   在 System.Net.Sockets.Socket.Connect(IPAddress address, Int32 port)
   在 NewPlat.MyCommand.MyCommand66.ExecuteCommand(MySession session, MyRequestInfo requestInfo) 位置 E:\VS\NewPlat_new\NewPlat\MyCommand\MyCommand66.cs:行号 283
   在 SuperSocket.SocketBase.AppServerBase`2.ExecuteCommand(TAppSession session, TRequestInfo requestInfo)
2019-07-03 19:02:31,633 - System.Net.Sockets.SocketException (0x80004005): 由于目标计算机积极拒绝，无法连接。 192.168.3.103:3009
   在 System.Net.Sockets.Socket.DoConnect(EndPoint endPointSnapshot, SocketAddress socketAddress)
   在 System.Net.Sockets.Socket.Connect(EndPoint remoteEP)
   在 System.Net.Sockets.Socket.Connect(IPAddress address, Int32 port)
   在 NewPlat.MyCommand.MyCommand66.ExecuteCommand(MySession session, MyRequestInfo requestInfo) 位置 E:\VS\NewPlat_new\NewPlat\MyCommand\MyCommand66.cs:行号 283
   在 SuperSocket.SocketBase.AppServerBase`2.ExecuteCommand(TAppSession session, TRequestInfo requestInfo)
2019-07-03 19:18:46,848 - System.Net.Sockets.SocketException (0x80004005): 由于目标计算机积极拒绝，无法连接。 192.168.3.103:3009
   在 System.Net.Sockets.Socket.DoConnect(EndPoint endPointSnapshot, SocketAddress socketAddress)
   在 System.Net.Sockets.Socket.Connect(EndPoint remoteEP)
   在 System.Net.Sockets.Socket.Connect(IPAddress address, Int32 port)
   在 NewPlat.MyCommand.MyCommand66.ExecuteCommand(MySession session, MyRequestInfo requestInfo) 位置 E:\VS\NewPlat_new\NewPlat\MyCommand\MyCommand66.cs:行号 283
   在 SuperSocket.SocketBase.AppServerBase`2.ExecuteCommand(TAppSession session, TRequestInfo requestInfo)
2019-07-03 19:19:04,548 - System.Net.Sockets.SocketException (0x80004005): 由于目标计算机积极拒绝，无法连接。 192.168.3.103:3009
   在 System.Net.Sockets.Socket.DoConnect(EndPoint endPointSnapshot, SocketAddress socketAddress)
   在 System.Net.Sockets.Socket.Connect(EndPoint remoteEP)
   在 System.Net.Sockets.Socket.Connect(IPAddress address, Int32 port)
   在 NewPlat.MyCommand.MyCommand66.ExecuteCommand(MySession session, MyRequestInfo requestInfo) 位置 E:\VS\NewPlat_new\NewPlat\MyCommand\MyCommand66.cs:行号 283
   在 SuperSocket.SocketBase.AppServerBase`2.ExecuteCommand(TAppSession session, TRequestInfo requestInfo)
2019-07-03 19:35:15,140 - System.Net.Sockets.SocketException (0x80004005): 由于目标计算机积极拒绝，无法连接。 192.168.3.103:3009
   在 System.Net.Sockets.Socket.DoConnect(EndPoint endPointSnapshot, SocketAddress socketAddress)
   在 System.Net.Sockets.Socket.Connect(EndPoint remoteEP)
   在 System.Net.Sockets.Socket.Connect(IPAddress address, Int32 port)
   在 NewPlat.MyCommand.MyCommand66.ExecuteCommand(MySession session, MyRequestInfo requestInfo) 位置 E:\VS\NewPlat_new\NewPlat\MyCommand\MyCommand66.cs:行号 283
   在 SuperSocket.SocketBase.AppServerBase`2.ExecuteCommand(TAppSession session, TRequestInfo requestInfo)
2019-07-03 19:35:19,176 - System.Net.Sockets.SocketException (0x80004005): 由于目标计算机积极拒绝，无法连接。 192.168.3.103:3009
   在 System.Net.Sockets.Socket.DoConnect(EndPoint endPointSnapshot, SocketAddress socketAddress)
   在 System.Net.Sockets.Socket.Connect(EndPoint remoteEP)
   在 System.Net.Sockets.Socket.Connect(IPAddress address, Int32 port)
   在 NewPlat.MyCommand.MyCommand66.ExecuteCommand(MySession session, MyRequestInfo requestInfo) 位置 E:\VS\NewPlat_new\NewPlat\MyCommand\MyCommand66.cs:行号 283
   在 SuperSocket.SocketBase.AppServerBase`2.ExecuteCommand(TAppSession session, TRequestInfo requestInfo)
2019-07-03 19:35:20,432 - System.Net.Sockets.SocketException (0x80004005): 由于目标计算机积极拒绝，无法连接。 192.168.3.103:3009
   在 System.Net.Sockets.Socket.DoConnect(EndPoint endPointSnapshot, SocketAddress socketAddress)
   在 System.Net.Sockets.Socket.Connect(EndPoint remoteEP)
   在 System.Net.Sockets.Socket.Connect(IPAddress address, Int32 port)
   在 NewPlat.MyCommand.MyCommand66.ExecuteCommand(MySession session, MyRequestInfo requestInfo) 位置 E:\VS\NewPlat_new\NewPlat\MyCommand\MyCommand66.cs:行号 283
   在 SuperSocket.SocketBase.AppServerBase`2.ExecuteCommand(TAppSession session, TRequestInfo requestInfo)
2019-07-03 19:35:21,961 - System.Net.Sockets.SocketException (0x80004005): 由于目标计算机积极拒绝，无法连接。 192.168.3.103:3009
   在 System.Net.Sockets.Socket.DoConnect(EndPoint endPointSnapshot, SocketAddress socketAddress)
   在 System.Net.Sockets.Socket.Connect(EndPoint remoteEP)
   在 System.Net.Sockets.Socket.Connect(IPAddress address, Int32 port)
   在 NewPlat.MyCommand.MyCommand66.ExecuteCommand(MySession session, MyRequestInfo requestInfo) 位置 E:\VS\NewPlat_new\NewPlat\MyCommand\MyCommand66.cs:行号 283
   在 SuperSocket.SocketBase.AppServerBase`2.ExecuteCommand(TAppSession session, TRequestInfo requestInfo)
2019-07-03 19:35:22,990 - System.Net.Sockets.SocketException (0x80004005): 由于目标计算机积极拒绝，无法连接。 192.168.3.103:3009
   在 System.Net.Sockets.Socket.DoConnect(EndPoint endPointSnapshot, SocketAddress socketAddress)
   在 System.Net.Sockets.Socket.Connect(EndPoint remoteEP)
   在 System.Net.Sockets.Socket.Connect(IPAddress address, Int32 port)
   在 NewPlat.MyCommand.MyCommand66.ExecuteCommand(MySession session, MyRequestInfo requestInfo) 位置 E:\VS\NewPlat_new\NewPlat\MyCommand\MyCommand66.cs:行号 283
   在 SuperSocket.SocketBase.AppServerBase`2.ExecuteCommand(TAppSession session, TRequestInfo requestInfo)
2019-07-03 19:35:24,265 - System.Net.Sockets.SocketException (0x80004005): 由于目标计算机积极拒绝，无法连接。 192.168.3.103:3009
   在 System.Net.Sockets.Socket.DoConnect(EndPoint endPointSnapshot, SocketAddress socketAddress)
   在 System.Net.Sockets.Socket.Connect(EndPoint remoteEP)
   在 System.Net.Sockets.Socket.Connect(IPAddress address, Int32 port)
   在 NewPlat.MyCommand.MyCommand66.ExecuteCommand(MySession session, MyRequestInfo requestInfo) 位置 E:\VS\NewPlat_new\NewPlat\MyCommand\MyCommand66.cs:行号 283
   在 SuperSocket.SocketBase.AppServerBase`2.ExecuteCommand(TAppSession session, TRequestInfo requestInfo)
2019-07-03 19:35:25,524 - System.Net.Sockets.SocketException (0x80004005): 由于目标计算机积极拒绝，无法连接。 192.168.3.103:3009
   在 System.Net.Sockets.Socket.DoConnect(EndPoint endPointSnapshot, SocketAddress socketAddress)
   在 System.Net.Sockets.Socket.Connect(EndPoint remoteEP)
   在 System.Net.Sockets.Socket.Connect(IPAddress address, Int32 port)
   在 NewPlat.MyCommand.MyCommand66.ExecuteCommand(MySession session, MyRequestInfo requestInfo) 位置 E:\VS\NewPlat_new\NewPlat\MyCommand\MyCommand66.cs:行号 283
   在 SuperSocket.SocketBase.AppServerBase`2.ExecuteCommand(TAppSession session, TRequestInfo requestInfo)
2019-07-03 19:35:46,687 - System.Net.Sockets.SocketException (0x80004005): 由于目标计算机积极拒绝，无法连接。 192.168.3.103:3009
   在 System.Net.Sockets.Socket.DoConnect(EndPoint endPointSnapshot, SocketAddress socketAddress)
   在 System.Net.Sockets.Socket.Connect(EndPoint remoteEP)
   在 System.Net.Sockets.Socket.Connect(IPAddress address, Int32 port)
   在 NewPlat.MyCommand.MyCommand66.ExecuteCommand(MySession session, MyRequestInfo requestInfo) 位置 E:\VS\NewPlat_new\NewPlat\MyCommand\MyCommand66.cs:行号 283
   在 SuperSocket.SocketBase.AppServerBase`2.ExecuteCommand(TAppSession session, TRequestInfo requestInfo)
2019-07-03 19:35:47,939 - System.Net.Sockets.SocketException (0x80004005): 由于目标计算机积极拒绝，无法连接。 192.168.3.103:3009
   在 System.Net.Sockets.Socket.DoConnect(EndPoint endPointSnapshot, SocketAddress socketAddress)
   在 System.Net.Sockets.Socket.Connect(EndPoint remoteEP)
   在 System.Net.Sockets.Socket.Connect(IPAddress address, Int32 port)
   在 NewPlat.MyCommand.MyCommand66.ExecuteCommand(MySession session, MyRequestInfo requestInfo) 位置 E:\VS\NewPlat_new\NewPlat\MyCommand\MyCommand66.cs:行号 283
   在 SuperSocket.SocketBase.AppServerBase`2.ExecuteCommand(TAppSession session, TRequestInfo requestInfo)
2019-07-03 19:35:49,698 - System.Net.Sockets.SocketException (0x80004005): 由于目标计算机积极拒绝，无法连接。 192.168.3.103:3009
   在 System.Net.Sockets.Socket.DoConnect(EndPoint endPointSnapshot, SocketAddress socketAddress)
   在 System.Net.Sockets.Socket.Connect(EndPoint remoteEP)
   在 System.Net.Sockets.Socket.Connect(IPAddress address, Int32 port)
   在 NewPlat.MyCommand.MyCommand66.ExecuteCommand(MySession session, MyRequestInfo requestInfo) 位置 E:\VS\NewPlat_new\NewPlat\MyCommand\MyCommand66.cs:行号 283
   在 SuperSocket.SocketBase.AppServerBase`2.ExecuteCommand(TAppSession session, TRequestInfo requestInfo)
2019-07-03 19:52:12,451 - System.Net.Sockets.SocketException (0x80004005): 由于目标计算机积极拒绝，无法连接。 192.168.3.103:3009
   在 System.Net.Sockets.Socket.DoConnect(EndPoint endPointSnapshot, SocketAddress socketAddress)
   在 System.Net.Sockets.Socket.Connect(EndPoint remoteEP)
   在 System.Net.Sockets.Socket.Connect(IPAddress address, Int32 port)
   在 NewPlat.MyCommand.MyCommand66.ExecuteCommand(MySession session, MyRequestInfo requestInfo) 位置 E:\VS\NewPlat_new\NewPlat\MyCommand\MyCommand66.cs:行号 283
   在 SuperSocket.SocketBase.AppServerBase`2.ExecuteCommand(TAppSession session, TRequestInfo requestInfo)
