2019-05-01 16:08:15,321 - 2019/5/1 16:08:15  000000000001  01获取锁
2019-05-01 16:08:15,854 - 2019/5/1 16:08:15  000000000002  01获取锁
2019-05-01 16:08:16,378 - 2019/5/1 16:08:16  000000000003  01获取锁
2019-05-01 16:08:16,970 - 2019/5/1 16:08:16  000000000000  01获取锁
2019-05-01 16:08:17,110 - 2019/5/1 16:08:17  000000000000  进入分配逻辑
2019-05-01 16:08:17,202 - 00000000000062.234.134.161
2019-05-01 16:08:18,553 - 检测平台异常或数据异常System.Net.Sockets.SocketException (0x80004005): 由于目标计算机积极拒绝，无法连接。 62.234.134.161:3001
   在 System.Net.Sockets.Socket.DoConnect(EndPoint endPointSnapshot, SocketAddress socketAddress)
   在 System.Net.Sockets.Socket.Connect(EndPoint remoteEP)
   在 System.Net.Sockets.Socket.Connect(IPAddress address, Int32 port)
   在 NewPlat.MyCommand.MyCommand01.ExecuteCommand(MySession session, MyRequestInfo requestInfo) 位置 E:\VS\NewPlat\NewPlat\MyCommand\MyCommand01.cs:行号 117
2019-05-01 16:08:18,996 - 2019/5/1 16:08:18  000000000005  01获取锁
2019-05-01 16:08:19,138 - 2019/5/1 16:08:19  000000000005  进入分配逻辑
2019-05-01 16:08:19,249 - 00000000000562.234.134.161
2019-05-01 16:08:20,366 - 检测平台异常或数据异常System.Net.Sockets.SocketException (0x80004005): 由于目标计算机积极拒绝，无法连接。 62.234.134.161:3001
   在 System.Net.Sockets.Socket.DoConnect(EndPoint endPointSnapshot, SocketAddress socketAddress)
   在 System.Net.Sockets.Socket.Connect(EndPoint remoteEP)
   在 System.Net.Sockets.Socket.Connect(IPAddress address, Int32 port)
   在 NewPlat.MyCommand.MyCommand01.ExecuteCommand(MySession session, MyRequestInfo requestInfo) 位置 E:\VS\NewPlat\NewPlat\MyCommand\MyCommand01.cs:行号 117
2019-05-01 16:08:20,785 - 2019/5/1 16:08:20  000000000004  01获取锁
2019-05-01 16:08:21,307 - 2019/5/1 16:08:21  000000000006  01获取锁
2019-05-01 16:08:21,455 - 2019/5/1 16:08:21  000000000006  进入分配逻辑
2019-05-01 16:08:21,541 - 00000000000662.234.134.161
2019-05-01 16:08:22,690 - 检测平台异常或数据异常System.Net.Sockets.SocketException (0x80004005): 由于目标计算机积极拒绝，无法连接。 62.234.134.161:3001
   在 System.Net.Sockets.Socket.DoConnect(EndPoint endPointSnapshot, SocketAddress socketAddress)
   在 System.Net.Sockets.Socket.Connect(EndPoint remoteEP)
   在 System.Net.Sockets.Socket.Connect(IPAddress address, Int32 port)
   在 NewPlat.MyCommand.MyCommand01.ExecuteCommand(MySession session, MyRequestInfo requestInfo) 位置 E:\VS\NewPlat\NewPlat\MyCommand\MyCommand01.cs:行号 117
2019-05-01 16:08:23,100 - 2019/5/1 16:08:23  000000000009  01获取锁
2019-05-01 16:08:23,623 - 2019/5/1 16:08:23  000000000008  01获取锁
2019-05-01 16:08:24,190 - 2019/5/1 16:08:24  000000000010  01获取锁
2019-05-01 16:08:24,331 - 2019/5/1 16:08:24  000000000010  进入分配逻辑
2019-05-01 16:08:24,419 - 00000000001062.234.134.161
2019-05-01 16:08:25,540 - 检测平台异常或数据异常System.Net.Sockets.SocketException (0x80004005): 由于目标计算机积极拒绝，无法连接。 62.234.134.161:3001
   在 System.Net.Sockets.Socket.DoConnect(EndPoint endPointSnapshot, SocketAddress socketAddress)
   在 System.Net.Sockets.Socket.Connect(EndPoint remoteEP)
   在 System.Net.Sockets.Socket.Connect(IPAddress address, Int32 port)
   在 NewPlat.MyCommand.MyCommand01.ExecuteCommand(MySession session, MyRequestInfo requestInfo) 位置 E:\VS\NewPlat\NewPlat\MyCommand\MyCommand01.cs:行号 117
2019-05-01 16:08:25,984 - 2019/5/1 16:08:25  000000000011  01获取锁
2019-05-01 16:08:26,121 - 2019/5/1 16:08:26  000000000011  进入分配逻辑
2019-05-01 16:08:26,207 - 00000000001162.234.134.161
2019-05-01 16:08:27,335 - 检测平台异常或数据异常System.Net.Sockets.SocketException (0x80004005): 由于目标计算机积极拒绝，无法连接。 62.234.134.161:3001
   在 System.Net.Sockets.Socket.DoConnect(EndPoint endPointSnapshot, SocketAddress socketAddress)
   在 System.Net.Sockets.Socket.Connect(EndPoint remoteEP)
   在 System.Net.Sockets.Socket.Connect(IPAddress address, Int32 port)
   在 NewPlat.MyCommand.MyCommand01.ExecuteCommand(MySession session, MyRequestInfo requestInfo) 位置 E:\VS\NewPlat\NewPlat\MyCommand\MyCommand01.cs:行号 117
2019-05-01 16:08:27,776 - 2019/5/1 16:08:27  000000000012  01获取锁
2019-05-01 16:08:27,917 - 2019/5/1 16:08:27  000000000012  进入分配逻辑
2019-05-01 16:08:27,996 - 00000000001262.234.134.161
2019-05-01 16:08:29,131 - 检测平台异常或数据异常System.Net.Sockets.SocketException (0x80004005): 由于目标计算机积极拒绝，无法连接。 62.234.134.161:3001
   在 System.Net.Sockets.Socket.DoConnect(EndPoint endPointSnapshot, SocketAddress socketAddress)
   在 System.Net.Sockets.Socket.Connect(EndPoint remoteEP)
   在 System.Net.Sockets.Socket.Connect(IPAddress address, Int32 port)
   在 NewPlat.MyCommand.MyCommand01.ExecuteCommand(MySession session, MyRequestInfo requestInfo) 位置 E:\VS\NewPlat\NewPlat\MyCommand\MyCommand01.cs:行号 117
2019-05-01 16:08:29,565 - 2019/5/1 16:08:29  000000000014  01获取锁
2019-05-01 16:08:29,715 - 2019/5/1 16:08:29  000000000014  进入分配逻辑
2019-05-01 16:08:29,795 - 00000000001462.234.134.161
2019-05-01 16:08:30,930 - 检测平台异常或数据异常System.Net.Sockets.SocketException (0x80004005): 由于目标计算机积极拒绝，无法连接。 62.234.134.161:3001
   在 System.Net.Sockets.Socket.DoConnect(EndPoint endPointSnapshot, SocketAddress socketAddress)
   在 System.Net.Sockets.Socket.Connect(EndPoint remoteEP)
   在 System.Net.Sockets.Socket.Connect(IPAddress address, Int32 port)
   在 NewPlat.MyCommand.MyCommand01.ExecuteCommand(MySession session, MyRequestInfo requestInfo) 位置 E:\VS\NewPlat\NewPlat\MyCommand\MyCommand01.cs:行号 117
2019-05-01 16:08:31,358 - 2019/5/1 16:08:31  000000000013  01获取锁
2019-05-01 16:08:31,499 - 2019/5/1 16:08:31  000000000013  进入分配逻辑
2019-05-01 16:08:31,584 - 00000000001362.234.134.161
2019-05-01 16:08:32,728 - 检测平台异常或数据异常System.Net.Sockets.SocketException (0x80004005): 由于目标计算机积极拒绝，无法连接。 62.234.134.161:3001
   在 System.Net.Sockets.Socket.DoConnect(EndPoint endPointSnapshot, SocketAddress socketAddress)
   在 System.Net.Sockets.Socket.Connect(EndPoint remoteEP)
   在 System.Net.Sockets.Socket.Connect(IPAddress address, Int32 port)
   在 NewPlat.MyCommand.MyCommand01.ExecuteCommand(MySession session, MyRequestInfo requestInfo) 位置 E:\VS\NewPlat\NewPlat\MyCommand\MyCommand01.cs:行号 117
2019-05-01 16:08:33,155 - 2019/5/1 16:08:33  000000000015  01获取锁
2019-05-01 16:08:33,291 - 2019/5/1 16:08:33  000000000015  进入分配逻辑
2019-05-01 16:08:33,369 - 00000000001562.234.134.161
2019-05-01 16:08:34,481 - 检测平台异常或数据异常System.Net.Sockets.SocketException (0x80004005): 由于目标计算机积极拒绝，无法连接。 62.234.134.161:3001
   在 System.Net.Sockets.Socket.DoConnect(EndPoint endPointSnapshot, SocketAddress socketAddress)
   在 System.Net.Sockets.Socket.Connect(EndPoint remoteEP)
   在 System.Net.Sockets.Socket.Connect(IPAddress address, Int32 port)
   在 NewPlat.MyCommand.MyCommand01.ExecuteCommand(MySession session, MyRequestInfo requestInfo) 位置 E:\VS\NewPlat\NewPlat\MyCommand\MyCommand01.cs:行号 117
2019-05-01 16:08:34,904 - 2019/5/1 16:08:34  000000000018  01获取锁
2019-05-01 16:08:35,055 - 2019/5/1 16:08:35  000000000018  进入分配逻辑
2019-05-01 16:08:35,143 - 00000000001862.234.134.161
2019-05-01 16:08:36,276 - 检测平台异常或数据异常System.Net.Sockets.SocketException (0x80004005): 由于目标计算机积极拒绝，无法连接。 62.234.134.161:3001
   在 System.Net.Sockets.Socket.DoConnect(EndPoint endPointSnapshot, SocketAddress socketAddress)
   在 System.Net.Sockets.Socket.Connect(EndPoint remoteEP)
   在 System.Net.Sockets.Socket.Connect(IPAddress address, Int32 port)
   在 NewPlat.MyCommand.MyCommand01.ExecuteCommand(MySession session, MyRequestInfo requestInfo) 位置 E:\VS\NewPlat\NewPlat\MyCommand\MyCommand01.cs:行号 117
2019-05-01 16:08:36,693 - 2019/5/1 16:08:36  000000000019  01获取锁
2019-05-01 16:08:36,834 - 2019/5/1 16:08:36  000000000019  进入分配逻辑
2019-05-01 16:08:36,922 - 00000000001962.234.134.161
2019-05-01 16:08:38,053 - 检测平台异常或数据异常System.Net.Sockets.SocketException (0x80004005): 由于目标计算机积极拒绝，无法连接。 62.234.134.161:3001
   在 System.Net.Sockets.Socket.DoConnect(EndPoint endPointSnapshot, SocketAddress socketAddress)
   在 System.Net.Sockets.Socket.Connect(EndPoint remoteEP)
   在 System.Net.Sockets.Socket.Connect(IPAddress address, Int32 port)
   在 NewPlat.MyCommand.MyCommand01.ExecuteCommand(MySession session, MyRequestInfo requestInfo) 位置 E:\VS\NewPlat\NewPlat\MyCommand\MyCommand01.cs:行号 117
2019-05-01 16:08:38,316 - 2019/5/1 16:08:38  000000000016  01获取锁
2019-05-01 16:08:38,466 - 2019/5/1 16:08:38  000000000016  进入分配逻辑
2019-05-01 16:08:38,620 - 00000000001662.234.134.161
2019-05-01 16:08:39,756 - 检测平台异常或数据异常System.Net.Sockets.SocketException (0x80004005): 由于目标计算机积极拒绝，无法连接。 62.234.134.161:3001
   在 System.Net.Sockets.Socket.DoConnect(EndPoint endPointSnapshot, SocketAddress socketAddress)
   在 System.Net.Sockets.Socket.Connect(EndPoint remoteEP)
   在 System.Net.Sockets.Socket.Connect(IPAddress address, Int32 port)
   在 NewPlat.MyCommand.MyCommand01.ExecuteCommand(MySession session, MyRequestInfo requestInfo) 位置 E:\VS\NewPlat\NewPlat\MyCommand\MyCommand01.cs:行号 117
2019-05-01 16:08:40,180 - 2019/5/1 16:08:40  000000000017  01获取锁
2019-05-01 16:08:40,334 - 2019/5/1 16:08:40  000000000017  进入分配逻辑
2019-05-01 16:08:40,421 - 00000000001762.234.134.161
2019-05-01 16:08:41,551 - 检测平台异常或数据异常System.Net.Sockets.SocketException (0x80004005): 由于目标计算机积极拒绝，无法连接。 62.234.134.161:3001
   在 System.Net.Sockets.Socket.DoConnect(EndPoint endPointSnapshot, SocketAddress socketAddress)
   在 System.Net.Sockets.Socket.Connect(EndPoint remoteEP)
   在 System.Net.Sockets.Socket.Connect(IPAddress address, Int32 port)
   在 NewPlat.MyCommand.MyCommand01.ExecuteCommand(MySession session, MyRequestInfo requestInfo) 位置 E:\VS\NewPlat\NewPlat\MyCommand\MyCommand01.cs:行号 117
2019-05-01 16:08:41,969 - 2019/5/1 16:08:41  000000000007  01获取锁
2019-05-01 16:08:42,107 - 2019/5/1 16:08:42  000000000007  进入分配逻辑
2019-05-01 16:08:42,192 - 00000000000762.234.134.161
2019-05-01 16:08:43,316 - 检测平台异常或数据异常System.Net.Sockets.SocketException (0x80004005): 由于目标计算机积极拒绝，无法连接。 62.234.134.161:3001
   在 System.Net.Sockets.Socket.DoConnect(EndPoint endPointSnapshot, SocketAddress socketAddress)
   在 System.Net.Sockets.Socket.Connect(EndPoint remoteEP)
   在 System.Net.Sockets.Socket.Connect(IPAddress address, Int32 port)
   在 NewPlat.MyCommand.MyCommand01.ExecuteCommand(MySession session, MyRequestInfo requestInfo) 位置 E:\VS\NewPlat\NewPlat\MyCommand\MyCommand01.cs:行号 117
2019-05-01 16:10:59,179 - 2019/5/1 16:10:59  000000000002  01获取锁
2019-05-01 16:10:59,260 - 2019/5/1 16:10:59  000000000002  进入分配逻辑
2019-05-01 16:10:59,358 - 00000000000262.234.134.161
2019-05-01 16:11:00,507 - 检测平台异常或数据异常System.Net.Sockets.SocketException (0x80004005): 由于目标计算机积极拒绝，无法连接。 62.234.134.161:3001
   在 System.Net.Sockets.Socket.DoConnect(EndPoint endPointSnapshot, SocketAddress socketAddress)
   在 System.Net.Sockets.Socket.Connect(EndPoint remoteEP)
   在 System.Net.Sockets.Socket.Connect(IPAddress address, Int32 port)
   在 NewPlat.MyCommand.MyCommand01.ExecuteCommand(MySession session, MyRequestInfo requestInfo) 位置 E:\VS\NewPlat\NewPlat\MyCommand\MyCommand01.cs:行号 117
2019-05-01 16:11:00,939 - 2019/5/1 16:11:00  000000000001  01获取锁
2019-05-01 16:11:01,083 - 2019/5/1 16:11:01  000000000001  进入分配逻辑
2019-05-01 16:11:01,168 - 00000000000162.234.134.161
2019-05-01 16:11:02,286 - 检测平台异常或数据异常System.Net.Sockets.SocketException (0x80004005): 由于目标计算机积极拒绝，无法连接。 62.234.134.161:3001
   在 System.Net.Sockets.Socket.DoConnect(EndPoint endPointSnapshot, SocketAddress socketAddress)
   在 System.Net.Sockets.Socket.Connect(EndPoint remoteEP)
   在 System.Net.Sockets.Socket.Connect(IPAddress address, Int32 port)
   在 NewPlat.MyCommand.MyCommand01.ExecuteCommand(MySession session, MyRequestInfo requestInfo) 位置 E:\VS\NewPlat\NewPlat\MyCommand\MyCommand01.cs:行号 117
2019-05-01 16:11:02,690 - 2019/5/1 16:11:02  000000000000  01获取锁
2019-05-01 16:11:02,825 - 2019/5/1 16:11:02  000000000000  进入分配逻辑
2019-05-01 16:11:02,931 - 00000000000062.234.134.161
2019-05-01 16:11:04,106 - 检测平台异常或数据异常System.Net.Sockets.SocketException (0x80004005): 由于目标计算机积极拒绝，无法连接。 62.234.134.161:3001
   在 System.Net.Sockets.Socket.DoConnect(EndPoint endPointSnapshot, SocketAddress socketAddress)
   在 System.Net.Sockets.Socket.Connect(EndPoint remoteEP)
   在 System.Net.Sockets.Socket.Connect(IPAddress address, Int32 port)
   在 NewPlat.MyCommand.MyCommand01.ExecuteCommand(MySession session, MyRequestInfo requestInfo) 位置 E:\VS\NewPlat\NewPlat\MyCommand\MyCommand01.cs:行号 117
2019-05-01 16:11:04,511 - 2019/5/1 16:11:04  000000000003  01获取锁
2019-05-01 16:11:04,644 - 2019/5/1 16:11:04  000000000003  进入分配逻辑
2019-05-01 16:11:04,730 - 00000000000362.234.134.161
2019-05-01 16:11:05,886 - 检测平台异常或数据异常System.Net.Sockets.SocketException (0x80004005): 由于目标计算机积极拒绝，无法连接。 62.234.134.161:3001
   在 System.Net.Sockets.Socket.DoConnect(EndPoint endPointSnapshot, SocketAddress socketAddress)
   在 System.Net.Sockets.Socket.Connect(EndPoint remoteEP)
   在 System.Net.Sockets.Socket.Connect(IPAddress address, Int32 port)
   在 NewPlat.MyCommand.MyCommand01.ExecuteCommand(MySession session, MyRequestInfo requestInfo) 位置 E:\VS\NewPlat\NewPlat\MyCommand\MyCommand01.cs:行号 117
2019-05-01 16:11:06,307 - 2019/5/1 16:11:06  000000000004  01获取锁
2019-05-01 16:11:06,444 - 2019/5/1 16:11:06  000000000004  进入分配逻辑
2019-05-01 16:11:06,520 - 00000000000462.234.134.161
2019-05-01 16:11:07,641 - 检测平台异常或数据异常System.Net.Sockets.SocketException (0x80004005): 由于目标计算机积极拒绝，无法连接。 62.234.134.161:3001
   在 System.Net.Sockets.Socket.DoConnect(EndPoint endPointSnapshot, SocketAddress socketAddress)
   在 System.Net.Sockets.Socket.Connect(EndPoint remoteEP)
   在 System.Net.Sockets.Socket.Connect(IPAddress address, Int32 port)
   在 NewPlat.MyCommand.MyCommand01.ExecuteCommand(MySession session, MyRequestInfo requestInfo) 位置 E:\VS\NewPlat\NewPlat\MyCommand\MyCommand01.cs:行号 117
2019-05-01 16:11:08,077 - 2019/5/1 16:11:08  000000000005  01获取锁
2019-05-01 16:11:08,237 - 2019/5/1 16:11:08  000000000005  进入分配逻辑
2019-05-01 16:11:08,328 - 00000000000562.234.134.161
2019-05-01 16:11:09,484 - 检测平台异常或数据异常System.Net.Sockets.SocketException (0x80004005): 由于目标计算机积极拒绝，无法连接。 62.234.134.161:3001
   在 System.Net.Sockets.Socket.DoConnect(EndPoint endPointSnapshot, SocketAddress socketAddress)
   在 System.Net.Sockets.Socket.Connect(EndPoint remoteEP)
   在 System.Net.Sockets.Socket.Connect(IPAddress address, Int32 port)
   在 NewPlat.MyCommand.MyCommand01.ExecuteCommand(MySession session, MyRequestInfo requestInfo) 位置 E:\VS\NewPlat\NewPlat\MyCommand\MyCommand01.cs:行号 117
2019-05-01 16:11:09,899 - 2019/5/1 16:11:09  000000000008  01获取锁
2019-05-01 16:11:10,430 - 2019/5/1 16:11:10  000000000006  01获取锁
2019-05-01 16:11:10,574 - 2019/5/1 16:11:10  000000000006  进入分配逻辑
2019-05-01 16:11:10,652 - 00000000000662.234.134.161
2019-05-01 16:11:11,778 - 检测平台异常或数据异常System.Net.Sockets.SocketException (0x80004005): 由于目标计算机积极拒绝，无法连接。 62.234.134.161:3001
   在 System.Net.Sockets.Socket.DoConnect(EndPoint endPointSnapshot, SocketAddress socketAddress)
   在 System.Net.Sockets.Socket.Connect(EndPoint remoteEP)
   在 System.Net.Sockets.Socket.Connect(IPAddress address, Int32 port)
   在 NewPlat.MyCommand.MyCommand01.ExecuteCommand(MySession session, MyRequestInfo requestInfo) 位置 E:\VS\NewPlat\NewPlat\MyCommand\MyCommand01.cs:行号 117
2019-05-01 16:11:12,191 - 2019/5/1 16:11:12  000000000010  01获取锁
2019-05-01 16:11:12,332 - 2019/5/1 16:11:12  000000000010  进入分配逻辑
2019-05-01 16:11:12,417 - 00000000001062.234.134.161
2019-05-01 16:11:13,535 - 检测平台异常或数据异常System.Net.Sockets.SocketException (0x80004005): 由于目标计算机积极拒绝，无法连接。 62.234.134.161:3001
   在 System.Net.Sockets.Socket.DoConnect(EndPoint endPointSnapshot, SocketAddress socketAddress)
   在 System.Net.Sockets.Socket.Connect(EndPoint remoteEP)
   在 System.Net.Sockets.Socket.Connect(IPAddress address, Int32 port)
   在 NewPlat.MyCommand.MyCommand01.ExecuteCommand(MySession session, MyRequestInfo requestInfo) 位置 E:\VS\NewPlat\NewPlat\MyCommand\MyCommand01.cs:行号 117
2019-05-01 16:11:13,951 - 2019/5/1 16:11:13  000000000011  01获取锁
2019-05-01 16:11:14,090 - 2019/5/1 16:11:14  000000000011  进入分配逻辑
2019-05-01 16:11:14,170 - 00000000001162.234.134.161
2019-05-01 16:11:15,319 - 检测平台异常或数据异常System.Net.Sockets.SocketException (0x80004005): 由于目标计算机积极拒绝，无法连接。 62.234.134.161:3001
   在 System.Net.Sockets.Socket.DoConnect(EndPoint endPointSnapshot, SocketAddress socketAddress)
   在 System.Net.Sockets.Socket.Connect(EndPoint remoteEP)
   在 System.Net.Sockets.Socket.Connect(IPAddress address, Int32 port)
   在 NewPlat.MyCommand.MyCommand01.ExecuteCommand(MySession session, MyRequestInfo requestInfo) 位置 E:\VS\NewPlat\NewPlat\MyCommand\MyCommand01.cs:行号 117
2019-05-01 16:11:15,743 - 2019/5/1 16:11:15  000000000007  01获取锁
2019-05-01 16:11:15,889 - 2019/5/1 16:11:15  000000000007  进入分配逻辑
2019-05-01 16:11:15,978 - 00000000000762.234.134.161
2019-05-01 16:11:17,101 - 检测平台异常或数据异常System.Net.Sockets.SocketException (0x80004005): 由于目标计算机积极拒绝，无法连接。 62.234.134.161:3001
   在 System.Net.Sockets.Socket.DoConnect(EndPoint endPointSnapshot, SocketAddress socketAddress)
   在 System.Net.Sockets.Socket.Connect(EndPoint remoteEP)
   在 System.Net.Sockets.Socket.Connect(IPAddress address, Int32 port)
   在 NewPlat.MyCommand.MyCommand01.ExecuteCommand(MySession session, MyRequestInfo requestInfo) 位置 E:\VS\NewPlat\NewPlat\MyCommand\MyCommand01.cs:行号 117
2019-05-01 16:11:17,533 - 2019/5/1 16:11:17  000000000009  01获取锁
2019-05-01 16:11:18,080 - 2019/5/1 16:11:18  000000000012  01获取锁
2019-05-01 16:11:18,222 - 2019/5/1 16:11:18  000000000012  进入分配逻辑
2019-05-01 16:11:18,308 - 00000000001262.234.134.161
2019-05-01 16:11:19,447 - 检测平台异常或数据异常System.Net.Sockets.SocketException (0x80004005): 由于目标计算机积极拒绝，无法连接。 62.234.134.161:3001
   在 System.Net.Sockets.Socket.DoConnect(EndPoint endPointSnapshot, SocketAddress socketAddress)
   在 System.Net.Sockets.Socket.Connect(EndPoint remoteEP)
   在 System.Net.Sockets.Socket.Connect(IPAddress address, Int32 port)
   在 NewPlat.MyCommand.MyCommand01.ExecuteCommand(MySession session, MyRequestInfo requestInfo) 位置 E:\VS\NewPlat\NewPlat\MyCommand\MyCommand01.cs:行号 117
2019-05-01 16:11:19,864 - 2019/5/1 16:11:19  000000000015  01获取锁
2019-05-01 16:11:20,009 - 2019/5/1 16:11:20  000000000015  进入分配逻辑
2019-05-01 16:11:20,087 - 00000000001562.234.134.161
2019-05-01 16:11:21,229 - 检测平台异常或数据异常System.Net.Sockets.SocketException (0x80004005): 由于目标计算机积极拒绝，无法连接。 62.234.134.161:3001
   在 System.Net.Sockets.Socket.DoConnect(EndPoint endPointSnapshot, SocketAddress socketAddress)
   在 System.Net.Sockets.Socket.Connect(EndPoint remoteEP)
   在 System.Net.Sockets.Socket.Connect(IPAddress address, Int32 port)
   在 NewPlat.MyCommand.MyCommand01.ExecuteCommand(MySession session, MyRequestInfo requestInfo) 位置 E:\VS\NewPlat\NewPlat\MyCommand\MyCommand01.cs:行号 117
2019-05-01 16:11:21,642 - 2019/5/1 16:11:21  000000000017  01获取锁
2019-05-01 16:11:21,790 - 2019/5/1 16:11:21  000000000017  进入分配逻辑
2019-05-01 16:11:21,867 - 00000000001762.234.134.161
2019-05-01 16:11:22,993 - 检测平台异常或数据异常System.Net.Sockets.SocketException (0x80004005): 由于目标计算机积极拒绝，无法连接。 62.234.134.161:3001
   在 System.Net.Sockets.Socket.DoConnect(EndPoint endPointSnapshot, SocketAddress socketAddress)
   在 System.Net.Sockets.Socket.Connect(EndPoint remoteEP)
   在 System.Net.Sockets.Socket.Connect(IPAddress address, Int32 port)
   在 NewPlat.MyCommand.MyCommand01.ExecuteCommand(MySession session, MyRequestInfo requestInfo) 位置 E:\VS\NewPlat\NewPlat\MyCommand\MyCommand01.cs:行号 117
2019-05-01 16:11:23,411 - 2019/5/1 16:11:23  000000000018  01获取锁
2019-05-01 16:11:23,556 - 2019/5/1 16:11:23  000000000018  进入分配逻辑
2019-05-01 16:11:23,641 - 00000000001862.234.134.161
2019-05-01 16:11:24,776 - 检测平台异常或数据异常System.Net.Sockets.SocketException (0x80004005): 由于目标计算机积极拒绝，无法连接。 62.234.134.161:3001
   在 System.Net.Sockets.Socket.DoConnect(EndPoint endPointSnapshot, SocketAddress socketAddress)
   在 System.Net.Sockets.Socket.Connect(EndPoint remoteEP)
   在 System.Net.Sockets.Socket.Connect(IPAddress address, Int32 port)
   在 NewPlat.MyCommand.MyCommand01.ExecuteCommand(MySession session, MyRequestInfo requestInfo) 位置 E:\VS\NewPlat\NewPlat\MyCommand\MyCommand01.cs:行号 117
2019-05-01 16:11:25,190 - 2019/5/1 16:11:25  000000000013  01获取锁
2019-05-01 16:11:25,337 - 2019/5/1 16:11:25  000000000013  进入分配逻辑
2019-05-01 16:11:25,426 - 00000000001362.234.134.161
2019-05-01 16:11:26,579 - 检测平台异常或数据异常System.Net.Sockets.SocketException (0x80004005): 由于目标计算机积极拒绝，无法连接。 62.234.134.161:3001
   在 System.Net.Sockets.Socket.DoConnect(EndPoint endPointSnapshot, SocketAddress socketAddress)
   在 System.Net.Sockets.Socket.Connect(EndPoint remoteEP)
   在 System.Net.Sockets.Socket.Connect(IPAddress address, Int32 port)
   在 NewPlat.MyCommand.MyCommand01.ExecuteCommand(MySession session, MyRequestInfo requestInfo) 位置 E:\VS\NewPlat\NewPlat\MyCommand\MyCommand01.cs:行号 117
2019-05-01 16:11:26,987 - 2019/5/1 16:11:26  000000000014  01获取锁
2019-05-01 16:11:27,133 - 2019/5/1 16:11:27  000000000014  进入分配逻辑
2019-05-01 16:11:27,221 - 00000000001462.234.134.161
2019-05-01 16:11:28,377 - 检测平台异常或数据异常System.Net.Sockets.SocketException (0x80004005): 由于目标计算机积极拒绝，无法连接。 62.234.134.161:3001
   在 System.Net.Sockets.Socket.DoConnect(EndPoint endPointSnapshot, SocketAddress socketAddress)
   在 System.Net.Sockets.Socket.Connect(EndPoint remoteEP)
   在 System.Net.Sockets.Socket.Connect(IPAddress address, Int32 port)
   在 NewPlat.MyCommand.MyCommand01.ExecuteCommand(MySession session, MyRequestInfo requestInfo) 位置 E:\VS\NewPlat\NewPlat\MyCommand\MyCommand01.cs:行号 117
2019-05-01 16:11:28,778 - 2019/5/1 16:11:28  000000000016  01获取锁
2019-05-01 16:11:28,926 - 2019/5/1 16:11:28  000000000016  进入分配逻辑
2019-05-01 16:11:29,003 - 00000000001662.234.134.161
2019-05-01 16:11:30,144 - 检测平台异常或数据异常System.Net.Sockets.SocketException (0x80004005): 由于目标计算机积极拒绝，无法连接。 62.234.134.161:3001
   在 System.Net.Sockets.Socket.DoConnect(EndPoint endPointSnapshot, SocketAddress socketAddress)
   在 System.Net.Sockets.Socket.Connect(EndPoint remoteEP)
   在 System.Net.Sockets.Socket.Connect(IPAddress address, Int32 port)
   在 NewPlat.MyCommand.MyCommand01.ExecuteCommand(MySession session, MyRequestInfo requestInfo) 位置 E:\VS\NewPlat\NewPlat\MyCommand\MyCommand01.cs:行号 117
2019-05-01 16:11:30,559 - 2019/5/1 16:11:30  000000000019  01获取锁
2019-05-01 16:11:30,703 - 2019/5/1 16:11:30  000000000019  进入分配逻辑
2019-05-01 16:11:30,789 - 00000000001962.234.134.161
2019-05-01 16:11:31,933 - 检测平台异常或数据异常System.Net.Sockets.SocketException (0x80004005): 由于目标计算机积极拒绝，无法连接。 62.234.134.161:3001
   在 System.Net.Sockets.Socket.DoConnect(EndPoint endPointSnapshot, SocketAddress socketAddress)
   在 System.Net.Sockets.Socket.Connect(EndPoint remoteEP)
   在 System.Net.Sockets.Socket.Connect(IPAddress address, Int32 port)
   在 NewPlat.MyCommand.MyCommand01.ExecuteCommand(MySession session, MyRequestInfo requestInfo) 位置 E:\VS\NewPlat\NewPlat\MyCommand\MyCommand01.cs:行号 117
