2019-07-03 14:34:40,149 [8] ERROR MyServer-63642613 - NewPlat.MySuperSocket.MySession
System.Net.Sockets.SocketException (0x80004005): 由于目标计算机积极拒绝，无法连接。 192.168.3.103:3009
   在 System.Net.Sockets.Socket.DoConnect(EndPoint endPointSnapshot, SocketAddress socketAddress)
   在 System.Net.Sockets.Socket.Connect(EndPoint remoteEP)
   在 System.Net.Sockets.Socket.Connect(IPAddress address, Int32 port)
   在 NewPlat.MyCommand.MyCommand66.ExecuteCommand(MySession session, MyRequestInfo requestInfo) 位置 E:\VS\NewPlat_new\NewPlat\MyCommand\MyCommand66.cs:行号 283
   在 SuperSocket.SocketBase.AppServerBase`2.ExecuteCommand(TAppSession session, TRequestInfo requestInfo)
2019-07-03 14:37:44,539 [12] ERROR MyServer-63642613 - NewPlat.MySuperSocket.MySession
System.Net.Sockets.SocketException (0x80004005): 由于目标计算机积极拒绝，无法连接。 192.168.3.103:3009
   在 System.Net.Sockets.Socket.DoConnect(EndPoint endPointSnapshot, SocketAddress socketAddress)
   在 System.Net.Sockets.Socket.Connect(EndPoint remoteEP)
   在 System.Net.Sockets.Socket.Connect(IPAddress address, Int32 port)
   在 NewPlat.MyCommand.MyCommand66.ExecuteCommand(MySession session, MyRequestInfo requestInfo) 位置 E:\VS\NewPlat_new\NewPlat\MyCommand\MyCommand66.cs:行号 283
   在 SuperSocket.SocketBase.AppServerBase`2.ExecuteCommand(TAppSession session, TRequestInfo requestInfo)
2019-07-03 14:40:32,004 [12] ERROR MyServer-63642613 - NewPlat.MySuperSocket.MySession
System.Net.Sockets.SocketException (0x80004005): 由于目标计算机积极拒绝，无法连接。 192.168.3.103:3009
   在 System.Net.Sockets.Socket.DoConnect(EndPoint endPointSnapshot, SocketAddress socketAddress)
   在 System.Net.Sockets.Socket.Connect(EndPoint remoteEP)
   在 System.Net.Sockets.Socket.Connect(IPAddress address, Int32 port)
   在 NewPlat.MyCommand.MyCommand66.ExecuteCommand(MySession session, MyRequestInfo requestInfo) 位置 E:\VS\NewPlat_new\NewPlat\MyCommand\MyCommand66.cs:行号 283
   在 SuperSocket.SocketBase.AppServerBase`2.ExecuteCommand(TAppSession session, TRequestInfo requestInfo)
2019-07-03 14:43:39,182 [6] ERROR MyServer-63642613 - NewPlat.MySuperSocket.MySession
System.Net.Sockets.SocketException (0x80004005): 由于目标计算机积极拒绝，无法连接。 192.168.3.103:3009
   在 System.Net.Sockets.Socket.DoConnect(EndPoint endPointSnapshot, SocketAddress socketAddress)
   在 System.Net.Sockets.Socket.Connect(EndPoint remoteEP)
   在 System.Net.Sockets.Socket.Connect(IPAddress address, Int32 port)
   在 NewPlat.MyCommand.MyCommand66.ExecuteCommand(MySession session, MyRequestInfo requestInfo) 位置 E:\VS\NewPlat_new\NewPlat\MyCommand\MyCommand66.cs:行号 283
   在 SuperSocket.SocketBase.AppServerBase`2.ExecuteCommand(TAppSession session, TRequestInfo requestInfo)
2019-07-03 14:45:04,000 [20] ERROR MyServer-63642613 - NewPlat.MySuperSocket.MySession
System.Net.Sockets.SocketException (0x80004005): 由于目标计算机积极拒绝，无法连接。 192.168.3.103:3009
   在 System.Net.Sockets.Socket.DoConnect(EndPoint endPointSnapshot, SocketAddress socketAddress)
   在 System.Net.Sockets.Socket.Connect(EndPoint remoteEP)
   在 System.Net.Sockets.Socket.Connect(IPAddress address, Int32 port)
   在 NewPlat.MyCommand.MyCommand66.ExecuteCommand(MySession session, MyRequestInfo requestInfo) 位置 E:\VS\NewPlat_new\NewPlat\MyCommand\MyCommand66.cs:行号 283
   在 SuperSocket.SocketBase.AppServerBase`2.ExecuteCommand(TAppSession session, TRequestInfo requestInfo)
2019-07-03 14:45:15,498 [29] ERROR MyServer-63642613 - NewPlat.MySuperSocket.MySession
System.Net.Sockets.SocketException (0x80004005): 由于目标计算机积极拒绝，无法连接。 192.168.3.103:3009
   在 System.Net.Sockets.Socket.DoConnect(EndPoint endPointSnapshot, SocketAddress socketAddress)
   在 System.Net.Sockets.Socket.Connect(EndPoint remoteEP)
   在 System.Net.Sockets.Socket.Connect(IPAddress address, Int32 port)
   在 NewPlat.MyCommand.MyCommand66.ExecuteCommand(MySession session, MyRequestInfo requestInfo) 位置 E:\VS\NewPlat_new\NewPlat\MyCommand\MyCommand66.cs:行号 283
   在 SuperSocket.SocketBase.AppServerBase`2.ExecuteCommand(TAppSession session, TRequestInfo requestInfo)
2019-07-03 14:48:43,755 [20] ERROR MyServer-63642613 - NewPlat.MySuperSocket.MySession
System.Net.Sockets.SocketException (0x80004005): 由于目标计算机积极拒绝，无法连接。 192.168.3.103:3009
   在 System.Net.Sockets.Socket.DoConnect(EndPoint endPointSnapshot, SocketAddress socketAddress)
   在 System.Net.Sockets.Socket.Connect(EndPoint remoteEP)
   在 System.Net.Sockets.Socket.Connect(IPAddress address, Int32 port)
   在 NewPlat.MyCommand.MyCommand66.ExecuteCommand(MySession session, MyRequestInfo requestInfo) 位置 E:\VS\NewPlat_new\NewPlat\MyCommand\MyCommand66.cs:行号 283
   在 SuperSocket.SocketBase.AppServerBase`2.ExecuteCommand(TAppSession session, TRequestInfo requestInfo)
2019-07-03 14:53:32,840 [28] ERROR MyServer-63642613 - NewPlat.MySuperSocket.MySession
System.Net.Sockets.SocketException (0x80004005): 由于目标计算机积极拒绝，无法连接。 192.168.3.103:3009
   在 System.Net.Sockets.Socket.DoConnect(EndPoint endPointSnapshot, SocketAddress socketAddress)
   在 System.Net.Sockets.Socket.Connect(EndPoint remoteEP)
   在 System.Net.Sockets.Socket.Connect(IPAddress address, Int32 port)
   在 NewPlat.MyCommand.MyCommand66.ExecuteCommand(MySession session, MyRequestInfo requestInfo) 位置 E:\VS\NewPlat_new\NewPlat\MyCommand\MyCommand66.cs:行号 283
   在 SuperSocket.SocketBase.AppServerBase`2.ExecuteCommand(TAppSession session, TRequestInfo requestInfo)
2019-07-03 14:57:58,303 [11] ERROR MyServer-63642613 - NewPlat.MySuperSocket.MySession
System.Net.Sockets.SocketException (0x80004005): 由于目标计算机积极拒绝，无法连接。 192.168.3.103:3009
   在 System.Net.Sockets.Socket.DoConnect(EndPoint endPointSnapshot, SocketAddress socketAddress)
   在 System.Net.Sockets.Socket.Connect(EndPoint remoteEP)
   在 System.Net.Sockets.Socket.Connect(IPAddress address, Int32 port)
   在 NewPlat.MyCommand.MyCommand66.ExecuteCommand(MySession session, MyRequestInfo requestInfo) 位置 E:\VS\NewPlat_new\NewPlat\MyCommand\MyCommand66.cs:行号 283
   在 SuperSocket.SocketBase.AppServerBase`2.ExecuteCommand(TAppSession session, TRequestInfo requestInfo)
2019-07-03 15:09:38,610 [6] ERROR MyServer-63642613 - NewPlat.MySuperSocket.MySession
System.Net.Sockets.SocketException (0x80004005): 由于目标计算机积极拒绝，无法连接。 192.168.3.103:3009
   在 System.Net.Sockets.Socket.DoConnect(EndPoint endPointSnapshot, SocketAddress socketAddress)
   在 System.Net.Sockets.Socket.Connect(EndPoint remoteEP)
   在 System.Net.Sockets.Socket.Connect(IPAddress address, Int32 port)
   在 NewPlat.MyCommand.MyCommand66.ExecuteCommand(MySession session, MyRequestInfo requestInfo) 位置 E:\VS\NewPlat_new\NewPlat\MyCommand\MyCommand66.cs:行号 283
   在 SuperSocket.SocketBase.AppServerBase`2.ExecuteCommand(TAppSession session, TRequestInfo requestInfo)
2019-07-03 15:10:41,648 [5] ERROR MyServer-63642613 - NewPlat.MySuperSocket.MySession
System.Net.Sockets.SocketException (0x80004005): 由于目标计算机积极拒绝，无法连接。 192.168.3.103:3009
   在 System.Net.Sockets.Socket.DoConnect(EndPoint endPointSnapshot, SocketAddress socketAddress)
   在 System.Net.Sockets.Socket.Connect(EndPoint remoteEP)
   在 System.Net.Sockets.Socket.Connect(IPAddress address, Int32 port)
   在 NewPlat.MyCommand.MyCommand66.ExecuteCommand(MySession session, MyRequestInfo requestInfo) 位置 E:\VS\NewPlat_new\NewPlat\MyCommand\MyCommand66.cs:行号 283
   在 SuperSocket.SocketBase.AppServerBase`2.ExecuteCommand(TAppSession session, TRequestInfo requestInfo)
2019-07-03 16:07:57,320 [6] ERROR MyServer-63642613 - NewPlat.MySuperSocket.MySession
System.Net.Sockets.SocketException (0x80004005): 由于目标计算机积极拒绝，无法连接。 192.168.3.103:3009
   在 System.Net.Sockets.Socket.DoConnect(EndPoint endPointSnapshot, SocketAddress socketAddress)
   在 System.Net.Sockets.Socket.Connect(EndPoint remoteEP)
   在 System.Net.Sockets.Socket.Connect(IPAddress address, Int32 port)
   在 NewPlat.MyCommand.MyCommand66.ExecuteCommand(MySession session, MyRequestInfo requestInfo) 位置 E:\VS\NewPlat_new\NewPlat\MyCommand\MyCommand66.cs:行号 283
   在 SuperSocket.SocketBase.AppServerBase`2.ExecuteCommand(TAppSession session, TRequestInfo requestInfo)
2019-07-03 18:30:06,342 [23] ERROR MyServer-63642613 - NewPlat.MySuperSocket.MySession
System.Net.Sockets.SocketException (0x80004005): 由于目标计算机积极拒绝，无法连接。 192.168.3.103:3009
   在 System.Net.Sockets.Socket.DoConnect(EndPoint endPointSnapshot, SocketAddress socketAddress)
   在 System.Net.Sockets.Socket.Connect(EndPoint remoteEP)
   在 System.Net.Sockets.Socket.Connect(IPAddress address, Int32 port)
   在 NewPlat.MyCommand.MyCommand66.ExecuteCommand(MySession session, MyRequestInfo requestInfo) 位置 E:\VS\NewPlat_new\NewPlat\MyCommand\MyCommand66.cs:行号 283
   在 SuperSocket.SocketBase.AppServerBase`2.ExecuteCommand(TAppSession session, TRequestInfo requestInfo)
2019-07-03 18:36:10,876 [6] ERROR MyServer-63642613 - NewPlat.MySuperSocket.MySession
System.Net.Sockets.SocketException (0x80004005): 由于目标计算机积极拒绝，无法连接。 192.168.3.103:3009
   在 System.Net.Sockets.Socket.DoConnect(EndPoint endPointSnapshot, SocketAddress socketAddress)
   在 System.Net.Sockets.Socket.Connect(EndPoint remoteEP)
   在 System.Net.Sockets.Socket.Connect(IPAddress address, Int32 port)
   在 NewPlat.MyCommand.MyCommand66.ExecuteCommand(MySession session, MyRequestInfo requestInfo) 位置 E:\VS\NewPlat_new\NewPlat\MyCommand\MyCommand66.cs:行号 283
   在 SuperSocket.SocketBase.AppServerBase`2.ExecuteCommand(TAppSession session, TRequestInfo requestInfo)
2019-07-03 18:54:11,510 [12] ERROR MyServer-63642613 - NewPlat.MySuperSocket.MySession
System.Net.Sockets.SocketException (0x80004005): 由于目标计算机积极拒绝，无法连接。 192.168.3.103:3009
   在 System.Net.Sockets.Socket.DoConnect(EndPoint endPointSnapshot, SocketAddress socketAddress)
   在 System.Net.Sockets.Socket.Connect(EndPoint remoteEP)
   在 System.Net.Sockets.Socket.Connect(IPAddress address, Int32 port)
   在 NewPlat.MyCommand.MyCommand66.ExecuteCommand(MySession session, MyRequestInfo requestInfo) 位置 E:\VS\NewPlat_new\NewPlat\MyCommand\MyCommand66.cs:行号 283
   在 SuperSocket.SocketBase.AppServerBase`2.ExecuteCommand(TAppSession session, TRequestInfo requestInfo)
2019-07-03 18:59:38,491 [6] ERROR MyServer-63642613 - NewPlat.MySuperSocket.MySession
System.Net.Sockets.SocketException (0x80004005): 由于目标计算机积极拒绝，无法连接。 192.168.3.103:3009
   在 System.Net.Sockets.Socket.DoConnect(EndPoint endPointSnapshot, SocketAddress socketAddress)
   在 System.Net.Sockets.Socket.Connect(EndPoint remoteEP)
   在 System.Net.Sockets.Socket.Connect(IPAddress address, Int32 port)
   在 NewPlat.MyCommand.MyCommand66.ExecuteCommand(MySession session, MyRequestInfo requestInfo) 位置 E:\VS\NewPlat_new\NewPlat\MyCommand\MyCommand66.cs:行号 283
   在 SuperSocket.SocketBase.AppServerBase`2.ExecuteCommand(TAppSession session, TRequestInfo requestInfo)
2019-07-03 19:02:31,632 [6] ERROR MyServer-63642613 - NewPlat.MySuperSocket.MySession
System.Net.Sockets.SocketException (0x80004005): 由于目标计算机积极拒绝，无法连接。 192.168.3.103:3009
   在 System.Net.Sockets.Socket.DoConnect(EndPoint endPointSnapshot, SocketAddress socketAddress)
   在 System.Net.Sockets.Socket.Connect(EndPoint remoteEP)
   在 System.Net.Sockets.Socket.Connect(IPAddress address, Int32 port)
   在 NewPlat.MyCommand.MyCommand66.ExecuteCommand(MySession session, MyRequestInfo requestInfo) 位置 E:\VS\NewPlat_new\NewPlat\MyCommand\MyCommand66.cs:行号 283
   在 SuperSocket.SocketBase.AppServerBase`2.ExecuteCommand(TAppSession session, TRequestInfo requestInfo)
2019-07-03 19:18:46,837 [6] ERROR MyServer-63642613 - NewPlat.MySuperSocket.MySession
System.Net.Sockets.SocketException (0x80004005): 由于目标计算机积极拒绝，无法连接。 192.168.3.103:3009
   在 System.Net.Sockets.Socket.DoConnect(EndPoint endPointSnapshot, SocketAddress socketAddress)
   在 System.Net.Sockets.Socket.Connect(EndPoint remoteEP)
   在 System.Net.Sockets.Socket.Connect(IPAddress address, Int32 port)
   在 NewPlat.MyCommand.MyCommand66.ExecuteCommand(MySession session, MyRequestInfo requestInfo) 位置 E:\VS\NewPlat_new\NewPlat\MyCommand\MyCommand66.cs:行号 283
   在 SuperSocket.SocketBase.AppServerBase`2.ExecuteCommand(TAppSession session, TRequestInfo requestInfo)
2019-07-03 19:19:04,547 [18] ERROR MyServer-63642613 - NewPlat.MySuperSocket.MySession
System.Net.Sockets.SocketException (0x80004005): 由于目标计算机积极拒绝，无法连接。 192.168.3.103:3009
   在 System.Net.Sockets.Socket.DoConnect(EndPoint endPointSnapshot, SocketAddress socketAddress)
   在 System.Net.Sockets.Socket.Connect(EndPoint remoteEP)
   在 System.Net.Sockets.Socket.Connect(IPAddress address, Int32 port)
   在 NewPlat.MyCommand.MyCommand66.ExecuteCommand(MySession session, MyRequestInfo requestInfo) 位置 E:\VS\NewPlat_new\NewPlat\MyCommand\MyCommand66.cs:行号 283
   在 SuperSocket.SocketBase.AppServerBase`2.ExecuteCommand(TAppSession session, TRequestInfo requestInfo)
2019-07-03 19:35:15,139 [6] ERROR MyServer-63642613 - NewPlat.MySuperSocket.MySession
System.Net.Sockets.SocketException (0x80004005): 由于目标计算机积极拒绝，无法连接。 192.168.3.103:3009
   在 System.Net.Sockets.Socket.DoConnect(EndPoint endPointSnapshot, SocketAddress socketAddress)
   在 System.Net.Sockets.Socket.Connect(EndPoint remoteEP)
   在 System.Net.Sockets.Socket.Connect(IPAddress address, Int32 port)
   在 NewPlat.MyCommand.MyCommand66.ExecuteCommand(MySession session, MyRequestInfo requestInfo) 位置 E:\VS\NewPlat_new\NewPlat\MyCommand\MyCommand66.cs:行号 283
   在 SuperSocket.SocketBase.AppServerBase`2.ExecuteCommand(TAppSession session, TRequestInfo requestInfo)
2019-07-03 19:35:19,175 [21] ERROR MyServer-63642613 - NewPlat.MySuperSocket.MySession
System.Net.Sockets.SocketException (0x80004005): 由于目标计算机积极拒绝，无法连接。 192.168.3.103:3009
   在 System.Net.Sockets.Socket.DoConnect(EndPoint endPointSnapshot, SocketAddress socketAddress)
   在 System.Net.Sockets.Socket.Connect(EndPoint remoteEP)
   在 System.Net.Sockets.Socket.Connect(IPAddress address, Int32 port)
   在 NewPlat.MyCommand.MyCommand66.ExecuteCommand(MySession session, MyRequestInfo requestInfo) 位置 E:\VS\NewPlat_new\NewPlat\MyCommand\MyCommand66.cs:行号 283
   在 SuperSocket.SocketBase.AppServerBase`2.ExecuteCommand(TAppSession session, TRequestInfo requestInfo)
2019-07-03 19:35:20,431 [22] ERROR MyServer-63642613 - NewPlat.MySuperSocket.MySession
System.Net.Sockets.SocketException (0x80004005): 由于目标计算机积极拒绝，无法连接。 192.168.3.103:3009
   在 System.Net.Sockets.Socket.DoConnect(EndPoint endPointSnapshot, SocketAddress socketAddress)
   在 System.Net.Sockets.Socket.Connect(EndPoint remoteEP)
   在 System.Net.Sockets.Socket.Connect(IPAddress address, Int32 port)
   在 NewPlat.MyCommand.MyCommand66.ExecuteCommand(MySession session, MyRequestInfo requestInfo) 位置 E:\VS\NewPlat_new\NewPlat\MyCommand\MyCommand66.cs:行号 283
   在 SuperSocket.SocketBase.AppServerBase`2.ExecuteCommand(TAppSession session, TRequestInfo requestInfo)
2019-07-03 19:35:21,960 [21] ERROR MyServer-63642613 - NewPlat.MySuperSocket.MySession
System.Net.Sockets.SocketException (0x80004005): 由于目标计算机积极拒绝，无法连接。 192.168.3.103:3009
   在 System.Net.Sockets.Socket.DoConnect(EndPoint endPointSnapshot, SocketAddress socketAddress)
   在 System.Net.Sockets.Socket.Connect(EndPoint remoteEP)
   在 System.Net.Sockets.Socket.Connect(IPAddress address, Int32 port)
   在 NewPlat.MyCommand.MyCommand66.ExecuteCommand(MySession session, MyRequestInfo requestInfo) 位置 E:\VS\NewPlat_new\NewPlat\MyCommand\MyCommand66.cs:行号 283
   在 SuperSocket.SocketBase.AppServerBase`2.ExecuteCommand(TAppSession session, TRequestInfo requestInfo)
2019-07-03 19:35:22,989 [22] ERROR MyServer-63642613 - NewPlat.MySuperSocket.MySession
System.Net.Sockets.SocketException (0x80004005): 由于目标计算机积极拒绝，无法连接。 192.168.3.103:3009
   在 System.Net.Sockets.Socket.DoConnect(EndPoint endPointSnapshot, SocketAddress socketAddress)
   在 System.Net.Sockets.Socket.Connect(EndPoint remoteEP)
   在 System.Net.Sockets.Socket.Connect(IPAddress address, Int32 port)
   在 NewPlat.MyCommand.MyCommand66.ExecuteCommand(MySession session, MyRequestInfo requestInfo) 位置 E:\VS\NewPlat_new\NewPlat\MyCommand\MyCommand66.cs:行号 283
   在 SuperSocket.SocketBase.AppServerBase`2.ExecuteCommand(TAppSession session, TRequestInfo requestInfo)
2019-07-03 19:35:24,265 [23] ERROR MyServer-63642613 - NewPlat.MySuperSocket.MySession
System.Net.Sockets.SocketException (0x80004005): 由于目标计算机积极拒绝，无法连接。 192.168.3.103:3009
   在 System.Net.Sockets.Socket.DoConnect(EndPoint endPointSnapshot, SocketAddress socketAddress)
   在 System.Net.Sockets.Socket.Connect(EndPoint remoteEP)
   在 System.Net.Sockets.Socket.Connect(IPAddress address, Int32 port)
   在 NewPlat.MyCommand.MyCommand66.ExecuteCommand(MySession session, MyRequestInfo requestInfo) 位置 E:\VS\NewPlat_new\NewPlat\MyCommand\MyCommand66.cs:行号 283
   在 SuperSocket.SocketBase.AppServerBase`2.ExecuteCommand(TAppSession session, TRequestInfo requestInfo)
2019-07-03 19:35:25,524 [24] ERROR MyServer-63642613 - NewPlat.MySuperSocket.MySession
System.Net.Sockets.SocketException (0x80004005): 由于目标计算机积极拒绝，无法连接。 192.168.3.103:3009
   在 System.Net.Sockets.Socket.DoConnect(EndPoint endPointSnapshot, SocketAddress socketAddress)
   在 System.Net.Sockets.Socket.Connect(EndPoint remoteEP)
   在 System.Net.Sockets.Socket.Connect(IPAddress address, Int32 port)
   在 NewPlat.MyCommand.MyCommand66.ExecuteCommand(MySession session, MyRequestInfo requestInfo) 位置 E:\VS\NewPlat_new\NewPlat\MyCommand\MyCommand66.cs:行号 283
   在 SuperSocket.SocketBase.AppServerBase`2.ExecuteCommand(TAppSession session, TRequestInfo requestInfo)
2019-07-03 19:35:46,686 [47] ERROR MyServer-63642613 - NewPlat.MySuperSocket.MySession
System.Net.Sockets.SocketException (0x80004005): 由于目标计算机积极拒绝，无法连接。 192.168.3.103:3009
   在 System.Net.Sockets.Socket.DoConnect(EndPoint endPointSnapshot, SocketAddress socketAddress)
   在 System.Net.Sockets.Socket.Connect(EndPoint remoteEP)
   在 System.Net.Sockets.Socket.Connect(IPAddress address, Int32 port)
   在 NewPlat.MyCommand.MyCommand66.ExecuteCommand(MySession session, MyRequestInfo requestInfo) 位置 E:\VS\NewPlat_new\NewPlat\MyCommand\MyCommand66.cs:行号 283
   在 SuperSocket.SocketBase.AppServerBase`2.ExecuteCommand(TAppSession session, TRequestInfo requestInfo)
2019-07-03 19:35:47,938 [48] ERROR MyServer-63642613 - NewPlat.MySuperSocket.MySession
System.Net.Sockets.SocketException (0x80004005): 由于目标计算机积极拒绝，无法连接。 192.168.3.103:3009
   在 System.Net.Sockets.Socket.DoConnect(EndPoint endPointSnapshot, SocketAddress socketAddress)
   在 System.Net.Sockets.Socket.Connect(EndPoint remoteEP)
   在 System.Net.Sockets.Socket.Connect(IPAddress address, Int32 port)
   在 NewPlat.MyCommand.MyCommand66.ExecuteCommand(MySession session, MyRequestInfo requestInfo) 位置 E:\VS\NewPlat_new\NewPlat\MyCommand\MyCommand66.cs:行号 283
   在 SuperSocket.SocketBase.AppServerBase`2.ExecuteCommand(TAppSession session, TRequestInfo requestInfo)
2019-07-03 19:35:49,697 [49] ERROR MyServer-63642613 - NewPlat.MySuperSocket.MySession
System.Net.Sockets.SocketException (0x80004005): 由于目标计算机积极拒绝，无法连接。 192.168.3.103:3009
   在 System.Net.Sockets.Socket.DoConnect(EndPoint endPointSnapshot, SocketAddress socketAddress)
   在 System.Net.Sockets.Socket.Connect(EndPoint remoteEP)
   在 System.Net.Sockets.Socket.Connect(IPAddress address, Int32 port)
   在 NewPlat.MyCommand.MyCommand66.ExecuteCommand(MySession session, MyRequestInfo requestInfo) 位置 E:\VS\NewPlat_new\NewPlat\MyCommand\MyCommand66.cs:行号 283
   在 SuperSocket.SocketBase.AppServerBase`2.ExecuteCommand(TAppSession session, TRequestInfo requestInfo)
2019-07-03 19:52:12,450 [6] ERROR MyServer-63642613 - NewPlat.MySuperSocket.MySession
System.Net.Sockets.SocketException (0x80004005): 由于目标计算机积极拒绝，无法连接。 192.168.3.103:3009
   在 System.Net.Sockets.Socket.DoConnect(EndPoint endPointSnapshot, SocketAddress socketAddress)
   在 System.Net.Sockets.Socket.Connect(EndPoint remoteEP)
   在 System.Net.Sockets.Socket.Connect(IPAddress address, Int32 port)
   在 NewPlat.MyCommand.MyCommand66.ExecuteCommand(MySession session, MyRequestInfo requestInfo) 位置 E:\VS\NewPlat_new\NewPlat\MyCommand\MyCommand66.cs:行号 283
   在 SuperSocket.SocketBase.AppServerBase`2.ExecuteCommand(TAppSession session, TRequestInfo requestInfo)
