2019-06-22 11:01:11,546 [1] INFO  MyServer-58328727 - The server instance MyServer-58328727 has been started!
2019-06-22 11:01:13,419 [1] INFO  MyServer-58328727 - The server instance MyServer-58328727 has been stopped!
2019-06-22 11:01:15,010 [1] INFO  MyServer-58328727 - The server instance MyServer-58328727 has been started!
2019-06-22 11:01:15,016 [1] INFO  MyServer-58328727 - The server instance MyServer-58328727 has been stopped!
2019-06-22 11:01:15,950 [1] INFO  MyServer-58328727 - The server instance MyServer-58328727 has been started!
2019-06-22 11:01:15,956 [1] INFO  MyServer-58328727 - The server instance MyServer-58328727 has been stopped!
2019-06-22 11:01:16,692 [1] INFO  MyServer-58328727 - The server instance MyServer-58328727 has been started!
2019-06-22 11:01:16,697 [1] INFO  MyServer-58328727 - The server instance MyServer-58328727 has been stopped!
2019-06-22 11:01:17,395 [1] INFO  MyServer-58328727 - The server instance MyServer-58328727 has been started!
2019-06-22 11:01:17,400 [1] INFO  MyServer-58328727 - The server instance MyServer-58328727 has been stopped!
2019-06-22 11:02:05,296 [1] INFO  MyServer-58328727 - The server instance MyServer-58328727 has been started!
2019-06-22 11:02:09,734 [1] INFO  MyServer-58328727 - The server instance MyServer-58328727 has been stopped!
2019-06-22 11:02:11,533 [1] INFO  MyServer-58328727 - The server instance MyServer-58328727 has been started!
2019-06-22 11:02:11,541 [1] INFO  MyServer-58328727 - The server instance MyServer-58328727 has been stopped!
2019-06-22 11:02:12,825 [1] INFO  MyServer-58328727 - The server instance MyServer-58328727 has been started!
2019-06-22 11:02:12,831 [1] INFO  MyServer-58328727 - The server instance MyServer-58328727 has been stopped!
2019-06-22 11:02:13,567 [1] INFO  MyServer-58328727 - The server instance MyServer-58328727 has been started!
2019-06-22 11:02:13,572 [1] INFO  MyServer-58328727 - The server instance MyServer-58328727 has been stopped!
2019-06-22 11:02:16,104 [1] INFO  MyServer-58328727 - The server instance MyServer-58328727 has been started!
2019-06-22 11:02:16,109 [1] INFO  MyServer-58328727 - The server instance MyServer-58328727 has been stopped!
2019-06-22 11:02:20,153 [1] INFO  MyServer-58328727 - The server instance MyServer-58328727 has been started!
2019-06-22 11:02:20,163 [1] INFO  MyServer-58328727 - The server instance MyServer-58328727 has been stopped!
2019-06-22 11:02:21,568 [1] INFO  MyServer-58328727 - The server instance MyServer-58328727 has been started!
2019-06-22 11:02:21,572 [1] INFO  MyServer-58328727 - The server instance MyServer-58328727 has been stopped!
2019-06-22 11:02:22,429 [1] INFO  MyServer-58328727 - The server instance MyServer-58328727 has been started!
2019-06-22 11:02:22,434 [1] INFO  MyServer-58328727 - The server instance MyServer-58328727 has been stopped!
2019-06-22 11:02:23,093 [1] INFO  MyServer-58328727 - The server instance MyServer-58328727 has been started!
2019-06-22 11:02:23,098 [1] INFO  MyServer-58328727 - The server instance MyServer-58328727 has been stopped!
2019-06-22 11:02:31,398 [1] INFO  MyServer-58328727 - The server instance MyServer-58328727 has been started!
2019-06-22 11:02:32,801 [1] INFO  MyServer-58328727 - The server instance MyServer-58328727 has been stopped!
2019-06-22 11:02:34,524 [1] INFO  MyServer-58328727 - The server instance MyServer-58328727 has been started!
2019-06-22 11:02:34,528 [1] INFO  MyServer-58328727 - The server instance MyServer-58328727 has been stopped!
2019-06-22 11:02:39,343 [1] INFO  MyServer-58328727 - The server instance MyServer-58328727 has been started!
2019-06-22 11:02:39,349 [1] INFO  MyServer-58328727 - The server instance MyServer-58328727 has been stopped!
2019-06-22 11:02:41,677 [1] INFO  MyServer-58328727 - The server instance MyServer-58328727 has been started!
2019-06-22 11:02:41,682 [1] INFO  MyServer-58328727 - The server instance MyServer-58328727 has been stopped!
2019-06-22 11:03:16,273 [1] INFO  MyServer-58328727 - The server instance MyServer-58328727 has been started!
2019-06-22 11:04:30,717 [1] INFO  MyServer-58328727 - The server instance MyServer-58328727 has been started!
2019-06-22 11:04:39,771 [1] INFO  MyServer-58328727 - The server instance MyServer-58328727 has been stopped!
2019-06-22 11:04:48,179 [1] INFO  MyServer-58328727 - The server instance MyServer-58328727 has been started!
2019-06-22 11:04:49,419 [1] INFO  MyServer-58328727 - The server instance MyServer-58328727 has been stopped!
2019-06-22 11:04:50,041 [1] INFO  MyServer-58328727 - The server instance MyServer-58328727 has been started!
2019-06-22 11:04:50,486 [1] INFO  MyServer-58328727 - The server instance MyServer-58328727 has been stopped!
2019-06-22 11:04:50,942 [1] INFO  MyServer-58328727 - The server instance MyServer-58328727 has been started!
2019-06-22 11:04:51,318 [1] INFO  MyServer-58328727 - The server instance MyServer-58328727 has been stopped!
2019-06-22 11:04:52,762 [1] INFO  MyServer-58328727 - The server instance MyServer-58328727 has been started!
2019-06-22 11:04:53,897 [1] INFO  MyServer-58328727 - The server instance MyServer-58328727 has been stopped!
2019-06-22 11:04:54,713 [1] INFO  MyServer-58328727 - The server instance MyServer-58328727 has been started!
2019-06-22 11:04:55,409 [1] INFO  MyServer-58328727 - The server instance MyServer-58328727 has been stopped!
2019-06-22 11:04:56,083 [1] INFO  MyServer-58328727 - The server instance MyServer-58328727 has been started!
2019-06-22 11:04:56,717 [1] INFO  MyServer-58328727 - The server instance MyServer-58328727 has been stopped!
2019-06-22 11:04:57,897 [1] INFO  MyServer-58328727 - The server instance MyServer-58328727 has been started!
2019-06-22 11:04:58,630 [1] INFO  MyServer-58328727 - The server instance MyServer-58328727 has been stopped!
2019-06-22 11:04:59,346 [1] INFO  MyServer-58328727 - The server instance MyServer-58328727 has been started!
2019-06-22 11:05:02,794 [1] INFO  MyServer-58328727 - The server instance MyServer-58328727 has been stopped!
2019-06-22 11:07:47,758 [1] INFO  MyServer-58328727 - The server instance MyServer-58328727 has been started!
2019-06-22 11:07:52,836 [1] INFO  MyServer-58328727 - The server instance MyServer-58328727 has been stopped!
2019-06-22 11:07:54,537 [1] INFO  MyServer-58328727 - The server instance MyServer-58328727 has been started!
2019-06-22 11:07:56,985 [1] INFO  MyServer-58328727 - The server instance MyServer-58328727 has been stopped!
2019-06-22 11:10:17,591 [1] INFO  MyServer-58328727 - The server instance MyServer-58328727 has been started!
2019-06-22 11:12:12,819 [1] INFO  MyServer-58328727 - The server instance MyServer-58328727 has been started!
2019-06-22 11:12:21,082 [1] INFO  MyServer-58328727 - The server instance MyServer-58328727 has been stopped!
2019-06-22 11:12:29,974 [1] INFO  MyServer-58328727 - The server instance MyServer-58328727 has been started!
2019-06-22 11:12:32,727 [1] INFO  MyServer-58328727 - The server instance MyServer-58328727 has been stopped!
2019-06-22 11:14:11,287 [1] INFO  MyServer-58328727 - The server instance MyServer-58328727 has been started!
2019-06-22 11:14:14,194 [1] INFO  MyServer-58328727 - The server instance MyServer-58328727 has been stopped!
2019-06-22 11:14:16,208 [1] INFO  MyServer-58328727 - The server instance MyServer-58328727 has been started!
2019-06-22 12:34:52,548 [1] INFO  MyServer-58328727 - The server instance MyServer-58328727 has been stopped!
2019-06-22 12:34:54,620 [1] INFO  MyServer-58328727 - The server instance MyServer-58328727 has been started!
2019-06-22 12:35:29,902 [1] INFO  MyServer-58328727 - The server instance MyServer-58328727 has been stopped!
2019-06-22 12:35:38,769 [1] INFO  MyServer-58328727 - The server instance MyServer-58328727 has been started!
2019-06-22 12:36:52,510 [1] INFO  MyServer-58328727 - The server instance MyServer-58328727 has been stopped!
2019-06-22 12:36:54,030 [1] INFO  MyServer-58328727 - The server instance MyServer-58328727 has been started!
2019-06-22 13:33:04,931 [1] INFO  MyServer-58328727 - The server instance MyServer-58328727 has been started!
2019-06-22 13:33:07,015 [1] INFO  MyServer-58328727 - The server instance MyServer-58328727 has been stopped!
2019-06-22 13:33:08,130 [1] INFO  MyServer-58328727 - The server instance MyServer-58328727 has been started!
2019-06-22 13:39:25,258 [1] INFO  MyServer-58328727 - The server instance MyServer-58328727 has been stopped!
2019-06-22 13:39:26,947 [1] INFO  MyServer-58328727 - The server instance MyServer-58328727 has been started!
2019-06-22 13:42:42,759 [1] INFO  MyServer-58328727 - The server instance MyServer-58328727 has been stopped!
2019-06-22 14:15:08,486 [1] INFO  MyServer-58328727 - The server instance MyServer-58328727 has been started!
2019-06-22 14:15:36,768 [1] INFO  MyServer-58328727 - The server instance MyServer-58328727 has been stopped!
2019-06-22 14:20:07,139 [1] INFO  MyServer-58328727 - The server instance MyServer-58328727 has been started!
2019-06-22 14:20:14,467 [1] INFO  MyServer-58328727 - The server instance MyServer-58328727 has been stopped!
2019-06-22 14:20:27,691 [1] INFO  MyServer-58328727 - The server instance MyServer-58328727 has been started!
2019-06-22 14:20:31,712 [1] INFO  MyServer-58328727 - The server instance MyServer-58328727 has been stopped!
2019-06-22 14:20:44,120 [1] INFO  MyServer-58328727 - The server instance MyServer-58328727 has been started!
2019-06-22 14:23:50,517 [1] INFO  MyServer-58328727 - The server instance MyServer-58328727 has been started!
2019-06-22 14:27:43,346 [1] INFO  MyServer-58328727 - The server instance MyServer-58328727 has been stopped!
2019-06-22 14:28:54,360 [1] INFO  MyServer-58328727 - The server instance MyServer-58328727 has been started!
2019-06-22 14:32:40,367 [1] INFO  MyServer-58328727 - The server instance MyServer-58328727 has been started!
2019-06-22 14:32:55,640 [1] INFO  MyServer-58328727 - The server instance MyServer-58328727 has been stopped!
2019-06-22 14:33:13,932 [1] INFO  MyServer-58328727 - The server instance MyServer-58328727 has been started!
2019-06-22 14:36:22,554 [1] INFO  MyServer-41731733 - The server instance MyServer-41731733 has been started!
2019-06-22 14:41:24,797 [1] INFO  MyServer-41731733 - The server instance MyServer-41731733 has been stopped!
2019-06-22 14:41:25,903 [1] INFO  MyServer-41731733 - The server instance MyServer-41731733 has been started!
2019-06-22 14:41:27,564 [1] INFO  MyServer-41731733 - The server instance MyServer-41731733 has been stopped!
2019-06-22 14:41:28,454 [1] INFO  MyServer-41731733 - The server instance MyServer-41731733 has been started!
2019-06-22 14:41:29,414 [1] INFO  MyServer-41731733 - The server instance MyServer-41731733 has been stopped!
2019-06-22 14:44:46,171 [1] INFO  MyServer-55196503 - The server instance MyServer-55196503 has been started!
2019-06-22 14:44:54,332 [1] INFO  MyServer-55196503 - The server instance MyServer-55196503 has been stopped!
2019-06-22 14:46:08,895 [1] INFO  MyServer-58328727 - The server instance MyServer-58328727 has been started!
2019-06-22 14:49:11,117 [1] INFO  MyServer-58328727 - The server instance MyServer-58328727 has been started!
2019-06-22 14:49:24,494 [1] INFO  MyServer-58328727 - The server instance MyServer-58328727 has been stopped!
2019-06-22 14:58:56,591 [1] INFO  MyServer-58328727 - The server instance MyServer-58328727 has been started!
2019-06-22 14:59:47,163 [1] INFO  MyServer-58328727 - The server instance MyServer-58328727 has been started!
2019-06-22 15:01:25,151 [1] INFO  MyServer-58328727 - The server instance MyServer-58328727 has been started!
2019-06-22 15:01:29,026 [1] INFO  MyServer-58328727 - The server instance MyServer-58328727 has been stopped!
2019-06-22 15:01:30,172 [1] INFO  MyServer-58328727 - The server instance MyServer-58328727 has been started!
2019-06-22 15:02:00,071 [1] INFO  MyServer-58328727 - The server instance MyServer-58328727 has been stopped!
2019-06-22 15:06:02,516 [1] INFO  MyServer-58328727 - The server instance MyServer-58328727 has been started!
2019-06-22 15:06:11,922 [1] INFO  MyServer-58328727 - The server instance MyServer-58328727 has been stopped!
2019-06-22 15:06:40,278 [1] INFO  MyServer-58328727 - The server instance MyServer-58328727 has been started!
2019-06-22 15:11:09,998 [1] INFO  MyServer-58328727 - The server instance MyServer-58328727 has been started!
2019-06-22 15:11:14,904 [1] INFO  MyServer-58328727 - The server instance MyServer-58328727 has been stopped!
2019-06-22 15:11:15,969 [1] INFO  MyServer-58328727 - The server instance MyServer-58328727 has been started!
2019-06-22 18:05:05,793 [1] INFO  MyServer-27006480 - The server instance MyServer-27006480 has been started!
2019-06-22 18:05:08,403 [10] INFO  MyServer-27006480 - Session: 78ee25c2-ba98-4d32-97c5-826edfc0a112/192.168.3.103:59027
A new session connected!
2019-06-22 18:05:12,082 [1] INFO  MyServer-27006480 - The server instance MyServer-27006480 has been stopped!
2019-06-22 18:05:12,103 [4] INFO  MyServer-27006480 - Session: 78ee25c2-ba98-4d32-97c5-826edfc0a112/192.168.3.103:59027
This session was closed for ServerShutdown!
2019-06-22 18:05:44,611 [1] INFO  MyServer-27006480 - The server instance MyServer-27006480 has been started!
2019-06-22 18:05:45,598 [7] INFO  MyServer-27006480 - Session: 8b62bb80-d34d-4b05-a965-c0368dff27e4/192.168.3.103:59035
A new session connected!
2019-06-22 18:06:37,075 [1] INFO  MyServer-27006480 - The server instance MyServer-27006480 has been stopped!
2019-06-22 18:06:37,078 [11] INFO  MyServer-27006480 - Session: 8b62bb80-d34d-4b05-a965-c0368dff27e4/192.168.3.103:59035
This session was closed for ServerShutdown!
2019-06-22 18:07:41,090 [1] INFO  MyServer-27006480 - The server instance MyServer-27006480 has been started!
2019-06-22 18:07:53,351 [1] INFO  MyServer-27006480 - The server instance MyServer-27006480 has been stopped!
2019-06-22 18:09:28,129 [1] INFO  MyServer-58328727 - The server instance MyServer-58328727 has been started!
2019-06-22 18:10:36,712 [1] INFO  MyServer-58328727 - The server instance MyServer-58328727 has been started!
2019-06-22 18:11:06,451 [10] INFO  MyServer-58328727 - Session: 3e848c2d-c460-4396-8879-ded2721472a9/192.168.3.109:41044
A new session connected!
2019-06-22 18:12:14,962 [1] INFO  MyServer-58328727 - The server instance MyServer-58328727 has been stopped!
2019-06-22 18:12:14,966 [15] INFO  MyServer-58328727 - Session: 3e848c2d-c460-4396-8879-ded2721472a9/192.168.3.109:41044
This session was closed for ServerShutdown!
2019-06-22 18:12:44,079 [1] INFO  MyServer-58328727 - The server instance MyServer-58328727 has been started!
2019-06-22 18:15:16,654 [1] INFO  MyServer-27006480 - The server instance MyServer-27006480 has been started!
