2019-03-09 20:26:34,944 Performance - ID号为： 92139dbd-036b-459e-bf9f-80f9d3142b25 接入
该Session接入时间为：2019/3/9 20:26:34

2019-03-09 20:26:42,920 Performance - receive from: 10.89.41.214:18977
接收到数据：1500000000000000000000000031010000000000000000013900000000000101160924151503000000000000000001020304000350000000000000000000005014
设备类型:00
设备号:000000000000
控制码:00000000000000000000000000000000
2019-03-09 20:26:42,971 Performance - 发送命令15000000000000008000000000058F000000002914
2019-03-09 20:26:43,158 Performance - 发送命令15000000000000001000000000407F7E7B58BAB8D7714442A5B2401365C84B159E0316855C179E35121EA8CAD4514B159E0316855C179E35121EA8CAD451CDAFA0EE1D27AAE38F0F7442C6DEA36C8014
2019-03-09 20:30:08,057 Performance - ID号为： d2e80f3d-c8d0-42ef-af1f-bf3dac22ba3e 接入
该Session接入时间为：2019/3/9 20:30:08

2019-03-09 20:30:15,137 Performance - receive from: 10.89.41.214:19099
接收到数据：1500000000000000000000000031010000000000000000013900000000000101160924151503000000000000000001020304000350000000000000000000005014
设备类型:00
设备号:000000000000
控制码:00000000000000000000000000000000
2019-03-09 20:30:15,245 Performance - 发送命令15000000000000008000000000058F000000002914
2019-03-09 20:30:15,340 Performance - 发送命令15000000000000001000000000407F7E7B58BAB8D7714442A5B2401365C84B159E0316855C179E35121EA8CAD4514B159E0316855C179E35121EA8CAD451CDAFA0EE1D27AAE38F0F7442C6DEA36C8014
2019-03-09 20:31:00,861 Performance - ID号为： d2e80f3d-c8d0-42ef-af1f-bf3dac22ba3e 接入
该Session接入时间为：2019/3/9 20:30:08
该Session接入时间为：2019/3/9 20:30:08
该Session关闭时间为：2019/3/9 20:31:00



