2019-07-04 13:27:48,251 - 


Server开启成功
2019-07-04 13:28:18,591 - 


Server开启成功
2019-07-04 13:30:27,201 - 


Server开启成功
2019-07-04 14:05:47,403 - receive from: 192.168.3.103:49960
接收到数据：150000000000000000000000000A6601C0A803670BC101AACF14
设备类型:00
设备号:000000000000
控制码:00000000000000000000000000000000
2019-07-04 14:05:48,093 - 1 01 入网成功
2019-07-04 14:05:49,103 - 命令 66 执行完时间为：2019/7/4 14:05:49

2019-07-04 14:05:49,293 - 检测平台异常
2019-07-04 14:05:49,973 - ok
2019-07-04 14:05:59,823 - 检测平台异常
2019-07-04 14:06:10,343 - 检测平台异常
2019-07-04 14:06:20,863 - 检测平台异常
2019-07-04 14:06:31,803 - ok
2019-07-04 14:12:31,173 - receive from: 192.168.3.103:50123
接收到数据：150000000000000000000000000A6601C0A803670BC101AACF14
设备类型:00
设备号:000000000000
控制码:00000000000000000000000000000000
2019-07-04 14:12:31,563 - 1 01 入网成功
2019-07-04 14:12:32,033 - ok
2019-07-04 14:12:32,593 - 命令 66 执行完时间为：2019/7/4 14:12:32

2019-07-04 14:12:40,073 - 检测平台异常
2019-07-04 14:12:50,593 - 检测平台异常
2019-07-04 14:13:01,113 - 检测平台异常
2019-07-04 14:13:11,633 - 检测平台异常
2019-07-04 14:13:22,783 - ok
2019-07-04 14:13:52,683 - receive from: 192.168.3.103:50155
接收到数据：150000000000000000000000000A6601C0A803670BC101AACF14
设备类型:00
设备号:000000000000
控制码:00000000000000000000000000000000
2019-07-04 14:13:53,083 - 1 01 入网成功
2019-07-04 14:13:53,153 - ok
2019-07-04 14:13:54,113 - 命令 66 执行完时间为：2019/7/4 14:13:54

2019-07-04 14:13:54,173 - 检测平台异常
2019-07-04 14:14:04,693 - 检测平台异常
2019-07-04 14:14:15,213 - 检测平台异常
2019-07-04 14:14:22,123 - receive from: 192.168.3.103:50176
接收到数据：150000000000000000000000000A6601C0A803670BC101AACF14
设备类型:00
设备号:000000000000
控制码:00000000000000000000000000000000
2019-07-04 14:14:22,353 - 1 01 入网成功
2019-07-04 14:14:23,373 - 命令 66 执行完时间为：2019/7/4 14:14:23

2019-07-04 14:14:25,733 - 检测平台异常
2019-07-04 14:14:36,253 - 检测平台异常
2019-07-04 14:14:46,773 - 检测平台异常
2019-07-04 14:14:51,823 - receive from: 192.168.3.103:50195
接收到数据：150000000000000000000000000A6601C0A803670BC101AACF14
设备类型:00
设备号:000000000000
控制码:00000000000000000000000000000000
2019-07-04 14:14:52,063 - 1 01 入网成功
2019-07-04 14:14:53,093 - 命令 66 执行完时间为：2019/7/4 14:14:53

2019-07-04 14:14:57,293 - 检测平台异常
2019-07-04 14:15:07,813 - 检测平台异常
2019-07-04 14:15:18,333 - 检测平台异常
2019-07-04 14:15:28,853 - 检测平台异常
2019-07-04 14:15:40,073 - ok
2019-07-04 14:16:32,993 - 服务关闭！
2019-07-04 14:16:33,693 - 


Server开启成功
2019-07-04 14:16:38,793 - receive from: 192.168.3.103:50245
接收到数据：150000000000000000000000000A6601C0A803670BC101AACF14
设备类型:00
设备号:000000000000
控制码:00000000000000000000000000000000
2019-07-04 14:16:39,253 - 1 01 入网成功
2019-07-04 14:16:39,443 - ok
2019-07-04 14:16:40,273 - 命令 66 执行完时间为：2019/7/4 14:16:40

2019-07-04 14:16:43,003 - 检测平台异常
2019-07-04 14:16:44,223 - 检测平台异常
2019-07-04 14:16:53,523 - 检测平台异常
2019-07-04 14:16:54,743 - 检测平台异常
2019-07-04 14:17:04,463 - ok
2019-07-04 14:17:14,273 - 服务关闭！
2019-07-04 14:17:14,963 - 


Server开启成功
2019-07-04 14:18:11,923 - receive from: 192.168.3.103:50286
接收到数据：150000000000000000000000000A6601C0A803670BC101AACF14
设备类型:00
设备号:000000000000
控制码:00000000000000000000000000000000
2019-07-04 14:18:12,373 - 1 01 入网成功
2019-07-04 14:18:12,463 - ok
2019-07-04 14:18:13,403 - 命令 66 执行完时间为：2019/7/4 14:18:13

2019-07-04 14:18:18,073 - 检测平台异常
2019-07-04 14:18:18,593 - 检测平台异常
2019-07-04 14:18:19,103 - 检测平台异常
2019-07-04 14:18:28,593 - 检测平台异常
2019-07-04 14:18:29,753 - ok
2019-07-04 14:21:21,713 - receive from: 192.168.3.103:50318
接收到数据：150000000000000000000000000A6601C0A803670BC101AACF14
设备类型:00
设备号:000000000000
控制码:00000000000000000000000000000000
2019-07-04 14:21:22,203 - 1 01 入网成功
2019-07-04 14:21:22,613 - ok
2019-07-04 14:21:23,233 - 命令 66 执行完时间为：2019/7/4 14:21:23

2019-07-04 14:21:27,413 - 检测平台异常
2019-07-04 14:21:28,463 - 检测平台异常
2019-07-04 14:21:28,983 - 检测平台异常
2019-07-04 14:21:37,933 - 检测平台异常
2019-07-04 14:21:39,413 - ok
2019-07-04 20:37:21,292 - receive from: 192.168.3.103:50789
接收到数据：150000000000000000000000000A6601C0A803670BC101AACF14
设备类型:00
设备号:000000000000
控制码:00000000000000000000000000000000
2019-07-04 20:37:21,861 - 1 01 入网成功
2019-07-04 20:37:22,312 - ok
2019-07-04 20:37:22,872 - 命令 66 执行完时间为：2019/7/4 20:37:22

2019-07-04 20:37:29,392 - 检测平台异常
2019-07-04 20:37:30,922 - 检测平台异常
2019-07-04 20:37:31,492 - 检测平台异常
2019-07-04 20:37:39,912 - 检测平台异常
2019-07-04 20:37:41,862 - ok
2019-07-04 20:41:34,682 - receive from: 192.168.3.103:50829
接收到数据：150000000000000000000000000A6601C0A803670BC101AACF14
设备类型:00
设备号:000000000000
控制码:00000000000000000000000000000000
2019-07-04 20:41:35,162 - 1 01 入网成功
2019-07-04 20:41:35,572 - ok
2019-07-04 20:41:36,182 - 命令 66 执行完时间为：2019/7/4 20:41:36

2019-07-04 20:41:41,872 - 检测平台异常
2019-07-04 20:41:43,922 - 检测平台异常
2019-07-04 20:41:44,452 - 检测平台异常
2019-07-04 20:41:52,402 - 检测平台异常
2019-07-04 20:41:54,812 - ok
2019-07-04 20:42:54,532 - receive from: 192.168.3.103:50862
接收到数据：150000000000000000000000000A6601C0A803670BC101AACF14
设备类型:00
设备号:000000000000
控制码:00000000000000000000000000000000
2019-07-04 20:42:54,952 - 1 01 入网成功
2019-07-04 20:42:55,062 - ok
2019-07-04 20:42:55,962 - 命令 66 执行完时间为：2019/7/4 20:42:55

2019-07-04 20:42:55,962 - 检测平台异常
2019-07-04 20:42:58,072 - 检测平台异常
2019-07-04 20:42:58,582 - 检测平台异常
2019-07-04 20:43:06,492 - 检测平台异常
2019-07-04 20:43:08,982 - ok
2019-07-04 20:44:45,482 - receive from: 192.168.3.103:50896
接收到数据：150000000000000000000000000A6601C0A803670BC101AACF14
设备类型:00
设备号:000000000000
控制码:00000000000000000000000000000000
2019-07-04 20:44:45,982 - 1 01 入网成功
2019-07-04 20:44:46,082 - ok
2019-07-04 20:44:46,992 - 命令 66 执行完时间为：2019/7/4 20:44:46

2019-07-04 20:44:51,692 - 检测平台异常
2019-07-04 20:44:54,302 - 检测平台异常
2019-07-04 20:44:54,812 - 检测平台异常
2019-07-04 20:45:02,212 - 检测平台异常
2019-07-04 20:45:05,172 - ok
2019-07-04 20:50:04,612 - receive from: 192.168.3.103:50935
接收到数据：150000000000000000000000000A6601C0A803670BC101AACF14
设备类型:00
设备号:000000000000
控制码:00000000000000000000000000000000
2019-07-04 20:50:05,072 - 1 01 入网成功
2019-07-04 20:50:05,502 - ok
2019-07-04 20:50:06,092 - 命令 66 执行完时间为：2019/7/4 20:50:06

2019-07-04 20:50:07,272 - 检测平台异常
2019-07-04 20:50:10,352 - 检测平台异常
2019-07-04 20:50:10,862 - 检测平台异常
2019-07-04 20:50:17,802 - 检测平台异常
2019-07-04 20:50:21,272 - ok
2019-07-04 20:53:09,632 - receive from: 192.168.3.103:50968
接收到数据：150000000000000000000000000A6601C0A803670BC101AACF14
设备类型:00
设备号:000000000000
控制码:00000000000000000000000000000000
2019-07-04 20:53:10,072 - 1 01 入网成功
2019-07-04 20:53:10,512 - ok
2019-07-04 20:53:11,092 - 命令 66 执行完时间为：2019/7/4 20:53:11

2019-07-04 20:53:11,092 - 检测平台异常
2019-07-04 20:53:11,602 - 检测平台异常
2019-07-04 20:53:16,642 - 检测平台异常
2019-07-04 20:53:21,612 - 检测平台异常
2019-07-04 20:53:22,592 - ok
2019-07-04 20:54:18,672 - receive from: 192.168.3.103:51000
接收到数据：150000000000000000000000000A6601C0A803670BC101AACF14
设备类型:00
设备号:000000000000
控制码:00000000000000000000000000000000
2019-07-04 20:54:19,122 - 1 01 入网成功
2019-07-04 20:54:19,222 - ok
2019-07-04 20:54:20,142 - 命令 66 执行完时间为：2019/7/4 20:54:20

2019-07-04 20:54:20,142 - 检测平台异常
2019-07-04 20:54:24,732 - 检测平台异常
2019-07-04 20:54:25,752 - 检测平台异常
2019-07-04 20:54:30,662 - 检测平台异常
2019-07-04 20:54:35,742 - ok
2019-07-04 20:55:31,562 - receive from: 192.168.3.103:51033
接收到数据：150000000000000000000000000A6601C0A803670BC101AACF14
设备类型:00
设备号:000000000000
控制码:00000000000000000000000000000000
2019-07-04 20:55:31,992 - 1 01 入网成功
2019-07-04 20:55:32,102 - ok
2019-07-04 20:55:33,012 - 命令 66 执行完时间为：2019/7/4 20:55:33

2019-07-04 20:55:33,782 - 检测平台异常
2019-07-04 20:55:38,942 - 检测平台异常
2019-07-04 20:55:39,452 - 检测平台异常
2019-07-04 20:55:44,302 - 检测平台异常
2019-07-04 20:55:49,892 - ok
2019-07-04 20:56:38,142 - receive from: 192.168.3.103:51065
接收到数据：150000000000000000000000000A6601C0A803670BC101AACF14
设备类型:00
设备号:000000000000
控制码:00000000000000000000000000000000
2019-07-04 20:56:38,582 - 1 01 入网成功
2019-07-04 20:56:38,722 - ok
2019-07-04 20:56:39,602 - 命令 66 执行完时间为：2019/7/4 20:56:39

2019-07-04 20:56:42,592 - 检测平台异常
2019-07-04 20:56:43,102 - 检测平台异常
2019-07-04 20:56:47,432 - 检测平台异常
2019-07-04 20:56:53,112 - 检测平台异常
2019-07-04 20:56:53,992 - ok
2019-07-04 20:57:32,302 - receive from: 192.168.3.103:51097
接收到数据：150000000000000000000000000A6601C0A803670BC101AACF14
设备类型:00
设备号:000000000000
控制码:00000000000000000000000000000000
2019-07-04 20:57:32,822 - 1 01 入网成功
2019-07-04 20:57:32,932 - ok
2019-07-04 20:57:33,842 - 命令 66 执行完时间为：2019/7/4 20:57:33

2019-07-04 20:57:35,192 - 检测平台异常
2019-07-04 20:57:36,192 - 检测平台异常
2019-07-04 20:57:40,032 - 检测平台异常
2019-07-04 20:57:45,712 - 检测平台异常
2019-07-04 20:57:47,172 - ok
2019-07-04 21:14:16,123 - receive from: 192.168.3.103:51135
接收到数据：150000000000000000000000000A6601C0A803670BC101AACF14
设备类型:00
设备号:000000000000
控制码:00000000000000000000000000000000
2019-07-04 21:14:17,033 - 1 01 入网成功
2019-07-04 21:14:17,443 - ok
2019-07-04 21:14:18,043 - 命令 66 执行完时间为：2019/7/4 21:14:18

2019-07-04 21:14:19,403 - 检测平台异常
2019-07-04 21:14:25,043 - 检测平台异常
2019-07-04 21:14:26,643 - 检测平台异常
2019-07-04 21:14:29,923 - 检测平台异常
2019-07-04 21:14:36,153 - ok
2019-07-04 21:24:49,633 - receive from: 192.168.3.103:51169
接收到数据：150000000000000000000000000A6601C0A803670BC101AACF14
设备类型:00
设备号:000000000000
控制码:00000000000000000000000000000000
2019-07-04 21:24:50,093 - 1 01 入网成功
2019-07-04 21:24:50,593 - ok
2019-07-04 21:24:51,103 - 命令 66 执行完时间为：2019/7/4 21:24:51

2019-07-04 21:24:51,103 - 检测平台异常
2019-07-04 21:24:56,703 - 检测平台异常
2019-07-04 21:24:57,833 - 检测平台异常
2019-07-04 21:25:01,623 - 检测平台异常
2019-07-04 21:25:08,033 - ok
