2019-05-21 10:26:06,209 - 


Server开启成功
2019-05-21 10:26:12,312 - receive from: 192.168.3.103:54476
接收到数据：1500000000000003C000000000200100000000000300000000000000000000000000000000000000000000000000FC14
设备类型:00
设备号:000000000003
控制码:11000000000000000000000000000000
2019-05-21 10:26:12,313 - receive from: 192.168.3.103:54473
接收到数据：1500000000000000C000000000200100000000000000000000000000000000000000000000000000000000000000F614
设备类型:00
设备号:000000000000
控制码:11000000000000000000000000000000
2019-05-21 10:26:12,313 - receive from: 192.168.3.103:54475
接收到数据：1500000000000002C000000000200100000000000200000000000000000000000000000000000000000000000000FA14
设备类型:00
设备号:000000000002
控制码:11000000000000000000000000000000
2019-05-21 10:26:12,538 - 命令 01 执行完时间为：2019/5/21 10:26:12

2019-05-21 10:26:12,546 - receive from: 192.168.3.103:54474
接收到数据：1500000000000001C000000000200100000000000100000000000000000000000000000000000000000000000000F814
设备类型:00
设备号:000000000001
控制码:11000000000000000000000000000000
2019-05-21 10:26:12,708 - 命令 01 执行完时间为：2019/5/21 10:26:12

2019-05-21 10:26:12,711 - receive from: 192.168.3.103:54477
接收到数据：1500000000000004C000000000200100000000000400000000000000000000000000000000000000000000000000FE14
设备类型:00
设备号:000000000004
控制码:11000000000000000000000000000000
2019-05-21 10:26:12,713 - receive from: 192.168.3.103:54478
接收到数据：1500000000000005C0000000002001000000000005000000000000000000000000000000000000000000000000000014
设备类型:00
设备号:000000000005
控制码:11000000000000000000000000000000
2019-05-21 10:26:13,208 - 无空闲检测平台
2019-05-21 10:26:13,214 - 发送命令150000000000000190000000002068446508FB353BF4B4E56460AC50FD8B30A27FC56FD32DF22020388168BABEFD6C14
2019-05-21 10:26:13,622 - 命令 01 执行完时间为：2019/5/21 10:26:13

2019-05-21 10:26:13,693 - receive from: 192.168.3.103:54479
接收到数据：1500000000000006C0000000002001000000000006000000000000000000000000000000000000000000000000000214
设备类型:00
设备号:000000000006
控制码:11000000000000000000000000000000
2019-05-21 10:26:13,790 - 命令 01 执行完时间为：2019/5/21 10:26:13

2019-05-21 10:26:13,793 - receive from: 192.168.3.103:54480
接收到数据：1500000000000007C0000000002001000000000007000000000000000000000000000000000000000000000000000414
设备类型:00
设备号:000000000007
控制码:11000000000000000000000000000000
2019-05-21 10:26:13,966 - 命令 01 执行完时间为：2019/5/21 10:26:13

2019-05-21 10:26:13,969 - receive from: 192.168.3.103:54481
接收到数据：1500000000000008C0000000002001000000000008000000000000000000000000000000000000000000000000000614
设备类型:00
设备号:000000000008
控制码:11000000000000000000000000000000
2019-05-21 10:26:14,144 - 命令 01 执行完时间为：2019/5/21 10:26:14

2019-05-21 10:26:14,147 - receive from: 192.168.3.103:54482
接收到数据：1500000000000009C0000000002001000000000009000000000000000000000000000000000000000000000000000814
设备类型:00
设备号:000000000009
控制码:11000000000000000000000000000000
2019-05-21 10:26:14,620 - 无空闲检测平台
2019-05-21 10:26:14,623 - 发送命令1500000000000008900000000020CD5A548E32B435B8A68029808439EB63E245457E52BED0EC27928FD9BE6181655F14
2019-05-21 10:26:14,712 - receive from: 192.168.3.103:54483
接收到数据：1500000000000010C0000000002001000000000010000000000000000000000000000000000000000000000000001614
设备类型:00
设备号:000000000010
控制码:11000000000000000000000000000000
2019-05-21 10:26:14,873 - 命令 01 执行完时间为：2019/5/21 10:26:14

2019-05-21 10:26:15,045 - receive from: 192.168.3.103:54485
接收到数据：1500000000000012C0000000002001000000000012000000000000000000000000000000000000000000000000001A14
设备类型:00
设备号:000000000012
控制码:11000000000000000000000000000000
2019-05-21 10:26:15,325 - 无空闲检测平台
2019-05-21 10:26:15,329 - 发送命令1500000000000009900000000020F39AD31B758B90426B573722E76E34AEF73126735906BF9F8D617FB1FAB03C453414
2019-05-21 10:26:15,712 - receive from: 192.168.3.103:54484
接收到数据：1500000000000011C0000000002001000000000011000000000000000000000000000000000000000000000000001814
设备类型:00
设备号:000000000011
控制码:11000000000000000000000000000000
2019-05-21 10:26:15,731 - 命令 01 执行完时间为：2019/5/21 10:26:15

2019-05-21 10:26:16,194 - 无空闲检测平台
2019-05-21 10:26:16,197 - 发送命令1500000000000012900000000020002EBDFAD09AD8282BE1A83AEEA07DB5A2AD3DD44FE6C8A0048C7CE5C12E7C2A5714
2019-05-21 10:26:16,607 - 命令 01 执行完时间为：2019/5/21 10:26:16

2019-05-21 10:26:17,074 - 无空闲检测平台
2019-05-21 10:26:17,077 - 发送命令15000000000000079000000000205C05469ABEAB10F700BB486E93DD32F7978B5666C4F24FB2FED5B3658F37057C4E14
2019-05-21 10:26:17,493 - 命令 01 执行完时间为：2019/5/21 10:26:17

2019-05-21 10:26:17,567 - 非规定测量标志位
2019-05-21 10:26:17,887 - 命令 01 执行完时间为：2019/5/21 10:26:17

2019-05-21 10:26:18,057 - 命令 01 执行完时间为：2019/5/21 10:26:18

2019-05-21 10:26:18,538 - 无空闲检测平台
2019-05-21 10:26:18,541 - 发送命令1500000000000011900000000020563FD53F49A6D991A4F6F4731D4BF8C2C465928C4D6A67A3D47E59CF39EF24EAB314
2019-05-21 10:26:18,713 - receive from: 192.168.3.103:54486
接收到数据：1500000000000013C0000000002001000000000013000000000000000000000000000000000000000000000000001C14
设备类型:00
设备号:000000000013
控制码:11000000000000000000000000000000
2019-05-21 10:26:18,967 - 命令 01 执行完时间为：2019/5/21 10:26:18

2019-05-21 10:26:19,426 - 无空闲检测平台
2019-05-21 10:26:19,428 - 发送命令1500000000000013900000000020F1689DCE89C26BE5D1241E6CB7423D09D2C7A81372B2858C77D4A08524412153C714
2019-05-21 10:26:19,825 - 命令 01 执行完时间为：2019/5/21 10:26:19

2019-05-21 10:26:31,712 - receive from: 192.168.3.103:54487
接收到数据：1500000000000014C0000000002001000000000014000000000000000000000000000000000000000000000000001E14
设备类型:00
设备号:000000000014
控制码:11000000000000000000000000000000
2019-05-21 10:26:32,207 - 无空闲检测平台
2019-05-21 10:26:32,212 - 发送命令1500000000000014900000000020FC4F5F79EF21723449A5A9DD4076D505752B742D82A9D331862A080543F0F3BFC814
2019-05-21 10:26:32,456 - 命令 01 执行完时间为：2019/5/21 10:26:32

2019-05-21 10:26:47,215 - receive from: 192.168.3.103:54488
接收到数据：1500000000000015C0000000002001000000000015000000000000000000000000000000000000000000000000002014
设备类型:00
设备号:000000000015
控制码:11000000000000000000000000000000
2019-05-21 10:26:47,665 - 无空闲检测平台
2019-05-21 10:26:47,668 - 发送命令150000000000001590000000002078291234C34E68DC7636411AA3C25B783DEDA9876DB847E907EA65CB5F1DCAAD1814
2019-05-21 10:26:47,898 - 命令 01 执行完时间为：2019/5/21 10:26:47

2019-05-21 10:26:47,901 - receive from: 192.168.3.103:54489
接收到数据：1500000000000016C0000000002001000000000016000000000000000000000000000000000000000000000000002214
设备类型:00
设备号:000000000016
控制码:11000000000000000000000000000000
2019-05-21 10:26:48,231 - receive from: 192.168.3.103:54490
接收到数据：1500000000000017C0000000002001000000000017000000000000000000000000000000000000000000000000002414
设备类型:00
设备号:000000000017
控制码:11000000000000000000000000000000
2019-05-21 10:26:48,549 - 无空闲检测平台
2019-05-21 10:26:48,552 - 发送命令1500000000000016900000000020A811B6D27D5774752AF7FD8370E10EA41F1466EA383CD29E0D57C523B20C9552D514
2019-05-21 10:26:48,782 - 命令 01 执行完时间为：2019/5/21 10:26:48

2019-05-21 10:26:48,941 - receive from: 192.168.3.103:54491
接收到数据：1500000000000018C0000000002001000000000018000000000000000000000000000000000000000000000000002614
设备类型:00
设备号:000000000018
控制码:11000000000000000000000000000000
2019-05-21 10:26:49,228 - 无空闲检测平台
2019-05-21 10:26:49,231 - 发送命令150000000000001790000000002055907E883A84B9F96167B4ED74A661E33603552F5BE0AE65780F28C763D934493814
2019-05-21 10:26:49,477 - 命令 01 执行完时间为：2019/5/21 10:26:49

2019-05-21 10:26:49,653 - receive from: 192.168.3.103:54492
接收到数据：1500000000000019C0000000002001000000000019000000000000000000000000000000000000000000000000002814
设备类型:00
设备号:000000000019
控制码:11000000000000000000000000000000
2019-05-21 10:26:49,920 - 无空闲检测平台
2019-05-21 10:26:49,923 - 发送命令1500000000000018900000000020CF50DAB3D62228529C99AF6AF08B58771FF29B4BA69F2A217B0E7B8E02E3F463E814
2019-05-21 10:26:50,149 - 命令 01 执行完时间为：2019/5/21 10:26:50

2019-05-21 10:26:50,321 - 命令 01 执行完时间为：2019/5/21 10:26:50

2019-05-21 10:27:08,717 - receive from: 192.168.3.103:54497
接收到数据：1500000000000000C00000000034810000000000000000000000000000000000000000000000000000000000000000000000000000000000000000000000000000008A14
设备类型:00
设备号:000000000000
控制码:11000000000000000000000000000000
2019-05-21 10:27:09,714 - receive from: 192.168.3.103:54498
接收到数据：1500000000000001C00000000034810000000000000000000000000000000000000000000000000000000000000000000000000000000000000000000000000000008B14
设备类型:00
设备号:000000000001
控制码:11000000000000000000000000000000
2019-05-21 10:27:09,719 - receive from: 192.168.3.103:54499
接收到数据：1500000000000002C00000000034810000000000000000000000000000000000000000000000000000000000000000000000000000000000000000000000000000008C14
设备类型:00
设备号:000000000002
控制码:11000000000000000000000000000000
2019-05-21 10:27:09,912 - 表不再检测列表中
2019-05-21 10:27:09,915 - 命令 81 执行完时间为：2019/5/21 10:27:09

2019-05-21 10:27:09,918 - receive from: 192.168.3.103:54500
接收到数据：1500000000000003C00000000034810000000000000000000000000000000000000000000000000000000000000000000000000000000000000000000000000000008D14
设备类型:00
设备号:000000000003
控制码:11000000000000000000000000000000
2019-05-21 10:27:10,713 - receive from: 192.168.3.103:54501
接收到数据：1500000000000004C00000000034810000000000000000000000000000000000000000000000000000000000000000000000000000000000000000000000000000008E14
设备类型:00
设备号:000000000004
控制码:11000000000000000000000000000000
2019-05-21 10:27:10,715 - receive from: 192.168.3.103:54502
接收到数据：1500000000000005C00000000034810000000000000000000000000000000000000000000000000000000000000000000000000000000000000000000000000000008F14
设备类型:00
设备号:000000000005
控制码:11000000000000000000000000000000
2019-05-21 10:27:11,087 - 表不再检测列表中
2019-05-21 10:27:11,090 - 命令 81 执行完时间为：2019/5/21 10:27:11

2019-05-21 10:27:11,093 - receive from: 192.168.3.103:54503
接收到数据：1500000000000006C00000000034810000000000000000000000000000000000000000000000000000000000000000000000000000000000000000000000000000009014
设备类型:00
设备号:000000000006
控制码:11000000000000000000000000000000
2019-05-21 10:27:11,713 - receive from: 192.168.3.103:54504
接收到数据：1500000000000007C00000000034810000000000000000000000000000000000000000000000000000000000000000000000000000000000000000000000000000009114
设备类型:00
设备号:000000000007
控制码:11000000000000000000000000000000
2019-05-21 10:27:11,717 - receive from: 192.168.3.103:54505
接收到数据：1500000000000008C00000000034810000000000000000000000000000000000000000000000000000000000000000000000000000000000000000000000000000009214
设备类型:00
设备号:000000000008
控制码:11000000000000000000000000000000
2019-05-21 10:27:12,260 - 表不再检测列表中
2019-05-21 10:27:12,263 - 命令 81 执行完时间为：2019/5/21 10:27:12

2019-05-21 10:27:12,265 - receive from: 192.168.3.103:54506
接收到数据：1500000000000009C00000000034810000000000000000000000000000000000000000000000000000000000000000000000000000000000000000000000000000009314
设备类型:00
设备号:000000000009
控制码:11000000000000000000000000000000
2019-05-21 10:27:12,717 - receive from: 192.168.3.103:54507
接收到数据：1500000000000010C00000000034810000000000000000000000000000000000000000000000000000000000000000000000000000000000000000000000000000009A14
设备类型:00
设备号:000000000010
控制码:11000000000000000000000000000000
2019-05-21 10:27:13,436 - 表不再检测列表中
2019-05-21 10:27:13,439 - 命令 81 执行完时间为：2019/5/21 10:27:13

2019-05-21 10:27:13,442 - receive from: 192.168.3.103:54508
接收到数据：1500000000000011C00000000034810000000000000000000000000000000000000000000000000000000000000000000000000000000000000000000000000000009B14
设备类型:00
设备号:000000000011
控制码:11000000000000000000000000000000
2019-05-21 10:27:14,213 - receive from: 192.168.3.103:54509
接收到数据：1500000000000012C00000000034810000000000000000000000000000000000000000000000000000000000000000000000000000000000000000000000000000009C14
设备类型:00
设备号:000000000012
控制码:11000000000000000000000000000000
2019-05-21 10:27:14,528 - 分配逻辑出错
2019-05-21 10:27:14,633 - receive from: 192.168.3.103:54510
接收到数据：1500000000000013C00000000034810000000000000000000000000000000000000000000000000000000000000000000000000000000000000000000000000000009D14
设备类型:00
设备号:000000000013
控制码:11000000000000000000000000000000
2019-05-21 10:27:14,699 - 命令 81 执行完时间为：2019/5/21 10:27:14

2019-05-21 10:27:14,703 - receive from: 192.168.3.103:54511
接收到数据：1500000000000014C00000000034810000000000000000000000000000000000000000000000000000000000000000000000000000000000000000000000000000009E14
设备类型:00
设备号:000000000014
控制码:11000000000000000000000000000000
2019-05-21 10:27:15,215 - receive from: 192.168.3.103:54512
接收到数据：1500000000000015C00000000034810000000000000000000000000000000000000000000000000000000000000000000000000000000000000000000000000000009F14
设备类型:00
设备号:000000000015
控制码:11000000000000000000000000000000
2019-05-21 10:27:15,770 - 分配逻辑出错
2019-05-21 10:27:15,939 - 命令 81 执行完时间为：2019/5/21 10:27:15

2019-05-21 10:27:16,106 - receive from: 192.168.3.103:54513
接收到数据：1500000000000016C0000000003481000000000000000000000000000000000000000000000000000000000000000000000000000000000000000000000000000000A014
设备类型:00
设备号:000000000016
控制码:11000000000000000000000000000000
2019-05-21 10:27:16,216 - receive from: 192.168.3.103:54514
接收到数据：1500000000000017C0000000003481000000000000000000000000000000000000000000000000000000000000000000000000000000000000000000000000000000A114
设备类型:00
设备号:000000000017
控制码:11000000000000000000000000000000
2019-05-21 10:27:17,020 - 分配逻辑出错
2019-05-21 10:27:17,212 - receive from: 192.168.3.103:54515
接收到数据：1500000000000018C0000000003481000000000000000000000000000000000000000000000000000000000000000000000000000000000000000000000000000000A214
设备类型:00
设备号:000000000018
控制码:11000000000000000000000000000000
2019-05-21 10:27:17,217 - receive from: 192.168.3.103:54516
接收到数据：1500000000000019C0000000003481000000000000000000000000000000000000000000000000000000000000000000000000000000000000000000000000000000A314
设备类型:00
设备号:000000000019
控制码:11000000000000000000000000000000
2019-05-21 10:27:17,341 - 命令 81 执行完时间为：2019/5/21 10:27:17

2019-05-21 10:27:18,423 - 分配逻辑出错
2019-05-21 10:27:18,761 - 命令 81 执行完时间为：2019/5/21 10:27:18

2019-05-21 10:27:19,833 - 分配逻辑出错
2019-05-21 10:27:20,169 - 命令 81 执行完时间为：2019/5/21 10:27:20

2019-05-21 10:27:21,251 - 分配逻辑出错
2019-05-21 10:27:21,571 - 命令 81 执行完时间为：2019/5/21 10:27:21

2019-05-21 10:27:22,731 - 表不再检测列表中
2019-05-21 10:27:22,734 - 命令 81 执行完时间为：2019/5/21 10:27:22

2019-05-21 10:27:23,815 - 分配逻辑出错
2019-05-21 10:27:24,135 - 命令 81 执行完时间为：2019/5/21 10:27:24

2019-05-21 10:27:25,218 - 分配逻辑出错
2019-05-21 10:27:25,395 - 命令 81 执行完时间为：2019/5/21 10:27:25

2019-05-21 10:27:26,475 - 分配逻辑出错
2019-05-21 10:27:26,648 - 命令 81 执行完时间为：2019/5/21 10:27:26

2019-05-21 10:27:27,817 - 表不再检测列表中
2019-05-21 10:27:27,819 - 命令 81 执行完时间为：2019/5/21 10:27:27

2019-05-21 10:27:28,899 - 分配逻辑出错
2019-05-21 10:27:29,067 - 命令 81 执行完时间为：2019/5/21 10:27:29

2019-05-21 10:27:30,237 - 表不再检测列表中
2019-05-21 10:27:30,239 - 命令 81 执行完时间为：2019/5/21 10:27:30

2019-05-21 10:27:31,310 - 分配逻辑出错
2019-05-21 10:27:31,478 - 命令 81 执行完时间为：2019/5/21 10:27:31

2019-05-21 10:27:32,557 - 分配逻辑出错
2019-05-21 10:27:32,720 - 命令 81 执行完时间为：2019/5/21 10:27:32

2019-05-21 10:27:33,800 - 分配逻辑出错
2019-05-21 10:27:33,972 - 命令 81 执行完时间为：2019/5/21 10:27:33

2019-05-21 15:49:16,591 - 


Server开启成功
2019-05-21 15:49:19,686 - receive from: 192.168.3.103:54920
接收到数据：1500000000000002C000000000200100000000000200000000000000000000000000000000000000000000000000FA14
设备类型:00
设备号:000000000002
控制码:11000000000000000000000000000000
2019-05-21 15:49:19,686 - receive from: 192.168.3.103:54918
接收到数据：1500000000000000C000000000200100000000000000000000000000000000000000000000000000000000000000F614
设备类型:00
设备号:000000000000
控制码:11000000000000000000000000000000
2019-05-21 15:49:19,686 - receive from: 192.168.3.103:54919
接收到数据：1500000000000001C000000000200100000000000100000000000000000000000000000000000000000000000000F814
设备类型:00
设备号:000000000001
控制码:11000000000000000000000000000000
2019-05-21 15:49:20,131 - 命令 01 执行完时间为：2019/5/21 15:49:20

2019-05-21 15:49:20,152 - receive from: 192.168.3.103:54921
接收到数据：1500000000000003C000000000200100000000000300000000000000000000000000000000000000000000000000FC14
设备类型:00
设备号:000000000003
控制码:11000000000000000000000000000000
2019-05-21 15:49:20,154 - receive from: 192.168.3.103:54922
接收到数据：1500000000000004C000000000200100000000000400000000000000000000000000000000000000000000000000FE14
设备类型:00
设备号:000000000004
控制码:11000000000000000000000000000000
2019-05-21 15:49:20,722 - 无空闲检测平台
2019-05-21 15:49:20,790 - 发送命令15000000000000019000000000203EC05BC5216EA3469F76AB0442100B9730A27FC56FD32DF22020388168BABEFD6114
2019-05-21 15:49:21,061 - 命令 01 执行完时间为：2019/5/21 15:49:21

2019-05-21 15:49:21,072 - receive from: 192.168.3.103:54923
接收到数据：1500000000000005C0000000002001000000000005000000000000000000000000000000000000000000000000000014
设备类型:00
设备号:000000000005
控制码:11000000000000000000000000000000
2019-05-21 15:49:21,121 - receive from: 192.168.3.103:54924
接收到数据：1500000000000006C0000000002001000000000006000000000000000000000000000000000000000000000000000214
设备类型:00
设备号:000000000006
控制码:11000000000000000000000000000000
2019-05-21 15:49:21,238 - 命令 01 执行完时间为：2019/5/21 15:49:21

2019-05-21 15:49:21,241 - receive from: 192.168.3.103:54925
接收到数据：1500000000000007C0000000002001000000000007000000000000000000000000000000000000000000000000000414
设备类型:00
设备号:000000000007
控制码:11000000000000000000000000000000
2019-05-21 15:49:21,454 - 命令 01 执行完时间为：2019/5/21 15:49:21

2019-05-21 15:49:21,456 - receive from: 192.168.3.103:54926
接收到数据：1500000000000008C0000000002001000000000008000000000000000000000000000000000000000000000000000614
设备类型:00
设备号:000000000008
控制码:11000000000000000000000000000000
2019-05-21 15:49:21,616 - 命令 01 执行完时间为：2019/5/21 15:49:21

2019-05-21 15:49:21,620 - receive from: 192.168.3.103:54927
接收到数据：1500000000000009C0000000002001000000000009000000000000000000000000000000000000000000000000000814
设备类型:00
设备号:000000000009
控制码:11000000000000000000000000000000
2019-05-21 15:49:22,077 - 无空闲检测平台
2019-05-21 15:49:22,081 - 发送命令1500000000000008900000000020F877FB77F4B959B661A17078533B3341E245457E52BED0EC27928FD9BE6181653214
2019-05-21 15:49:22,339 - 命令 01 执行完时间为：2019/5/21 15:49:22

2019-05-21 15:49:22,343 - receive from: 192.168.3.103:54928
接收到数据：1500000000000010C0000000002001000000000010000000000000000000000000000000000000000000000000001614
设备类型:00
设备号:000000000010
控制码:11000000000000000000000000000000
2019-05-21 15:49:22,959 - 无空闲检测平台
2019-05-21 15:49:23,014 - 发送命令1500000000000007900000000020E5F3010BCCC0B6942904A839F7D2B148978B5666C4F24FB2FED5B3658F37057C1D14
2019-05-21 15:49:23,419 - 命令 01 执行完时间为：2019/5/21 15:49:23

2019-05-21 15:49:23,480 - receive from: 192.168.3.103:54929
接收到数据：1500000000000011C0000000002001000000000011000000000000000000000000000000000000000000000000001814
设备类型:00
设备号:000000000011
控制码:11000000000000000000000000000000
2019-05-21 15:49:23,596 - 命令 01 执行完时间为：2019/5/21 15:49:23

2019-05-21 15:49:23,599 - receive from: 192.168.3.103:54930
接收到数据：1500000000000012C0000000002001000000000012000000000000000000000000000000000000000000000000001A14
设备类型:00
设备号:000000000012
控制码:11000000000000000000000000000000
2019-05-21 15:49:23,757 - 命令 01 执行完时间为：2019/5/21 15:49:23

2019-05-21 15:49:23,761 - receive from: 192.168.3.103:54931
接收到数据：1500000000000013C0000000002001000000000013000000000000000000000000000000000000000000000000001C14
设备类型:00
设备号:000000000013
控制码:11000000000000000000000000000000
2019-05-21 15:49:24,197 - 无空闲检测平台
2019-05-21 15:49:24,201 - 发送命令1500000000000009900000000020470913D5CF75E9E36FDD94DA12B19C37F73126735906BF9F8D617FB1FAB03C452D14
2019-05-21 15:49:24,439 - 命令 01 执行完时间为：2019/5/21 15:49:24

2019-05-21 15:49:24,571 - receive from: 192.168.3.103:54932
接收到数据：1500000000000014C0000000002001000000000014000000000000000000000000000000000000000000000000001E14
设备类型:00
设备号:000000000014
控制码:11000000000000000000000000000000
2019-05-21 15:49:24,628 - receive from: 192.168.3.103:54933
接收到数据：1500000000000015C0000000002001000000000015000000000000000000000000000000000000000000000000002014
设备类型:00
设备号:000000000015
控制码:11000000000000000000000000000000
2019-05-21 15:49:24,882 - 无空闲检测平台
2019-05-21 15:49:24,886 - 发送命令1500000000000011900000000020C3426248A762FEDEABC0108BAF6BE112C465928C4D6A67A3D47E59CF39EF24EA3514
2019-05-21 15:49:25,119 - 命令 01 执行完时间为：2019/5/21 15:49:25

2019-05-21 15:49:25,291 - receive from: 192.168.3.103:54934
接收到数据：1500000000000016C0000000002001000000000016000000000000000000000000000000000000000000000000002214
设备类型:00
设备号:000000000016
控制码:11000000000000000000000000000000
2019-05-21 15:49:25,595 - 无空闲检测平台
2019-05-21 15:49:25,599 - 发送命令1500000000000013900000000020B9E7F9B6135F3B39439357C7C8CB8108D2C7A81372B2858C77D4A08524412153EF14
2019-05-21 15:49:25,841 - 命令 01 执行完时间为：2019/5/21 15:49:25

2019-05-21 15:49:26,028 - receive from: 192.168.3.103:54935
接收到数据：1500000000000017C0000000002001000000000017000000000000000000000000000000000000000000000000002414
设备类型:00
设备号:000000000017
控制码:11000000000000000000000000000000
2019-05-21 15:49:26,283 - 无空闲检测平台
2019-05-21 15:49:26,286 - 发送命令150000000000001290000000002071D8A6F86C39407471D89FEC271D4D8CA2AD3DD44FE6C8A0048C7CE5C12E7C2A8B14
2019-05-21 15:49:26,525 - 命令 01 执行完时间为：2019/5/21 15:49:26

2019-05-21 15:49:26,570 - receive from: 192.168.3.103:54936
接收到数据：1500000000000018C0000000002001000000000018000000000000000000000000000000000000000000000000002614
设备类型:00
设备号:000000000018
控制码:11000000000000000000000000000000
2019-05-21 15:49:26,600 - 非规定测量标志位
2019-05-21 15:49:26,706 - receive from: 192.168.3.103:54937
接收到数据：1500000000000019C0000000002001000000000019000000000000000000000000000000000000000000000000002814
设备类型:00
设备号:000000000019
控制码:11000000000000000000000000000000
2019-05-21 15:49:26,876 - 命令 01 执行完时间为：2019/5/21 15:49:26

2019-05-21 15:49:27,330 - 无空闲检测平台
2019-05-21 15:49:27,334 - 发送命令15000000000000179000000000202E17A36B8B4F76FCABC706025A9B8AA53603552F5BE0AE65780F28C763D934495314
2019-05-21 15:49:27,751 - 命令 01 执行完时间为：2019/5/21 15:49:27

2019-05-21 15:49:28,206 - 无空闲检测平台
2019-05-21 15:49:28,210 - 发送命令150000000000001590000000002098D6E717F6C9257BA9D0C04A2E60FB193DEDA9876DB847E907EA65CB5F1DCAAD8D14
2019-05-21 15:49:28,447 - 命令 01 执行完时间为：2019/5/21 15:49:28

2019-05-21 15:49:28,906 - 无空闲检测平台
2019-05-21 15:49:28,910 - 发送命令1500000000000016900000000020EF7199CF016EEDB729897D4F101D50A01F1466EA383CD29E0D57C523B20C9552A914
2019-05-21 15:49:29,144 - 命令 01 执行完时间为：2019/5/21 15:49:29

2019-05-21 15:49:29,314 - 命令 01 执行完时间为：2019/5/21 15:49:29

2019-05-21 15:49:29,756 - 无空闲检测平台
2019-05-21 15:49:29,760 - 发送命令15000000000000149000000000205D5E92A27AA4F2D87CF921854D19006D752B742D82A9D331862A080543F0F3BFB014
2019-05-21 15:49:29,994 - 命令 01 执行完时间为：2019/5/21 15:49:29

2019-05-21 15:49:30,457 - 无空闲检测平台
2019-05-21 15:49:30,461 - 发送命令1500000000000018900000000020F142CA44F28CCED6DE3F02C8A2C455AB1FF29B4BA69F2A217B0E7B8E02E3F463E214
2019-05-21 15:49:30,695 - 命令 01 执行完时间为：2019/5/21 15:49:30

