2019-04-12 14:52:43,070 - 


Server开启成功
2019-04-12 14:52:47,441 - ID号为： d19caa66-a7fb-4c1f-a432-c2fe4c4015a9 接入
该Session接入时间为：2019/4/12 14:52:47

2019-04-12 14:53:09,599 - receive from: 192.168.3.161:2975
接收到数据：1500000000000000000000000031010000000000000000013900000000000101160924151503000000000000000001020304000350000000000000000000005014
设备类型:00
设备号:000000000000
控制码:00000000000000000000000000000000
2019-04-12 14:56:53,276 - 


Server开启成功
2019-04-12 14:56:58,037 - ID号为： b4594cd3-1322-421d-9fdb-8bcbe0e06449 接入
该Session接入时间为：2019/4/12 14:56:57

2019-04-12 14:57:01,469 - receive from: 192.168.3.161:3003
接收到数据：1500000000000000000000000031010000000000000000013900000000000101160924151503000000000000000001020304000350000000000000000000005014
设备类型:00
设备号:000000000000
控制码:00000000000000000000000000000000
2019-04-12 14:58:03,813 - 


Server开启成功
2019-04-12 14:58:07,713 - ID号为： 8e19e28f-ffcb-4193-bd10-7eeb34969b80 接入
该Session接入时间为：2019/4/12 14:58:07

2019-04-12 14:58:10,227 - receive from: 192.168.3.161:3018
接收到数据：1500000000000000000000000031010000000000000000013900000000000101160924151503000000000000000001020304000350000000000000000000005014
设备类型:00
设备号:000000000000
控制码:00000000000000000000000000000000
2019-04-12 15:03:34,142 - 


Server开启成功
2019-04-12 15:03:38,112 - ID号为： fe3f1dcf-03bb-43e6-b03c-e38a4aa05407 接入
该Session接入时间为：2019/4/12 15:03:38

2019-04-12 15:03:52,542 - receive from: 192.168.3.161:3068
接收到数据：1500000000000000000000000031010000000000000000013900000000000101160924151503000000000000000001020304000350000000000000000000005014
设备类型:00
设备号:000000000000
控制码:00000000000000000000000000000000
2019-04-12 15:15:43,736 - 


Server开启成功
2019-04-12 15:15:46,548 - ID号为： 10a729af-b273-4355-bbab-3037f4b99d09 接入
该Session接入时间为：2019/4/12 15:15:46

2019-04-12 15:16:00,737 - receive from: 192.168.3.161:3113
接收到数据：1500000000000000000000000031010000000000000000013900000000000101160924151503000000000000000001020304000350000000000000000000005014
设备类型:00
设备号:000000000000
控制码:00000000000000000000000000000000
2019-04-12 15:16:19,184 - ID号为： 10a729af-b273-4355-bbab-3037f4b99d09 接入
该Session接入时间为：2019/4/12 15:15:46
该Session接入时间为：2019/4/12 15:15:46
该Session关闭时间为：2019/4/12 15:16:19



2019-04-12 15:17:46,558 - 


Server开启成功
2019-04-12 15:17:49,549 - ID号为： 2fe1b176-2d10-45aa-9752-c36e9183fddf 接入
该Session接入时间为：2019/4/12 15:17:49

2019-04-12 15:17:52,677 - receive from: 192.168.3.161:3134
接收到数据：1500000000000000000000000031010000000000000000013900000000000101160924151503000000000000000001020304000350000000000000000000005014
设备类型:00
设备号:000000000000
控制码:00000000000000000000000000000000
2019-04-12 15:30:35,410 - 


Server开启成功
2019-04-12 15:30:38,082 - ID号为： b3605f4d-d0d6-432f-b0a2-6ff772b9b84d 接入
该Session接入时间为：2019/4/12 15:30:38

2019-04-12 15:30:41,662 - receive from: 192.168.3.161:3176
接收到数据：1500000000000000000000000031010000000000000000013900000000000101160924151503000000000000000001020304000350000000000000000000005014
设备类型:00
设备号:000000000000
控制码:00000000000000000000000000000000
2019-04-12 15:30:48,559 - 发送命令15000000000000008000000000058F000000002914
2019-04-12 15:30:48,602 - 发送命令15000000000000001000000000407F7E7B58BAB8D7714442A5B2401365C84B159E0316855C179E35121EA8CAD4514B159E0316855C179E35121EA8CAD451CDAFA0EE1D27AAE38F0F7442C6DEA36C8014
2019-04-12 15:38:22,684 - 


Server开启成功
2019-04-12 15:38:25,269 - ID号为： 8dd697d9-e819-49aa-a3ef-d45061a3c81e 接入
该Session接入时间为：2019/4/12 15:38:25

2019-04-12 15:38:37,542 - receive from: 192.168.3.161:3202
接收到数据：1500000000000000000000000031010000000000000000013900000000000101160924151503000000000000000001020304000350000000000000000000005014
设备类型:00
设备号:000000000000
控制码:00000000000000000000000000000000
2019-04-12 15:38:49,000 - 发送命令15000000000000008000000000058F000000002914
2019-04-12 15:38:49,048 - 发送命令15000000000000001000000000407F7E7B58BAB8D7714442A5B2401365C84B159E0316855C179E35121EA8CAD4514B159E0316855C179E35121EA8CAD451CDAFA0EE1D27AAE38F0F7442C6DEA36C8014
2019-04-12 15:41:05,143 - 


Server开启成功
2019-04-12 15:41:08,456 - ID号为： f43ebe5f-dcca-4c3d-a795-0b2b42280a51 接入
该Session接入时间为：2019/4/12 15:41:08

2019-04-12 15:41:14,397 - receive from: 192.168.3.161:3235
接收到数据：1500000000000000000000000031010000000000000000013900000000000101160924151503000000000000000001020304000350000000000000000000005014
设备类型:00
设备号:000000000000
控制码:00000000000000000000000000000000
2019-04-12 15:41:24,818 - 发送命令15000000000000008000000000058F000000002914
2019-04-12 15:41:24,865 - 发送命令15000000000000001000000000407F7E7B58BAB8D7714442A5B2401365C84B159E0316855C179E35121EA8CAD4514B159E0316855C179E35121EA8CAD451CDAFA0EE1D27AAE38F0F7442C6DEA36C8014
2019-04-12 15:44:22,401 - 


Server开启成功
2019-04-12 15:44:25,861 - ID号为： 3491695b-95d6-4e7d-aae4-91f2e1b88020 接入
该Session接入时间为：2019/4/12 15:44:25

2019-04-12 15:44:43,798 - receive from: 192.168.3.161:3272
接收到数据：1500000000000000000000000031010000000000000000013900000000000101160924151503000000000000000001020304000350000000000000000000005014
设备类型:00
设备号:000000000000
控制码:00000000000000000000000000000000
2019-04-12 15:51:25,934 - 发送命令15000000000000008000000000058F000000002914
2019-04-12 15:51:45,365 - 发送命令15000000000000001000000000407F7E7B58BAB8D7714442A5B2401365C84B159E0316855C179E35121EA8CAD4514B159E0316855C179E35121EA8CAD451CDAFA0EE1D27AAE38F0F7442C6DEA36C8014
2019-04-12 15:57:48,113 - 


Server开启成功
2019-04-12 15:57:51,287 - ID号为： 0ff7bac1-9cba-4d80-b46e-551aa7dd0e80 接入
该Session接入时间为：2019/4/12 15:57:51

2019-04-12 15:58:03,494 - receive from: 192.168.3.161:3338
接收到数据：1500000000000000000000000031010000000000000000013900000000000101160924151503000000000000000001020304000350000000000000000000005014
设备类型:00
设备号:000000000000
控制码:00000000000000000000000000000000
2019-04-12 15:58:56,986 - 发送命令15000000000000008000000000058F000000002914
2019-04-12 15:58:57,804 - 发送命令15000000000000001000000000407F7E7B58BAB8D7714442A5B2401365C84B159E0316855C179E35121EA8CAD4514B159E0316855C179E35121EA8CAD451CDAFA0EE1D27AAE38F0F7442C6DEA36C8014
2019-04-12 16:01:27,996 - 


Server开启成功
2019-04-12 16:01:34,715 - ID号为： f7542f2b-0d65-4cd5-8db4-bb01ef7cb382 接入
该Session接入时间为：2019/4/12 16:01:34

2019-04-12 16:01:38,192 - receive from: 192.168.3.161:3369
接收到数据：1500000000000000000000000031010000000000000000013900000000000101160924151503000000000000000001020304000350000000000000000000005014
设备类型:00
设备号:000000000000
控制码:00000000000000000000000000000000
2019-04-12 16:01:42,438 - 发送命令15000000000000008000000000058F000000002914
2019-04-12 16:01:42,573 - 发送命令15000000000000001000000000407F7E7B58BAB8D7714442A5B2401365C84B159E0316855C179E35121EA8CAD4514B159E0316855C179E35121EA8CAD451CDAFA0EE1D27AAE38F0F7442C6DEA36C8014
2019-04-12 16:02:56,711 - 


Server开启成功
2019-04-12 16:02:59,672 - ID号为： 6f3f3924-0380-4023-a9de-0f4f31fe9c03 接入
该Session接入时间为：2019/4/12 16:02:59

2019-04-12 16:03:03,226 - receive from: 192.168.3.161:3398
接收到数据：1500000000000000000000000031010000000000000000013900000000000101160924151503000000000000000001020304000350000000000000000000005014
设备类型:00
设备号:000000000000
控制码:00000000000000000000000000000000
2019-04-12 16:03:29,403 - 无空闲检测平台
2019-04-12 16:04:29,943 - receive from: 192.168.3.161:3398
接收到数据：1500000000000000000000000031010000000000000000013900000000000101160924151503000000000000000001020304000350000000000000000000005014
设备类型:00
设备号:000000000000
控制码:00000000000000000000000000000000
2019-04-12 16:09:39,253 - 


Server开启成功
2019-04-12 16:09:41,172 - ID号为： 69390f5d-4498-4b6d-8eb4-f4d8844d38d8 接入
该Session接入时间为：2019/4/12 16:09:41

2019-04-12 16:09:48,696 - receive from: 192.168.3.161:3434
接收到数据：1500000000000000000000000031010000000000000000013900000000000101160924151503000000000000000001020304000350000000000000000000005014
设备类型:00
设备号:000000000000
控制码:00000000000000000000000000000000
2019-04-12 16:11:46,771 - 发送命令15000000000000008000000000058F000000002914
2019-04-12 16:11:47,486 - 发送命令150000000000000010000000004027ACF27E81A840A72031F744A430AC074B159E0316855C179E35121EA8CAD4514B159E0316855C179E35121EA8CAD451CDAFA0EE1D27AAE38F0F7442C6DEA36CFF14
2019-04-12 16:14:28,553 - ID号为： 69390f5d-4498-4b6d-8eb4-f4d8844d38d8 接入
该Session接入时间为：2019/4/12 16:09:41
该Session接入时间为：2019/4/12 16:09:41
该Session关闭时间为：2019/4/12 16:14:28



2019-04-12 16:34:52,176 - 


Server开启成功
2019-04-12 16:40:18,423 - ID号为： b5665ce2-5e21-48ee-8f88-4c76800b9625 接入
该Session接入时间为：2019/4/12 16:40:18

2019-04-12 16:40:18,443 - receive from: 192.168.3.178:56309
接收到数据：150000000000000000000000003101000000000000000000000000000000000119041216401900035120044B000000012345670350123400000000000000001214
设备类型:00
设备号:000000000000
控制码:00000000000000000000000000000000
2019-04-12 16:40:20,201 - 发送命令15000000000000008000000000058F5120044BE914
2019-04-12 16:40:20,220 - 发送命令150000000000000010000000004027ACF27E81A840A72031F744A430AC074B159E0316855C179E35121EA8CAD451AD2B6D11418A64A67FB1119AB43DF637CDAFA0EE1D27AAE38F0F7442C6DEA36C7A14
2019-04-12 16:40:22,386 - receive from: 192.168.3.178:56309
接收到数据：150000000000000090000000004027ACF27E81A840A72031F744A430AC074B159E0316855C179E35121EA8CAD4515949CBB5C09CAE4051A6D3EAF9FA23DD95B8D289AAB8BE98EAA8ABCF1B07C0CF2414
设备类型:00
设备号:000000000000
控制码:10010000000000000000000000000000
2019-04-12 16:40:23,148 - 发送命令150000000000000090000000002006F8259493EE51EFBFD05BF92688DCAD4E869B18C152295A2E0BE6951FD3C014EE14
2019-04-12 16:44:21,967 - 


Server开启成功
2019-04-12 16:44:25,848 - ID号为： 066f9248-5722-4196-b505-913c69604845 接入
该Session接入时间为：2019/4/12 16:44:25

2019-04-12 16:44:25,893 - receive from: 192.168.3.178:56312
接收到数据：1500000000000000000000000031010000000000000000000000000000000001190412164427000304DA745F000000012345670350123400000000000000001514
设备类型:00
设备号:000000000000
控制码:00000000000000000000000000000000
2019-04-12 16:44:27,460 - 发送命令15000000000000008000000000058F04DA745FDA14
2019-04-12 16:44:27,481 - 发送命令150000000000000010000000004027ACF27E81A840A72031F744A430AC074B159E0316855C179E35121EA8CAD4513C7D3133C0D2B5772DBBF3F1034239ADCDAFA0EE1D27AAE38F0F7442C6DEA36C2814
2019-04-12 16:44:30,795 - receive from: 192.168.3.178:56312
接收到数据：150000000000000090000000004027ACF27E81A840A72031F744A430AC074B159E0316855C179E35121EA8CAD4515949CBB5C09CAE4051A6D3EAF9FA23DD95B8D289AAB8BE98EAA8ABCF1B07C0CF2414
设备类型:00
设备号:000000000000
控制码:10010000000000000000000000000000
2019-04-12 16:44:31,543 - 发送命令150000000000000090000000002035B3A19849007EE9E3F2E10EDFD87EC74E869B18C152295A2E0BE6951FD3C014ED14
2019-04-12 19:23:06,291 - 


Server开启成功
2019-04-12 19:23:08,604 - ID号为： 77cfdd36-e173-4949-a75a-7727804c3c0e 接入
该Session接入时间为：2019/4/12 19:23:08

2019-04-12 19:23:08,675 - receive from: 192.168.3.189:39300
接收到数据：150000000000000000000000003101000000000000000000000000000000000119041219230700032FFAD08D00000001234567035012340000000000000000AC14
设备类型:00
设备号:000000000000
控制码:00000000000000000000000000000000
2019-04-12 19:23:10,524 - 发送命令15000000000000008000000000058F2FFAD08DAF14
2019-04-12 19:23:10,610 - 发送命令150000000000000010000000004027ACF27E81A840A72031F744A430AC074B159E0316855C179E35121EA8CAD451B7CC2D778CEFDC1E83D95854BEA3BCB0CDAFA0EE1D27AAE38F0F7442C6DEA36CC714
2019-04-12 19:41:23,234 - 


Server开启成功
2019-04-12 19:42:20,964 - ID号为： 03fc87f9-4021-4660-83b4-339d28e88c8d 接入
该Session接入时间为：2019/4/12 19:42:20

2019-04-12 19:42:21,004 - receive from: 192.168.3.189:39422
接收到数据：150000000000000000000000003101000000000000000000000000000000000119041219421900038D4616C3000000012345670350123400000000000000000314
设备类型:00
设备号:000000000000
控制码:00000000000000000000000000000000
2019-04-12 19:42:22,703 - 发送命令15000000000000008000000000058F8D4616C3D514
2019-04-12 19:42:22,775 - 发送命令150000000000000010000000004027ACF27E81A840A72031F744A430AC074B159E0316855C179E35121EA8CAD451787D8EC798B3D501C56783570BE03785CDAFA0EE1D27AAE38F0F7442C6DEA36C6E14
2019-04-12 19:45:56,219 - 


Server开启成功
2019-04-12 19:45:57,839 - ID号为： 6c16951a-1771-4f07-9ddf-6639914366eb 接入
该Session接入时间为：2019/4/12 19:45:57

2019-04-12 19:45:57,889 - receive from: 192.168.3.189:39430
接收到数据：150000000000000000000000003101000000000000000000000000000000000119041219455600031E0D953F000000012345670350123400000000000000009614
设备类型:00
设备号:000000000000
控制码:00000000000000000000000000000000
2019-04-12 19:45:59,442 - 发送命令15000000000000008000000000058F1E0D953F2814
2019-04-12 19:45:59,467 - 发送命令150000000000000010000000004027ACF27E81A840A72031F744A430AC074B159E0316855C179E35121EA8CAD451A60549A7067C6D16ABCD391770E16968CDAFA0EE1D27AAE38F0F7442C6DEA36CE014
2019-04-12 19:46:02,362 - receive from: 192.168.3.189:39430
接收到数据：150000000000000090000000004027ACF27E81A840A72031F744A430AC074B159E0316855C179E35121EA8CAD4515949CBB5C09CAE4051A6D3EAF9FA23DD95B8D289AAB8BE98EAA8ABCF1B07C0CF2414
设备类型:00
设备号:000000000000
控制码:10010000000000000000000000000000
2019-04-12 19:46:03,134 - 发送命令1500000000000000900000000020A5C3DF20E81E7AE73B356F616092F6CB4E869B18C152295A2E0BE6951FD3C0141D14
2019-04-12 19:46:24,056 - ID号为： 4b8677ce-e1a2-4f07-8d1d-0e139125cacf 接入
该Session接入时间为：2019/4/12 19:46:24

2019-04-12 19:46:24,078 - receive from: 192.168.3.189:39426
接收到数据：150000000000000000000000003101000000000000000000000000000000000119041219462300033A345217000000012345670350123400000000000000003C14
设备类型:00
设备号:000000000000
控制码:00000000000000000000000000000000
2019-04-12 19:46:24,408 - 发送命令1500000000000000900000000020A9273C0BE706091E6A8269ADF4AFFE504E869B18C152295A2E0BE6951FD3C0147A14
2019-04-12 19:46:27,061 - ID号为： ceb5a558-1c3c-4f45-9a02-c4fd1b417d70 接入
该Session接入时间为：2019/4/12 19:46:26

2019-04-12 19:46:27,083 - receive from: 192.168.3.189:39434
接收到数据：1521210000000000000000000041112100000000000000000000000000000001190412194625000340EE8E0B00000110001000000010000000000000000000000000000000000010000000000000008914
设备类型:21
设备号:210000000000
控制码:00000000000000000000000000000000
2019-04-12 19:46:28,874 - 发送命令15212100000000008000000000058F40EE8E0B3214
2019-04-12 19:46:28,894 - 发送命令152121000000000010000000004004539FDA2581823012B42B712D72DDDF695731DD7B81F02EFAD99A5A5A8BE7DBD5EA29130CE11AB3C526D140FA43E6FCB9A7FF364AF3B3F617FCFAFC2059FAF7A014
