2019-06-22 11:01:11,547 - 


Server开启成功
2019-06-22 11:01:13,419 - 服务关闭！
2019-06-22 11:01:15,010 - 


Server开启成功
2019-06-22 11:01:15,016 - 服务关闭！
2019-06-22 11:01:15,950 - 


Server开启成功
2019-06-22 11:01:15,956 - 服务关闭！
2019-06-22 11:01:16,692 - 


Server开启成功
2019-06-22 11:01:16,697 - 服务关闭！
2019-06-22 11:01:17,395 - 


Server开启成功
2019-06-22 11:01:17,400 - 服务关闭！
2019-06-22 11:02:05,297 - 


Server开启成功
2019-06-22 11:02:09,734 - 服务关闭！
2019-06-22 11:02:11,533 - 


Server开启成功
2019-06-22 11:02:11,541 - 服务关闭！
2019-06-22 11:02:12,825 - 


Server开启成功
2019-06-22 11:02:12,831 - 服务关闭！
2019-06-22 11:02:13,567 - 


Server开启成功
2019-06-22 11:02:13,572 - 服务关闭！
2019-06-22 11:02:16,104 - 


Server开启成功
2019-06-22 11:02:16,109 - 服务关闭！
2019-06-22 11:02:20,153 - 


Server开启成功
2019-06-22 11:02:20,163 - 服务关闭！
2019-06-22 11:02:21,568 - 


Server开启成功
2019-06-22 11:02:21,572 - 服务关闭！
2019-06-22 11:02:22,429 - 


Server开启成功
2019-06-22 11:02:22,434 - 服务关闭！
2019-06-22 11:02:23,093 - 


Server开启成功
2019-06-22 11:02:23,098 - 服务关闭！
2019-06-22 11:02:31,398 - 


Server开启成功
2019-06-22 11:02:32,801 - 服务关闭！
2019-06-22 11:02:34,524 - 


Server开启成功
2019-06-22 11:02:34,528 - 服务关闭！
2019-06-22 11:02:39,343 - 


Server开启成功
2019-06-22 11:02:39,349 - 服务关闭！
2019-06-22 11:02:41,677 - 


Server开启成功
2019-06-22 11:02:41,682 - 服务关闭！
2019-06-22 11:03:16,274 - 


Server开启成功
2019-06-22 11:04:30,718 - 


Server开启成功
2019-06-22 11:04:40,031 - 服务关闭！
2019-06-22 11:04:48,179 - 


Server开启成功
2019-06-22 11:04:49,419 - 服务关闭！
2019-06-22 11:04:50,041 - 


Server开启成功
2019-06-22 11:04:50,486 - 服务关闭！
2019-06-22 11:04:50,942 - 


Server开启成功
2019-06-22 11:04:51,318 - 服务关闭！
2019-06-22 11:04:52,762 - 


Server开启成功
2019-06-22 11:04:53,897 - 服务关闭！
2019-06-22 11:04:54,713 - 


Server开启成功
2019-06-22 11:04:55,409 - 服务关闭！
2019-06-22 11:04:56,083 - 


Server开启成功
2019-06-22 11:04:56,717 - 服务关闭！
2019-06-22 11:04:57,897 - 


Server开启成功
2019-06-22 11:04:58,630 - 服务关闭！
2019-06-22 11:04:59,346 - 


Server开启成功
2019-06-22 11:07:47,758 - 


Server开启成功
2019-06-22 11:07:52,836 - 服务关闭！
2019-06-22 11:07:54,537 - 


Server开启成功
2019-06-22 11:07:56,985 - 服务关闭！
2019-06-22 11:10:17,591 - 


Server开启成功
2019-06-22 11:10:18,775 - 检测平台异常
2019-06-22 11:10:30,904 - 检测平台异常
2019-06-22 11:12:12,820 - 


Server开启成功
2019-06-22 11:12:13,966 - 检测平台异常
2019-06-22 11:12:21,082 - 服务关闭！
2019-06-22 11:12:26,088 - 检测平台异常
2019-06-22 11:12:29,974 - 


Server开启成功
2019-06-22 11:14:11,287 - 


Server开启成功
2019-06-22 11:14:12,426 - 检测平台异常
2019-06-22 11:14:14,194 - 服务关闭！
2019-06-22 11:14:16,208 - 


Server开启成功
2019-06-22 12:34:52,548 - 服务关闭！
2019-06-22 12:34:54,620 - 


Server开启成功
2019-06-22 12:35:38,769 - 


Server开启成功
2019-06-22 12:35:39,881 - 检测平台异常
2019-06-22 12:35:51,993 - 检测平台异常
2019-06-22 12:36:04,126 - 检测平台异常
2019-06-22 12:36:16,247 - 检测平台异常
2019-06-22 12:36:28,382 - 检测平台异常
2019-06-22 12:36:51,527 - 检测平台异常
2019-06-22 12:36:52,510 - 服务关闭！
2019-06-22 12:36:54,030 - 


Server开启成功
2019-06-22 13:33:04,932 - 


Server开启成功
2019-06-22 13:33:06,109 - 检测平台异常
2019-06-22 13:33:07,015 - 服务关闭！
2019-06-22 13:33:08,130 - 


Server开启成功
2019-06-22 13:33:09,289 - 检测平台异常
2019-06-22 13:33:18,253 - 检测平台异常
2019-06-22 13:33:21,398 - 检测平台异常
2019-06-22 13:33:30,385 - 检测平台异常
2019-06-22 13:33:33,538 - 检测平台异常
2019-06-22 13:33:42,527 - 检测平台异常
2019-06-22 13:33:45,650 - 检测平台异常
2019-06-22 13:33:54,649 - 检测平台异常
2019-06-22 13:33:57,773 - 检测平台异常
2019-06-22 13:34:06,783 - 检测平台异常
2019-06-22 13:34:09,892 - 检测平台异常
2019-06-22 13:34:18,910 - 检测平台异常
2019-06-22 13:34:22,017 - 检测平台异常
2019-06-22 13:34:31,039 - 检测平台异常
2019-06-22 13:34:34,142 - 检测平台异常
2019-06-22 13:34:43,195 - 检测平台异常
2019-06-22 13:34:46,281 - 检测平台异常
2019-06-22 13:34:55,333 - 检测平台异常
2019-06-22 13:34:58,394 - 检测平台异常
2019-06-22 13:35:07,451 - 检测平台异常
2019-06-22 13:35:10,507 - 检测平台异常
2019-06-22 13:35:19,610 - 检测平台异常
2019-06-22 13:35:22,632 - 检测平台异常
2019-06-22 13:35:31,728 - 检测平台异常
2019-06-22 13:35:34,749 - 检测平台异常
2019-06-22 13:35:43,857 - 检测平台异常
2019-06-22 13:35:46,910 - 检测平台异常
2019-06-22 13:35:56,003 - 检测平台异常
2019-06-22 13:35:59,034 - 检测平台异常
2019-06-22 13:36:08,130 - 检测平台异常
2019-06-22 13:36:11,168 - 检测平台异常
2019-06-22 13:36:20,267 - 检测平台异常
2019-06-22 13:36:23,280 - 检测平台异常
2019-06-22 13:36:32,384 - 检测平台异常
2019-06-22 13:36:35,426 - 检测平台异常
2019-06-22 13:36:44,514 - 检测平台异常
2019-06-22 13:36:47,546 - 检测平台异常
2019-06-22 13:36:56,636 - 检测平台异常
2019-06-22 13:36:59,685 - 检测平台异常
2019-06-22 13:37:08,774 - 检测平台异常
2019-06-22 13:37:11,798 - 检测平台异常
2019-06-22 13:37:20,899 - 检测平台异常
2019-06-22 13:37:23,923 - 检测平台异常
2019-06-22 13:37:33,008 - 检测平台异常
2019-06-22 13:37:36,751 - 检测平台异常
2019-06-22 13:37:45,151 - 检测平台异常
2019-06-22 13:37:48,890 - 检测平台异常
2019-06-22 13:37:57,296 - 检测平台异常
2019-06-22 13:38:01,011 - 检测平台异常
2019-06-22 13:38:09,431 - 检测平台异常
2019-06-22 13:38:13,133 - 检测平台异常
2019-06-22 13:38:21,549 - 检测平台异常
2019-06-22 13:38:25,260 - 检测平台异常
2019-06-22 13:38:33,669 - 检测平台异常
2019-06-22 13:38:37,391 - 检测平台异常
2019-06-22 13:38:45,798 - 检测平台异常
2019-06-22 13:38:49,528 - 检测平台异常
2019-06-22 13:38:57,914 - 检测平台异常
2019-06-22 13:39:01,662 - 检测平台异常
2019-06-22 13:39:25,261 - 服务关闭！
2019-06-22 13:39:26,947 - 


Server开启成功
2019-06-22 13:39:28,093 - 检测平台异常
2019-06-22 13:39:32,058 - 检测平台异常
2019-06-22 13:39:35,787 - 检测平台异常
2019-06-22 13:39:40,210 - 检测平台异常
2019-06-22 13:39:44,208 - 检测平台异常
2019-06-22 13:39:47,933 - 检测平台异常
2019-06-22 13:39:56,332 - 检测平台异常
2019-06-22 13:39:57,813 - 检测平台异常
2019-06-22 13:40:00,090 - 检测平台异常
2019-06-22 13:40:08,470 - 检测平台异常
2019-06-22 13:40:09,951 - 检测平台异常
2019-06-22 13:40:12,239 - 检测平台异常
2019-06-22 13:40:20,623 - 检测平台异常
2019-06-22 13:40:22,092 - 检测平台异常
2019-06-22 13:40:24,353 - 检测平台异常
2019-06-22 13:40:32,758 - 检测平台异常
2019-06-22 13:40:34,235 - 检测平台异常
2019-06-22 13:40:36,470 - 检测平台异常
2019-06-22 13:40:44,888 - 检测平台异常
2019-06-22 13:40:46,364 - 检测平台异常
2019-06-22 13:40:48,606 - 检测平台异常
2019-06-22 13:40:57,026 - 检测平台异常
2019-06-22 13:40:58,496 - 检测平台异常
2019-06-22 13:41:00,717 - 检测平台异常
2019-06-22 13:41:09,163 - 检测平台异常
2019-06-22 13:41:10,637 - 检测平台异常
2019-06-22 13:41:12,846 - 检测平台异常
2019-06-22 13:41:21,324 - 检测平台异常
2019-06-22 13:41:22,780 - 检测平台异常
2019-06-22 13:41:24,997 - 检测平台异常
2019-06-22 13:41:33,466 - 检测平台异常
2019-06-22 13:41:34,892 - 检测平台异常
2019-06-22 13:41:37,110 - 检测平台异常
2019-06-22 13:41:45,607 - 检测平台异常
2019-06-22 13:41:47,015 - 检测平台异常
2019-06-22 13:41:49,221 - 检测平台异常
2019-06-22 13:41:57,756 - 检测平台异常
2019-06-22 13:41:59,132 - 检测平台异常
2019-06-22 13:42:01,334 - 检测平台异常
2019-06-22 13:42:09,895 - 检测平台异常
2019-06-22 13:42:11,269 - 检测平台异常
2019-06-22 13:42:13,463 - 检测平台异常
2019-06-22 13:42:22,016 - 检测平台异常
2019-06-22 13:42:23,407 - 检测平台异常
2019-06-22 13:42:25,602 - 检测平台异常
2019-06-22 13:42:34,128 - 检测平台异常
2019-06-22 13:42:35,522 - 检测平台异常
2019-06-22 13:42:37,728 - 检测平台异常
2019-06-22 13:42:42,759 - 服务关闭！
2019-06-22 14:15:08,487 - 


Server开启成功
2019-06-22 14:15:09,638 - 检测平台异常
2019-06-22 14:15:21,765 - 检测平台异常
2019-06-22 14:15:33,914 - 检测平台异常
2019-06-22 14:20:07,140 - 


Server开启成功
2019-06-22 14:20:27,691 - 


Server开启成功
2019-06-22 14:20:44,120 - 


Server开启成功
2019-06-22 14:20:45,264 - 检测平台异常
2019-06-22 14:20:48,281 - 检测平台异常
2019-06-22 14:20:48,822 - 检测平台异常
2019-06-22 14:20:57,400 - 检测平台异常
2019-06-22 14:23:50,518 - 


Server开启成功
2019-06-22 14:23:51,668 - 检测平台异常
2019-06-22 14:24:03,785 - 检测平台异常
2019-06-22 14:24:15,898 - 检测平台异常
2019-06-22 14:24:28,032 - 检测平台异常
2019-06-22 14:25:46,466 - 检测平台异常
2019-06-22 14:25:58,626 - 检测平台异常
2019-06-22 14:26:10,773 - 检测平台异常
2019-06-22 14:26:22,899 - 检测平台异常
2019-06-22 14:27:41,048 - 检测平台异常
2019-06-22 14:27:43,346 - 服务关闭！
2019-06-22 14:28:54,360 - 


Server开启成功
2019-06-22 14:28:55,490 - 检测平台异常
2019-06-22 14:28:57,616 - 检测平台异常
2019-06-22 14:28:59,762 - 检测平台异常
2019-06-22 14:29:11,921 - 检测平台异常
2019-06-22 14:29:14,038 - 检测平台异常
2019-06-22 14:29:16,160 - 检测平台异常
2019-06-22 14:29:28,305 - 检测平台异常
2019-06-22 14:29:30,461 - 检测平台异常
2019-06-22 14:29:32,599 - 检测平台异常
2019-06-22 14:29:44,734 - 检测平台异常
2019-06-22 14:29:46,858 - 检测平台异常
2019-06-22 14:29:48,972 - 检测平台异常
2019-06-22 14:32:40,368 - 


Server开启成功
2019-06-22 14:33:13,932 - 


Server开启成功
2019-06-22 14:33:15,061 - 检测平台异常
2019-06-22 14:33:17,199 - 检测平台异常
2019-06-22 14:33:19,334 - 检测平台异常
2019-06-22 14:33:21,542 - 检测平台异常
2019-06-22 14:33:23,656 - 检测平台异常
2019-06-22 14:33:25,774 - 检测平台异常
2019-06-22 14:33:31,460 - 检测平台异常
2019-06-22 14:33:33,585 - 检测平台异常
2019-06-22 14:33:35,742 - 检测平台异常
2019-06-22 14:33:37,912 - 检测平台异常
2019-06-22 14:33:40,054 - 检测平台异常
2019-06-22 14:33:42,191 - 检测平台异常
2019-06-22 14:36:22,555 - 


Server开启成功
2019-06-22 14:36:23,699 - 检测平台异常
2019-06-22 14:36:25,828 - 检测平台异常
2019-06-22 14:36:27,950 - 检测平台异常
2019-06-22 14:36:29,966 - 检测平台异常
2019-06-22 14:36:42,083 - 检测平台异常
2019-06-22 14:36:44,222 - 检测平台异常
2019-06-22 14:36:46,359 - 检测平台异常
2019-06-22 14:36:48,389 - 检测平台异常
2019-06-22 14:37:00,526 - 检测平台异常
2019-06-22 14:37:02,641 - 检测平台异常
2019-06-22 14:37:04,790 - 检测平台异常
2019-06-22 14:37:06,802 - 检测平台异常
2019-06-22 14:37:18,916 - 检测平台异常
2019-06-22 14:37:21,030 - 检测平台异常
2019-06-22 14:37:23,154 - 检测平台异常
2019-06-22 14:37:25,185 - 检测平台异常
2019-06-22 14:38:19,350 - 检测平台异常
2019-06-22 14:38:21,476 - 检测平台异常
2019-06-22 14:38:23,587 - 检测平台异常
2019-06-22 14:38:25,601 - 检测平台异常
2019-06-22 14:38:37,742 - 检测平台异常
2019-06-22 14:38:39,870 - 检测平台异常
2019-06-22 14:38:42,015 - 检测平台异常
2019-06-22 14:38:44,032 - 检测平台异常
2019-06-22 14:38:56,171 - 检测平台异常
2019-06-22 14:38:58,287 - 检测平台异常
2019-06-22 14:39:00,409 - 检测平台异常
2019-06-22 14:39:02,427 - 检测平台异常
2019-06-22 14:39:14,548 - 检测平台异常
2019-06-22 14:39:16,669 - 检测平台异常
2019-06-22 14:39:18,807 - 检测平台异常
2019-06-22 14:39:20,823 - 检测平台异常
2019-06-22 14:40:02,999 - 检测平台异常
2019-06-22 14:40:05,012 - 检测平台异常
2019-06-22 14:40:19,122 - 检测平台异常
2019-06-22 14:40:21,156 - 检测平台异常
2019-06-22 14:40:35,266 - 检测平台异常
2019-06-22 14:40:37,282 - 检测平台异常
2019-06-22 14:40:51,407 - 检测平台异常
2019-06-22 14:40:53,423 - 检测平台异常
2019-06-22 14:41:24,797 - 服务关闭！
2019-06-22 14:41:25,903 - 


Server开启成功
2019-06-22 14:41:27,564 - 服务关闭！
2019-06-22 14:41:28,454 - 


Server开启成功
2019-06-22 14:41:29,414 - 服务关闭！
2019-06-22 14:44:46,172 - 


Server开启成功
2019-06-22 14:46:08,896 - 


Server开启成功
2019-06-22 14:49:11,117 - 


Server开启成功
2019-06-22 14:58:56,592 - 


Server开启成功
2019-06-22 14:59:47,164 - 


Server开启成功
2019-06-22 15:01:25,152 - 


Server开启成功
2019-06-22 15:01:29,026 - 服务关闭！
2019-06-22 15:01:30,172 - 


Server开启成功
2019-06-22 15:06:02,517 - 


Server开启成功
2019-06-22 15:06:40,279 - 


Server开启成功
2019-06-22 15:11:09,999 - 


Server开启成功
2019-06-22 15:11:14,905 - 服务关闭！
2019-06-22 15:11:15,969 - 


Server开启成功
2019-06-22 18:05:05,798 - 


Server开启成功
2019-06-22 18:05:06,961 - 检测平台异常
2019-06-22 18:05:12,100 - 服务关闭！
2019-06-22 18:05:44,611 - 


Server开启成功
2019-06-22 18:05:45,778 - 检测平台异常
2019-06-22 18:05:48,326 - receive from: 192.168.3.103:59035
接收到数据：1500000000000000000000000031010000000000000000013900000000000101160924151503000000000000000001020304000350000000000000000000005014
设备类型:00
设备号:000000000000
控制码:00000000000000000000000000000000
2019-06-22 18:05:48,735 - 命令 01 执行完时间为：2019/6/22 18:05:48

2019-06-22 18:05:57,923 - 检测平台异常
2019-06-22 18:06:06,492 - receive from: 192.168.3.103:59035
接收到数据：1500000000000000000000000031010000000000000000013900000000000101160924151503000000000000000001020304000350000000000000000000005014
设备类型:00
设备号:000000000000
控制码:00000000000000000000000000000000
2019-06-22 18:06:06,762 - 命令 01 执行完时间为：2019/6/22 18:06:06

2019-06-22 18:06:10,057 - 检测平台异常
2019-06-22 18:06:37,076 - 服务关闭！
2019-06-22 18:07:41,090 - 


Server开启成功
2019-06-22 18:07:53,351 - 服务关闭！
2019-06-22 18:09:28,130 - 


Server开启成功
2019-06-22 18:09:28,143 - 1
2019-06-22 18:09:39,241 - 1
2019-06-22 18:09:50,254 - 1
2019-06-22 18:10:36,713 - 


Server开启成功
2019-06-22 18:10:36,727 - 1
2019-06-22 18:10:36,751 - 2
2019-06-22 18:10:47,768 - 1
2019-06-22 18:10:47,772 - 2
2019-06-22 18:10:58,786 - 1
2019-06-22 18:10:58,789 - 2
2019-06-22 18:11:06,476 - receive from: 192.168.3.109:41044
接收到数据：15000020190622000000000000310100201906220000000000000000000000011906221810370003F159D22A000000012345670350123400000000000000005C14
设备类型:00
设备号:002019062200
控制码:00000000000000000000000000000000
2019-06-22 18:11:06,776 - 命令 01 执行完时间为：2019/6/22 18:11:06

2019-06-22 18:11:09,801 - 1
2019-06-22 18:11:09,804 - 2
2019-06-22 18:11:20,812 - 1
2019-06-22 18:11:20,816 - 2
2019-06-22 18:11:31,824 - 1
2019-06-22 18:11:31,826 - 2
2019-06-22 18:11:42,832 - 1
2019-06-22 18:11:42,835 - 2
2019-06-22 18:11:53,839 - 1
2019-06-22 18:11:53,853 - 2
2019-06-22 18:12:04,865 - 1
2019-06-22 18:12:04,876 - 2
2019-06-22 18:12:15,888 - 1
2019-06-22 18:12:44,080 - 


Server开启成功
2019-06-22 18:12:44,097 - 1
2019-06-22 18:12:44,123 - 2
2019-06-22 18:12:55,206 - 1
2019-06-22 18:12:55,209 - 2
2019-06-22 18:13:06,219 - 1
2019-06-22 18:13:06,223 - 2
2019-06-22 18:13:17,232 - 1
2019-06-22 18:13:17,235 - 2
2019-06-22 18:13:28,248 - 1
2019-06-22 18:13:28,251 - 2
2019-06-22 18:15:16,654 - 


Server开启成功
2019-06-22 18:15:16,668 - 1
2019-06-22 18:15:16,699 - 2
2019-06-22 18:15:27,780 - 1
2019-06-22 18:15:27,784 - 2
2019-06-22 18:15:38,847 - 1
2019-06-22 18:15:38,851 - 2
2019-06-22 18:15:49,864 - 1
2019-06-22 18:15:49,867 - 2
