2019-05-01 16:06:27,884 - 


Server开启成功
2019-05-01 16:08:15,139 - ID为： 82797602-5370-4950-9165-4c900d6c594a 接入时间为2019/5/1 16:08:15

2019-05-01 16:08:15,139 - ID为： 914205a4-edac-4b4d-b45d-fe658d5ff5c0 接入时间为2019/5/1 16:08:15

2019-05-01 16:08:15,139 - ID为： 8638fe11-bbdf-40a0-838e-99ee66b4d158 接入时间为2019/5/1 16:08:15

2019-05-01 16:08:15,153 - ID为： dd55facf-01b1-4f03-86ab-4c28957b5559 接入时间为2019/5/1 16:08:15

2019-05-01 16:08:15,141 - ID为： c95af561-a39a-41dd-a458-0578c6c2e083 接入时间为2019/5/1 16:08:15

2019-05-01 16:08:15,166 - ID为： e8bfc511-2166-431a-9ff9-8946d16d9155 接入时间为2019/5/1 16:08:15

2019-05-01 16:08:15,173 - ID为： 8dfd0f4a-c3ed-441a-aff1-9eb225eb149c 接入时间为2019/5/1 16:08:15

2019-05-01 16:08:15,156 - ID为： 6308feb6-7aaa-42f4-be24-256f816337a0 接入时间为2019/5/1 16:08:15

2019-05-01 16:08:15,152 - ID为： 94c9432f-4a0e-43b6-b564-b93c051241bb 接入时间为2019/5/1 16:08:15

2019-05-01 16:08:15,195 - ID为： 4f31eb3c-46b0-4629-be21-9aa473930662 接入时间为2019/5/1 16:08:15

2019-05-01 16:08:15,182 - ID为： 1667c534-9e6c-49d7-884a-86dc6a522671 接入时间为2019/5/1 16:08:15

2019-05-01 16:08:15,189 - ID为： 8a596f29-1afb-4f92-9837-697ec0c45691 接入时间为2019/5/1 16:08:15

2019-05-01 16:08:15,204 - ID为： 51fc6b84-4bf8-41ac-a3a8-065b4a55c974 接入时间为2019/5/1 16:08:15

2019-05-01 16:08:15,237 - ID为： e905caec-a08f-44b5-bde8-dfc077fff60f 接入时间为2019/5/1 16:08:15

2019-05-01 16:08:15,246 - ID为： 57c1a919-9893-46c3-af89-55d7957fffe7 接入时间为2019/5/1 16:08:15

2019-05-01 16:08:15,241 - ID为： 1960644a-1334-4601-ab8c-90de5a15aac1 接入时间为2019/5/1 16:08:15

2019-05-01 16:08:15,272 - ID为： 59e68281-fa77-4904-a961-d8dfe315fa74 接入时间为2019/5/1 16:08:15

2019-05-01 16:08:15,277 - ID为： e6a19c6c-afa0-416b-af55-5c06ba4278db 接入时间为2019/5/1 16:08:15

2019-05-01 16:08:15,267 - ID为： 289f6337-9d6f-4671-99d4-e28876be813e 接入时间为2019/5/1 16:08:15

2019-05-01 16:08:15,261 - ID为： 740bf2bb-1f57-4bf6-8723-54aa5686f33a 接入时间为2019/5/1 16:08:15

2019-05-01 16:08:15,295 - receive from: 192.168.3.187:54890
接收到数据：1500000000000001C000000000200100000000000100000000000000000000000000000000000000000000000000F814
设备类型:00
设备号:000000000001
控制码:11000000000000000000000000000000
2019-05-01 16:08:15,296 - receive from: 192.168.3.187:54891
接收到数据：1500000000000002C000000000200100000000000200000000000000000000000000000000000000000000000000FA14
设备类型:00
设备号:000000000002
控制码:11000000000000000000000000000000
2019-05-01 16:08:15,299 - receive from: 192.168.3.187:54889
接收到数据：1500000000000000C000000000200100000000000000000000000000000000000000000000000000000000000000F614
设备类型:00
设备号:000000000000
控制码:11000000000000000000000000000000
2019-05-01 16:08:15,291 - receive from: 192.168.3.187:54892
接收到数据：1500000000000003C000000000200100000000000300000000000000000000000000000000000000000000000000FC14
设备类型:00
设备号:000000000003
控制码:11000000000000000000000000000000
2019-05-01 16:08:15,433 - 发送命令1500000000000001900000000020E7E170ACE9C26ADC06F312B538DF1DCA30A27FC56FD32DF22020388168BABEFDA614
2019-05-01 16:08:15,854 - 命令 01 执行完时间为：2019/5/1 16:08:15

2019-05-01 16:08:15,980 - ID为： c95af561-a39a-41dd-a458-0578c6c2e083 接入时间为2019/5/1 16:08:15
ID为： c95af561-a39a-41dd-a458-0578c6c2e083接入时间为：2019/5/1 16:08:15关闭时间为：2019/5/1 16:08:15


2019-05-01 16:08:15,989 - 发送命令1500000000000002900000000020F9AC2F1ACFC6D57B722106F02AF927B2E4A5C5F8D33A74921AE155BD9974F03DBF14
2019-05-01 16:08:16,378 - 命令 01 执行完时间为：2019/5/1 16:08:16

2019-05-01 16:08:16,451 - ID为： 914205a4-edac-4b4d-b45d-fe658d5ff5c0 接入时间为2019/5/1 16:08:15
ID为： 914205a4-edac-4b4d-b45d-fe658d5ff5c0接入时间为：2019/5/1 16:08:15关闭时间为：2019/5/1 16:08:16


2019-05-01 16:08:16,461 - receive from: 192.168.3.187:54893
接收到数据：1500000000000004C000000000200100000000000400000000000000000000000000000000000000000000000000FE14
设备类型:00
设备号:000000000004
控制码:11000000000000000000000000000000
2019-05-01 16:08:16,533 - 发送命令1500000000000003900000000020EAB3EAD9B283B5E4645109F0D469AAB41B40F7C56C50A8090BA9B1B150CA5CADFC14
2019-05-01 16:08:16,970 - 命令 01 执行完时间为：2019/5/1 16:08:16

2019-05-01 16:08:17,040 - ID为： 8638fe11-bbdf-40a0-838e-99ee66b4d158 接入时间为2019/5/1 16:08:15
ID为： 8638fe11-bbdf-40a0-838e-99ee66b4d158接入时间为：2019/5/1 16:08:15关闭时间为：2019/5/1 16:08:17


2019-05-01 16:08:17,048 - receive from: 192.168.3.187:54894
接收到数据：1500000000000005C0000000002001000000000005000000000000000000000000000000000000000000000000000014
设备类型:00
设备号:000000000005
控制码:11000000000000000000000000000000
2019-05-01 16:08:18,577 - receive from: 192.168.3.187:54895
接收到数据：1500000000000006C0000000002001000000000006000000000000000000000000000000000000000000000000000214
设备类型:00
设备号:000000000006
控制码:11000000000000000000000000000000
2019-05-01 16:08:18,586 - 发送命令15000000000000009000000000206B3BA58DC593183FCD863CB2B8D3A8404E869B18C152295A2E0BE6951FD3C0149714
2019-05-01 16:08:18,996 - 命令 01 执行完时间为：2019/5/1 16:08:18

2019-05-01 16:08:19,070 - ID为： 82797602-5370-4950-9165-4c900d6c594a 接入时间为2019/5/1 16:08:15
ID为： 82797602-5370-4950-9165-4c900d6c594a接入时间为：2019/5/1 16:08:15关闭时间为：2019/5/1 16:08:19


2019-05-01 16:08:20,078 - receive from: 192.168.3.187:54897
接收到数据：1500000000000008C0000000002001000000000008000000000000000000000000000000000000000000000000000614
设备类型:00
设备号:000000000008
控制码:11000000000000000000000000000000
2019-05-01 16:08:20,375 - 发送命令15000000000000059000000000205B93A6F1DADFCBCC00140AEC03BB67BEBF5C1208469021BFA91EEB69D1BAB9815714
2019-05-01 16:08:20,785 - 命令 01 执行完时间为：2019/5/1 16:08:20

2019-05-01 16:08:20,854 - ID为： dd55facf-01b1-4f03-86ab-4c28957b5559 接入时间为2019/5/1 16:08:15
ID为： dd55facf-01b1-4f03-86ab-4c28957b5559接入时间为：2019/5/1 16:08:15关闭时间为：2019/5/1 16:08:20


2019-05-01 16:08:20,924 - 发送命令1500000000000004900000000020755678A0F609D0E8AE540F77D2727CE2FEBE10F84690E53D49576FDA331D6F3A2B14
2019-05-01 16:08:21,307 - 命令 01 执行完时间为：2019/5/1 16:08:21

2019-05-01 16:08:21,376 - ID为： 94c9432f-4a0e-43b6-b564-b93c051241bb 接入时间为2019/5/1 16:08:15
ID为： 94c9432f-4a0e-43b6-b564-b93c051241bb接入时间为：2019/5/1 16:08:15关闭时间为：2019/5/1 16:08:21


2019-05-01 16:08:21,384 - receive from: 192.168.3.187:54898
接收到数据：1500000000000009C0000000002001000000000009000000000000000000000000000000000000000000000000000814
设备类型:00
设备号:000000000009
控制码:11000000000000000000000000000000
2019-05-01 16:08:22,699 - 发送命令1500000000000006900000000020A747FFDAECD66F6DFC83F3E0E6DBCEB3B67A2FB8319F1059F481D38F7F72E0E9A514
2019-05-01 16:08:23,078 - receive from: 192.168.3.187:54899
接收到数据：1500000000000010C0000000002001000000000010000000000000000000000000000000000000000000000000001614
设备类型:00
设备号:000000000010
控制码:11000000000000000000000000000000
2019-05-01 16:08:23,100 - 命令 01 执行完时间为：2019/5/1 16:08:23

2019-05-01 16:08:23,171 - ID为： 6308feb6-7aaa-42f4-be24-256f816337a0 接入时间为2019/5/1 16:08:15
ID为： 6308feb6-7aaa-42f4-be24-256f816337a0接入时间为：2019/5/1 16:08:15关闭时间为：2019/5/1 16:08:23


2019-05-01 16:08:23,243 - 发送命令1500000000000009900000000020033054D6F58002B0715F9429F4EB8545F73126735906BF9F8D617FB1FAB03C454F14
2019-05-01 16:08:23,623 - 命令 01 执行完时间为：2019/5/1 16:08:23

2019-05-01 16:08:23,695 - ID为： 8dfd0f4a-c3ed-441a-aff1-9eb225eb149c 接入时间为2019/5/1 16:08:15
ID为： 8dfd0f4a-c3ed-441a-aff1-9eb225eb149c接入时间为：2019/5/1 16:08:15关闭时间为：2019/5/1 16:08:23


2019-05-01 16:08:23,704 - receive from: 192.168.3.187:54900
接收到数据：1500000000000011C0000000002001000000000011000000000000000000000000000000000000000000000000001814
设备类型:00
设备号:000000000011
控制码:11000000000000000000000000000000
2019-05-01 16:08:23,767 - 发送命令1500000000000008900000000020A5D7F70E032C41DBD46794B728D93787E245457E52BED0EC27928FD9BE618165BA14
2019-05-01 16:08:24,190 - 命令 01 执行完时间为：2019/5/1 16:08:24

2019-05-01 16:08:24,255 - ID为： e8bfc511-2166-431a-9ff9-8946d16d9155 接入时间为2019/5/1 16:08:15
ID为： e8bfc511-2166-431a-9ff9-8946d16d9155接入时间为：2019/5/1 16:08:15关闭时间为：2019/5/1 16:08:24


2019-05-01 16:08:25,077 - receive from: 192.168.3.187:54901
接收到数据：1500000000000012C0000000002001000000000012000000000000000000000000000000000000000000000000001A14
设备类型:00
设备号:000000000012
控制码:11000000000000000000000000000000
2019-05-01 16:08:25,550 - 发送命令1500000000000010900000000020F5851119AE0BB5DF6D81DD5EEED4638CB45957C3C85047D9269737607BD331BB8D14
2019-05-01 16:08:25,984 - 命令 01 执行完时间为：2019/5/1 16:08:25

2019-05-01 16:08:26,051 - ID为： 1667c534-9e6c-49d7-884a-86dc6a522671 接入时间为2019/5/1 16:08:15
ID为： 1667c534-9e6c-49d7-884a-86dc6a522671接入时间为：2019/5/1 16:08:15关闭时间为：2019/5/1 16:08:26


2019-05-01 16:08:26,577 - receive from: 192.168.3.187:54902
接收到数据：1500000000000013C0000000002001000000000013000000000000000000000000000000000000000000000000001C14
设备类型:00
设备号:000000000013
控制码:11000000000000000000000000000000
2019-05-01 16:08:27,344 - 发送命令1500000000000011900000000020135A7D4DB25E95D637300FDE5B266E2BC465928C4D6A67A3D47E59CF39EF24EAAE14
2019-05-01 16:08:27,775 - 命令 01 执行完时间为：2019/5/1 16:08:27

2019-05-01 16:08:27,845 - ID为： 8a596f29-1afb-4f92-9837-697ec0c45691 接入时间为2019/5/1 16:08:15
ID为： 8a596f29-1afb-4f92-9837-697ec0c45691接入时间为：2019/5/1 16:08:15关闭时间为：2019/5/1 16:08:27


2019-05-01 16:08:27,854 - receive from: 192.168.3.187:54903
接收到数据：1500000000000014C0000000002001000000000014000000000000000000000000000000000000000000000000001E14
设备类型:00
设备号:000000000014
控制码:11000000000000000000000000000000
2019-05-01 16:08:29,140 - 发送命令15000000000000129000000000208D733D63688594DEEF05A3C3BCD5FB02A2AD3DD44FE6C8A0048C7CE5C12E7C2A4114
2019-05-01 16:08:29,565 - 命令 01 执行完时间为：2019/5/1 16:08:29

2019-05-01 16:08:29,578 - receive from: 192.168.3.187:54904
接收到数据：1500000000000015C0000000002001000000000015000000000000000000000000000000000000000000000000002014
设备类型:00
设备号:000000000015
控制码:11000000000000000000000000000000
2019-05-01 16:08:29,644 - ID为： 4f31eb3c-46b0-4629-be21-9aa473930662 接入时间为2019/5/1 16:08:15
ID为： 4f31eb3c-46b0-4629-be21-9aa473930662接入时间为：2019/5/1 16:08:15关闭时间为：2019/5/1 16:08:29


2019-05-01 16:08:30,577 - receive from: 192.168.3.187:54905
接收到数据：1500000000000016C0000000002001000000000016000000000000000000000000000000000000000000000000002214
设备类型:00
设备号:000000000016
控制码:11000000000000000000000000000000
2019-05-01 16:08:30,938 - 发送命令15000000000000149000000000207EC81AAFC86C6B3F9289C6C34F4F850E752B742D82A9D331862A080543F0F3BFAD14
2019-05-01 16:08:31,358 - 命令 01 执行完时间为：2019/5/1 16:08:31

2019-05-01 16:08:31,426 - ID为： e905caec-a08f-44b5-bde8-dfc077fff60f 接入时间为2019/5/1 16:08:15
ID为： e905caec-a08f-44b5-bde8-dfc077fff60f接入时间为：2019/5/1 16:08:15关闭时间为：2019/5/1 16:08:31


2019-05-01 16:08:32,077 - receive from: 192.168.3.187:54906
接收到数据：1500000000000017C0000000002001000000000017000000000000000000000000000000000000000000000000002414
设备类型:00
设备号:000000000017
控制码:11000000000000000000000000000000
2019-05-01 16:08:32,737 - 发送命令1500000000000013900000000020BA1CC6F03E2128C82EA75FF18F4B55CBD2C7A81372B2858C77D4A08524412153A414
2019-05-01 16:08:33,155 - 命令 01 执行完时间为：2019/5/1 16:08:33

2019-05-01 16:08:33,220 - ID为： 51fc6b84-4bf8-41ac-a3a8-065b4a55c974 接入时间为2019/5/1 16:08:15
ID为： 51fc6b84-4bf8-41ac-a3a8-065b4a55c974接入时间为：2019/5/1 16:08:15关闭时间为：2019/5/1 16:08:33


2019-05-01 16:08:33,227 - receive from: 192.168.3.187:54907
接收到数据：1500000000000018C0000000002001000000000018000000000000000000000000000000000000000000000000002614
设备类型:00
设备号:000000000018
控制码:11000000000000000000000000000000
2019-05-01 16:08:34,490 - 发送命令150000000000001590000000002087458B031D5AD5549CBE54DC549782023DEDA9876DB847E907EA65CB5F1DCAAD9014
2019-05-01 16:08:34,904 - 命令 01 执行完时间为：2019/5/1 16:08:34

2019-05-01 16:08:34,974 - ID为： 1960644a-1334-4601-ab8c-90de5a15aac1 接入时间为2019/5/1 16:08:15
ID为： 1960644a-1334-4601-ab8c-90de5a15aac1接入时间为：2019/5/1 16:08:15关闭时间为：2019/5/1 16:08:34


2019-05-01 16:08:34,982 - receive from: 192.168.3.187:54908
接收到数据：1500000000000019C0000000002001000000000019000000000000000000000000000000000000000000000000002814
设备类型:00
设备号:000000000019
控制码:11000000000000000000000000000000
2019-05-01 16:08:36,284 - 发送命令15000000000000189000000000201F62D57A9D0A3F868367128DE45B64E91FF29B4BA69F2A217B0E7B8E02E3F4638314
2019-05-01 16:08:36,577 - receive from: 192.168.3.187:54896
接收到数据：1500000000000007C0000000002001000000000007000000000000000000000000000000000000000000000000000414
设备类型:00
设备号:000000000007
控制码:11000000000000000000000000000000
2019-05-01 16:08:36,693 - 命令 01 执行完时间为：2019/5/1 16:08:36

2019-05-01 16:08:36,763 - ID为： 289f6337-9d6f-4671-99d4-e28876be813e 接入时间为2019/5/1 16:08:15
ID为： 289f6337-9d6f-4671-99d4-e28876be813e接入时间为：2019/5/1 16:08:15关闭时间为：2019/5/1 16:08:36


2019-05-01 16:08:38,062 - 发送命令1500000000000019900000000020243CEC0EA87FAE07E3ABED5450C880100085CC50F9BF1BD70623797ABC4A81239C14
2019-05-01 16:08:38,316 - 命令 01 执行完时间为：2019/5/1 16:08:38

2019-05-01 16:08:38,398 - ID为： 59e68281-fa77-4904-a961-d8dfe315fa74 接入时间为2019/5/1 16:08:15
ID为： 59e68281-fa77-4904-a961-d8dfe315fa74接入时间为：2019/5/1 16:08:15关闭时间为：2019/5/1 16:08:38


2019-05-01 16:08:39,766 - 发送命令150000000000001690000000002087EB40717294B22FAF995B63D73A4B061F1466EA383CD29E0D57C523B20C9552A514
2019-05-01 16:08:40,180 - 命令 01 执行完时间为：2019/5/1 16:08:40

2019-05-01 16:08:40,257 - ID为： 57c1a919-9893-46c3-af89-55d7957fffe7 接入时间为2019/5/1 16:08:15
ID为： 57c1a919-9893-46c3-af89-55d7957fffe7接入时间为：2019/5/1 16:08:15关闭时间为：2019/5/1 16:08:40


2019-05-01 16:08:41,560 - 发送命令15000000000000179000000000205C20ACA22DEC3B309AB524E5D467182F3603552F5BE0AE65780F28C763D934493E14
2019-05-01 16:08:41,969 - 命令 01 执行完时间为：2019/5/1 16:08:41

2019-05-01 16:08:42,039 - ID为： 740bf2bb-1f57-4bf6-8723-54aa5686f33a 接入时间为2019/5/1 16:08:15
ID为： 740bf2bb-1f57-4bf6-8723-54aa5686f33a接入时间为：2019/5/1 16:08:15关闭时间为：2019/5/1 16:08:42


2019-05-01 16:08:43,326 - 发送命令1500000000000007900000000020CCEF18B7558F2EFB73A606EB45615EA6978B5666C4F24FB2FED5B3658F37057CDE14
2019-05-01 16:08:43,745 - 命令 01 执行完时间为：2019/5/1 16:08:43

2019-05-01 16:08:43,816 - ID为： e6a19c6c-afa0-416b-af55-5c06ba4278db 接入时间为2019/5/1 16:08:15
ID为： e6a19c6c-afa0-416b-af55-5c06ba4278db接入时间为：2019/5/1 16:08:15关闭时间为：2019/5/1 16:08:43


2019-05-01 16:10:52,913 - 


Server开启成功
2019-05-01 16:10:59,135 - ID为： 3775b931-b8ca-43d2-8046-df5116d867ff 接入时间为2019/5/1 16:10:59

2019-05-01 16:10:59,140 - ID为： c869b4bd-33ae-409c-94a8-f83a0a2e0975 接入时间为2019/5/1 16:10:59

2019-05-01 16:10:59,145 - receive from: 192.168.3.187:55406
接收到数据：1500000000000002C000000000200100000000000200000000000000000000000000000000000000000000000000FA14
设备类型:00
设备号:000000000002
控制码:11000000000000000000000000000000
2019-05-01 16:10:59,154 - ID为： dd07eda2-3a82-4cd7-9550-b6a2c52e3ddd 接入时间为2019/5/1 16:10:59

2019-05-01 16:10:59,135 - ID为： b58824fe-4dd4-4eb3-9682-aba281034764 接入时间为2019/5/1 16:10:59

2019-05-01 16:10:59,140 - ID为： 60ced325-20a0-4b5e-a1d0-f3292b66cde4 接入时间为2019/5/1 16:10:59

2019-05-01 16:10:59,184 - ID为： 30cf4949-9d4e-4615-ae3c-3368cd403176 接入时间为2019/5/1 16:10:59

2019-05-01 16:10:59,196 - ID为： 6ebc3eda-2126-4750-b782-9cc03ca82a48 接入时间为2019/5/1 16:10:59

2019-05-01 16:10:59,202 - ID为： e2d6988c-cee5-4116-82ae-4296bd1e8d76 接入时间为2019/5/1 16:10:59

2019-05-01 16:10:59,192 - ID为： fc9bfa7b-caf8-4460-89d3-e51c7c7a47cb 接入时间为2019/5/1 16:10:59

2019-05-01 16:10:59,216 - ID为： ccdc2517-d9b5-4ab4-b946-007530d11642 接入时间为2019/5/1 16:10:59

2019-05-01 16:10:59,222 - ID为： 0aa90d49-1bd1-4790-806e-676b04273161 接入时间为2019/5/1 16:10:59

2019-05-01 16:10:59,227 - ID为： 451cecb8-faae-4565-b9fb-8c8d2650f55c 接入时间为2019/5/1 16:10:59

2019-05-01 16:10:59,233 - ID为： 1c302f7d-d45e-4663-90d5-ee123991f705 接入时间为2019/5/1 16:10:59

2019-05-01 16:10:59,240 - ID为： 8319f92e-b984-48db-9f9a-0949546b4ea1 接入时间为2019/5/1 16:10:59

2019-05-01 16:10:59,245 - ID为： c26180b2-d447-41bc-a370-7dfa587bc38d 接入时间为2019/5/1 16:10:59

2019-05-01 16:10:59,258 - ID为： de6b5f80-f6e3-4031-b645-1cab89c6262a 接入时间为2019/5/1 16:10:59

2019-05-01 16:10:59,264 - ID为： 85d4da2e-fbe4-4233-a74e-c2816ea156a6 接入时间为2019/5/1 16:10:59

2019-05-01 16:10:59,252 - ID为： 7a055ce1-8aca-435e-b10b-365242f03bc1 接入时间为2019/5/1 16:10:59

2019-05-01 16:10:59,271 - ID为： 1e64d4ba-767b-4527-bab3-046f035c7030 接入时间为2019/5/1 16:10:59

2019-05-01 16:10:59,276 - ID为： d27eb55f-d22f-4ddd-85c2-45295c1e6eda 接入时间为2019/5/1 16:10:59

2019-05-01 16:10:59,280 - receive from: 192.168.3.187:55404
接收到数据：1500000000000000C000000000200100000000000000000000000000000000000000000000000000000000000000F614
设备类型:00
设备号:000000000000
控制码:11000000000000000000000000000000
2019-05-01 16:10:59,289 - receive from: 192.168.3.187:55405
接收到数据：1500000000000001C000000000200100000000000100000000000000000000000000000000000000000000000000F814
设备类型:00
设备号:000000000001
控制码:11000000000000000000000000000000
2019-05-01 16:10:59,293 - receive from: 192.168.3.187:55407
接收到数据：1500000000000003C000000000200100000000000300000000000000000000000000000000000000000000000000FC14
设备类型:00
设备号:000000000003
控制码:11000000000000000000000000000000
2019-05-01 16:11:00,516 - 发送命令15000000000000029000000000203736F2350EF8049D589A03691A2B63FDE4A5C5F8D33A74921AE155BD9974F03DA514
2019-05-01 16:11:00,939 - 命令 01 执行完时间为：2019/5/1 16:11:00

2019-05-01 16:11:01,012 - ID为： 3775b931-b8ca-43d2-8046-df5116d867ff 接入时间为2019/5/1 16:10:59
ID为： 3775b931-b8ca-43d2-8046-df5116d867ff接入时间为：2019/5/1 16:10:59关闭时间为：2019/5/1 16:11:01


2019-05-01 16:11:01,021 - receive from: 192.168.3.187:55408
接收到数据：1500000000000004C000000000200100000000000400000000000000000000000000000000000000000000000000FE14
设备类型:00
设备号:000000000004
控制码:11000000000000000000000000000000
2019-05-01 16:11:02,295 - 发送命令1500000000000001900000000020A6E46974504D2C9A9C6219D03E840E9330A27FC56FD32DF22020388168BABEFD2714
2019-05-01 16:11:02,690 - 命令 01 执行完时间为：2019/5/1 16:11:02

2019-05-01 16:11:02,754 - ID为： b58824fe-4dd4-4eb3-9682-aba281034764 接入时间为2019/5/1 16:10:59
ID为： b58824fe-4dd4-4eb3-9682-aba281034764接入时间为：2019/5/1 16:10:59关闭时间为：2019/5/1 16:11:02


2019-05-01 16:11:03,418 - receive from: 192.168.3.187:55409
接收到数据：1500000000000005C0000000002001000000000005000000000000000000000000000000000000000000000000000014
设备类型:00
设备号:000000000005
控制码:11000000000000000000000000000000
2019-05-01 16:11:04,115 - 发送命令1500000000000000900000000020FDF4486FB2BA63DA0F2A48C86D1FD9F14E869B18C152295A2E0BE6951FD3C0144C14
2019-05-01 16:11:04,511 - 命令 01 执行完时间为：2019/5/1 16:11:04

2019-05-01 16:11:04,577 - ID为： c869b4bd-33ae-409c-94a8-f83a0a2e0975 接入时间为2019/5/1 16:10:59
ID为： c869b4bd-33ae-409c-94a8-f83a0a2e0975接入时间为：2019/5/1 16:10:59关闭时间为：2019/5/1 16:11:04


2019-05-01 16:11:05,419 - receive from: 192.168.3.187:55410
接收到数据：1500000000000006C0000000002001000000000006000000000000000000000000000000000000000000000000000214
设备类型:00
设备号:000000000006
控制码:11000000000000000000000000000000
2019-05-01 16:11:05,899 - 发送命令150000000000000390000000002012FD73E75CCC20F027BB068054E4B2FA1B40F7C56C50A8090BA9B1B150CA5CAD7214
2019-05-01 16:11:06,306 - 命令 01 执行完时间为：2019/5/1 16:11:06

2019-05-01 16:11:06,374 - ID为： 60ced325-20a0-4b5e-a1d0-f3292b66cde4 接入时间为2019/5/1 16:10:59
ID为： 60ced325-20a0-4b5e-a1d0-f3292b66cde4接入时间为：2019/5/1 16:10:59关闭时间为：2019/5/1 16:11:06


2019-05-01 16:11:06,920 - receive from: 192.168.3.187:55411
接收到数据：1500000000000007C0000000002001000000000007000000000000000000000000000000000000000000000000000414
设备类型:00
设备号:000000000007
控制码:11000000000000000000000000000000
2019-05-01 16:11:07,650 - 发送命令1500000000000004900000000020520E5DD73F444AD650E723B679309D96FEBE10F84690E53D49576FDA331D6F3A8A14
2019-05-01 16:11:08,077 - 命令 01 执行完时间为：2019/5/1 16:11:08

2019-05-01 16:11:08,162 - ID为： dd07eda2-3a82-4cd7-9550-b6a2c52e3ddd 接入时间为2019/5/1 16:10:59
ID为： dd07eda2-3a82-4cd7-9550-b6a2c52e3ddd接入时间为：2019/5/1 16:10:59关闭时间为：2019/5/1 16:11:08


2019-05-01 16:11:08,173 - receive from: 192.168.3.187:55412
接收到数据：1500000000000008C0000000002001000000000008000000000000000000000000000000000000000000000000000614
设备类型:00
设备号:000000000008
控制码:11000000000000000000000000000000
2019-05-01 16:11:09,493 - 发送命令15000000000000059000000000209AE8ABA57234C69FE715F31A5474973CBF5C1208469021BFA91EEB69D1BAB9811614
2019-05-01 16:11:09,899 - 命令 01 执行完时间为：2019/5/1 16:11:09

2019-05-01 16:11:09,919 - receive from: 192.168.3.187:55413
接收到数据：1500000000000009C0000000002001000000000009000000000000000000000000000000000000000000000000000814
设备类型:00
设备号:000000000009
控制码:11000000000000000000000000000000
2019-05-01 16:11:09,970 - ID为： 30cf4949-9d4e-4615-ae3c-3368cd403176 接入时间为2019/5/1 16:10:59
ID为： 30cf4949-9d4e-4615-ae3c-3368cd403176接入时间为：2019/5/1 16:10:59关闭时间为：2019/5/1 16:11:09


2019-05-01 16:11:10,043 - 发送命令150000000000000890000000002067B0CF9392264B9F1F8BFB37B387B3C3E245457E52BED0EC27928FD9BE6181655014
2019-05-01 16:11:10,430 - 命令 01 执行完时间为：2019/5/1 16:11:10

2019-05-01 16:11:10,495 - ID为： e2d6988c-cee5-4116-82ae-4296bd1e8d76 接入时间为2019/5/1 16:10:59
ID为： e2d6988c-cee5-4116-82ae-4296bd1e8d76接入时间为：2019/5/1 16:10:59关闭时间为：2019/5/1 16:11:10


2019-05-01 16:11:10,502 - receive from: 192.168.3.187:55414
接收到数据：1500000000000010C0000000002001000000000010000000000000000000000000000000000000000000000000001614
设备类型:00
设备号:000000000010
控制码:11000000000000000000000000000000
2019-05-01 16:11:11,787 - 发送命令15000000000000069000000000201B61A2D9065446AF32340F5F1203970DB67A2FB8319F1059F481D38F7F72E0E97F14
2019-05-01 16:11:12,191 - 命令 01 执行完时间为：2019/5/1 16:11:12

2019-05-01 16:11:12,262 - ID为： fc9bfa7b-caf8-4460-89d3-e51c7c7a47cb 接入时间为2019/5/1 16:10:59
ID为： fc9bfa7b-caf8-4460-89d3-e51c7c7a47cb接入时间为：2019/5/1 16:10:59关闭时间为：2019/5/1 16:11:12


2019-05-01 16:11:12,269 - receive from: 192.168.3.187:55415
接收到数据：1500000000000011C0000000002001000000000011000000000000000000000000000000000000000000000000001814
设备类型:00
设备号:000000000011
控制码:11000000000000000000000000000000
2019-05-01 16:11:13,544 - 发送命令15000000000000109000000000205799AE30E9954FC99E0A3C98CB42A16AB45957C3C85047D9269737607BD331BBBA14
2019-05-01 16:11:13,918 - receive from: 192.168.3.187:55416
接收到数据：1500000000000012C0000000002001000000000012000000000000000000000000000000000000000000000000001A14
设备类型:00
设备号:000000000012
控制码:11000000000000000000000000000000
2019-05-01 16:11:13,951 - 命令 01 执行完时间为：2019/5/1 16:11:13

2019-05-01 16:11:14,018 - ID为： 0aa90d49-1bd1-4790-806e-676b04273161 接入时间为2019/5/1 16:10:59
ID为： 0aa90d49-1bd1-4790-806e-676b04273161接入时间为：2019/5/1 16:10:59关闭时间为：2019/5/1 16:11:14


2019-05-01 16:11:14,919 - receive from: 192.168.3.187:55417
接收到数据：1500000000000013C0000000002001000000000013000000000000000000000000000000000000000000000000001C14
设备类型:00
设备号:000000000013
控制码:11000000000000000000000000000000
2019-05-01 16:11:15,328 - 发送命令1500000000000011900000000020B0652B6AC8D5116863147D3FF0B5172DC465928C4D6A67A3D47E59CF39EF24EA6A14
2019-05-01 16:11:15,743 - 命令 01 执行完时间为：2019/5/1 16:11:15

2019-05-01 16:11:15,809 - ID为： 451cecb8-faae-4565-b9fb-8c8d2650f55c 接入时间为2019/5/1 16:10:59
ID为： 451cecb8-faae-4565-b9fb-8c8d2650f55c接入时间为：2019/5/1 16:10:59关闭时间为：2019/5/1 16:11:15


2019-05-01 16:11:16,419 - receive from: 192.168.3.187:55418
接收到数据：1500000000000014C0000000002001000000000014000000000000000000000000000000000000000000000000001E14
设备类型:00
设备号:000000000014
控制码:11000000000000000000000000000000
2019-05-01 16:11:17,110 - 发送命令150000000000000790000000002061140E53C59B7E4B7498391D91952880978B5666C4F24FB2FED5B3658F37057CC214
2019-05-01 16:11:17,533 - 命令 01 执行完时间为：2019/5/1 16:11:17

2019-05-01 16:11:17,611 - ID为： 6ebc3eda-2126-4750-b782-9cc03ca82a48 接入时间为2019/5/1 16:10:59
ID为： 6ebc3eda-2126-4750-b782-9cc03ca82a48接入时间为：2019/5/1 16:10:59关闭时间为：2019/5/1 16:11:17


2019-05-01 16:11:17,620 - receive from: 192.168.3.187:55419
接收到数据：1500000000000015C0000000002001000000000015000000000000000000000000000000000000000000000000002014
设备类型:00
设备号:000000000015
控制码:11000000000000000000000000000000
2019-05-01 16:11:17,691 - 发送命令1500000000000009900000000020D079CB13B51889026978325083D400CBF73126735906BF9F8D617FB1FAB03C459914
2019-05-01 16:11:18,080 - 命令 01 执行完时间为：2019/5/1 16:11:18

2019-05-01 16:11:18,151 - ID为： ccdc2517-d9b5-4ab4-b946-007530d11642 接入时间为2019/5/1 16:10:59
ID为： ccdc2517-d9b5-4ab4-b946-007530d11642接入时间为：2019/5/1 16:10:59关闭时间为：2019/5/1 16:11:18


2019-05-01 16:11:18,919 - receive from: 192.168.3.187:55420
接收到数据：1500000000000016C0000000002001000000000016000000000000000000000000000000000000000000000000002214
设备类型:00
设备号:000000000016
控制码:11000000000000000000000000000000
2019-05-01 16:11:19,456 - 发送命令1500000000000012900000000020F698AA57D4AFD1A8CE0AE7CFC510B24FA2AD3DD44FE6C8A0048C7CE5C12E7C2A4914
2019-05-01 16:11:19,864 - 命令 01 执行完时间为：2019/5/1 16:11:19

2019-05-01 16:11:19,931 - ID为： 1c302f7d-d45e-4663-90d5-ee123991f705 接入时间为2019/5/1 16:10:59
ID为： 1c302f7d-d45e-4663-90d5-ee123991f705接入时间为：2019/5/1 16:10:59关闭时间为：2019/5/1 16:11:19


2019-05-01 16:11:19,939 - receive from: 192.168.3.187:55421
接收到数据：1500000000000017C0000000002001000000000017000000000000000000000000000000000000000000000000002414
设备类型:00
设备号:000000000017
控制码:11000000000000000000000000000000
2019-05-01 16:11:21,240 - 发送命令1500000000000015900000000020508CFCFFF0AC8E68331F0C02032193F53DEDA9876DB847E907EA65CB5F1DCAAD1214
2019-05-01 16:11:21,642 - 命令 01 执行完时间为：2019/5/1 16:11:21

2019-05-01 16:11:21,708 - ID为： 7a055ce1-8aca-435e-b10b-365242f03bc1 接入时间为2019/5/1 16:10:59
ID为： 7a055ce1-8aca-435e-b10b-365242f03bc1接入时间为：2019/5/1 16:10:59关闭时间为：2019/5/1 16:11:21


2019-05-01 16:11:21,716 - receive from: 192.168.3.187:55422
接收到数据：1500000000000018C0000000002001000000000018000000000000000000000000000000000000000000000000002614
设备类型:00
设备号:000000000018
控制码:11000000000000000000000000000000
2019-05-01 16:11:23,004 - 发送命令1500000000000017900000000020BDBEF891E4035406BD7AA2889D03D9153603552F5BE0AE65780F28C763D934494A14
2019-05-01 16:11:23,411 - 命令 01 执行完时间为：2019/5/1 16:11:23

2019-05-01 16:11:23,419 - receive from: 192.168.3.187:55423
接收到数据：1500000000000019C0000000002001000000000019000000000000000000000000000000000000000000000000002814
设备类型:00
设备号:000000000019
控制码:11000000000000000000000000000000
2019-05-01 16:11:23,486 - ID为： 85d4da2e-fbe4-4233-a74e-c2816ea156a6 接入时间为2019/5/1 16:10:59
ID为： 85d4da2e-fbe4-4233-a74e-c2816ea156a6接入时间为：2019/5/1 16:10:59关闭时间为：2019/5/1 16:11:23


2019-05-01 16:11:24,785 - 发送命令15000000000000189000000000209E675C0817AF9F2853EA5BDAB378D0E51FF29B4BA69F2A217B0E7B8E02E3F4637A14
2019-05-01 16:11:25,190 - 命令 01 执行完时间为：2019/5/1 16:11:25

2019-05-01 16:11:25,256 - ID为： 1e64d4ba-767b-4527-bab3-046f035c7030 接入时间为2019/5/1 16:10:59
ID为： 1e64d4ba-767b-4527-bab3-046f035c7030接入时间为：2019/5/1 16:10:59关闭时间为：2019/5/1 16:11:25


2019-05-01 16:11:26,588 - 发送命令15000000000000139000000000208BE1C87B3F256E351A04241578417AADD2C7A81372B2858C77D4A085244121539714
2019-05-01 16:11:26,987 - 命令 01 执行完时间为：2019/5/1 16:11:26

2019-05-01 16:11:27,056 - ID为： 8319f92e-b984-48db-9f9a-0949546b4ea1 接入时间为2019/5/1 16:10:59
ID为： 8319f92e-b984-48db-9f9a-0949546b4ea1接入时间为：2019/5/1 16:10:59关闭时间为：2019/5/1 16:11:27


2019-05-01 16:11:28,386 - 发送命令150000000000001490000000002042141F1A2DB1F4EF4520D6ACFDF31A7F752B742D82A9D331862A080543F0F3BFAB14
2019-05-01 16:11:28,778 - 命令 01 执行完时间为：2019/5/1 16:11:28

2019-05-01 16:11:28,847 - ID为： c26180b2-d447-41bc-a370-7dfa587bc38d 接入时间为2019/5/1 16:10:59
ID为： c26180b2-d447-41bc-a370-7dfa587bc38d接入时间为：2019/5/1 16:10:59关闭时间为：2019/5/1 16:11:28


2019-05-01 16:11:30,153 - 发送命令15000000000000169000000000202DC56304454FEB7197211568AD642C421F1466EA383CD29E0D57C523B20C95523014
2019-05-01 16:11:30,559 - 命令 01 执行完时间为：2019/5/1 16:11:30

2019-05-01 16:11:30,624 - ID为： de6b5f80-f6e3-4031-b645-1cab89c6262a 接入时间为2019/5/1 16:10:59
ID为： de6b5f80-f6e3-4031-b645-1cab89c6262a接入时间为：2019/5/1 16:10:59关闭时间为：2019/5/1 16:11:30


2019-05-01 16:11:31,943 - 发送命令15000000000000199000000000204218A7CE866CBC985FCAFE2E9955B6710085CC50F9BF1BD70623797ABC4A81236E14
2019-05-01 16:11:32,340 - 命令 01 执行完时间为：2019/5/1 16:11:32

2019-05-01 16:11:32,404 - ID为： d27eb55f-d22f-4ddd-85c2-45295c1e6eda 接入时间为2019/5/1 16:10:59
ID为： d27eb55f-d22f-4ddd-85c2-45295c1e6eda接入时间为：2019/5/1 16:10:59关闭时间为：2019/5/1 16:11:32


