2019-06-27 00:09:37,999 - 


Server开启成功
2019-06-27 16:48:34,183 - 


Server开启成功
2019-06-27 16:49:33,600 - 未知请求
2019-06-27 16:50:49,932 - 未知请求
2019-06-27 16:54:30,869 - 


Server开启成功
2019-06-27 16:54:53,638 - receive from: 192.168.3.103:50985
接收到数据：150000000000000000000000000966C0A803670BC101AACD14
设备类型:00
设备号:000000000000
控制码:00000000000000000000000000000000
2019-06-27 16:54:53,672 - 命令 66 执行完时间为：2019/6/27 16:54:53

2019-06-27 16:56:11,369 - receive from: 192.168.3.103:51008
接收到数据：150000000000000000000000000966C0A803670BC101AACD14
设备类型:00
设备号:000000000000
控制码:00000000000000000000000000000000
2019-06-27 16:56:40,264 - 


Server开启成功
2019-06-27 16:57:23,795 - receive from: 192.168.3.103:51035
接收到数据：150000000000000000000000000A6601C0A803670BC101AACF14
设备类型:00
设备号:000000000000
控制码:00000000000000000000000000000000
2019-06-27 16:57:43,606 - 回复66：150000000000000080000000000266AAA714
2019-06-27 16:57:43,615 - 命令 66 执行完时间为：2019/6/27 16:57:43

2019-06-27 16:57:53,325 - 检测平台异常
2019-06-27 16:58:04,364 - 检测平台异常
2019-06-27 16:58:15,394 - 检测平台异常
2019-06-27 16:58:17,144 - 服务关闭！
2019-06-27 16:59:28,048 - 


Server开启成功
2019-06-27 16:59:28,066 - 检测平台异常
2019-06-27 16:59:35,996 - receive from: 192.168.3.103:51080
接收到数据：150000000000000000000000000A6601C0A803670BC101AACF14
设备类型:00
设备号:000000000000
控制码:00000000000000000000000000000000
2019-06-27 16:59:36,364 - 回复66：150000000000000080000000000266555214
2019-06-27 16:59:36,371 - 命令 66 执行完时间为：2019/6/27 16:59:36

2019-06-27 17:40:35,125 - 


Server开启成功
2019-06-27 17:40:45,125 - receive from: 192.168.3.103:51806
接收到数据：150000000000000000000000000A6601C0A803670BC101AACF14
设备类型:00
设备号:000000000000
控制码:00000000000000000000000000000000
2019-06-27 17:40:45,474 - 回复66：150000000000000080000000000266AAA714
2019-06-27 17:40:45,478 - 命令 66 执行完时间为：2019/6/27 17:40:45

2019-06-27 17:40:55,184 - 检测平台异常
2019-06-27 17:41:05,232 - receive from: 192.168.3.103:51818
接收到数据：150000000000000000000000000A6601C0A803670BC101AACF14
设备类型:00
设备号:000000000000
控制码:00000000000000000000000000000000
2019-06-27 17:41:05,398 - 回复66：150000000000000080000000000266AAA714
2019-06-27 17:41:05,403 - 命令 66 执行完时间为：2019/6/27 17:41:05

2019-06-27 17:41:06,201 - 检测平台异常
2019-06-27 17:41:17,267 - 检测平台异常
2019-06-27 17:43:07,143 - 


Server开启成功
2019-06-27 17:43:22,354 - receive from: 192.168.3.103:51849
接收到数据：150000000000000000000000000A6601C0A803670BC101AACF14
设备类型:00
设备号:000000000000
控制码:00000000000000000000000000000000
2019-06-27 17:43:22,543 - 回复66：150000000000000080000000000266AAA714
2019-06-27 17:43:22,552 - 命令 66 执行完时间为：2019/6/27 17:43:22

2019-06-27 17:43:27,181 - 检测平台异常
2019-06-27 17:43:31,070 - receive from: 192.168.3.103:51858
接收到数据：150000000000000000000000000A6601C0A803670BC101AACF14
设备类型:00
设备号:000000000000
控制码:00000000000000000000000000000000
2019-06-27 17:43:31,240 - 回复66：150000000000000080000000000266AAA714
2019-06-27 17:43:31,245 - 命令 66 执行完时间为：2019/6/27 17:43:31

2019-06-27 17:43:34,076 - receive from: 192.168.3.103:51865
接收到数据：150000000000000000000000000A6601C0A803670BC101557A14
设备类型:00
设备号:000000000000
控制码:00000000000000000000000000000000
2019-06-27 17:43:34,435 - 回复66：150000000000000080000000000266555214
2019-06-27 17:43:34,441 - 命令 66 执行完时间为：2019/6/27 17:43:34

2019-06-27 17:43:38,199 - 检测平台异常
2019-06-27 17:43:49,068 - 服务关闭！
2019-06-27 17:47:20,723 - 


Server开启成功
2019-06-27 17:47:26,586 - receive from: 192.168.3.103:51905
接收到数据：150000000000000000000000000A6601C0A803670BC101AACF14
设备类型:00
设备号:000000000000
控制码:00000000000000000000000000000000
2019-06-27 17:47:26,818 - 1 01 入网成功
2019-06-27 17:47:26,823 - 回复66：150000000000000080000000000266AAA714
2019-06-27 17:47:26,827 - 命令 66 执行完时间为：2019/6/27 17:47:26

2019-06-27 17:47:30,766 - 检测平台异常
2019-06-27 17:47:39,711 - receive from: 192.168.3.103:51919
接收到数据：150000000000000000000000000A6601C0A803670BC101557A14
设备类型:00
设备号:000000000000
控制码:00000000000000000000000000000000
2019-06-27 17:47:39,942 - 回复66：150000000000000080000000000266BBB814
2019-06-27 17:47:39,946 - 命令 66 执行完时间为：2019/6/27 17:47:39

2019-06-27 17:47:41,783 - 检测平台异常
2019-06-27 17:47:52,805 - 检测平台异常
2019-06-27 17:49:40,095 - 


Server开启成功
2019-06-27 17:49:44,291 - receive from: 192.168.3.103:51976
接收到数据：150000000000000000000000000A6601C0A803670BC101AACF14
设备类型:00
设备号:000000000000
控制码:00000000000000000000000000000000
2019-06-27 17:49:44,516 - 1 01 入网成功
2019-06-27 17:49:44,521 - 回复66：150000000000000080000000000266AAA714
2019-06-27 17:49:44,526 - 命令 66 执行完时间为：2019/6/27 17:49:44

2019-06-27 17:49:46,249 - receive from: 192.168.3.103:51986
接收到数据：150000000000000000000000000A6601C0A803670BC101AACF14
设备类型:00
设备号:000000000000
控制码:00000000000000000000000000000000
2019-06-27 17:49:46,426 - 1 01 入网成功
2019-06-27 17:49:46,430 - 回复66：150000000000000080000000000266AAA714
2019-06-27 17:49:46,435 - 命令 66 执行完时间为：2019/6/27 17:49:46

2019-06-27 17:49:50,133 - 检测平台异常
2019-06-27 17:49:51,235 - receive from: 192.168.3.103:51992
接收到数据：150000000000000000000000000A6601C0A803670BC101557A14
设备类型:00
设备号:000000000000
控制码:00000000000000000000000000000000
2019-06-27 17:49:51,516 - 1 01 出网成功
2019-06-27 17:49:51,519 - 回复66：150000000000000080000000000266AAA714
2019-06-27 17:49:51,523 - 命令 66 执行完时间为：2019/6/27 17:49:51

2019-06-27 17:49:59,029 - receive from: 192.168.3.103:52008
接收到数据：150000000000000000000000000A6601C0A803670BC101AACF14
设备类型:00
设备号:000000000000
控制码:00000000000000000000000000000000
2019-06-27 17:49:59,224 - 1 01 入网成功
2019-06-27 17:49:59,228 - 回复66：150000000000000080000000000266AAA714
2019-06-27 17:49:59,231 - 命令 66 执行完时间为：2019/6/27 17:49:59

2019-06-27 17:50:01,178 - 检测平台异常
2019-06-27 17:50:09,083 - receive from: 192.168.3.103:52031
接收到数据：150000000000000000000000000A6601C0A803670BC101557A14
设备类型:00
设备号:000000000000
控制码:00000000000000000000000000000000
2019-06-27 17:50:09,323 - 1 01 出网成功
2019-06-27 17:50:09,327 - 回复66：150000000000000080000000000266AAA714
2019-06-27 17:50:09,332 - 命令 66 执行完时间为：2019/6/27 17:50:09

