2019-05-17 15:17:21,083 - 


Server开启成功
2019-05-17 15:17:24,761 - 检测平台异常
2019-05-17 15:17:26,926 - 检测平台异常
2019-05-17 15:17:27,938 - 检测平台异常
2019-05-17 15:17:30,155 - 检测平台异常
2019-05-17 15:17:31,170 - 检测平台异常
2019-05-17 15:17:32,314 - 检测平台异常
2019-05-17 15:17:32,367 - 检测平台异常
2019-05-17 15:17:32,386 - 检测平台异常
2019-05-17 15:17:33,559 - 检测平台异常
2019-05-17 15:17:33,622 - 检测平台异常
2019-05-17 15:17:33,637 - 检测平台异常
2019-05-17 22:04:52,361 - 


Server开启成功
2019-05-17 22:05:25,977 - ID为： 5db41e87-708e-4927-858f-0cc2e9593c36 接入时间为2019/5/17 22:05:25

2019-05-17 22:05:25,985 - receive from: 192.168.3.178:44010
接收到数据：1500000000000001000000000031010000000000010000000000000000000001190517220459000350958C62000000012345670350123400000000000000003D14
设备类型:00
设备号:000000000001
控制码:00000000000000000000000000000000
2019-05-17 22:05:39,367 - 发送命令1500000000000001900000000020C3535B1D1088410570CA323F07F2662F30A27FC56FD32DF22020388168BABEFDB814
2019-05-17 22:05:39,916 - 命令 01 执行完时间为：2019/5/17 22:05:39

2019-05-17 22:06:09,603 - ID为： 5db41e87-708e-4927-858f-0cc2e9593c36 接入时间为2019/5/17 22:05:25
ID为： 5db41e87-708e-4927-858f-0cc2e9593c36接入时间为：2019/5/17 22:05:25关闭时间为：2019/5/17 22:06:09


2019-05-17 22:07:38,891 - 


Server开启成功
2019-05-17 22:08:01,234 - ID为： 4039b7e3-2f07-45ff-97a6-380d8867e7f1 接入时间为2019/5/17 22:08:01

2019-05-17 22:08:01,240 - receive from: 192.168.3.178:44011
接收到数据：15000000000000010000000000310100000000000100000000000000000000011905172207340003584778B3000000012345670350123400000000000000001214
设备类型:00
设备号:000000000001
控制码:00000000000000000000000000000000
2019-05-17 22:08:02,064 - 发送命令331500000000000001000000000059330000000000013EEA86A10BB9000000000001000000000000000000000001234567035012340000040108100100001000030810030000110006081006000016000808101000002000000000000000000000000000000000000714
2019-05-17 22:08:02,072 - 发送命令8F15000000000000018000000000058F584778B3F414
2019-05-17 22:08:02,079 - 发送命令811500000000000001100000000040D689E50555F81D2B2DC8B428DF9F209E092BD9CA5294367DD5A48E8CA5AB998E099AF2C0106AD49FEA41AF43A430882F2147D286C5BA1157E1C7CAD0B41B85B2A414
2019-05-17 22:08:02,371 - 命令 01 执行完时间为：2019/5/17 22:08:02

2019-05-17 22:08:08,238 - receive from: 192.168.3.178:44011
接收到数据：1500000000000001900000000040D689E50555F81D2B2DC8B428DF9F209E092BD9CA5294367DD5A48E8CA5AB998E8DDD9B67EABAEB969E035EE754816A926D415FCB8F1612360F900356390D0BB55614
设备类型:00
设备号:000000000001
控制码:10010000000000000000000000000000
2019-05-17 22:08:09,317 - 发送命令1500000000000001900000000020BA7E67693028778129A225B9EE333A9030A27FC56FD32DF22020388168BABEFDFF14
2019-05-17 22:08:09,636 - 命令 81 执行完时间为：2019/5/17 22:08:09

2019-05-17 22:09:40,191 - ID为： 4039b7e3-2f07-45ff-97a6-380d8867e7f1 接入时间为2019/5/17 22:08:01
ID为： 4039b7e3-2f07-45ff-97a6-380d8867e7f1接入时间为：2019/5/17 22:08:01关闭时间为：2019/5/17 22:09:40


2019-05-17 22:13:51,851 - 


Server开启成功
2019-05-17 22:13:54,264 - ID为： 74fb43ed-4a2a-4811-9757-9ec6ff62e541 接入时间为2019/5/17 22:13:54

2019-05-17 22:13:54,273 - receive from: 192.168.3.178:44013
接收到数据：150000000000000200000000003101000000000002000000000000000000000119051722132700032A988BF4000000012345670350123400000000000000008A14
设备类型:00
设备号:000000000002
控制码:00000000000000000000000000000000
2019-05-17 22:13:55,208 - 发送命令33150000000000000200000000005933000000000002C0A803BB0BB900000000000200000000000000000000000123456703501234000004010810010000100003081003000011000608100600001600080810100000200000000000000000000000000000000000E114
2019-05-17 22:13:55,242 - 发送命令8F15000000000000028000000000058F2A988BF46C14
2019-05-17 22:13:55,254 - 发送命令8115000000000000021000000000408E3B3CF3A0A9A268F8935DDED6155746CF5DA73CA72F4E2BE714887F85737ABE066C9D8E16A89BA5B3BB07613106AB8FEC6B3D8DDED108F32FFF7D9501B6AF654814
2019-05-17 22:13:55,697 - 命令 01 执行完时间为：2019/5/17 22:13:55

2019-05-17 22:14:34,054 - ID为： 74fb43ed-4a2a-4811-9757-9ec6ff62e541 接入时间为2019/5/17 22:13:54
ID为： 74fb43ed-4a2a-4811-9757-9ec6ff62e541接入时间为：2019/5/17 22:13:54关闭时间为：2019/5/17 22:14:34


2019-05-17 22:20:02,908 - 


Server开启成功
2019-05-17 22:21:32,118 - ID为： fc323157-098b-4609-b5ee-178f8c0dbf39 接入时间为2019/5/17 22:21:32

2019-05-17 22:21:32,127 - receive from: 192.168.3.178:44016
接收到数据：15000000000000040000000000310100000000000400000000000000000000011905172221040003947D7F5C000000012345670350123400000000000000002414
设备类型:00
设备号:000000000004
控制码:00000000000000000000000000000000
2019-05-17 22:21:32,797 - 发送命令33150000000000000400000000004133000000000004C0A803BB0BB9000000000004000000000000000000000001234567035012340000010804251400002000000000000000000000000000000000004E14
2019-05-17 22:21:32,916 - 发送命令8F15000000000000048000000000058F947D7F5C1914
2019-05-17 22:21:32,954 - 发送命令8115000000000000041000000000400334C1046C74D38F86A77E35B20E8E6743E342EE80A7AD379E6AF8F55F3128A669BF82922A235C2DA9C49A89D3EF3C34B183BD41618C0DAB4AB8B07A9194C249F714
2019-05-17 22:21:33,393 - 命令 01 执行完时间为：2019/5/17 22:21:33

2019-05-17 22:22:11,872 - ID为： fc323157-098b-4609-b5ee-178f8c0dbf39 接入时间为2019/5/17 22:21:32
ID为： fc323157-098b-4609-b5ee-178f8c0dbf39接入时间为：2019/5/17 22:21:32关闭时间为：2019/5/17 22:22:11


2019-05-17 22:25:43,575 - 


Server开启成功
2019-05-17 22:26:19,254 - ID为： dcd161c7-92de-4208-bcde-1949fa2ff180 接入时间为2019/5/17 22:26:19

2019-05-17 22:26:19,263 - receive from: 192.168.3.178:44025
接收到数据：15000000000000050000000000310100000000000500000000000000000000011905172225510003C862F6F800000001234567035012340000000000000000A314
设备类型:00
设备号:000000000005
控制码:00000000000000000000000000000000
2019-05-17 22:26:20,001 - 发送命令33150000000000000500000000004933000000000005C0A803BB0BB90000000000050000000000000000000000012345670350123400000201042515000010000308100300001100000000000000000000000000000000007314
2019-05-17 22:26:21,013 - 发送命令8F15000000000000058000000000058FC862F6F84614
2019-05-17 22:26:21,020 - 发送命令8115000000000000051000000000408BEF109EDB2CBD29FDD6A61305DC918E75789F08C46C5234C4444D41627E4B618A9AF9518CAC3F389AEE120721A017BAD659186F4D013B8AB3A3FC2EFE7AD45AB614
2019-05-17 22:26:21,503 - 命令 01 执行完时间为：2019/5/17 22:26:21

2019-05-17 22:26:25,600 - receive from: 192.168.3.178:44025
接收到数据：15000000000000059000000000408BEF109EDB2CBD29FDD6A61305DC918E75789F08C46C5234C4444D41627E4B61F5343E8BBC77541DE3C8B8B01B972B2757DFB8C37EBCA0BE6A7AC9245B8445715314
设备类型:00
设备号:000000000005
控制码:10010000000000000000000000000000
2019-05-17 22:26:26,693 - 发送命令1500000000000005900000000020E5C58107B61CE37401C94E42942E2827BF5C1208469021BFA91EEB69D1BAB9815B14
2019-05-17 22:26:27,004 - 命令 81 执行完时间为：2019/5/17 22:26:27

2019-05-17 22:26:31,782 - ID为： dcd161c7-92de-4208-bcde-1949fa2ff180 接入时间为2019/5/17 22:26:19
ID为： dcd161c7-92de-4208-bcde-1949fa2ff180接入时间为：2019/5/17 22:26:19关闭时间为：2019/5/17 22:26:31


