2019-07-03 14:34:13,078 - 


Server开启成功
2019-07-03 14:34:38,391 - receive from: 192.168.3.103:54017
接收到数据：150000000000000000000000000A6601C0A803670BC101AACF14
设备类型:00
设备号:000000000000
控制码:00000000000000000000000000000000
2019-07-03 14:34:38,971 - 1 01 入网成功
2019-07-03 14:34:40,101 - 命令 66 执行完时间为：2019/7/3 14:34:40

2019-07-03 14:34:43,165 - 检测平台异常
2019-07-03 14:34:54,202 - 检测平台异常
2019-07-03 14:35:05,224 - 检测平台异常
2019-07-03 14:35:16,241 - 检测平台异常
2019-07-03 14:37:25,749 - 


Server开启成功
2019-07-03 14:37:42,925 - receive from: 192.168.3.103:54140
接收到数据：150000000000000000000000000A6601C0A803670BC101AACF14
设备类型:00
设备号:000000000000
控制码:00000000000000000000000000000000
2019-07-03 14:37:43,493 - 1 01 入网成功
2019-07-03 14:37:44,535 - 命令 66 执行完时间为：2019/7/3 14:37:44

2019-07-03 14:37:45,796 - 检测平台异常
2019-07-03 14:37:55,982 - 服务关闭！
2019-07-03 14:40:24,539 - 


Server开启成功
2019-07-03 14:40:30,658 - receive from: 192.168.3.103:54278
接收到数据：150000000000000000000000000A6601C0A803670BC101AACF14
设备类型:00
设备号:000000000000
控制码:00000000000000000000000000000000
2019-07-03 14:40:30,958 - 1 01 入网成功
2019-07-03 14:40:31,999 - 命令 66 执行完时间为：2019/7/3 14:40:31

2019-07-03 14:40:34,578 - 检测平台异常
2019-07-03 14:40:45,594 - 检测平台异常
2019-07-03 14:40:56,610 - 检测平台异常
2019-07-03 14:41:07,625 - 检测平台异常
2019-07-03 14:41:19,637 - ok
2019-07-03 14:43:37,588 - receive from: 192.168.3.103:54348
接收到数据：150000000000000000000000000A6601C0A803670BC101AACF14
设备类型:00
设备号:000000000000
控制码:00000000000000000000000000000000
2019-07-03 14:43:38,154 - 1 01 入网成功
2019-07-03 14:43:38,722 - ok
2019-07-03 14:43:39,177 - 命令 66 执行完时间为：2019/7/3 14:43:39

2019-07-03 14:43:42,367 - 检测平台异常
2019-07-03 14:43:53,383 - 检测平台异常
2019-07-03 14:44:04,399 - 检测平台异常
2019-07-03 14:44:15,455 - 检测平台异常
2019-07-03 14:44:59,953 - ok
2019-07-03 14:45:02,476 - receive from: 192.168.3.103:54393
接收到数据：150000000000000000000000000A6601C0A803670BC101AACF14
设备类型:00
设备号:000000000000
控制码:00000000000000000000000000000000
2019-07-03 14:45:02,972 - 1 01 入网成功
2019-07-03 14:45:03,204 - ok
2019-07-03 14:45:03,995 - 命令 66 执行完时间为：2019/7/3 14:45:03

2019-07-03 14:45:11,008 - 检测平台异常
2019-07-03 14:45:14,239 - receive from: 192.168.3.103:54407
接收到数据：150000000000000000000000000A6601C0A803670BC101AACF14
设备类型:00
设备号:000000000000
控制码:00000000000000000000000000000000
2019-07-03 14:45:14,477 - 1 01 入网成功
2019-07-03 14:45:15,495 - 命令 66 执行完时间为：2019/7/3 14:45:15

2019-07-03 14:45:22,026 - 检测平台异常
2019-07-03 14:45:33,055 - 检测平台异常
2019-07-03 14:45:44,075 - 检测平台异常
2019-07-03 14:45:55,092 - 检测平台异常
2019-07-03 14:46:06,820 - ok
2019-07-03 14:48:42,271 - receive from: 192.168.3.103:54454
接收到数据：150000000000000000000000000A6601C0A803670BC101AACF14
设备类型:00
设备号:000000000000
控制码:00000000000000000000000000000000
2019-07-03 14:48:42,734 - 1 01 入网成功
2019-07-03 14:48:43,247 - ok
2019-07-03 14:48:43,753 - 命令 66 执行完时间为：2019/7/3 14:48:43

2019-07-03 14:48:51,696 - 检测平台异常
2019-07-03 14:49:02,711 - 检测平台异常
2019-07-03 14:49:13,727 - 检测平台异常
2019-07-03 14:49:24,748 - 检测平台异常
2019-07-03 14:49:36,328 - ok
2019-07-03 14:53:31,339 - receive from: 192.168.3.103:54504
接收到数据：150000000000000000000000000A6601C0A803670BC101AACF14
设备类型:00
设备号:000000000000
控制码:00000000000000000000000000000000
2019-07-03 14:53:31,813 - 1 01 入网成功
2019-07-03 14:53:32,417 - ok
2019-07-03 14:53:32,835 - 命令 66 执行完时间为：2019/7/3 14:53:32

2019-07-03 14:53:38,363 - 检测平台异常
2019-07-03 14:53:49,379 - 检测平台异常
2019-07-03 14:54:00,399 - 检测平台异常
2019-07-03 14:54:11,420 - 检测平台异常
2019-07-03 14:54:23,033 - ok
2019-07-03 14:57:56,814 - receive from: 192.168.3.103:54552
接收到数据：150000000000000000000000000A6601C0A803670BC101AACF14
设备类型:00
设备号:000000000000
控制码:00000000000000000000000000000000
2019-07-03 14:57:57,271 - 1 01 入网成功
2019-07-03 14:57:57,902 - ok
2019-07-03 14:57:58,298 - 命令 66 执行完时间为：2019/7/3 14:57:58

2019-07-03 14:58:03,076 - 检测平台异常
2019-07-03 14:58:14,096 - 检测平台异常
2019-07-03 14:58:25,112 - 检测平台异常
2019-07-03 14:58:36,130 - 检测平台异常
2019-07-03 14:58:47,855 - ok
2019-07-03 15:08:52,871 - receive from: 192.168.3.103:54653
接收到数据：150000000000000000000000000A6601C0A803670BC101AACF14
设备类型:00
设备号:000000000000
控制码:00000000000000000000000000000000
2019-07-03 15:08:53,359 - 1 01 入网成功
2019-07-03 15:08:53,851 - ok
2019-07-03 15:09:05,894 - 命令 66 执行完时间为：2019/7/3 15:09:05

2019-07-03 15:09:22,033 - 


Server开启成功
2019-07-03 15:09:37,297 - receive from: 192.168.3.103:54689
接收到数据：150000000000000000000000000A6601C0A803670BC101AACF14
设备类型:00
设备号:000000000000
控制码:00000000000000000000000000000000
2019-07-03 15:09:37,562 - 1 01 入网成功
2019-07-03 15:09:38,606 - 命令 66 执行完时间为：2019/7/3 15:09:38

2019-07-03 15:09:42,076 - 检测平台异常
2019-07-03 15:09:53,093 - 检测平台异常
2019-07-03 15:10:04,106 - 检测平台异常
2019-07-03 15:10:15,121 - 检测平台异常
2019-07-03 15:10:27,123 - ok
2019-07-03 15:10:40,135 - receive from: 192.168.3.103:54724
接收到数据：150000000000000000000000000A6601C0A803670BC101AACF14
设备类型:00
设备号:000000000000
控制码:00000000000000000000000000000000
2019-07-03 15:10:40,626 - 1 01 入网成功
2019-07-03 15:10:40,980 - ok
2019-07-03 15:10:41,645 - 命令 66 执行完时间为：2019/7/3 15:10:41

2019-07-03 15:10:48,847 - 检测平台异常
2019-07-03 15:10:59,859 - 检测平台异常
2019-07-03 15:11:10,875 - 检测平台异常
2019-07-03 15:11:21,892 - 检测平台异常
2019-07-03 15:11:33,703 - ok
2019-07-03 16:07:55,761 - receive from: 192.168.3.103:55608
接收到数据：150000000000000000000000000A6601C0A803670BC101AACF14
设备类型:00
设备号:000000000000
控制码:00000000000000000000000000000000
2019-07-03 16:07:56,292 - 1 01 入网成功
2019-07-03 16:07:56,803 - ok
2019-07-03 16:07:57,314 - 命令 66 执行完时间为：2019/7/3 16:07:57

2019-07-03 16:08:02,362 - 检测平台异常
2019-07-03 16:08:13,378 - 检测平台异常
2019-07-03 16:08:24,394 - 检测平台异常
2019-07-03 16:08:35,412 - 检测平台异常
2019-07-03 16:08:47,017 - ok
2019-07-03 18:30:04,572 - receive from: 192.168.3.103:56410
接收到数据：150000000000000000000000000A6601C0A803670BC101AACF14
设备类型:00
设备号:000000000000
控制码:00000000000000000000000000000000
2019-07-03 18:30:05,279 - 1 01 入网成功
2019-07-03 18:30:06,339 - 命令 66 执行完时间为：2019/7/3 18:30:06

2019-07-03 18:30:08,684 - ok
2019-07-03 18:30:10,335 - 检测平台异常
2019-07-03 18:30:21,350 - 检测平台异常
2019-07-03 18:30:32,363 - 检测平台异常
2019-07-03 18:30:43,378 - 检测平台异常
2019-07-03 18:30:54,954 - ok
2019-07-03 18:36:09,364 - receive from: 192.168.3.103:56466
接收到数据：150000000000000000000000000A6601C0A803670BC101AACF14
设备类型:00
设备号:000000000000
控制码:00000000000000000000000000000000
2019-07-03 18:36:09,830 - 1 01 入网成功
2019-07-03 18:36:10,262 - ok
2019-07-03 18:36:10,871 - 命令 66 执行完时间为：2019/7/3 18:36:10

2019-07-03 18:36:14,078 - 检测平台异常
2019-07-03 18:36:25,093 - 检测平台异常
2019-07-03 18:36:36,114 - 检测平台异常
2019-07-03 18:36:47,131 - 检测平台异常
2019-07-03 18:53:55,992 - 


Server开启成功
2019-07-03 18:54:09,304 - receive from: 192.168.3.103:56582
接收到数据：150000000000000000000000000A6601C0A803670BC101AACF14
设备类型:00
设备号:000000000000
控制码:00000000000000000000000000000000
2019-07-03 18:54:10,464 - 1 01 入网成功
2019-07-03 18:54:11,345 - ok
2019-07-03 18:54:11,507 - 命令 66 执行完时间为：2019/7/3 18:54:11

2019-07-03 18:54:16,154 - 检测平台异常
2019-07-03 18:54:27,184 - 检测平台异常
2019-07-03 18:54:38,204 - 检测平台异常
2019-07-03 18:54:49,219 - 检测平台异常
2019-07-03 18:55:00,757 - ok
2019-07-03 18:59:36,875 - receive from: 192.168.3.103:56636
接收到数据：150000000000000000000000000A6601C0A803670BC101AACF14
设备类型:00
设备号:000000000000
控制码:00000000000000000000000000000000
2019-07-03 18:59:37,471 - 1 01 入网成功
2019-07-03 18:59:37,991 - ok
2019-07-03 18:59:38,488 - 命令 66 执行完时间为：2019/7/3 18:59:38

2019-07-03 18:59:46,943 - 检测平台异常
2019-07-03 18:59:57,961 - 检测平台异常
2019-07-03 19:00:08,981 - 检测平台异常
2019-07-03 19:00:19,997 - 检测平台异常
2019-07-03 19:00:31,570 - ok
2019-07-03 19:02:30,136 - receive from: 192.168.3.103:56692
接收到数据：150000000000000000000000000A6601C0A803670BC101AACF14
设备类型:00
设备号:000000000000
控制码:00000000000000000000000000000000
2019-07-03 19:02:30,613 - 1 01 入网成功
2019-07-03 19:02:31,308 - ok
2019-07-03 19:02:31,629 - 命令 66 执行完时间为：2019/7/3 19:02:31

2019-07-03 19:02:32,616 - 检测平台异常
2019-07-03 19:02:43,630 - 检测平台异常
2019-07-03 19:02:54,647 - 检测平台异常
2019-07-03 19:03:05,662 - 检测平台异常
2019-07-03 19:03:17,885 - ok
2019-07-03 19:04:23,631 - receive from: 192.168.3.103:56730
接收到数据：150000000000000000000000000A6601C0A803670BC101AACF14
设备类型:00
设备号:000000000000
控制码:00000000000000000000000000000000
2019-07-03 19:04:24,117 - 1 01 入网成功
2019-07-03 19:04:24,220 - ok
2019-07-03 19:18:37,047 - 


Server开启成功
2019-07-03 19:18:45,543 - receive from: 192.168.3.103:57240
接收到数据：150000000000000000000000000A6601C0A803670BC101AACF14
设备类型:00
设备号:000000000000
控制码:00000000000000000000000000000000
2019-07-03 19:18:45,792 - 1 01 入网成功
2019-07-03 19:18:46,831 - 命令 66 执行完时间为：2019/7/3 19:18:46

2019-07-03 19:18:47,087 - 检测平台异常
2019-07-03 19:18:57,604 - 检测平台异常
2019-07-03 19:19:03,282 - receive from: 192.168.3.103:57256
接收到数据：150000000000000000000000000A6601C0A803670BC101AACF14
设备类型:00
设备号:000000000000
控制码:00000000000000000000000000000000
2019-07-03 19:19:03,522 - 1 01 入网成功
2019-07-03 19:19:04,544 - 命令 66 执行完时间为：2019/7/3 19:19:04

2019-07-03 19:19:08,125 - 检测平台异常
2019-07-03 19:19:18,647 - 检测平台异常
2019-07-03 19:19:29,166 - 检测平台异常
2019-07-03 19:19:39,683 - 检测平台异常
2019-07-03 19:19:51,054 - ok
2019-07-03 19:35:13,664 - receive from: 192.168.3.103:57653
接收到数据：150000000000000000000000000A6601C0A803670BC101AACF14
设备类型:00
设备号:000000000000
控制码:00000000000000000000000000000000
2019-07-03 19:35:14,086 - 1 01 入网成功
2019-07-03 19:35:14,538 - ok
2019-07-03 19:35:15,124 - 命令 66 执行完时间为：2019/7/3 19:35:15

2019-07-03 19:35:15,137 - 检测平台异常
2019-07-03 19:35:17,902 - receive from: 192.168.3.103:57664
接收到数据：150000000000000000000000000A6601C0A803670BC101AACF14
设备类型:00
设备号:000000000000
控制码:00000000000000000000000000000000
2019-07-03 19:35:18,147 - 1 01 入网成功
2019-07-03 19:35:18,900 - receive from: 192.168.3.103:57665
接收到数据：150000000000000000000000000A6601C0A803670BC101AACF14
设备类型:00
设备号:000000000000
控制码:00000000000000000000000000000000
2019-07-03 19:35:19,168 - 命令 66 执行完时间为：2019/7/3 19:35:19

2019-07-03 19:35:19,184 - receive from: 192.168.3.103:57666
接收到数据：150000000000000000000000000A6601C0A803670BC101AACF14
设备类型:00
设备号:000000000000
控制码:00000000000000000000000000000000
2019-07-03 19:35:19,403 - 1 01 入网成功
2019-07-03 19:35:19,901 - receive from: 192.168.3.103:57668
接收到数据：150000000000000000000000000A6601C0A803670BC101AACF14
设备类型:00
设备号:000000000000
控制码:00000000000000000000000000000000
2019-07-03 19:35:20,424 - 命令 66 执行完时间为：2019/7/3 19:35:20

2019-07-03 19:35:20,441 - receive from: 192.168.3.103:57669
接收到数据：150000000000000000000000000A6601C0A803670BC101AACF14
设备类型:00
设备号:000000000000
控制码:00000000000000000000000000000000
2019-07-03 19:35:20,678 - 1 01 入网成功
2019-07-03 19:35:21,401 - receive from: 192.168.3.103:57670
接收到数据：150000000000000000000000000A6601C0A803670BC101AACF14
设备类型:00
设备号:000000000000
控制码:00000000000000000000000000000000
2019-07-03 19:35:21,702 - 命令 66 执行完时间为：2019/7/3 19:35:21

2019-07-03 19:35:21,935 - 1 01 入网成功
2019-07-03 19:35:22,981 - 命令 66 执行完时间为：2019/7/3 19:35:22

2019-07-03 19:35:23,228 - 1 01 入网成功
2019-07-03 19:35:24,260 - 命令 66 执行完时间为：2019/7/3 19:35:24

2019-07-03 19:35:24,494 - 1 01 入网成功
2019-07-03 19:35:25,516 - 命令 66 执行完时间为：2019/7/3 19:35:25

2019-07-03 19:35:25,655 - 检测平台异常
2019-07-03 19:35:36,176 - 检测平台异常
2019-07-03 19:35:45,401 - receive from: 192.168.3.103:57713
接收到数据：150000000000000000000000000A6601C0A803670BC101AACF14
设备类型:00
设备号:000000000000
控制码:00000000000000000000000000000000
2019-07-03 19:35:45,660 - 1 01 入网成功
2019-07-03 19:35:46,404 - receive from: 192.168.3.103:57732
接收到数据：150000000000000000000000000A6601C0A803670BC101AACF14
设备类型:00
设备号:000000000000
控制码:00000000000000000000000000000000
2019-07-03 19:35:46,682 - 命令 66 执行完时间为：2019/7/3 19:35:46

2019-07-03 19:35:46,903 - 1 01 入网成功
2019-07-03 19:35:47,402 - receive from: 192.168.3.103:57734
接收到数据：150000000000000000000000000A6601C0A803670BC101AACF14
设备类型:00
设备号:000000000000
控制码:00000000000000000000000000000000
2019-07-03 19:35:47,924 - 命令 66 执行完时间为：2019/7/3 19:35:47

2019-07-03 19:35:47,938 - 检测平台异常
2019-07-03 19:35:48,670 - 1 01 入网成功
2019-07-03 19:35:49,694 - 命令 66 执行完时间为：2019/7/3 19:35:49

2019-07-03 19:35:58,458 - 检测平台异常
2019-07-03 19:36:08,989 - 检测平台异常
2019-07-03 19:36:19,520 - 检测平台异常
2019-07-03 19:36:30,040 - 检测平台异常
2019-07-03 19:36:41,007 - ok
2019-07-03 19:52:10,917 - receive from: 192.168.3.103:57946
接收到数据：150000000000000000000000000A6601C0A803670BC101AACF14
设备类型:00
设备号:000000000000
控制码:00000000000000000000000000000000
2019-07-03 19:52:11,431 - 1 01 入网成功
2019-07-03 19:52:11,834 - ok
2019-07-03 19:52:12,448 - 命令 66 执行完时间为：2019/7/3 19:52:12

2019-07-03 19:52:15,858 - 检测平台异常
2019-07-03 19:52:26,375 - 检测平台异常
2019-07-03 19:52:36,900 - 检测平台异常
2019-07-03 19:52:47,430 - 检测平台异常
2019-07-03 19:53:07,363 - ok
