2019-04-07 14:07:22,673 - 


Server开启成功
2019-04-07 14:08:21,164 - ID号为： 66add80f-b105-46e0-9a0e-74865ad79fd0 接入
该Session接入时间为：2019/4/7 14:08:20

2019-04-07 14:08:44,491 - receive from: 10.89.45.72:4454
接收到数据：1500000000000000000000000031010000000000000000013900000000000101160924151503000000000000000001020304000350000000000000000000005014
设备类型:00
设备号:000000000000
控制码:00000000000000000000000000000000
2019-04-07 14:08:45,167 - 发送命令15000000000000009000000000203F8761E2A9F52DFAB78EDA1250F713264E869B18C152295A2E0BE6951FD3C014DB14
2019-04-07 14:17:17,319 - 


Server开启成功
2019-04-07 14:17:23,831 - ID号为： b6068ca6-73b9-4394-a511-49f3f9ddf873 接入
该Session接入时间为：2019/4/7 14:17:23

2019-04-07 14:17:29,402 - receive from: 10.89.45.72:4557
接收到数据：1500000000000000000000000031010000000000000000013900000000000101160924151503000000000000000001020304000350000000000000000000005014
设备类型:00
设备号:000000000000
控制码:00000000000000000000000000000000
2019-04-07 14:17:30,405 - 发送命令15000000000000008000000000058F000000002914
2019-04-07 14:17:30,452 - 发送命令15000000000000001000000000407F7E7B58BAB8D7714442A5B2401365C84B159E0316855C179E35121EA8CAD4514B159E0316855C179E35121EA8CAD451CDAFA0EE1D27AAE38F0F7442C6DEA36C8014
2019-04-07 14:20:37,308 - 


Server开启成功
2019-04-07 14:21:03,014 - 


Server开启成功
2019-04-07 17:19:04,055 - 


Server开启成功
