2019-05-20 19:10:41,992 - 


Server开启成功
2019-05-20 19:10:44,741 - receive from: 192.168.3.103:50238
接收到数据：1500000000000004C000000000200100000000000400000000000000000000000000000000000000000000000000FE14
设备类型:00
设备号:000000000004
控制码:11000000000000000000000000000000
2019-05-20 19:10:44,741 - receive from: 192.168.3.103:50235
接收到数据：1500000000000001C000000000200100000000000100000000000000000000000000000000000000000000000000F814
设备类型:00
设备号:000000000001
控制码:11000000000000000000000000000000
2019-05-20 19:10:44,741 - receive from: 192.168.3.103:50237
接收到数据：1500000000000003C000000000200100000000000300000000000000000000000000000000000000000000000000FC14
设备类型:00
设备号:000000000003
控制码:11000000000000000000000000000000
2019-05-20 19:10:45,394 - 发送命令33150000000000000400000000004133000000000004C0A803BB0BB9000000000004000000000000000000000001234567035012340000010804251400002000000000000000000000000000000000004E14
2019-05-20 19:10:45,677 - receive from: 192.168.3.103:50240
接收到数据：1500000000000006C0000000002001000000000006000000000000000000000000000000000000000000000000000214
设备类型:00
设备号:000000000006
控制码:11000000000000000000000000000000
2019-05-20 19:10:45,679 - receive from: 192.168.3.103:50239
接收到数据：1500000000000005C0000000002001000000000005000000000000000000000000000000000000000000000000000014
设备类型:00
设备号:000000000005
控制码:11000000000000000000000000000000
2019-05-20 19:10:46,405 - 发送命令8F15000000000000048000000000058F000000002D14
2019-05-20 19:10:46,408 - 发送命令81150000000000000410000000004067B5AC22421E0F3D88F5AA4F5436C95343E342EE80A7AD379E6AF8F55F3128A643E342EE80A7AD379E6AF8F55F3128A6B183BD41618C0DAB4AB8B07A9194C249B614
2019-05-20 19:10:46,678 - receive from: 192.168.3.103:50241
接收到数据：1500000000000007C0000000002001000000000007000000000000000000000000000000000000000000000000000414
设备类型:00
设备号:000000000007
控制码:11000000000000000000000000000000
2019-05-20 19:10:46,710 - 命令 01 执行完时间为：2019/5/20 19:10:46

2019-05-20 19:10:46,731 - receive from: 192.168.3.103:50243
接收到数据：1500000000000009C0000000002001000000000009000000000000000000000000000000000000000000000000000814
设备类型:00
设备号:000000000009
控制码:11000000000000000000000000000000
2019-05-20 19:10:46,787 - 非规定测量标志位
2019-05-20 19:10:46,976 - 命令 01 执行完时间为：2019/5/20 19:10:46

2019-05-20 19:10:46,981 - receive from: 192.168.3.103:50242
接收到数据：1500000000000008C0000000002001000000000008000000000000000000000000000000000000000000000000000614
设备类型:00
设备号:000000000008
控制码:11000000000000000000000000000000
2019-05-20 19:10:47,174 - 命令 01 执行完时间为：2019/5/20 19:10:47

2019-05-20 19:10:47,213 - receive from: 192.168.3.103:50244
接收到数据：1500000000000010C0000000002001000000000010000000000000000000000000000000000000000000000000001614
设备类型:00
设备号:000000000010
控制码:11000000000000000000000000000000
2019-05-20 19:10:47,298 - 发送命令15000000000000089000000000200962CC65D724A8DF305C31D2DA9AC329E245457E52BED0EC27928FD9BE618165B614
2019-05-20 19:10:47,866 - 命令 01 执行完时间为：2019/5/20 19:10:47

2019-05-20 19:10:47,944 - receive from: 192.168.3.103:50246
接收到数据：1500000000000012C0000000002001000000000012000000000000000000000000000000000000000000000000001A14
设备类型:00
设备号:000000000012
控制码:11000000000000000000000000000000
2019-05-20 19:10:48,028 - 发送命令1500000000000009900000000020A3EF63A88052D4B4794A589F80FD1BB5F73126735906BF9F8D617FB1FAB03C459314
2019-05-20 19:10:48,284 - 命令 01 执行完时间为：2019/5/20 19:10:48

2019-05-20 19:10:48,454 - receive from: 192.168.3.103:50245
接收到数据：1500000000000011C0000000002001000000000011000000000000000000000000000000000000000000000000001814
设备类型:00
设备号:000000000011
控制码:11000000000000000000000000000000
2019-05-20 19:10:48,612 - 命令 01 执行完时间为：2019/5/20 19:10:48

2019-05-20 19:10:48,615 - receive from: 192.168.3.103:50247
接收到数据：1500000000000013C0000000002001000000000013000000000000000000000000000000000000000000000000001C14
设备类型:00
设备号:000000000013
控制码:11000000000000000000000000000000
2019-05-20 19:10:48,866 - 命令 01 执行完时间为：2019/5/20 19:10:48

2019-05-20 19:10:49,045 - receive from: 192.168.3.103:50248
接收到数据：1500000000000014C0000000002001000000000014000000000000000000000000000000000000000000000000001E14
设备类型:00
设备号:000000000014
控制码:11000000000000000000000000000000
2019-05-20 19:10:49,196 - 命令 01 执行完时间为：2019/5/20 19:10:49

2019-05-20 19:10:49,199 - receive from: 192.168.3.103:50249
接收到数据：1500000000000015C0000000002001000000000015000000000000000000000000000000000000000000000000002014
设备类型:00
设备号:000000000015
控制码:11000000000000000000000000000000
2019-05-20 19:10:49,668 - 无空闲检测平台
2019-05-20 19:10:49,671 - 发送命令150000000000001190000000002092890C7E11ACAFE9342C3F00BEEA382CC465928C4D6A67A3D47E59CF39EF24EA3314
2019-05-20 19:10:49,914 - 命令 01 执行完时间为：2019/5/20 19:10:49

2019-05-20 19:10:50,090 - receive from: 192.168.3.103:50234
接收到数据：1500000000000000C000000000200100000000000000000000000000000000000000000000000000000000000000F614
设备类型:00
设备号:000000000000
控制码:11000000000000000000000000000000
2019-05-20 19:10:50,578 - 无空闲检测平台
2019-05-20 19:10:50,581 - 发送命令15000000000000139000000000203DC5AF007C56D4081996A8DD6FA9C4AFD2C7A81372B2858C77D4A08524412153C814
2019-05-20 19:10:50,677 - receive from: 192.168.3.103:50250
接收到数据：1500000000000016C0000000002001000000000016000000000000000000000000000000000000000000000000002214
设备类型:00
设备号:000000000016
控制码:11000000000000000000000000000000
2019-05-20 19:10:50,838 - 命令 01 执行完时间为：2019/5/20 19:10:50

2019-05-20 19:10:51,025 - receive from: 192.168.3.103:50251
接收到数据：1500000000000017C0000000002001000000000017000000000000000000000000000000000000000000000000002414
设备类型:00
设备号:000000000017
控制码:11000000000000000000000000000000
2019-05-20 19:10:51,502 - 无空闲检测平台
2019-05-20 19:10:51,504 - 发送命令150000000000001490000000002034D4F5F8F68727F26199AB126A4B3DC5752B742D82A9D331862A080543F0F3BFE414
2019-05-20 19:10:51,677 - receive from: 192.168.3.103:50236
接收到数据：1500000000000002C000000000200100000000000200000000000000000000000000000000000000000000000000FA14
设备类型:00
设备号:000000000002
控制码:11000000000000000000000000000000
2019-05-20 19:10:51,762 - 命令 01 执行完时间为：2019/5/20 19:10:51

2019-05-20 19:10:51,766 - receive from: 192.168.3.103:50253
接收到数据：1500000000000019C0000000002001000000000019000000000000000000000000000000000000000000000000002814
设备类型:00
设备号:000000000019
控制码:11000000000000000000000000000000
2019-05-20 19:10:52,324 - 无空闲检测平台
2019-05-20 19:10:52,327 - 发送命令15000000000000159000000000203B8567A0FFAB0F252FAD88B2696F69073DEDA9876DB847E907EA65CB5F1DCAADA014
2019-05-20 19:10:52,563 - 命令 01 执行完时间为：2019/5/20 19:10:52

2019-05-20 19:10:52,677 - receive from: 192.168.3.103:50252
接收到数据：1500000000000018C0000000002001000000000018000000000000000000000000000000000000000000000000002614
设备类型:00
设备号:000000000018
控制码:11000000000000000000000000000000
2019-05-20 19:10:52,902 - 命令 01 执行完时间为：2019/5/20 19:10:52

2019-05-20 19:10:53,059 - 命令 01 执行完时间为：2019/5/20 19:10:53

2019-05-20 19:10:53,542 - 无空闲检测平台
2019-05-20 19:10:53,545 - 发送命令1500000000000017900000000020F1E0DE62EE80AABECD7656E2FCE0000B3603552F5BE0AE65780F28C763D934495F14
2019-05-20 19:10:53,782 - 命令 01 执行完时间为：2019/5/20 19:10:53

2019-05-20 19:10:54,051 - 发送命令15000000000000059000000000209C1AB2D6B1DDC5C87101EB23725C325EBF5C1208469021BFA91EEB69D1BAB981CC14
2019-05-20 19:10:54,297 - 命令 01 执行完时间为：2019/5/20 19:10:54

2019-05-20 19:10:54,951 - 无空闲检测平台
2019-05-20 19:10:54,954 - 发送命令1500000000000007900000000020D56755C20717816E7D2FF30A582D5E1E978B5666C4F24FB2FED5B3658F37057C9D14
2019-05-20 19:10:55,194 - 命令 01 执行完时间为：2019/5/20 19:10:55

2019-05-20 19:10:55,836 - 无空闲检测平台
2019-05-20 19:10:55,839 - 发送命令15000000000000169000000000202521AE72BB3DA1907C2FDEB5D3DDF5CB1F1466EA383CD29E0D57C523B20C95527014
2019-05-20 19:10:56,086 - 命令 01 执行完时间为：2019/5/20 19:10:56

2019-05-20 19:10:56,359 - 发送命令1500000000000002900000000020D8CE28D4E3E01E35F768E98C1D58D974E4A5C5F8D33A74921AE155BD9974F03DB514
2019-05-20 19:10:56,610 - 命令 01 执行完时间为：2019/5/20 19:10:56

2019-05-20 19:10:57,253 - 无空闲检测平台
2019-05-20 19:10:57,256 - 发送命令1500000000000018900000000020C4FEEF6D80D89B90070E9006D379C5CF1FF29B4BA69F2A217B0E7B8E02E3F4635E14
2019-05-20 19:10:57,498 - 命令 01 执行完时间为：2019/5/20 19:10:57

2019-05-20 19:11:49,678 - receive from: 192.168.3.103:50260
接收到数据：1500000000000000C00000000034810000000000000000000000000000000000000000000000000000000000000000000000000000000000000000000000000000008A14
设备类型:00
设备号:000000000000
控制码:11000000000000000000000000000000
2019-05-20 19:11:49,681 - receive from: 192.168.3.103:50261
接收到数据：1500000000000001C00000000034810000000000000000000000000000000000000000000000000000000000000000000000000000000000000000000000000000008B14
设备类型:00
设备号:000000000001
控制码:11000000000000000000000000000000
2019-05-20 19:11:50,679 - receive from: 192.168.3.103:50262
接收到数据：1500000000000002C00000000034810000000000000000000000000000000000000000000000000000000000000000000000000000000000000000000000000000008C14
设备类型:00
设备号:000000000002
控制码:11000000000000000000000000000000
2019-05-20 19:11:50,680 - receive from: 192.168.3.103:50263
接收到数据：1500000000000003C00000000034810000000000000000000000000000000000000000000000000000000000000000000000000000000000000000000000000000008D14
设备类型:00
设备号:000000000003
控制码:11000000000000000000000000000000
2019-05-20 19:11:50,988 - 命令 81 执行完时间为：2019/5/20 19:11:50

2019-05-20 19:11:51,166 - receive from: 192.168.3.103:50264
接收到数据：1500000000000004C00000000034810000000000000000000000000000000000000000000000000000000000000000000000000000000000000000000000000000008E14
设备类型:00
设备号:000000000004
控制码:11000000000000000000000000000000
2019-05-20 19:11:51,678 - receive from: 192.168.3.103:50265
接收到数据：1500000000000005C00000000034810000000000000000000000000000000000000000000000000000000000000000000000000000000000000000000000000000008F14
设备类型:00
设备号:000000000005
控制码:11000000000000000000000000000000
2019-05-20 19:11:51,681 - receive from: 192.168.3.103:50266
接收到数据：1500000000000006C00000000034810000000000000000000000000000000000000000000000000000000000000000000000000000000000000000000000000000009014
设备类型:00
设备号:000000000006
控制码:11000000000000000000000000000000
2019-05-20 19:11:52,067 - 分配逻辑出错
2019-05-20 19:11:52,242 - 命令 81 执行完时间为：2019/5/20 19:11:52

2019-05-20 19:11:52,412 - receive from: 192.168.3.103:50267
接收到数据：1500000000000007C00000000034810000000000000000000000000000000000000000000000000000000000000000000000000000000000000000000000000000009114
设备类型:00
设备号:000000000007
控制码:11000000000000000000000000000000
2019-05-20 19:11:52,680 - receive from: 192.168.3.103:50268
接收到数据：1500000000000008C00000000034810000000000000000000000000000000000000000000000000000000000000000000000000000000000000000000000000000009214
设备类型:00
设备号:000000000008
控制码:11000000000000000000000000000000
2019-05-20 19:11:53,394 - 发送命令81150000000000000310000000004053D781A5BD15FF223C477DC150C5255A9361CA31CC8F9ABA5832586EE50FC8129361CA31CC8F9ABA5832586EE50FC812AD53797DAF5C18F497181AAB089E91528214
2019-05-20 19:11:53,678 - receive from: 192.168.3.103:50269
接收到数据：1500000000000009C00000000034810000000000000000000000000000000000000000000000000000000000000000000000000000000000000000000000000000009314
设备类型:00
设备号:000000000009
控制码:11000000000000000000000000000000
2019-05-20 19:11:53,680 - receive from: 192.168.3.103:50270
接收到数据：1500000000000010C00000000034810000000000000000000000000000000000000000000000000000000000000000000000000000000000000000000000000000009A14
设备类型:00
设备号:000000000010
控制码:11000000000000000000000000000000
2019-05-20 19:11:53,734 - 命令 81 执行完时间为：2019/5/20 19:11:53

2019-05-20 19:11:53,742 - receive from: 192.168.3.103:50271
接收到数据：1500000000000011C00000000034810000000000000000000000000000000000000000000000000000000000000000000000000000000000000000000000000000009B14
设备类型:00
设备号:000000000011
控制码:11000000000000000000000000000000
2019-05-20 19:11:54,680 - receive from: 192.168.3.103:50272
接收到数据：1500000000000012C00000000034810000000000000000000000000000000000000000000000000000000000000000000000000000000000000000000000000000009C14
设备类型:00
设备号:000000000012
控制码:11000000000000000000000000000000
2019-05-20 19:11:54,682 - receive from: 192.168.3.103:50273
接收到数据：1500000000000013C00000000034810000000000000000000000000000000000000000000000000000000000000000000000000000000000000000000000000000009D14
设备类型:00
设备号:000000000013
控制码:11000000000000000000000000000000
2019-05-20 19:11:54,817 - 分配逻辑出错
2019-05-20 19:11:55,004 - 命令 81 执行完时间为：2019/5/20 19:11:55

2019-05-20 19:11:55,165 - receive from: 192.168.3.103:50274
接收到数据：1500000000000014C00000000034810000000000000000000000000000000000000000000000000000000000000000000000000000000000000000000000000000009E14
设备类型:00
设备号:000000000014
控制码:11000000000000000000000000000000
2019-05-20 19:11:55,678 - receive from: 192.168.3.103:50275
接收到数据：1500000000000015C00000000034810000000000000000000000000000000000000000000000000000000000000000000000000000000000000000000000000000009F14
设备类型:00
设备号:000000000015
控制码:11000000000000000000000000000000
2019-05-20 19:11:55,680 - receive from: 192.168.3.103:50276
接收到数据：1500000000000016C0000000003481000000000000000000000000000000000000000000000000000000000000000000000000000000000000000000000000000000A014
设备类型:00
设备号:000000000016
控制码:11000000000000000000000000000000
2019-05-20 19:11:56,084 - 分配逻辑出错
2019-05-20 19:11:56,252 - 命令 81 执行完时间为：2019/5/20 19:11:56

2019-05-20 19:11:56,438 - receive from: 192.168.3.103:50277
接收到数据：1500000000000017C0000000003481000000000000000000000000000000000000000000000000000000000000000000000000000000000000000000000000000000A114
设备类型:00
设备号:000000000017
控制码:11000000000000000000000000000000
2019-05-20 19:11:56,683 - receive from: 192.168.3.103:50278
接收到数据：1500000000000018C0000000003481000000000000000000000000000000000000000000000000000000000000000000000000000000000000000000000000000000A214
设备类型:00
设备号:000000000018
控制码:11000000000000000000000000000000
2019-05-20 19:11:57,332 - 分配逻辑出错
2019-05-20 19:11:57,506 - 命令 81 执行完时间为：2019/5/20 19:11:57

2019-05-20 19:11:57,680 - receive from: 192.168.3.103:50279
接收到数据：1500000000000019C0000000003481000000000000000000000000000000000000000000000000000000000000000000000000000000000000000000000000000000A314
设备类型:00
设备号:000000000019
控制码:11000000000000000000000000000000
2019-05-20 19:11:58,587 - 分配逻辑出错
2019-05-20 19:11:58,768 - 命令 81 执行完时间为：2019/5/20 19:11:58

2019-05-20 19:11:59,919 - 发送命令81150000000000000610000000004089141F1E50EB9920E857C99A76B4C30AD6E4D450899A0F15B25A68E81086978ED6E4D450899A0F15B25A68E81086978E5D35D4E4ED247AD4144D32B2D174AC3A6314
2019-05-20 19:12:00,229 - 命令 81 执行完时间为：2019/5/20 19:12:00

2019-05-20 19:12:19,249 - 命令 81 执行完时间为：2019/5/20 19:12:19

2019-05-20 19:12:20,571 - 命令 81 执行完时间为：2019/5/20 19:12:20

2019-05-20 19:12:21,641 - 分配逻辑出错
2019-05-20 19:12:21,819 - 命令 81 执行完时间为：2019/5/20 19:12:21

2019-05-20 19:12:22,889 - 分配逻辑出错
2019-05-20 19:12:23,068 - 命令 81 执行完时间为：2019/5/20 19:12:23

2019-05-20 19:12:24,141 - 分配逻辑出错
2019-05-20 19:12:24,323 - 命令 81 执行完时间为：2019/5/20 19:12:24

2019-05-20 19:12:25,409 - 网络参数未正确修改到检测平台
2019-05-20 19:12:25,744 - 发送命令15000000000000040000000000058E00000000AC14
2019-05-20 19:12:25,915 - 命令 81 执行完时间为：2019/5/20 19:12:25

2019-05-20 19:12:26,986 - 网络参数未正确修改到检测平台
2019-05-20 19:12:27,320 - 发送命令15000000000000020000000000058E00000000AA14
2019-05-20 19:12:27,480 - 命令 81 执行完时间为：2019/5/20 19:12:27

2019-05-20 19:12:28,562 - 分配逻辑出错
2019-05-20 19:12:28,721 - 命令 81 执行完时间为：2019/5/20 19:12:28

2019-05-20 19:12:31,727 - 命令 81 执行完时间为：2019/5/20 19:12:31

2019-05-20 19:12:32,806 - 分配逻辑出错
2019-05-20 19:12:32,967 - 命令 81 执行完时间为：2019/5/20 19:12:32

2019-05-20 19:12:34,049 - 分配逻辑出错
2019-05-20 19:12:34,212 - 命令 81 执行完时间为：2019/5/20 19:12:34

2019-05-20 19:12:35,385 - 表不再检测列表中
2019-05-20 19:12:35,388 - 命令 81 执行完时间为：2019/5/20 19:12:35

2019-05-20 19:15:15,646 - 


Server开启成功
2019-05-20 19:15:18,463 - receive from: 192.168.3.103:50826
接收到数据：1500000000000003C000000000200100000000000300000000000000000000000000000000000000000000000000FC14
设备类型:00
设备号:000000000003
控制码:11000000000000000000000000000000
2019-05-20 19:15:18,463 - receive from: 192.168.3.103:50823
接收到数据：1500000000000000C000000000200100000000000000000000000000000000000000000000000000000000000000F614
设备类型:00
设备号:000000000000
控制码:11000000000000000000000000000000
2019-05-20 19:15:18,463 - receive from: 192.168.3.103:50824
接收到数据：1500000000000001C000000000200100000000000100000000000000000000000000000000000000000000000000F814
设备类型:00
设备号:000000000001
控制码:11000000000000000000000000000000
2019-05-20 19:15:18,660 - 命令 01 执行完时间为：2019/5/20 19:15:18

2019-05-20 19:15:18,665 - receive from: 192.168.3.103:50825
接收到数据：1500000000000002C000000000200100000000000200000000000000000000000000000000000000000000000000FA14
设备类型:00
设备号:000000000002
控制码:11000000000000000000000000000000
2019-05-20 19:15:18,666 - receive from: 192.168.3.103:50827
接收到数据：1500000000000004C000000000200100000000000400000000000000000000000000000000000000000000000000FE14
设备类型:00
设备号:000000000004
控制码:11000000000000000000000000000000
2019-05-20 19:15:18,831 - 命令 01 执行完时间为：2019/5/20 19:15:18

2019-05-20 19:15:18,835 - receive from: 192.168.3.103:50828
接收到数据：1500000000000005C0000000002001000000000005000000000000000000000000000000000000000000000000000014
设备类型:00
设备号:000000000005
控制码:11000000000000000000000000000000
2019-05-20 19:15:19,008 - 命令 01 执行完时间为：2019/5/20 19:15:19

2019-05-20 19:15:19,011 - receive from: 192.168.3.103:50829
接收到数据：1500000000000006C0000000002001000000000006000000000000000000000000000000000000000000000000000214
设备类型:00
设备号:000000000006
控制码:11000000000000000000000000000000
2019-05-20 19:15:19,500 - 无空闲检测平台
2019-05-20 19:15:19,509 - 发送命令15000000000000059000000000206EE0C102165EAD0A784037D81B635F9BBF5C1208469021BFA91EEB69D1BAB9811014
2019-05-20 19:15:19,919 - receive from: 192.168.3.103:50830
接收到数据：1500000000000007C0000000002001000000000007000000000000000000000000000000000000000000000000000414
设备类型:00
设备号:000000000007
控制码:11000000000000000000000000000000
2019-05-20 19:15:19,946 - 命令 01 执行完时间为：2019/5/20 19:15:19

2019-05-20 19:15:19,954 - receive from: 192.168.3.103:50831
接收到数据：1500000000000008C0000000002001000000000008000000000000000000000000000000000000000000000000000614
设备类型:00
设备号:000000000008
控制码:11000000000000000000000000000000
2019-05-20 19:15:20,125 - 命令 01 执行完时间为：2019/5/20 19:15:20

2019-05-20 19:15:20,131 - receive from: 192.168.3.103:50832
接收到数据：1500000000000009C0000000002001000000000009000000000000000000000000000000000000000000000000000814
设备类型:00
设备号:000000000009
控制码:11000000000000000000000000000000
2019-05-20 19:15:20,572 - 无空闲检测平台
2019-05-20 19:15:20,577 - 发送命令1500000000000008900000000020D36B5A8294633DAB961C156B61FFE78FE245457E52BED0EC27928FD9BE618165AA14
2019-05-20 19:15:20,824 - 命令 01 执行完时间为：2019/5/20 19:15:20

2019-05-20 19:15:20,920 - receive from: 192.168.3.103:50833
接收到数据：1500000000000010C0000000002001000000000010000000000000000000000000000000000000000000000000001614
设备类型:00
设备号:000000000010
控制码:11000000000000000000000000000000
2019-05-20 19:15:20,999 - receive from: 192.168.3.103:50834
接收到数据：1500000000000011C0000000002001000000000011000000000000000000000000000000000000000000000000001814
设备类型:00
设备号:000000000011
控制码:11000000000000000000000000000000
2019-05-20 19:15:21,468 - 无空闲检测平台
2019-05-20 19:15:21,471 - 发送命令1500000000000001900000000020DD24196B0D9DB7AB72BE94859520056230A27FC56FD32DF22020388168BABEFD0914
2019-05-20 19:15:21,754 - 命令 01 执行完时间为：2019/5/20 19:15:21

2019-05-20 19:15:21,919 - receive from: 192.168.3.103:50835
接收到数据：1500000000000012C0000000002001000000000012000000000000000000000000000000000000000000000000001A14
设备类型:00
设备号:000000000012
控制码:11000000000000000000000000000000
2019-05-20 19:15:22,362 - 无空闲检测平台
2019-05-20 19:15:22,366 - 发送命令1500000000000009900000000020A59C432FC9C12FF57479AADB4B0FFB2FF73126735906BF9F8D617FB1FAB03C45EC14
2019-05-20 19:15:22,612 - 命令 01 执行完时间为：2019/5/20 19:15:22

2019-05-20 19:15:22,780 - receive from: 192.168.3.103:50836
接收到数据：1500000000000013C0000000002001000000000013000000000000000000000000000000000000000000000000001C14
设备类型:00
设备号:000000000013
控制码:11000000000000000000000000000000
2019-05-20 19:15:22,944 - 命令 01 执行完时间为：2019/5/20 19:15:22

2019-05-20 19:15:22,953 - receive from: 192.168.3.103:50837
接收到数据：1500000000000014C0000000002001000000000014000000000000000000000000000000000000000000000000001E14
设备类型:00
设备号:000000000014
控制码:11000000000000000000000000000000
2019-05-20 19:15:23,434 - 无空闲检测平台
2019-05-20 19:15:23,437 - 发送命令1500000000000011900000000020BD15893F43CF1F6C6612BF027C2D3019C465928C4D6A67A3D47E59CF39EF24EAF014
2019-05-20 19:15:23,675 - 命令 01 执行完时间为：2019/5/20 19:15:23

2019-05-20 19:15:23,831 - receive from: 192.168.3.103:50839
接收到数据：1500000000000016C0000000002001000000000016000000000000000000000000000000000000000000000000002214
设备类型:00
设备号:000000000016
控制码:11000000000000000000000000000000
2019-05-20 19:15:24,288 - 无空闲检测平台
2019-05-20 19:15:24,292 - 发送命令150000000000001390000000002055692A549BB5657095CA47212FA4767CD2C7A81372B2858C77D4A085244121539714
2019-05-20 19:15:24,420 - receive from: 192.168.3.103:50840
接收到数据：1500000000000017C0000000002001000000000017000000000000000000000000000000000000000000000000002414
设备类型:00
设备号:000000000017
控制码:11000000000000000000000000000000
2019-05-20 19:15:24,528 - 命令 01 执行完时间为：2019/5/20 19:15:24

2019-05-20 19:15:24,694 - receive from: 192.168.3.103:50838
接收到数据：1500000000000015C0000000002001000000000015000000000000000000000000000000000000000000000000002014
设备类型:00
设备号:000000000015
控制码:11000000000000000000000000000000
2019-05-20 19:15:25,144 - 无空闲检测平台
2019-05-20 19:15:25,147 - 发送命令1500000000000016900000000020ECCCE85A324333529753D2948DFB0D441F1466EA383CD29E0D57C523B20C95525014
2019-05-20 19:15:25,377 - 命令 01 执行完时间为：2019/5/20 19:15:25

2019-05-20 19:15:25,419 - receive from: 192.168.3.103:50841
接收到数据：1500000000000018C0000000002001000000000018000000000000000000000000000000000000000000000000002614
设备类型:00
设备号:000000000018
控制码:11000000000000000000000000000000
2019-05-20 19:15:25,530 - receive from: 192.168.3.103:50842
接收到数据：1500000000000019C0000000002001000000000019000000000000000000000000000000000000000000000000002814
设备类型:00
设备号:000000000019
控制码:11000000000000000000000000000000
2019-05-20 19:15:25,995 - 无空闲检测平台
2019-05-20 19:15:25,998 - 发送命令150000000000001290000000002063475B50E2D18B1F03E5B2468F77292CA2AD3DD44FE6C8A0048C7CE5C12E7C2A4714
2019-05-20 19:15:26,223 - 命令 01 执行完时间为：2019/5/20 19:15:26

2019-05-20 19:15:26,880 - 无空闲检测平台
2019-05-20 19:15:26,882 - 发送命令1500000000000015900000000020231CDEDD50A3670AEBDA5315BAF3A5053DEDA9876DB847E907EA65CB5F1DCAAD7F14
2019-05-20 19:15:27,123 - 命令 01 执行完时间为：2019/5/20 19:15:27

2019-05-20 19:15:27,457 - 命令 01 执行完时间为：2019/5/20 19:15:27

2019-05-20 19:15:27,936 - 无空闲检测平台
2019-05-20 19:15:27,939 - 发送命令150000000000001490000000002090282EBA7CAB6E8F24A659055D19B0EB752B742D82A9D331862A080543F0F3BFE814
2019-05-20 19:15:28,196 - 命令 01 执行完时间为：2019/5/20 19:15:28

2019-05-20 19:15:28,855 - 无空闲检测平台
2019-05-20 19:15:28,858 - 发送命令1500000000000007900000000020A015138A8C0FDBFE79AAC1A2A700E3EB978B5666C4F24FB2FED5B3658F37057C5414
2019-05-20 19:15:29,105 - 命令 01 执行完时间为：2019/5/20 19:15:29

2019-05-20 19:15:29,448 - 命令 01 执行完时间为：2019/5/20 19:15:29

2019-05-20 19:15:29,930 - 无空闲检测平台
2019-05-20 19:15:29,932 - 发送命令1500000000000017900000000020628BB570600C943B2EA46DB4054591103603552F5BE0AE65780F28C763D934494114
2019-05-20 19:15:30,186 - 命令 01 执行完时间为：2019/5/20 19:15:30

2019-05-20 19:15:30,806 - 无空闲检测平台
2019-05-20 19:15:30,808 - 发送命令1500000000000018900000000020336E9795DCA963F0A3D30BD3F44028BD1FF29B4BA69F2A217B0E7B8E02E3F4634414
2019-05-20 19:15:31,058 - 命令 01 执行完时间为：2019/5/20 19:15:31

2019-05-20 19:16:38,925 - receive from: 192.168.3.103:50849
接收到数据：1500000000000001C00000000034810000000000000000000000000000000000000000000000000000000000000000000000000000000000000000000000000000008B14
设备类型:00
设备号:000000000001
控制码:11000000000000000000000000000000
2019-05-20 19:16:39,667 - receive from: 192.168.3.103:50850
接收到数据：1500000000000002C00000000034810000000000000000000000000000000000000000000000000000000000000000000000000000000000000000000000000000008C14
设备类型:00
设备号:000000000002
控制码:11000000000000000000000000000000
2019-05-20 19:16:40,007 - 分配逻辑出错
2019-05-20 19:16:40,325 - 命令 81 执行完时间为：2019/5/20 19:16:40

2019-05-20 19:16:40,386 - receive from: 192.168.3.103:50848
接收到数据：1500000000000000C00000000034810000000000000000000000000000000000000000000000000000000000000000000000000000000000000000000000000000008A14
设备类型:00
设备号:000000000000
控制码:11000000000000000000000000000000
2019-05-20 19:16:40,429 - receive from: 192.168.3.103:50851
接收到数据：1500000000000003C00000000034810000000000000000000000000000000000000000000000000000000000000000000000000000000000000000000000000000008D14
设备类型:00
设备号:000000000003
控制码:11000000000000000000000000000000
2019-05-20 19:16:41,424 - receive from: 192.168.3.103:50852
接收到数据：1500000000000004C00000000034810000000000000000000000000000000000000000000000000000000000000000000000000000000000000000000000000000008E14
设备类型:00
设备号:000000000004
控制码:11000000000000000000000000000000
2019-05-20 19:16:41,428 - receive from: 192.168.3.103:50853
接收到数据：1500000000000005C00000000034810000000000000000000000000000000000000000000000000000000000000000000000000000000000000000000000000000008F14
设备类型:00
设备号:000000000005
控制码:11000000000000000000000000000000
2019-05-20 19:16:41,505 - 表不再检测列表中
2019-05-20 19:16:41,508 - 命令 81 执行完时间为：2019/5/20 19:16:41

2019-05-20 19:16:41,510 - receive from: 192.168.3.103:50854
接收到数据：1500000000000006C00000000034810000000000000000000000000000000000000000000000000000000000000000000000000000000000000000000000000000009014
设备类型:00
设备号:000000000006
控制码:11000000000000000000000000000000
2019-05-20 19:16:42,421 - receive from: 192.168.3.103:50855
接收到数据：1500000000000007C00000000034810000000000000000000000000000000000000000000000000000000000000000000000000000000000000000000000000000009114
设备类型:00
设备号:000000000007
控制码:11000000000000000000000000000000
2019-05-20 19:16:42,424 - receive from: 192.168.3.103:50856
接收到数据：1500000000000008C00000000034810000000000000000000000000000000000000000000000000000000000000000000000000000000000000000000000000000009214
设备类型:00
设备号:000000000008
控制码:11000000000000000000000000000000
2019-05-20 19:16:42,684 - 表不再检测列表中
2019-05-20 19:16:42,688 - 命令 81 执行完时间为：2019/5/20 19:16:42

2019-05-20 19:16:42,693 - receive from: 192.168.3.103:50858
接收到数据：1500000000000010C00000000034810000000000000000000000000000000000000000000000000000000000000000000000000000000000000000000000000000009A14
设备类型:00
设备号:000000000010
控制码:11000000000000000000000000000000
2019-05-20 19:16:43,422 - receive from: 192.168.3.103:50859
接收到数据：1500000000000011C00000000034810000000000000000000000000000000000000000000000000000000000000000000000000000000000000000000000000000009B14
设备类型:00
设备号:000000000011
控制码:11000000000000000000000000000000
2019-05-20 19:16:43,426 - receive from: 192.168.3.103:50857
接收到数据：1500000000000009C00000000034810000000000000000000000000000000000000000000000000000000000000000000000000000000000000000000000000000009314
设备类型:00
设备号:000000000009
控制码:11000000000000000000000000000000
2019-05-20 19:16:43,851 - 表不再检测列表中
2019-05-20 19:16:43,853 - 命令 81 执行完时间为：2019/5/20 19:16:43

2019-05-20 19:16:43,857 - receive from: 192.168.3.103:50860
接收到数据：1500000000000012C00000000034810000000000000000000000000000000000000000000000000000000000000000000000000000000000000000000000000000009C14
设备类型:00
设备号:000000000012
控制码:11000000000000000000000000000000
2019-05-20 19:16:44,422 - receive from: 192.168.3.103:50861
接收到数据：1500000000000013C00000000034810000000000000000000000000000000000000000000000000000000000000000000000000000000000000000000000000000009D14
设备类型:00
设备号:000000000013
控制码:11000000000000000000000000000000
2019-05-20 19:16:44,426 - receive from: 192.168.3.103:50862
接收到数据：1500000000000014C00000000034810000000000000000000000000000000000000000000000000000000000000000000000000000000000000000000000000000009E14
设备类型:00
设备号:000000000014
控制码:11000000000000000000000000000000
2019-05-20 19:16:45,026 - 表不再检测列表中
2019-05-20 19:16:45,029 - 命令 81 执行完时间为：2019/5/20 19:16:45

2019-05-20 19:16:45,032 - receive from: 192.168.3.103:50863
接收到数据：1500000000000015C00000000034810000000000000000000000000000000000000000000000000000000000000000000000000000000000000000000000000000009F14
设备类型:00
设备号:000000000015
控制码:11000000000000000000000000000000
2019-05-20 19:16:45,425 - receive from: 192.168.3.103:50864
接收到数据：1500000000000016C0000000003481000000000000000000000000000000000000000000000000000000000000000000000000000000000000000000000000000000A014
设备类型:00
设备号:000000000016
控制码:11000000000000000000000000000000
2019-05-20 19:16:46,134 - 分配逻辑出错
2019-05-20 19:16:46,422 - receive from: 192.168.3.103:50865
接收到数据：1500000000000017C0000000003481000000000000000000000000000000000000000000000000000000000000000000000000000000000000000000000000000000A114
设备类型:00
设备号:000000000017
控制码:11000000000000000000000000000000
2019-05-20 19:16:46,426 - receive from: 192.168.3.103:50866
接收到数据：1500000000000018C0000000003481000000000000000000000000000000000000000000000000000000000000000000000000000000000000000000000000000000A214
设备类型:00
设备号:000000000018
控制码:11000000000000000000000000000000
2019-05-20 19:16:46,470 - 命令 81 执行完时间为：2019/5/20 19:16:46

2019-05-20 19:16:46,478 - receive from: 192.168.3.103:50867
接收到数据：1500000000000019C0000000003481000000000000000000000000000000000000000000000000000000000000000000000000000000000000000000000000000000A314
设备类型:00
设备号:000000000019
控制码:11000000000000000000000000000000
2019-05-20 19:16:47,550 - 分配逻辑出错
2019-05-20 19:16:47,892 - 命令 81 执行完时间为：2019/5/20 19:16:47

2019-05-20 19:16:49,054 - 表不再检测列表中
2019-05-20 19:16:49,057 - 命令 81 执行完时间为：2019/5/20 19:16:49

2019-05-20 19:16:50,222 - 表不再检测列表中
2019-05-20 19:16:50,224 - 命令 81 执行完时间为：2019/5/20 19:16:50

2019-05-20 19:16:51,305 - 分配逻辑出错
2019-05-20 19:16:51,619 - 命令 81 执行完时间为：2019/5/20 19:16:51

2019-05-20 19:16:52,700 - 分配逻辑出错
2019-05-20 19:16:53,019 - 命令 81 执行完时间为：2019/5/20 19:16:53

2019-05-20 19:16:54,099 - 分配逻辑出错
2019-05-20 19:16:54,417 - 命令 81 执行完时间为：2019/5/20 19:16:54

2019-05-20 19:16:55,499 - 分配逻辑出错
2019-05-20 19:16:55,822 - 命令 81 执行完时间为：2019/5/20 19:16:55

2019-05-20 19:16:56,911 - 分配逻辑出错
2019-05-20 19:16:57,227 - 命令 81 执行完时间为：2019/5/20 19:16:57

2019-05-20 19:16:58,308 - 分配逻辑出错
2019-05-20 19:16:58,621 - 命令 81 执行完时间为：2019/5/20 19:16:58

2019-05-20 19:16:59,793 - 表不再检测列表中
2019-05-20 19:16:59,796 - 命令 81 执行完时间为：2019/5/20 19:16:59

2019-05-20 19:17:00,876 - 分配逻辑出错
2019-05-20 19:17:01,203 - 命令 81 执行完时间为：2019/5/20 19:17:01

2019-05-20 19:17:02,282 - 分配逻辑出错
2019-05-20 19:17:02,624 - 命令 81 执行完时间为：2019/5/20 19:17:02

2019-05-20 19:17:03,695 - 分配逻辑出错
2019-05-20 19:17:04,012 - 命令 81 执行完时间为：2019/5/20 19:17:04

2019-05-20 19:17:05,092 - 分配逻辑出错
2019-05-20 19:17:05,423 - 命令 81 执行完时间为：2019/5/20 19:17:05

