2019-04-25 15:56:00,802 - 


Server开启成功
2019-04-25 15:58:01,491 - 


Server开启成功
2019-04-25 15:58:22,098 - ID号为： 1dcce813-fdcc-43af-9d3e-1c0ec07e80cb 接入
该Session接入时间为：2019/4/25 15:58:21

2019-04-25 15:58:22,118 - receive from: 192.168.3.189:49706
接收到数据：1500002019042500000000000031010020190425000000000000000000000001190425155820000328E10AFB000000012345670350123400000000000000005514
设备类型:00
设备号:002019042500
控制码:00000000000000000000000000000000
2019-04-25 16:04:49,356 - 


Server开启成功
2019-04-25 16:05:23,650 - ID号为： 4786e558-90b3-4af3-a7ad-0e452b25e485 接入
该Session接入时间为：2019/4/25 16:05:23

2019-04-25 16:05:23,658 - receive from: 192.168.3.189:49770
接收到数据：15002019042303030000000000310120190423030300000000000000000000011904251605220003AA4F40AE00000001234567035012340000000000000000E614
设备类型:00
设备号:201904230303
控制码:00000000000000000000000000000000
2019-04-25 16:06:42,624 - 无空闲检测平台
2019-04-25 16:06:44,166 - 发送命令1500201904230303900000000020650DA7152CA914CC831FDAD7AACBCBA9BB6284DA96BD1577B8FC9739DB52D4416A14
2019-04-25 16:18:52,352 - 


Server开启成功
2019-04-25 16:19:46,247 - ID号为： d0713933-5cfc-481f-9aeb-7868afd4e525 接入
该Session接入时间为：2019/4/25 16:19:46

2019-04-25 16:19:46,257 - receive from: 192.168.3.189:50000
接收到数据：15000020190425000000000000310100201904250000000000000000000000011904251619450003E9B5A53100000001234567035012340000000000000000A214
设备类型:00
设备号:002019042500
控制码:00000000000000000000000000000000
2019-04-25 16:34:11,826 - 


Server开启成功
2019-04-25 16:34:38,862 - ID号为： 77fe552e-911a-4ba8-bfb0-092863df8f1b 接入
该Session接入时间为：2019/4/25 16:34:38

2019-04-25 16:34:38,869 - receive from: 192.168.3.189:50038
接收到数据：15000020190425000000000000310100201904250000000000000000000000011904251634370003D768B4A500000001234567035012340000000000000000D314
设备类型:00
设备号:002019042500
控制码:00000000000000000000000000000000
2019-04-25 16:34:39,049 - 发送命令15000020190425008000000000058FD768B4A52314
2019-04-25 16:34:39,056 - 发送命令15000020190425000000000000058ED768B4A5A214
2019-04-25 16:36:03,601 - 


Server开启成功
2019-04-25 16:36:08,856 - ID号为： 75bbb728-3c52-4c4f-a565-bc1d0d62bb52 接入
该Session接入时间为：2019/4/25 16:36:08

2019-04-25 16:36:08,880 - receive from: 192.168.3.189:50054
接收到数据：15000020190425000000000000310100201904250000000000000000000000011904251636070003F4EFE57A000000012345670350123400000000000000004F14
设备类型:00
设备号:002019042500
控制码:00000000000000000000000000000000
2019-04-25 16:36:09,258 - 发送命令15000020190425008000000000058FF4EFE57ACD14
2019-04-25 16:36:09,265 - 发送命令1500002019042500100000000040E414FFA67A7526048D35A3611D59A63AC2CCD1FCA828EC3FCF2036352CBB4055CF5F014C3D00E0DDF1E1358ED2FD7B339C32D80C2B7BC1EAB634544CEF1E79AF0E14
2019-04-25 16:37:08,816 - 检测平台异常或数据异常
2019-04-25 16:37:14,923 - receive from: 192.168.3.189:50054
接收到数据：1500002019042500900000000040E414FFA67A7526048D35A3611D59A63AC2CCD1FCA828EC3FCF2036352CBB4055A7A65E2C461AA7898BF388F055AC4C8F210470BD654D9792FA565B4DB2E080CA7F14
设备类型:00
设备号:002019042500
控制码:10010000000000000000000000000000
2019-04-25 16:37:15,599 - 分配逻辑出错
2019-04-25 16:54:29,577 - 


Server开启成功
2019-04-25 16:54:31,532 - ID号为： 229b6bcd-f122-42d9-b8fb-d1203e9426ee 接入
该Session接入时间为：2019/4/25 16:54:31

2019-04-25 16:54:31,540 - receive from: 192.168.3.189:50106
接收到数据：15000020190425010000000000310100201904250100000000000000000000011904251654300003ECEE4798000000012345670350123400000000000000000F14
设备类型:00
设备号:002019042501
控制码:00000000000000000000000000000000
2019-04-25 16:54:31,926 - 发送命令15000020190425018000000000058FECEE47984514
2019-04-25 16:54:31,933 - 发送命令150000201904250110000000004044BC2BFC8D063EE7516CA29BCD8B0291C8690D7C2AAD3A490AD9FF2FB0B698BFA47D40209AAF335790B953AFD5807E8EF5A81428C91D675600576EB16FE3817AAD14
2019-04-25 22:08:49,065 - 


Server开启成功
2019-04-25 22:09:27,460 - 


Server开启成功
2019-04-25 22:09:34,554 - 


Server开启成功
2019-04-25 22:09:54,791 - 


Server开启成功
2019-04-25 22:10:03,243 - 开启失败Running
